Args in experiment:
[1mBasic Config[0m
  Task Name:          classification      Is Training:        1                   
  Model ID:           EthanolConcentrationModel:              FEDformer           

[1mData Loader[0m
  Data:               UEA                 Root Path:          ../iTransformer_datasets/classification/EthanolConcentration/
  Data Path:          ETTh1.csv           Features:           M                   
  Target:             OT                  Freq:               h                   
  Checkpoints:        ./checkpoints/      

[1mModel Parameters[0m
  Top k:              3                   Num Kernels:        6                   
  Enc In:             7                   Dec In:             7                   
  C Out:              7                   d model:            128                 
  n heads:            8                   e layers:           3                   
  d layers:           1                   d FF:               256                 
  Moving Avg:         25                  Factor:             1                   
  Distil:             1                   Dropout:            0.1                 
  Embed:              timeF               Activation:         gelu                
  Output Attention:   0                   

[1mRun Parameters[0m
  Num Workers:        0                   Itr:                1                   
  Train Epochs:       100                 Batch Size:         16                  
  Patience:           10                  Learning Rate:      0.001               
  Des:                Exp                 Loss:               MSE                 
  Lradj:              type1               Use Amp:            0                   

[1mGPU[0m
  Use GPU:            1                   GPU:                0                   
  Use Multi GPU:      0                   Devices:            0,1,2,3             

[1mDe-stationary Projector Params[0m
  P Hidden Dims:      128, 128            P Hidden Layers:    2                   

Use GPU: cuda:0
261
263
fourier enhanced block used!
modes=32, index=[16, 61, 62, 111, 130, 187, 201, 215, 237, 260, 353, 358, 381, 449, 476, 478, 494, 508, 564, 569, 617, 633, 643, 653, 688, 695, 725, 726, 736, 814, 851, 869]
fourier enhanced block used!
modes=32, index=[13, 15, 27, 31, 32, 59, 89, 92, 101, 138, 166, 175, 184, 198, 207, 217, 249, 262, 268, 269, 277, 290, 331, 352, 371, 375, 376, 378, 380, 385, 408, 415]
 fourier enhanced cross attention used!
modes_q=32, index_q=[31, 37, 40, 48, 53, 89, 108, 117, 120, 121, 160, 188, 211, 216, 217, 229, 243, 262, 271, 286, 293, 309, 316, 330, 348, 369, 371, 397, 406, 408, 418, 426]
modes_kv=32, index_kv=[22, 26, 27, 32, 35, 60, 160, 178, 197, 213, 214, 258, 300, 341, 362, 408, 441, 442, 460, 508, 514, 521, 579, 593, 625, 628, 649, 694, 723, 788, 828, 845]
>>>>>>>start training : classification_EthanolConcentration_FEDformer_UEA_ftM_sl1751_ll48_pl0_dm128_nh8_el3_dl1_df256_fc1_ebtimeF_dtTrue_Exp_0>>>>>>>>>>>>>>>>>>>>>>>>>>
261
263
263
Epoch: 1 cost time: 10.305603265762329
Epoch: 1, Steps: 17 | Train Loss: 9.450 Vali Loss: 29.745 Vali Acc: 0.251 Test Loss: 29.838 Test Acc: 0.251
Validation loss decreased (inf --> -0.250951).  Saving model ...
Epoch: 2 cost time: 5.111689567565918
Epoch: 2, Steps: 17 | Train Loss: 5.811 Vali Loss: 18.851 Vali Acc: 0.232 Test Loss: 18.397 Test Acc: 0.232
EarlyStopping counter: 1 out of 10
Epoch: 3 cost time: 5.001805067062378
Epoch: 3, Steps: 17 | Train Loss: 4.117 Vali Loss: 11.371 Vali Acc: 0.236 Test Loss: 11.429 Test Acc: 0.236
EarlyStopping counter: 2 out of 10
Epoch: 4 cost time: 5.411233901977539
Epoch: 4, Steps: 17 | Train Loss: 4.096 Vali Loss: 12.679 Vali Acc: 0.262 Test Loss: 12.496 Test Acc: 0.262
Validation loss decreased (-0.250951 --> -0.262357).  Saving model ...
Epoch: 5 cost time: 5.330739259719849
Epoch: 5, Steps: 17 | Train Loss: 3.515 Vali Loss: 21.649 Vali Acc: 0.259 Test Loss: 21.775 Test Acc: 0.259
EarlyStopping counter: 1 out of 10
Updating learning rate to 6.25e-05
Epoch: 6 cost time: 5.297818660736084
Epoch: 6, Steps: 17 | Train Loss: 3.131 Vali Loss: 13.928 Vali Acc: 0.243 Test Loss: 13.488 Test Acc: 0.243
EarlyStopping counter: 2 out of 10
Epoch: 7 cost time: 5.169654130935669
Epoch: 7, Steps: 17 | Train Loss: 2.331 Vali Loss: 15.725 Vali Acc: 0.251 Test Loss: 15.727 Test Acc: 0.251
EarlyStopping counter: 3 out of 10
Epoch: 8 cost time: 5.231485843658447
Epoch: 8, Steps: 17 | Train Loss: 2.439 Vali Loss: 13.545 Vali Acc: 0.255 Test Loss: 13.761 Test Acc: 0.255
EarlyStopping counter: 4 out of 10
Epoch: 9 cost time: 4.876352548599243
Epoch: 9, Steps: 17 | Train Loss: 2.145 Vali Loss: 13.077 Vali Acc: 0.262 Test Loss: 12.648 Test Acc: 0.262
Validation loss decreased (-0.262357 --> -0.262357).  Saving model ...
Epoch: 10 cost time: 5.173349857330322
Epoch: 10, Steps: 17 | Train Loss: 2.265 Vali Loss: 11.239 Vali Acc: 0.251 Test Loss: 11.335 Test Acc: 0.251
EarlyStopping counter: 1 out of 10
Updating learning rate to 1.953125e-06
Epoch: 11 cost time: 5.791463375091553
Epoch: 11, Steps: 17 | Train Loss: 2.365 Vali Loss: 11.124 Vali Acc: 0.255 Test Loss: 11.329 Test Acc: 0.255
EarlyStopping counter: 2 out of 10
Epoch: 12 cost time: 5.459608316421509
Epoch: 12, Steps: 17 | Train Loss: 1.934 Vali Loss: 11.349 Vali Acc: 0.251 Test Loss: 11.394 Test Acc: 0.251
EarlyStopping counter: 3 out of 10
Epoch: 13 cost time: 5.1731932163238525
Epoch: 13, Steps: 17 | Train Loss: 2.158 Vali Loss: 11.231 Vali Acc: 0.251 Test Loss: 11.341 Test Acc: 0.251
EarlyStopping counter: 4 out of 10
Epoch: 14 cost time: 5.288977384567261
Epoch: 14, Steps: 17 | Train Loss: 1.851 Vali Loss: 11.150 Vali Acc: 0.251 Test Loss: 11.231 Test Acc: 0.251
EarlyStopping counter: 5 out of 10
Epoch: 15 cost time: 4.921200752258301
Epoch: 15, Steps: 17 | Train Loss: 2.170 Vali Loss: 11.080 Vali Acc: 0.243 Test Loss: 11.296 Test Acc: 0.243
EarlyStopping counter: 6 out of 10
Updating learning rate to 6.103515625e-08
Epoch: 16 cost time: 5.301276683807373
Epoch: 16, Steps: 17 | Train Loss: 2.166 Vali Loss: 11.281 Vali Acc: 0.243 Test Loss: 11.298 Test Acc: 0.243
EarlyStopping counter: 7 out of 10
Epoch: 17 cost time: 4.740745544433594
Epoch: 17, Steps: 17 | Train Loss: 2.178 Vali Loss: 11.160 Vali Acc: 0.243 Test Loss: 11.329 Test Acc: 0.243
EarlyStopping counter: 8 out of 10
Epoch: 18 cost time: 4.554463624954224
Epoch: 18, Steps: 17 | Train Loss: 2.155 Vali Loss: 11.224 Vali Acc: 0.243 Test Loss: 11.278 Test Acc: 0.243
EarlyStopping counter: 9 out of 10
Epoch: 19 cost time: 4.45884370803833
Epoch: 19, Steps: 17 | Train Loss: 2.218 Vali Loss: 11.256 Vali Acc: 0.243 Test Loss: 11.342 Test Acc: 0.243
EarlyStopping counter: 10 out of 10
Early stopping
>>>>>>>testing : classification_EthanolConcentration_FEDformer_UEA_ftM_sl1751_ll48_pl0_dm128_nh8_el3_dl1_df256_fc1_ebtimeF_dtTrue_Exp_0<<<<<<<<<<<<<<<<<<<<<<<<<<<<<<<<<
263
test shape: torch.Size([263, 4]) torch.Size([263, 1])
accuracy:0.2623574144486692
Spend Time: 190.8990023136139
