Args in experiment:
[1mBasic Config[0m
  Task Name:          classification      Is Training:        1                   
  Model ID:           EthanolConcentrationModel:              PatchTST            

[1mData Loader[0m
  Data:               UEA                 Root Path:          ../iTransformer_datasets/classification/EthanolConcentration/
  Data Path:          ETTh1.csv           Features:           M                   
  Target:             OT                  Freq:               h                   
  Checkpoints:        ./checkpoints/      

[1mModel Parameters[0m
  Top k:              3                   Num Kernels:        6                   
  Enc In:             7                   Dec In:             7                   
  C Out:              7                   d model:            128                 
  n heads:            8                   e layers:           3                   
  d layers:           1                   d FF:               256                 
  Moving Avg:         25                  Factor:             1                   
  Distil:             1                   Dropout:            0.1                 
  Embed:              timeF               Activation:         gelu                
  Output Attention:   0                   

[1mRun Parameters[0m
  Num Workers:        0                   Itr:                1                   
  Train Epochs:       100                 Batch Size:         16                  
  Patience:           10                  Learning Rate:      0.001               
  Des:                Exp                 Loss:               MSE                 
  Lradj:              type1               Use Amp:            0                   

[1mGPU[0m
  Use GPU:            1                   GPU:                0                   
  Use Multi GPU:      0                   Devices:            0,1,2,3             

[1mDe-stationary Projector Params[0m
  P Hidden Dims:      128, 128            P Hidden Layers:    2                   

Use GPU: cuda:0
261
263
>>>>>>>start training : classification_EthanolConcentration_PatchTST_UEA_ftM_sl1751_ll48_pl0_dm128_nh8_el3_dl1_df256_fc1_ebtimeF_dtTrue_Exp_0>>>>>>>>>>>>>>>>>>>>>>>>>>
261
263
263
Epoch: 1 cost time: 3.6884710788726807
Epoch: 1, Steps: 17 | Train Loss: 37.911 Vali Loss: 45.716 Vali Acc: 0.251 Test Loss: 45.134 Test Acc: 0.251
Validation loss decreased (inf --> -0.250951).  Saving model ...
Epoch: 2 cost time: 0.610543966293335
Epoch: 2, Steps: 17 | Train Loss: 19.663 Vali Loss: 7.303 Vali Acc: 0.255 Test Loss: 7.298 Test Acc: 0.255
Validation loss decreased (-0.250951 --> -0.254753).  Saving model ...
Epoch: 3 cost time: 0.5957546234130859
Epoch: 3, Steps: 17 | Train Loss: 5.213 Vali Loss: 7.179 Vali Acc: 0.240 Test Loss: 6.990 Test Acc: 0.240
EarlyStopping counter: 1 out of 10
Epoch: 4 cost time: 0.4972705841064453
Epoch: 4, Steps: 17 | Train Loss: 7.652 Vali Loss: 6.079 Vali Acc: 0.247 Test Loss: 6.154 Test Acc: 0.247
EarlyStopping counter: 2 out of 10
Epoch: 5 cost time: 0.5532257556915283
Epoch: 5, Steps: 17 | Train Loss: 7.018 Vali Loss: 6.280 Vali Acc: 0.251 Test Loss: 6.360 Test Acc: 0.251
EarlyStopping counter: 3 out of 10
Updating learning rate to 6.25e-05
Epoch: 6 cost time: 0.5631628036499023
Epoch: 6, Steps: 17 | Train Loss: 3.527 Vali Loss: 2.435 Vali Acc: 0.255 Test Loss: 2.470 Test Acc: 0.255
Validation loss decreased (-0.254753 --> -0.254753).  Saving model ...
Epoch: 7 cost time: 0.5714051723480225
Epoch: 7, Steps: 17 | Train Loss: 1.681 Vali Loss: 1.675 Vali Acc: 0.228 Test Loss: 1.671 Test Acc: 0.228
EarlyStopping counter: 1 out of 10
Epoch: 8 cost time: 0.5408334732055664
Epoch: 8, Steps: 17 | Train Loss: 1.413 Vali Loss: 1.627 Vali Acc: 0.240 Test Loss: 1.624 Test Acc: 0.240
EarlyStopping counter: 2 out of 10
Epoch: 9 cost time: 0.584991455078125
Epoch: 9, Steps: 17 | Train Loss: 1.398 Vali Loss: 1.661 Vali Acc: 0.270 Test Loss: 1.674 Test Acc: 0.270
Validation loss decreased (-0.254753 --> -0.269962).  Saving model ...
Epoch: 10 cost time: 0.5261006355285645
Epoch: 10, Steps: 17 | Train Loss: 1.426 Vali Loss: 1.790 Vali Acc: 0.236 Test Loss: 1.802 Test Acc: 0.236
EarlyStopping counter: 1 out of 10
Updating learning rate to 1.953125e-06
Epoch: 11 cost time: 0.5234708786010742
Epoch: 11, Steps: 17 | Train Loss: 1.418 Vali Loss: 1.629 Vali Acc: 0.240 Test Loss: 1.631 Test Acc: 0.240
EarlyStopping counter: 2 out of 10
Epoch: 12 cost time: 0.592393159866333
Epoch: 12, Steps: 17 | Train Loss: 1.317 Vali Loss: 1.525 Vali Acc: 0.228 Test Loss: 1.546 Test Acc: 0.228
EarlyStopping counter: 3 out of 10
Epoch: 13 cost time: 0.6232783794403076
Epoch: 13, Steps: 17 | Train Loss: 1.287 Vali Loss: 1.534 Vali Acc: 0.243 Test Loss: 1.524 Test Acc: 0.243
EarlyStopping counter: 4 out of 10
Epoch: 14 cost time: 0.4833526611328125
Epoch: 14, Steps: 17 | Train Loss: 1.302 Vali Loss: 1.519 Vali Acc: 0.259 Test Loss: 1.535 Test Acc: 0.259
EarlyStopping counter: 5 out of 10
Epoch: 15 cost time: 0.511768102645874
Epoch: 15, Steps: 17 | Train Loss: 1.269 Vali Loss: 1.511 Vali Acc: 0.236 Test Loss: 1.521 Test Acc: 0.236
EarlyStopping counter: 6 out of 10
Updating learning rate to 6.103515625e-08
Epoch: 16 cost time: 0.49765944480895996
Epoch: 16, Steps: 17 | Train Loss: 1.265 Vali Loss: 1.531 Vali Acc: 0.240 Test Loss: 1.524 Test Acc: 0.240
EarlyStopping counter: 7 out of 10
Epoch: 17 cost time: 0.527961015701294
Epoch: 17, Steps: 17 | Train Loss: 1.297 Vali Loss: 1.521 Vali Acc: 0.240 Test Loss: 1.520 Test Acc: 0.240
EarlyStopping counter: 8 out of 10
Epoch: 18 cost time: 0.521721601486206
Epoch: 18, Steps: 17 | Train Loss: 1.291 Vali Loss: 1.531 Vali Acc: 0.243 Test Loss: 1.542 Test Acc: 0.243
EarlyStopping counter: 9 out of 10
Epoch: 19 cost time: 0.4670536518096924
Epoch: 19, Steps: 17 | Train Loss: 1.294 Vali Loss: 1.524 Vali Acc: 0.240 Test Loss: 1.518 Test Acc: 0.240
EarlyStopping counter: 10 out of 10
Early stopping
>>>>>>>testing : classification_EthanolConcentration_PatchTST_UEA_ftM_sl1751_ll48_pl0_dm128_nh8_el3_dl1_df256_fc1_ebtimeF_dtTrue_Exp_0<<<<<<<<<<<<<<<<<<<<<<<<<<<<<<<<<
263
test shape: torch.Size([263, 4]) torch.Size([263, 1])
accuracy:0.26996197718631176
Spend Time: 39.11881065368652
