Args in experiment:
[1mBasic Config[0m
  Task Name:          classification      Is Training:        1                   
  Model ID:           EthanolConcentrationModel:              Pyraformer          

[1mData Loader[0m
  Data:               UEA                 Root Path:          ../iTransformer_datasets/classification/EthanolConcentration/
  Data Path:          ETTh1.csv           Features:           M                   
  Target:             OT                  Freq:               h                   
  Checkpoints:        ./checkpoints/      

[1mModel Parameters[0m
  Top k:              3                   Num Kernels:        6                   
  Enc In:             7                   Dec In:             7                   
  C Out:              7                   d model:            128                 
  n heads:            8                   e layers:           3                   
  d layers:           1                   d FF:               256                 
  Moving Avg:         25                  Factor:             1                   
  Distil:             1                   Dropout:            0.1                 
  Embed:              timeF               Activation:         gelu                
  Output Attention:   0                   

[1mRun Parameters[0m
  Num Workers:        0                   Itr:                1                   
  Train Epochs:       100                 Batch Size:         4                   
  Patience:           10                  Learning Rate:      0.001               
  Des:                Exp                 Loss:               MSE                 
  Lradj:              type1               Use Amp:            0                   

[1mGPU[0m
  Use GPU:            1                   GPU:                0                   
  Use Multi GPU:      0                   Devices:            0,1,2,3             

[1mDe-stationary Projector Params[0m
  P Hidden Dims:      128, 128            P Hidden Layers:    2                   

Use GPU: cuda:0
261
263
>>>>>>>start training : classification_EthanolConcentration_Pyraformer_UEA_ftM_sl1751_ll48_pl0_dm128_nh8_el3_dl1_df256_fc1_ebtimeF_dtTrue_Exp_0>>>>>>>>>>>>>>>>>>>>>>>>>>
261
263
263
Traceback (most recent call last):
  File "run.py", line 272, in <module>
    exp.train(setting)
  File "/Jianping/Research/Time-Series-Library/exp/exp_classification.py", line 110, in train
    outputs = self.model(batch_x, padding_mask, None, None)
  File "/opt/conda/envs/zjp/lib/python3.8/site-packages/torch/nn/modules/module.py", line 1511, in _wrapped_call_impl
    return self._call_impl(*args, **kwargs)
  File "/opt/conda/envs/zjp/lib/python3.8/site-packages/torch/nn/modules/module.py", line 1520, in _call_impl
    return forward_call(*args, **kwargs)
  File "/Jianping/Research/Time-Series-Library/models/Pyraformer.py", line 99, in forward
    dec_out = self.classification(x_enc, x_mark_enc)
  File "/Jianping/Research/Time-Series-Library/models/Pyraformer.py", line 70, in classification
    enc_out = self.encoder(x_enc, x_mark_enc=None)
  File "/opt/conda/envs/zjp/lib/python3.8/site-packages/torch/nn/modules/module.py", line 1511, in _wrapped_call_impl
    return self._call_impl(*args, **kwargs)
  File "/opt/conda/envs/zjp/lib/python3.8/site-packages/torch/nn/modules/module.py", line 1520, in _call_impl
    return forward_call(*args, **kwargs)
  File "/Jianping/Research/Time-Series-Library/layers/Pyraformer_EncDec.py", line 122, in forward
    seq_enc = self.enc_embedding(x_enc, x_mark_enc)
  File "/opt/conda/envs/zjp/lib/python3.8/site-packages/torch/nn/modules/module.py", line 1511, in _wrapped_call_impl
    return self._call_impl(*args, **kwargs)
  File "/opt/conda/envs/zjp/lib/python3.8/site-packages/torch/nn/modules/module.py", line 1520, in _call_impl
    return forward_call(*args, **kwargs)
  File "/Jianping/Research/Time-Series-Library/layers/Embed.py", line 122, in forward
    x = self.value_embedding(x) + self.position_embedding(x)
  File "/opt/conda/envs/zjp/lib/python3.8/site-packages/torch/nn/modules/module.py", line 1511, in _wrapped_call_impl
    return self._call_impl(*args, **kwargs)
  File "/opt/conda/envs/zjp/lib/python3.8/site-packages/torch/nn/modules/module.py", line 1520, in _call_impl
    return forward_call(*args, **kwargs)
  File "/Jianping/Research/Time-Series-Library/layers/Embed.py", line 41, in forward
    x = self.tokenConv(x.permute(0, 2, 1)).transpose(1, 2)
  File "/opt/conda/envs/zjp/lib/python3.8/site-packages/torch/nn/modules/module.py", line 1511, in _wrapped_call_impl
    return self._call_impl(*args, **kwargs)
  File "/opt/conda/envs/zjp/lib/python3.8/site-packages/torch/nn/modules/module.py", line 1520, in _call_impl
    return forward_call(*args, **kwargs)
  File "/opt/conda/envs/zjp/lib/python3.8/site-packages/torch/nn/modules/conv.py", line 310, in forward
    return self._conv_forward(input, self.weight, self.bias)
  File "/opt/conda/envs/zjp/lib/python3.8/site-packages/torch/nn/modules/conv.py", line 303, in _conv_forward
    return F.conv1d(F.pad(input, self._reversed_padding_repeated_twice, mode=self.padding_mode),
RuntimeError: GET was unable to find an engine to execute this computation
