Args in experiment:
[1mBasic Config[0m
  Task Name:          short_term_forecast Is Training:        1                   
  Model ID:           m4_Hourly           Model:              FEDformer           

[1mData Loader[0m
  Data:               m4                  Root Path:          ../iTransformer_datasets/m4
  Data Path:          ETTh1.csv           Features:           M                   
  Target:             OT                  Freq:               h                   
  Checkpoints:        ./checkpoints/      

[1mForecasting Task[0m
  Seq Len:            96                  Label Len:          48                  
  Pred Len:           96                  Seasonal Patterns:  Hourly              
  Inverse:            0                   

[1mModel Parameters[0m
  Top k:              5                   Num Kernels:        6                   
  Enc In:             1                   Dec In:             1                   
  C Out:              1                   d model:            512                 
  n heads:            8                   e layers:           2                   
  d layers:           1                   d FF:               2048                
  Moving Avg:         25                  Factor:             3                   
  Distil:             1                   Dropout:            0.1                 
  Embed:              timeF               Activation:         gelu                
  Output Attention:   0                   

[1mRun Parameters[0m
  Num Workers:        0                   Itr:                1                   
  Train Epochs:       10                  Batch Size:         16                  
  Patience:           3                   Learning Rate:      0.001               
  Des:                Exp                 Loss:               SMAPE               
  Lradj:              type1               Use Amp:            0                   

[1mGPU[0m
  Use GPU:            1                   GPU:                0                   
  Use Multi GPU:      0                   Devices:            0,1,2,3             

[1mDe-stationary Projector Params[0m
  P Hidden Dims:      128, 128            P Hidden Layers:    2                   

Use GPU: cuda:0
fourier enhanced block used!
modes=32, index=[2, 3, 4, 5, 8, 9, 10, 11, 13, 14, 15, 16, 17, 18, 19, 20, 23, 25, 26, 28, 31, 32, 34, 35, 37, 38, 39, 40, 42, 43, 44, 46]
fourier enhanced block used!
modes=32, index=[0, 1, 2, 3, 4, 5, 6, 8, 10, 13, 16, 18, 20, 21, 22, 23, 24, 28, 29, 30, 31, 32, 34, 35, 38, 39, 41, 43, 44, 45, 46, 47]
 fourier enhanced cross attention used!
modes_q=32, index_q=[0, 1, 2, 4, 5, 6, 7, 8, 9, 10, 12, 13, 14, 17, 18, 20, 21, 22, 23, 26, 27, 28, 29, 30, 31, 32, 35, 36, 37, 43, 44, 45]
modes_kv=32, index_kv=[0, 1, 4, 6, 8, 9, 10, 11, 13, 15, 16, 17, 18, 19, 21, 22, 24, 25, 26, 28, 29, 30, 33, 34, 35, 37, 38, 40, 42, 44, 46, 47]
>>>>>>>start training : short_term_forecast_m4_Hourly_FEDformer_m4_ftM_sl96_ll48_pl48_dm512_nh8_el2_dl1_df2048_fc3_ebtimeF_dtTrue_Exp_0>>>>>>>>>>>>>>>>>>>>>>>>>>
Traceback (most recent call last):
  File "run.py", line 272, in <module>
    exp.train(setting)
  File "/Jianping/Research/Time-Series-Library/exp/exp_short_term_forecasting.py", line 54, in train
    train_data, train_loader = self._get_data(flag='train')
  File "/Jianping/Research/Time-Series-Library/exp/exp_short_term_forecasting.py", line 36, in _get_data
    data_set, data_loader = data_provider(self.args, flag)
  File "/Jianping/Research/Time-Series-Library/data_provider/data_factory.py", line 74, in data_provider
    data_set = Data(
  File "/Jianping/Research/Time-Series-Library/data_provider/data_loader.py", line 376, in __init__
    self.__read_data__()
  File "/Jianping/Research/Time-Series-Library/data_provider/data_loader.py", line 384, in __read_data__
    training_values = np.array(
ValueError: setting an array element with a sequence. The requested array has an inhomogeneous shape after 1 dimensions. The detected shape was (414,) + inhomogeneous part.
