Args in experiment:
[1mBasic Config[0m
  Task Name:          short_term_forecast Is Training:        1                   
  Model ID:           m4_Yearly           Model:              Nonstationary_Transformer

[1mData Loader[0m
  Data:               m4                  Root Path:          ../iTransformer_datasets/m4
  Data Path:          ETTh1.csv           Features:           M                   
  Target:             OT                  Freq:               h                   
  Checkpoints:        ./checkpoints/      

[1mForecasting Task[0m
  Seq Len:            96                  Label Len:          48                  
  Pred Len:           96                  Seasonal Patterns:  Yearly              
  Inverse:            0                   

[1mModel Parameters[0m
  Top k:              5                   Num Kernels:        6                   
  Enc In:             1                   Dec In:             1                   
  C Out:              1                   d model:            512                 
  n heads:            8                   e layers:           2                   
  d layers:           1                   d FF:               2048                
  Moving Avg:         25                  Factor:             3                   
  Distil:             1                   Dropout:            0.1                 
  Embed:              timeF               Activation:         gelu                
  Output Attention:   0                   

[1mRun Parameters[0m
  Num Workers:        0                   Itr:                1                   
  Train Epochs:       10                  Batch Size:         16                  
  Patience:           3                   Learning Rate:      0.001               
  Des:                Exp                 Loss:               SMAPE               
  Lradj:              type1               Use Amp:            0                   

[1mGPU[0m
  Use GPU:            1                   GPU:                0                   
  Use Multi GPU:      0                   Devices:            0,1,2,3             

[1mDe-stationary Projector Params[0m
  P Hidden Dims:      256, 256            P Hidden Layers:    2                   

Use GPU: cuda:0
>>>>>>>start training : short_term_forecast_m4_Yearly_Nonstationary_Transformer_m4_ftM_sl12_ll6_pl6_dm512_nh8_el2_dl1_df2048_fc3_ebtimeF_dtTrue_Exp_0>>>>>>>>>>>>>>>>>>>>>>>>>>
Traceback (most recent call last):
  File "run.py", line 272, in <module>
    exp.train(setting)
  File "/Jianping/Research/Time-Series-Library/exp/exp_short_term_forecasting.py", line 54, in train
    train_data, train_loader = self._get_data(flag='train')
  File "/Jianping/Research/Time-Series-Library/exp/exp_short_term_forecasting.py", line 36, in _get_data
    data_set, data_loader = data_provider(self.args, flag)
  File "/Jianping/Research/Time-Series-Library/data_provider/data_factory.py", line 74, in data_provider
    data_set = Data(
  File "/Jianping/Research/Time-Series-Library/data_provider/data_loader.py", line 376, in __init__
    self.__read_data__()
  File "/Jianping/Research/Time-Series-Library/data_provider/data_loader.py", line 384, in __read_data__
    training_values = np.array(
ValueError: setting an array element with a sequence. The requested array has an inhomogeneous shape after 1 dimensions. The detected shape was (23000,) + inhomogeneous part.
