Args in experiment:
[1mBasic Config[0m
  Task Name:          short_term_forecast Is Training:        1                   
  Model ID:           m4_Hourly           Model:              TimesNet            

[1mData Loader[0m
  Data:               m4                  Root Path:          ../iTransformer_datasets/m4
  Data Path:          ETTh1.csv           Features:           M                   
  Target:             OT                  Freq:               h                   
  Checkpoints:        ./checkpoints/      

[1mForecasting Task[0m
  Seq Len:            96                  Label Len:          48                  
  Pred Len:           96                  Seasonal Patterns:  Hourly              
  Inverse:            0                   

[1mModel Parameters[0m
  Top k:              5                   Num Kernels:        6                   
  Enc In:             1                   Dec In:             1                   
  C Out:              1                   d model:            32                  
  n heads:            8                   e layers:           2                   
  d layers:           1                   d FF:               32                  
  Moving Avg:         25                  Factor:             3                   
  Distil:             1                   Dropout:            0.1                 
  Embed:              timeF               Activation:         gelu                
  Output Attention:   0                   

[1mRun Parameters[0m
  Num Workers:        0                   Itr:                1                   
  Train Epochs:       10                  Batch Size:         16                  
  Patience:           3                   Learning Rate:      0.001               
  Des:                Exp                 Loss:               SMAPE               
  Lradj:              type1               Use Amp:            0                   

[1mGPU[0m
  Use GPU:            1                   GPU:                0                   
  Use Multi GPU:      0                   Devices:            0,1,2,3             

[1mDe-stationary Projector Params[0m
  P Hidden Dims:      128, 128            P Hidden Layers:    2                   

Use GPU: cuda:0
>>>>>>>start training : short_term_forecast_m4_Hourly_TimesNet_m4_ftM_sl96_ll48_pl48_dm32_nh8_el2_dl1_df32_fc3_ebtimeF_dtTrue_Exp_0>>>>>>>>>>>>>>>>>>>>>>>>>>
train 414
val 414
Epoch: 1 cost time: 9.524192333221436
Epoch: 1, Steps: 26 | Train Loss: 25.2549863 Vali Loss: 23.6306111 Test Loss: 23.6306111
Validation loss decreased (inf --> 23.630611).  Saving model ...
Updating learning rate to 0.001
Epoch: 2 cost time: 7.9811248779296875
Epoch: 2, Steps: 26 | Train Loss: 20.4135623 Vali Loss: 20.5076233 Test Loss: 20.5076233
Validation loss decreased (23.630611 --> 20.507623).  Saving model ...
Updating learning rate to 0.0005
Epoch: 3 cost time: 7.744214773178101
Epoch: 3, Steps: 26 | Train Loss: 19.4762564 Vali Loss: 19.1414736 Test Loss: 19.1414736
Validation loss decreased (20.507623 --> 19.141474).  Saving model ...
Updating learning rate to 0.00025
Epoch: 4 cost time: 7.787538290023804
Epoch: 4, Steps: 26 | Train Loss: 18.3449914 Vali Loss: 19.1099678 Test Loss: 19.1099678
Validation loss decreased (19.141474 --> 19.109968).  Saving model ...
Updating learning rate to 0.000125
Epoch: 5 cost time: 7.923915386199951
Epoch: 5, Steps: 26 | Train Loss: 18.2757197 Vali Loss: 19.0869695 Test Loss: 19.0869695
Validation loss decreased (19.109968 --> 19.086969).  Saving model ...
Updating learning rate to 6.25e-05
Epoch: 6 cost time: 8.002386331558228
Epoch: 6, Steps: 26 | Train Loss: 17.6578922 Vali Loss: 18.7297643 Test Loss: 18.7297643
Validation loss decreased (19.086969 --> 18.729764).  Saving model ...
Updating learning rate to 3.125e-05
Epoch: 7 cost time: 7.8744354248046875
Epoch: 7, Steps: 26 | Train Loss: 17.8024452 Vali Loss: 19.0585650 Test Loss: 19.0585650
EarlyStopping counter: 1 out of 3
Updating learning rate to 1.5625e-05
Epoch: 8 cost time: 8.172107458114624
Epoch: 8, Steps: 26 | Train Loss: 18.1028131 Vali Loss: 18.9830734 Test Loss: 18.9830734
EarlyStopping counter: 2 out of 3
Updating learning rate to 7.8125e-06
Epoch: 9 cost time: 7.98836874961853
Epoch: 9, Steps: 26 | Train Loss: 17.8151689 Vali Loss: 18.9022461 Test Loss: 18.9022461
EarlyStopping counter: 3 out of 3
Early stopping
>>>>>>>testing : short_term_forecast_m4_Hourly_TimesNet_m4_ftM_sl96_ll48_pl48_dm32_nh8_el2_dl1_df32_fc3_ebtimeF_dtTrue_Exp_0<<<<<<<<<<<<<<<<<<<<<<<<<<<<<<<<<
train 414
test 414
0
test shape: (414, 48, 1)
TimesNet
After all 6 tasks are finished, you can calculate the averaged index
