Args in experiment:
[1mBasic Config[0m
  Task Name:          short_term_forecast Is Training:        1                   
  Model ID:           m4_Weekly           Model:              TimesNet            

[1mData Loader[0m
  Data:               m4                  Root Path:          ../iTransformer_datasets/m4
  Data Path:          ETTh1.csv           Features:           M                   
  Target:             OT                  Freq:               h                   
  Checkpoints:        ./checkpoints/      

[1mForecasting Task[0m
  Seq Len:            96                  Label Len:          48                  
  Pred Len:           96                  Seasonal Patterns:  Weekly              
  Inverse:            0                   

[1mModel Parameters[0m
  Top k:              5                   Num Kernels:        6                   
  Enc In:             1                   Dec In:             1                   
  C Out:              1                   d model:            32                  
  n heads:            8                   e layers:           2                   
  d layers:           1                   d FF:               32                  
  Moving Avg:         25                  Factor:             3                   
  Distil:             1                   Dropout:            0.1                 
  Embed:              timeF               Activation:         gelu                
  Output Attention:   0                   

[1mRun Parameters[0m
  Num Workers:        0                   Itr:                1                   
  Train Epochs:       10                  Batch Size:         16                  
  Patience:           3                   Learning Rate:      0.001               
  Des:                Exp                 Loss:               SMAPE               
  Lradj:              type1               Use Amp:            0                   

[1mGPU[0m
  Use GPU:            1                   GPU:                0                   
  Use Multi GPU:      0                   Devices:            0,1,2,3             

[1mDe-stationary Projector Params[0m
  P Hidden Dims:      128, 128            P Hidden Layers:    2                   

Use GPU: cuda:0
>>>>>>>start training : short_term_forecast_m4_Weekly_TimesNet_m4_ftM_sl26_ll13_pl13_dm32_nh8_el2_dl1_df32_fc3_ebtimeF_dtTrue_Exp_0>>>>>>>>>>>>>>>>>>>>>>>>>>
train 359
val 359
Epoch: 1 cost time: 7.929308176040649
Epoch: 1, Steps: 23 | Train Loss: 11.3913400 Vali Loss: 12.4725447 Test Loss: 12.4725447
Validation loss decreased (inf --> 12.472545).  Saving model ...
Updating learning rate to 0.001
Epoch: 2 cost time: 6.250699996948242
Epoch: 2, Steps: 23 | Train Loss: 9.6949492 Vali Loss: 11.7516789 Test Loss: 11.7516789
Validation loss decreased (12.472545 --> 11.751679).  Saving model ...
Updating learning rate to 0.0005
Epoch: 3 cost time: 6.449115753173828
Epoch: 3, Steps: 23 | Train Loss: 9.2017958 Vali Loss: 10.9893216 Test Loss: 10.9893216
Validation loss decreased (11.751679 --> 10.989322).  Saving model ...
Updating learning rate to 0.00025
Epoch: 4 cost time: 6.335602760314941
Epoch: 4, Steps: 23 | Train Loss: 8.9260614 Vali Loss: 10.8656261 Test Loss: 10.8656261
Validation loss decreased (10.989322 --> 10.865626).  Saving model ...
Updating learning rate to 0.000125
Epoch: 5 cost time: 6.3041605949401855
Epoch: 5, Steps: 23 | Train Loss: 9.5533036 Vali Loss: 10.8401541 Test Loss: 10.8401541
Validation loss decreased (10.865626 --> 10.840154).  Saving model ...
Updating learning rate to 6.25e-05
Epoch: 6 cost time: 6.351821422576904
Epoch: 6, Steps: 23 | Train Loss: 8.6866643 Vali Loss: 10.8782794 Test Loss: 10.8782794
EarlyStopping counter: 1 out of 3
Updating learning rate to 3.125e-05
Epoch: 7 cost time: 6.336566925048828
Epoch: 7, Steps: 23 | Train Loss: 8.8665942 Vali Loss: 10.8085492 Test Loss: 10.8085492
Validation loss decreased (10.840154 --> 10.808549).  Saving model ...
Updating learning rate to 1.5625e-05
Epoch: 8 cost time: 6.376574277877808
Epoch: 8, Steps: 23 | Train Loss: 9.1578653 Vali Loss: 10.8174961 Test Loss: 10.8174961
EarlyStopping counter: 1 out of 3
Updating learning rate to 7.8125e-06
Epoch: 9 cost time: 6.2758660316467285
Epoch: 9, Steps: 23 | Train Loss: 8.7274507 Vali Loss: 10.8259497 Test Loss: 10.8259497
EarlyStopping counter: 2 out of 3
Updating learning rate to 3.90625e-06
Epoch: 10 cost time: 6.488892316818237
Epoch: 10, Steps: 23 | Train Loss: 9.7841582 Vali Loss: 10.8139666 Test Loss: 10.8139666
EarlyStopping counter: 3 out of 3
Early stopping
>>>>>>>testing : short_term_forecast_m4_Weekly_TimesNet_m4_ftM_sl26_ll13_pl13_dm32_nh8_el2_dl1_df32_fc3_ebtimeF_dtTrue_Exp_0<<<<<<<<<<<<<<<<<<<<<<<<<<<<<<<<<
train 359
test 359
0
test shape: (359, 13, 1)
TimesNet
After all 6 tasks are finished, you can calculate the averaged index
