Args in experiment:
[1mBasic Config[0m
  Task Name:          classification      Is Training:        1                   
  Model ID:           Heartbeat           Model:              PatchTST            

[1mData Loader[0m
  Data:               UEA                 Root Path:          ../iTransformer_datasets/classification/Heartbeat/
  Data Path:          ETTh1.csv           Features:           M                   
  Target:             OT                  Freq:               h                   
  Checkpoints:        ./checkpoints/      

[1mModel Parameters[0m
  Top k:              3                   Num Kernels:        6                   
  Enc In:             7                   Dec In:             7                   
  C Out:              7                   d model:            128                 
  n heads:            8                   e layers:           3                   
  d layers:           1                   d FF:               256                 
  Moving Avg:         25                  Factor:             1                   
  Distil:             1                   Dropout:            0.1                 
  Embed:              timeF               Activation:         gelu                
  Output Attention:   0                   

[1mRun Parameters[0m
  Num Workers:        0                   Itr:                1                   
  Train Epochs:       100                 Batch Size:         16                  
  Patience:           10                  Learning Rate:      0.001               
  Des:                Exp                 Loss:               MSE                 
  Lradj:              type1               Use Amp:            0                   

[1mGPU[0m
  Use GPU:            1                   GPU:                0                   
  Use Multi GPU:      0                   Devices:            0,1,2,3             

[1mDe-stationary Projector Params[0m
  P Hidden Dims:      128, 128            P Hidden Layers:    2                   

Use GPU: cuda:0
204
205
>>>>>>>start training : classification_Heartbeat_PatchTST_UEA_ftM_sl405_ll48_pl0_dm128_nh8_el3_dl1_df256_fc1_ebtimeF_dtTrue_Exp_0>>>>>>>>>>>>>>>>>>>>>>>>>>
204
205
205
Epoch: 1 cost time: 2.4456701278686523
Epoch: 1, Steps: 13 | Train Loss: 77.160 Vali Loss: 61.494 Vali Acc: 0.293 Test Loss: 61.694 Test Acc: 0.293
Validation loss decreased (inf --> -0.292683).  Saving model ...
Epoch: 2 cost time: 1.2492218017578125
Epoch: 2, Steps: 13 | Train Loss: 15.858 Vali Loss: 39.997 Vali Acc: 0.722 Test Loss: 40.376 Test Acc: 0.722
Validation loss decreased (-0.292683 --> -0.721951).  Saving model ...
Epoch: 3 cost time: 1.2413601875305176
Epoch: 3, Steps: 13 | Train Loss: 6.602 Vali Loss: 45.628 Vali Acc: 0.327 Test Loss: 45.501 Test Acc: 0.327
EarlyStopping counter: 1 out of 10
Epoch: 4 cost time: 1.3215420246124268
Epoch: 4, Steps: 13 | Train Loss: 2.593 Vali Loss: 38.295 Vali Acc: 0.390 Test Loss: 38.473 Test Acc: 0.390
EarlyStopping counter: 2 out of 10
Epoch: 5 cost time: 1.2024760246276855
Epoch: 5, Steps: 13 | Train Loss: 2.702 Vali Loss: 23.078 Vali Acc: 0.688 Test Loss: 22.914 Test Acc: 0.688
EarlyStopping counter: 3 out of 10
Updating learning rate to 6.25e-05
Epoch: 6 cost time: 1.2352232933044434
Epoch: 6, Steps: 13 | Train Loss: 0.004 Vali Loss: 22.461 Vali Acc: 0.654 Test Loss: 22.196 Test Acc: 0.654
EarlyStopping counter: 4 out of 10
Epoch: 7 cost time: 1.2751479148864746
Epoch: 7, Steps: 13 | Train Loss: 0.000 Vali Loss: 22.615 Vali Acc: 0.668 Test Loss: 22.580 Test Acc: 0.668
EarlyStopping counter: 5 out of 10
Epoch: 8 cost time: 1.2561941146850586
Epoch: 8, Steps: 13 | Train Loss: 0.000 Vali Loss: 22.490 Vali Acc: 0.678 Test Loss: 22.831 Test Acc: 0.678
EarlyStopping counter: 6 out of 10
Epoch: 9 cost time: 1.2119100093841553
Epoch: 9, Steps: 13 | Train Loss: 0.000 Vali Loss: 22.796 Vali Acc: 0.678 Test Loss: 22.752 Test Acc: 0.678
EarlyStopping counter: 7 out of 10
Epoch: 10 cost time: 1.2261717319488525
Epoch: 10, Steps: 13 | Train Loss: 0.000 Vali Loss: 22.764 Vali Acc: 0.678 Test Loss: 22.855 Test Acc: 0.678
EarlyStopping counter: 8 out of 10
Updating learning rate to 1.953125e-06
Epoch: 11 cost time: 1.2245981693267822
Epoch: 11, Steps: 13 | Train Loss: 0.000 Vali Loss: 22.524 Vali Acc: 0.678 Test Loss: 22.845 Test Acc: 0.678
EarlyStopping counter: 9 out of 10
Epoch: 12 cost time: 1.2656831741333008
Epoch: 12, Steps: 13 | Train Loss: 0.000 Vali Loss: 22.934 Vali Acc: 0.678 Test Loss: 22.753 Test Acc: 0.678
EarlyStopping counter: 10 out of 10
Early stopping
>>>>>>>testing : classification_Heartbeat_PatchTST_UEA_ftM_sl405_ll48_pl0_dm128_nh8_el3_dl1_df256_fc1_ebtimeF_dtTrue_Exp_0<<<<<<<<<<<<<<<<<<<<<<<<<<<<<<<<<
205
test shape: torch.Size([205, 2]) torch.Size([205, 1])
accuracy:0.7219512195121951
Spend Time: 106.27956223487854
