Args in experiment:
[1mBasic Config[0m
  Task Name:          long_term_forecast  Is Training:        1                   
  Model ID:           Exchange_96_192     Model:              PatchTST            

[1mData Loader[0m
  Data:               custom              Root Path:          ../iTransformer_datasets/exchange_rate/
  Data Path:          exchange_rate.csv   Features:           M                   
  Target:             OT                  Freq:               h                   
  Checkpoints:        ./checkpoints/      

[1mForecasting Task[0m
  Seq Len:            96                  Label Len:          48                  
  Pred Len:           192                 Seasonal Patterns:  Monthly             
  Inverse:            0                   

[1mModel Parameters[0m
  Top k:              5                   Num Kernels:        6                   
  Enc In:             8                   Dec In:             8                   
  C Out:              8                   d model:            512                 
  n heads:            8                   e layers:           2                   
  d layers:           1                   d FF:               2048                
  Moving Avg:         25                  Factor:             3                   
  Distil:             1                   Dropout:            0.1                 
  Embed:              timeF               Activation:         gelu                
  Output Attention:   0                   

[1mRun Parameters[0m
  Num Workers:        0                   Itr:                1                   
  Train Epochs:       10                  Batch Size:         32                  
  Patience:           3                   Learning Rate:      0.0001              
  Des:                Exp                 Loss:               MSE                 
  Lradj:              type1               Use Amp:            0                   

[1mGPU[0m
  Use GPU:            1                   GPU:                0                   
  Use Multi GPU:      0                   Devices:            0,1,2,3             

[1mDe-stationary Projector Params[0m
  P Hidden Dims:      128, 128            P Hidden Layers:    2                   

Use GPU: cuda:0
>>>>>>>start training : long_term_forecast_Exchange_96_192_PatchTST_custom_ftM_sl96_ll48_pl192_dm512_nh8_el2_dl1_df2048_fc3_ebtimeF_dtTrue_Exp_0>>>>>>>>>>>>>>>>>>>>>>>>>>
train 5024
val 569
test 1326
	iters: 100, epoch: 1 | loss: 0.2195208
	speed: 0.1055s/iter; left time: 155.1916s
Epoch: 1 cost time: 16.40339207649231
Epoch: 1, Steps: 157 | Train Loss: 0.2638293 Vali Loss: 0.2245251 Test Loss: 0.1830217
Validation loss decreased (inf --> 0.224525).  Saving model ...
Updating learning rate to 0.0001
	iters: 100, epoch: 2 | loss: 0.2391243
	speed: 0.3575s/iter; left time: 469.7038s
Epoch: 2 cost time: 12.450445175170898
Epoch: 2, Steps: 157 | Train Loss: 0.2534635 Vali Loss: 0.2313791 Test Loss: 0.1869459
EarlyStopping counter: 1 out of 3
Updating learning rate to 5e-05
	iters: 100, epoch: 3 | loss: 0.2186892
	speed: 0.2563s/iter; left time: 296.4869s
Epoch: 3 cost time: 8.276399850845337
Epoch: 3, Steps: 157 | Train Loss: 0.2498215 Vali Loss: 0.2329273 Test Loss: 0.1853896
EarlyStopping counter: 2 out of 3
Updating learning rate to 2.5e-05
	iters: 100, epoch: 4 | loss: 0.2305961
	speed: 0.1996s/iter; left time: 199.6101s
Epoch: 4 cost time: 8.417064666748047
Epoch: 4, Steps: 157 | Train Loss: 0.2475514 Vali Loss: 0.2387588 Test Loss: 0.1798270
EarlyStopping counter: 3 out of 3
Early stopping
>>>>>>>testing : long_term_forecast_Exchange_96_192_PatchTST_custom_ftM_sl96_ll48_pl192_dm512_nh8_el2_dl1_df2048_fc3_ebtimeF_dtTrue_Exp_0<<<<<<<<<<<<<<<<<<<<<<<<<<<<<<<<<
test 1326
test shape: (1326, 1, 192, 8) (1326, 1, 192, 8)
test shape: (1326, 192, 8) (1326, 192, 8)
mse:0.1830216646194458, mae:0.3028995096683502
