Args in experiment:
[1mBasic Config[0m
  Task Name:          long_term_forecast  Is Training:        1                   
  Model ID:           Exchange_96_720     Model:              TimesNet            

[1mData Loader[0m
  Data:               custom              Root Path:          ../iTransformer_datasets/exchange_rate/
  Data Path:          exchange_rate.csv   Features:           M                   
  Target:             OT                  Freq:               h                   
  Checkpoints:        ./checkpoints/      

[1mForecasting Task[0m
  Seq Len:            96                  Label Len:          48                  
  Pred Len:           720                 Seasonal Patterns:  Monthly             
  Inverse:            0                   

[1mModel Parameters[0m
  Top k:              5                   Num Kernels:        6                   
  Enc In:             8                   Dec In:             8                   
  C Out:              8                   d model:            32                  
  n heads:            8                   e layers:           2                   
  d layers:           1                   d FF:               32                  
  Moving Avg:         25                  Factor:             3                   
  Distil:             1                   Dropout:            0.1                 
  Embed:              timeF               Activation:         gelu                
  Output Attention:   0                   

[1mRun Parameters[0m
  Num Workers:        0                   Itr:                1                   
  Train Epochs:       1                   Batch Size:         32                  
  Patience:           3                   Learning Rate:      0.0001              
  Des:                Exp                 Loss:               MSE                 
  Lradj:              type1               Use Amp:            0                   

[1mGPU[0m
  Use GPU:            1                   GPU:                0                   
  Use Multi GPU:      0                   Devices:            0,1,2,3             

[1mDe-stationary Projector Params[0m
  P Hidden Dims:      128, 128            P Hidden Layers:    2                   

Use GPU: cuda:0
>>>>>>>start training : long_term_forecast_Exchange_96_720_TimesNet_custom_ftM_sl96_ll48_pl720_dm32_nh8_el2_dl1_df32_fc3_ebtimeF_dtTrue_Exp_0>>>>>>>>>>>>>>>>>>>>>>>>>>
train 4496
val 41
test 798
	iters: 100, epoch: 1 | loss: 0.7332550
	speed: 0.6813s/iter; left time: 27.9321s
Epoch: 1 cost time: 90.12518692016602
Epoch: 1, Steps: 140 | Train Loss: 0.8424241 Vali Loss: 1.4869148 Test Loss: 0.9299047
Validation loss decreased (inf --> 1.486915).  Saving model ...
Updating learning rate to 0.0001
>>>>>>>testing : long_term_forecast_Exchange_96_720_TimesNet_custom_ftM_sl96_ll48_pl720_dm32_nh8_el2_dl1_df32_fc3_ebtimeF_dtTrue_Exp_0<<<<<<<<<<<<<<<<<<<<<<<<<<<<<<<<<
test 798
test shape: (798, 1, 720, 8) (798, 1, 720, 8)
test shape: (798, 720, 8) (798, 720, 8)
mse:0.9299046397209167, mae:0.7342544198036194
