Args in experiment:
[1mBasic Config[0m
  Task Name:          imputation          Is Training:        1                   
  Model ID:           ETTh1_mask_0.5      Model:              DLinear             

[1mData Loader[0m
  Data:               ETTh1               Root Path:          ../iTransformer_datasets/ETT-small/
  Data Path:          ETTh1.csv           Features:           M                   
  Target:             OT                  Freq:               h                   
  Checkpoints:        ./checkpoints/      

[1mImputation Task[0m
  Mask Rate:          0.5                 

[1mModel Parameters[0m
  Top k:              5                   Num Kernels:        6                   
  Enc In:             7                   Dec In:             7                   
  C Out:              7                   d model:            128                 
  n heads:            8                   e layers:           2                   
  d layers:           1                   d FF:               128                 
  Moving Avg:         25                  Factor:             3                   
  Distil:             1                   Dropout:            0.1                 
  Embed:              timeF               Activation:         gelu                
  Output Attention:   0                   

[1mRun Parameters[0m
  Num Workers:        0                   Itr:                1                   
  Train Epochs:       10                  Batch Size:         16                  
  Patience:           3                   Learning Rate:      0.001               
  Des:                Exp                 Loss:               MSE                 
  Lradj:              type1               Use Amp:            0                   

[1mGPU[0m
  Use GPU:            1                   GPU:                0                   
  Use Multi GPU:      0                   Devices:            0,1,2,3             

[1mDe-stationary Projector Params[0m
  P Hidden Dims:      128, 128            P Hidden Layers:    2                   

Use GPU: cuda:0
>>>>>>>start training : imputation_ETTh1_mask_0.5_DLinear_ETTh1_ftM_sl96_ll0_pl96_dm128_nh8_el2_dl1_df128_fc3_ebtimeF_dtTrue_Exp_0>>>>>>>>>>>>>>>>>>>>>>>>>>
train 8449
val 2785
test 2785
	iters: 100, epoch: 1 | loss: 0.2208255
	speed: 0.0551s/iter; left time: 285.6086s
	iters: 200, epoch: 1 | loss: 0.2080908
	speed: 0.0332s/iter; left time: 168.8651s
	iters: 300, epoch: 1 | loss: 0.2141583
	speed: 0.0280s/iter; left time: 139.7118s
	iters: 400, epoch: 1 | loss: 0.1963263
	speed: 0.0327s/iter; left time: 159.7708s
	iters: 500, epoch: 1 | loss: 0.2235271
	speed: 0.0354s/iter; left time: 169.1272s
Epoch: 1 cost time: 19.631211757659912
Epoch: 1, Steps: 528 | Train Loss: 0.2177985 Vali Loss: 0.2549694 Test Loss: 0.2331926
Validation loss decreased (inf --> 0.254969).  Saving model ...
Updating learning rate to 0.001
	iters: 100, epoch: 2 | loss: 0.1907261
	speed: 0.6174s/iter; left time: 2872.8786s
	iters: 200, epoch: 2 | loss: 0.1907334
	speed: 0.0449s/iter; left time: 204.3555s
	iters: 300, epoch: 2 | loss: 0.2015349
	speed: 0.0445s/iter; left time: 198.3133s
	iters: 400, epoch: 2 | loss: 0.2120625
	speed: 0.0428s/iter; left time: 186.4980s
	iters: 500, epoch: 2 | loss: 0.2309117
	speed: 0.0441s/iter; left time: 187.5270s
Epoch: 2 cost time: 22.9191792011261
Epoch: 2, Steps: 528 | Train Loss: 0.1934362 Vali Loss: 0.2577183 Test Loss: 0.2319448
EarlyStopping counter: 1 out of 3
Updating learning rate to 0.0005
	iters: 100, epoch: 3 | loss: 0.1824224
	speed: 0.6531s/iter; left time: 2693.9627s
	iters: 200, epoch: 3 | loss: 0.2017154
	speed: 0.0382s/iter; left time: 153.5654s
	iters: 300, epoch: 3 | loss: 0.1894637
	speed: 0.0442s/iter; left time: 173.6720s
	iters: 400, epoch: 3 | loss: 0.1958095
	speed: 0.0439s/iter; left time: 167.8353s
	iters: 500, epoch: 3 | loss: 0.1877983
	speed: 0.0447s/iter; left time: 166.3573s
Epoch: 3 cost time: 22.709667682647705
Epoch: 3, Steps: 528 | Train Loss: 0.1917244 Vali Loss: 0.2528064 Test Loss: 0.2302479
Validation loss decreased (0.254969 --> 0.252806).  Saving model ...
Updating learning rate to 0.00025
	iters: 100, epoch: 4 | loss: 0.1753383
	speed: 0.6046s/iter; left time: 2174.5909s
	iters: 200, epoch: 4 | loss: 0.2093085
	speed: 0.0323s/iter; left time: 112.9375s
	iters: 300, epoch: 4 | loss: 0.2499925
	speed: 0.0324s/iter; left time: 109.9560s
	iters: 400, epoch: 4 | loss: 0.2020406
	speed: 0.0339s/iter; left time: 111.6914s
	iters: 500, epoch: 4 | loss: 0.1896332
	speed: 0.0396s/iter; left time: 126.7254s
Epoch: 4 cost time: 18.484455823898315
Epoch: 4, Steps: 528 | Train Loss: 0.1904712 Vali Loss: 0.2516056 Test Loss: 0.2302282
Validation loss decreased (0.252806 --> 0.251606).  Saving model ...
Updating learning rate to 0.000125
	iters: 100, epoch: 5 | loss: 0.1674583
	speed: 0.5583s/iter; left time: 1713.5176s
	iters: 200, epoch: 5 | loss: 0.1909452
	speed: 0.0478s/iter; left time: 141.9178s
	iters: 300, epoch: 5 | loss: 0.1991111
	speed: 0.0480s/iter; left time: 137.8156s
	iters: 400, epoch: 5 | loss: 0.1917803
	speed: 0.0479s/iter; left time: 132.6581s
	iters: 500, epoch: 5 | loss: 0.1889714
	speed: 0.0468s/iter; left time: 124.9022s
Epoch: 5 cost time: 25.22935128211975
Epoch: 5, Steps: 528 | Train Loss: 0.1896883 Vali Loss: 0.2557505 Test Loss: 0.2294886
EarlyStopping counter: 1 out of 3
Updating learning rate to 6.25e-05
	iters: 100, epoch: 6 | loss: 0.1755765
	speed: 0.7108s/iter; left time: 1806.0568s
	iters: 200, epoch: 6 | loss: 0.1779944
	speed: 0.0490s/iter; left time: 119.5954s
	iters: 300, epoch: 6 | loss: 0.1751618
	speed: 0.0482s/iter; left time: 112.7241s
	iters: 400, epoch: 6 | loss: 0.2103465
	speed: 0.0467s/iter; left time: 104.6343s
	iters: 500, epoch: 6 | loss: 0.1996051
	speed: 0.0478s/iter; left time: 102.3916s
Epoch: 6 cost time: 25.362963676452637
Epoch: 6, Steps: 528 | Train Loss: 0.1900738 Vali Loss: 0.2538806 Test Loss: 0.2301449
EarlyStopping counter: 2 out of 3
Updating learning rate to 3.125e-05
	iters: 100, epoch: 7 | loss: 0.1715517
	speed: 0.5415s/iter; left time: 1090.0891s
	iters: 200, epoch: 7 | loss: 0.1922671
	speed: 0.0528s/iter; left time: 100.9352s
	iters: 300, epoch: 7 | loss: 0.1758154
	speed: 0.0513s/iter; left time: 93.0281s
	iters: 400, epoch: 7 | loss: 0.1946979
	speed: 0.0467s/iter; left time: 79.9562s
	iters: 500, epoch: 7 | loss: 0.2062908
	speed: 0.0419s/iter; left time: 67.6395s
Epoch: 7 cost time: 25.84581160545349
Epoch: 7, Steps: 528 | Train Loss: 0.1897319 Vali Loss: 0.2524661 Test Loss: 0.2292822
EarlyStopping counter: 3 out of 3
Early stopping
>>>>>>>testing : imputation_ETTh1_mask_0.5_DLinear_ETTh1_ftM_sl96_ll0_pl96_dm128_nh8_el2_dl1_df128_fc3_ebtimeF_dtTrue_Exp_0<<<<<<<<<<<<<<<<<<<<<<<<<<<<<<<<<
test 2785
test shape: (2785, 96, 7) (2785, 96, 7)
mse:0.22964432835578918, mae:0.33219271898269653
