Args in experiment:
[1mBasic Config[0m
  Task Name:          imputation          Is Training:        1                   
  Model ID:           ETTh1_mask_0.375    Model:              DLinear             

[1mData Loader[0m
  Data:               ETTh1               Root Path:          ../iTransformer_datasets/ETT-small/
  Data Path:          ETTh1.csv           Features:           M                   
  Target:             OT                  Freq:               h                   
  Checkpoints:        ./checkpoints/      

[1mImputation Task[0m
  Mask Rate:          0.375               

[1mModel Parameters[0m
  Top k:              5                   Num Kernels:        6                   
  Enc In:             7                   Dec In:             7                   
  C Out:              7                   d model:            128                 
  n heads:            8                   e layers:           2                   
  d layers:           1                   d FF:               128                 
  Moving Avg:         25                  Factor:             3                   
  Distil:             1                   Dropout:            0.1                 
  Embed:              timeF               Activation:         gelu                
  Output Attention:   0                   

[1mRun Parameters[0m
  Num Workers:        0                   Itr:                1                   
  Train Epochs:       10                  Batch Size:         16                  
  Patience:           3                   Learning Rate:      0.001               
  Des:                Exp                 Loss:               MSE                 
  Lradj:              type1               Use Amp:            0                   

[1mGPU[0m
  Use GPU:            1                   GPU:                0                   
  Use Multi GPU:      0                   Devices:            0,1,2,3             

[1mDe-stationary Projector Params[0m
  P Hidden Dims:      128, 128            P Hidden Layers:    2                   

Use GPU: cuda:0
>>>>>>>start training : imputation_ETTh1_mask_0.375_DLinear_ETTh1_ftM_sl96_ll0_pl96_dm128_nh8_el2_dl1_df128_fc3_ebtimeF_dtTrue_Exp_0>>>>>>>>>>>>>>>>>>>>>>>>>>
train 8449
val 2785
test 2785
	iters: 100, epoch: 1 | loss: 0.1905854
	speed: 0.0563s/iter; left time: 291.5024s
	iters: 200, epoch: 1 | loss: 0.1738089
	speed: 0.0329s/iter; left time: 166.9221s
	iters: 300, epoch: 1 | loss: 0.1791665
	speed: 0.0313s/iter; left time: 155.8266s
	iters: 400, epoch: 1 | loss: 0.1611923
	speed: 0.0311s/iter; left time: 151.8983s
	iters: 500, epoch: 1 | loss: 0.1784764
	speed: 0.0367s/iter; left time: 175.5788s
Epoch: 1 cost time: 20.079976320266724
Epoch: 1, Steps: 528 | Train Loss: 0.1861650 Vali Loss: 0.2105898 Test Loss: 0.1920635
Validation loss decreased (inf --> 0.210590).  Saving model ...
Updating learning rate to 0.001
	iters: 100, epoch: 2 | loss: 0.1626757
	speed: 0.6187s/iter; left time: 2878.6434s
	iters: 200, epoch: 2 | loss: 0.1603173
	speed: 0.0448s/iter; left time: 203.9961s
	iters: 300, epoch: 2 | loss: 0.1737293
	speed: 0.0442s/iter; left time: 196.7003s
	iters: 400, epoch: 2 | loss: 0.1657557
	speed: 0.0426s/iter; left time: 185.4180s
	iters: 500, epoch: 2 | loss: 0.1967018
	speed: 0.0450s/iter; left time: 191.3564s
Epoch: 2 cost time: 22.962525606155396
Epoch: 2, Steps: 528 | Train Loss: 0.1619674 Vali Loss: 0.2123069 Test Loss: 0.1917354
EarlyStopping counter: 1 out of 3
Updating learning rate to 0.0005
	iters: 100, epoch: 3 | loss: 0.1525570
	speed: 0.6495s/iter; left time: 2679.2682s
	iters: 200, epoch: 3 | loss: 0.1720372
	speed: 0.0385s/iter; left time: 154.8598s
	iters: 300, epoch: 3 | loss: 0.1630869
	speed: 0.0436s/iter; left time: 171.2412s
	iters: 400, epoch: 3 | loss: 0.1795514
	speed: 0.0437s/iter; left time: 167.0259s
	iters: 500, epoch: 3 | loss: 0.1564368
	speed: 0.0445s/iter; left time: 165.6900s
Epoch: 3 cost time: 22.656907558441162
Epoch: 3, Steps: 528 | Train Loss: 0.1597998 Vali Loss: 0.2091553 Test Loss: 0.1895853
Validation loss decreased (0.210590 --> 0.209155).  Saving model ...
Updating learning rate to 0.00025
	iters: 100, epoch: 4 | loss: 0.1531117
	speed: 0.6002s/iter; left time: 2158.7759s
	iters: 200, epoch: 4 | loss: 0.1657473
	speed: 0.0308s/iter; left time: 107.5488s
	iters: 300, epoch: 4 | loss: 0.1754372
	speed: 0.0322s/iter; left time: 109.4157s
	iters: 400, epoch: 4 | loss: 0.1615138
	speed: 0.0326s/iter; left time: 107.5115s
	iters: 500, epoch: 4 | loss: 0.1525418
	speed: 0.0311s/iter; left time: 99.4351s
Epoch: 4 cost time: 16.881864309310913
Epoch: 4, Steps: 528 | Train Loss: 0.1583610 Vali Loss: 0.2069438 Test Loss: 0.1881018
Validation loss decreased (0.209155 --> 0.206944).  Saving model ...
Updating learning rate to 0.000125
	iters: 100, epoch: 5 | loss: 0.1416377
	speed: 0.5188s/iter; left time: 1592.2140s
	iters: 200, epoch: 5 | loss: 0.1612983
	speed: 0.0486s/iter; left time: 144.2849s
	iters: 300, epoch: 5 | loss: 0.1534121
	speed: 0.0487s/iter; left time: 139.6923s
	iters: 400, epoch: 5 | loss: 0.1579451
	speed: 0.0482s/iter; left time: 133.5939s
	iters: 500, epoch: 5 | loss: 0.1552596
	speed: 0.0473s/iter; left time: 126.3250s
Epoch: 5 cost time: 25.05052423477173
Epoch: 5, Steps: 528 | Train Loss: 0.1575149 Vali Loss: 0.2086277 Test Loss: 0.1874323
EarlyStopping counter: 1 out of 3
Updating learning rate to 6.25e-05
	iters: 100, epoch: 6 | loss: 0.1403170
	speed: 0.7089s/iter; left time: 1801.3527s
	iters: 200, epoch: 6 | loss: 0.1545808
	speed: 0.0480s/iter; left time: 117.1980s
	iters: 300, epoch: 6 | loss: 0.1558419
	speed: 0.0474s/iter; left time: 110.8972s
	iters: 400, epoch: 6 | loss: 0.1710933
	speed: 0.0476s/iter; left time: 106.7315s
	iters: 500, epoch: 6 | loss: 0.1701862
	speed: 0.0469s/iter; left time: 100.4751s
Epoch: 6 cost time: 25.227221488952637
Epoch: 6, Steps: 528 | Train Loss: 0.1578894 Vali Loss: 0.2085244 Test Loss: 0.1888534
EarlyStopping counter: 2 out of 3
Updating learning rate to 3.125e-05
	iters: 100, epoch: 7 | loss: 0.1428022
	speed: 0.5357s/iter; left time: 1078.4039s
	iters: 200, epoch: 7 | loss: 0.1684331
	speed: 0.0528s/iter; left time: 100.9659s
	iters: 300, epoch: 7 | loss: 0.1490353
	speed: 0.0531s/iter; left time: 96.3568s
	iters: 400, epoch: 7 | loss: 0.1699127
	speed: 0.0518s/iter; left time: 88.7027s
	iters: 500, epoch: 7 | loss: 0.1630759
	speed: 0.0469s/iter; left time: 75.6022s
Epoch: 7 cost time: 27.11551260948181
Epoch: 7, Steps: 528 | Train Loss: 0.1579165 Vali Loss: 0.2051654 Test Loss: 0.1865340
Validation loss decreased (0.206944 --> 0.205165).  Saving model ...
Updating learning rate to 1.5625e-05
	iters: 100, epoch: 8 | loss: 0.1505195
	speed: 0.6092s/iter; left time: 904.7274s
	iters: 200, epoch: 8 | loss: 0.1556130
	speed: 0.0495s/iter; left time: 68.5548s
	iters: 300, epoch: 8 | loss: 0.1617276
	speed: 0.0517s/iter; left time: 66.4796s
	iters: 400, epoch: 8 | loss: 0.1669559
	speed: 0.0549s/iter; left time: 65.0206s
	iters: 500, epoch: 8 | loss: 0.1587845
	speed: 0.0550s/iter; left time: 59.6663s
Epoch: 8 cost time: 27.20481276512146
Epoch: 8, Steps: 528 | Train Loss: 0.1582421 Vali Loss: 0.2050672 Test Loss: 0.1873772
Validation loss decreased (0.205165 --> 0.205067).  Saving model ...
Updating learning rate to 7.8125e-06
	iters: 100, epoch: 9 | loss: 0.1696743
	speed: 0.6768s/iter; left time: 647.7217s
	iters: 200, epoch: 9 | loss: 0.1469469
	speed: 0.0482s/iter; left time: 41.2769s
	iters: 300, epoch: 9 | loss: 0.1486531
	speed: 0.0480s/iter; left time: 36.3114s
	iters: 400, epoch: 9 | loss: 0.1720623
	speed: 0.0457s/iter; left time: 30.0027s
	iters: 500, epoch: 9 | loss: 0.1789482
	speed: 0.0461s/iter; left time: 25.6511s
Epoch: 9 cost time: 24.830044984817505
Epoch: 9, Steps: 528 | Train Loss: 0.1577276 Vali Loss: 0.2074056 Test Loss: 0.1867038
EarlyStopping counter: 1 out of 3
Updating learning rate to 3.90625e-06
	iters: 100, epoch: 10 | loss: 0.1552386
	speed: 0.6014s/iter; left time: 258.0000s
	iters: 200, epoch: 10 | loss: 0.1564543
	speed: 0.0452s/iter; left time: 14.8611s
	iters: 300, epoch: 10 | loss: 0.1390305
	speed: 0.0452s/iter; left time: 10.3575s
	iters: 400, epoch: 10 | loss: 0.1663360
	speed: 0.0455s/iter; left time: 5.8725s
	iters: 500, epoch: 10 | loss: 0.1477741
	speed: 0.0453s/iter; left time: 1.3139s
Epoch: 10 cost time: 23.882224082946777
Epoch: 10, Steps: 528 | Train Loss: 0.1575550 Vali Loss: 0.2061884 Test Loss: 0.1870936
EarlyStopping counter: 2 out of 3
Updating learning rate to 1.953125e-06
>>>>>>>testing : imputation_ETTh1_mask_0.375_DLinear_ETTh1_ftM_sl96_ll0_pl96_dm128_nh8_el2_dl1_df128_fc3_ebtimeF_dtTrue_Exp_0<<<<<<<<<<<<<<<<<<<<<<<<<<<<<<<<<
test 2785
test shape: (2785, 96, 7) (2785, 96, 7)
mse:0.18743306398391724, mae:0.3004988431930542
