Args in experiment:
[1mBasic Config[0m
  Task Name:          imputation          Is Training:        1                   
  Model ID:           ETTm2_mask_0.5      Model:              TimesNet            

[1mData Loader[0m
  Data:               ETTm2               Root Path:          ../iTransformer_datasets/ETT-small/
  Data Path:          ETTm2.csv           Features:           M                   
  Target:             OT                  Freq:               h                   
  Checkpoints:        ./checkpoints/      

[1mImputation Task[0m
  Mask Rate:          0.5                 

[1mModel Parameters[0m
  Top k:              3                   Num Kernels:        6                   
  Enc In:             7                   Dec In:             7                   
  C Out:              7                   d model:            64                  
  n heads:            8                   e layers:           2                   
  d layers:           1                   d FF:               64                  
  Moving Avg:         25                  Factor:             3                   
  Distil:             1                   Dropout:            0.1                 
  Embed:              timeF               Activation:         gelu                
  Output Attention:   0                   

[1mRun Parameters[0m
  Num Workers:        0                   Itr:                1                   
  Train Epochs:       10                  Batch Size:         16                  
  Patience:           3                   Learning Rate:      0.001               
  Des:                Exp                 Loss:               MSE                 
  Lradj:              type1               Use Amp:            0                   

[1mGPU[0m
  Use GPU:            1                   GPU:                0                   
  Use Multi GPU:      0                   Devices:            0,1,2,3             

[1mDe-stationary Projector Params[0m
  P Hidden Dims:      128, 128            P Hidden Layers:    2                   

Use GPU: cuda:0
>>>>>>>start training : imputation_ETTm2_mask_0.5_TimesNet_ETTm2_ftM_sl96_ll0_pl0_dm64_nh8_el2_dl1_df64_fc3_ebtimeF_dtTrue_Exp_0>>>>>>>>>>>>>>>>>>>>>>>>>>
train 34465
val 11521
test 11521
	iters: 100, epoch: 1 | loss: 0.0352833
	speed: 0.1252s/iter; left time: 2683.3828s
	iters: 200, epoch: 1 | loss: 0.0243451
	speed: 0.0852s/iter; left time: 1817.6037s
	iters: 300, epoch: 1 | loss: 0.0264205
	speed: 0.0856s/iter; left time: 1817.3398s
	iters: 400, epoch: 1 | loss: 0.0205254
	speed: 0.0858s/iter; left time: 1813.6991s
	iters: 500, epoch: 1 | loss: 0.0316971
	speed: 0.0860s/iter; left time: 1808.5016s
	iters: 600, epoch: 1 | loss: 0.0359313
	speed: 0.0882s/iter; left time: 1847.2598s
	iters: 700, epoch: 1 | loss: 0.0255005
	speed: 0.0888s/iter; left time: 1851.2155s
	iters: 800, epoch: 1 | loss: 0.0270103
	speed: 0.0900s/iter; left time: 1867.5140s
	iters: 900, epoch: 1 | loss: 0.0247720
	speed: 0.0925s/iter; left time: 1909.8791s
	iters: 1000, epoch: 1 | loss: 0.0302279
	speed: 0.0941s/iter; left time: 1933.1116s
	iters: 1100, epoch: 1 | loss: 0.0197441
	speed: 0.0934s/iter; left time: 1910.0556s
	iters: 1200, epoch: 1 | loss: 0.0216848
	speed: 0.0929s/iter; left time: 1890.0853s
	iters: 1300, epoch: 1 | loss: 0.0191310
	speed: 0.0937s/iter; left time: 1895.6294s
	iters: 1400, epoch: 1 | loss: 0.0207020
	speed: 0.0941s/iter; left time: 1894.2697s
	iters: 1500, epoch: 1 | loss: 0.0225553
	speed: 0.0936s/iter; left time: 1876.3286s
	iters: 1600, epoch: 1 | loss: 0.0391818
	speed: 0.0935s/iter; left time: 1863.8538s
	iters: 1700, epoch: 1 | loss: 0.0378215
	speed: 0.0943s/iter; left time: 1871.1333s
	iters: 1800, epoch: 1 | loss: 0.0196805
	speed: 0.0943s/iter; left time: 1861.5757s
	iters: 1900, epoch: 1 | loss: 0.0178793
	speed: 0.0939s/iter; left time: 1844.9512s
	iters: 2000, epoch: 1 | loss: 0.0205091
	speed: 0.0932s/iter; left time: 1820.3984s
	iters: 2100, epoch: 1 | loss: 0.0198389
	speed: 0.0928s/iter; left time: 1804.9299s
Epoch: 1 cost time: 199.78126096725464
Epoch: 1, Steps: 2154 | Train Loss: 0.0272657 Vali Loss: 0.0241759 Test Loss: 0.0300253
Validation loss decreased (inf --> 0.024176).  Saving model ...
Updating learning rate to 0.001
	iters: 100, epoch: 2 | loss: 0.0196996
	speed: 3.7148s/iter; left time: 71646.8200s
	iters: 200, epoch: 2 | loss: 0.0167263
	speed: 0.0929s/iter; left time: 1782.7980s
	iters: 300, epoch: 2 | loss: 0.0295847
	speed: 0.0931s/iter; left time: 1776.1632s
	iters: 400, epoch: 2 | loss: 0.0322693
	speed: 0.0938s/iter; left time: 1780.9367s
	iters: 500, epoch: 2 | loss: 0.0164140
	speed: 0.0932s/iter; left time: 1760.3987s
	iters: 600, epoch: 2 | loss: 0.0188426
	speed: 0.0927s/iter; left time: 1741.9359s
	iters: 700, epoch: 2 | loss: 0.0227956
	speed: 0.0928s/iter; left time: 1734.2648s
	iters: 800, epoch: 2 | loss: 0.0175984
	speed: 0.0913s/iter; left time: 1696.4000s
	iters: 900, epoch: 2 | loss: 0.0332337
	speed: 0.0925s/iter; left time: 1709.2236s
	iters: 1000, epoch: 2 | loss: 0.0208615
	speed: 0.0924s/iter; left time: 1698.2533s
	iters: 1100, epoch: 2 | loss: 0.0178391
	speed: 0.0938s/iter; left time: 1716.0493s
	iters: 1200, epoch: 2 | loss: 0.0326660
	speed: 0.0915s/iter; left time: 1664.5876s
	iters: 1300, epoch: 2 | loss: 0.0164433
	speed: 0.0937s/iter; left time: 1695.5136s
	iters: 1400, epoch: 2 | loss: 0.0179171
	speed: 0.0945s/iter; left time: 1699.3212s
	iters: 1500, epoch: 2 | loss: 0.0173892
	speed: 0.0944s/iter; left time: 1688.4673s
	iters: 1600, epoch: 2 | loss: 0.0168124
	speed: 0.0942s/iter; left time: 1676.3219s
	iters: 1700, epoch: 2 | loss: 0.0265481
	speed: 0.0948s/iter; left time: 1676.2325s
	iters: 1800, epoch: 2 | loss: 0.0513006
	speed: 0.0949s/iter; left time: 1668.7688s
	iters: 1900, epoch: 2 | loss: 0.0170204
	speed: 0.0947s/iter; left time: 1656.3367s
	iters: 2000, epoch: 2 | loss: 0.0170191
	speed: 0.0938s/iter; left time: 1631.4100s
	iters: 2100, epoch: 2 | loss: 0.0487838
	speed: 0.0931s/iter; left time: 1609.1597s
Epoch: 2 cost time: 200.74190759658813
Epoch: 2, Steps: 2154 | Train Loss: 0.0212666 Vali Loss: 0.0224396 Test Loss: 0.0281866
Validation loss decreased (0.024176 --> 0.022440).  Saving model ...
Updating learning rate to 0.0005
	iters: 100, epoch: 3 | loss: 0.0237971
	speed: 3.9859s/iter; left time: 68291.2574s
	iters: 200, epoch: 3 | loss: 0.0154075
	speed: 0.0876s/iter; left time: 1491.4707s
	iters: 300, epoch: 3 | loss: 0.0174164
	speed: 0.0899s/iter; left time: 1521.9467s
	iters: 400, epoch: 3 | loss: 0.0142278
	speed: 0.0911s/iter; left time: 1532.9113s
	iters: 500, epoch: 3 | loss: 0.0156244
	speed: 0.0911s/iter; left time: 1524.4479s
	iters: 600, epoch: 3 | loss: 0.0262482
	speed: 0.0910s/iter; left time: 1513.0712s
	iters: 700, epoch: 3 | loss: 0.0207409
	speed: 0.0908s/iter; left time: 1501.6932s
	iters: 800, epoch: 3 | loss: 0.0211111
	speed: 0.0909s/iter; left time: 1493.1093s
	iters: 900, epoch: 3 | loss: 0.0300991
	speed: 0.0920s/iter; left time: 1502.7516s
	iters: 1000, epoch: 3 | loss: 0.0142528
	speed: 0.0914s/iter; left time: 1483.5613s
	iters: 1100, epoch: 3 | loss: 0.0184370
	speed: 0.0912s/iter; left time: 1471.8554s
	iters: 1200, epoch: 3 | loss: 0.0140276
	speed: 0.0916s/iter; left time: 1468.2680s
	iters: 1300, epoch: 3 | loss: 0.0147622
	speed: 0.0909s/iter; left time: 1448.0613s
	iters: 1400, epoch: 3 | loss: 0.0160051
	speed: 0.0914s/iter; left time: 1446.4701s
	iters: 1500, epoch: 3 | loss: 0.0186053
	speed: 0.0916s/iter; left time: 1441.8716s
	iters: 1600, epoch: 3 | loss: 0.0182775
	speed: 0.0904s/iter; left time: 1413.0589s
	iters: 1700, epoch: 3 | loss: 0.0204747
	speed: 0.0923s/iter; left time: 1433.0468s
	iters: 1800, epoch: 3 | loss: 0.0140180
	speed: 0.0919s/iter; left time: 1418.7193s
	iters: 1900, epoch: 3 | loss: 0.0236219
	speed: 0.0885s/iter; left time: 1357.0406s
	iters: 2000, epoch: 3 | loss: 0.0219094
	speed: 0.0855s/iter; left time: 1302.0652s
	iters: 2100, epoch: 3 | loss: 0.0209737
	speed: 0.0851s/iter; left time: 1288.0990s
Epoch: 3 cost time: 193.64188599586487
Epoch: 3, Steps: 2154 | Train Loss: 0.0187384 Vali Loss: 0.0212200 Test Loss: 0.0267266
Validation loss decreased (0.022440 --> 0.021220).  Saving model ...
Updating learning rate to 0.00025
	iters: 100, epoch: 4 | loss: 0.0169893
	speed: 3.5966s/iter; left time: 53873.9969s
	iters: 200, epoch: 4 | loss: 0.0167168
	speed: 0.0910s/iter; left time: 1354.5014s
	iters: 300, epoch: 4 | loss: 0.0142108
	speed: 0.0912s/iter; left time: 1348.4604s
	iters: 400, epoch: 4 | loss: 0.0135706
	speed: 0.0914s/iter; left time: 1341.2645s
	iters: 500, epoch: 4 | loss: 0.0137751
	speed: 0.0912s/iter; left time: 1330.0177s
	iters: 600, epoch: 4 | loss: 0.0160211
	speed: 0.0913s/iter; left time: 1321.2470s
	iters: 700, epoch: 4 | loss: 0.0224687
	speed: 0.0910s/iter; left time: 1308.6378s
	iters: 800, epoch: 4 | loss: 0.0150663
	speed: 0.0909s/iter; left time: 1297.4355s
	iters: 900, epoch: 4 | loss: 0.0198710
	speed: 0.0919s/iter; left time: 1302.4461s
	iters: 1000, epoch: 4 | loss: 0.0179525
	speed: 0.0939s/iter; left time: 1322.2282s
	iters: 1100, epoch: 4 | loss: 0.0159163
	speed: 0.0934s/iter; left time: 1305.3717s
	iters: 1200, epoch: 4 | loss: 0.0158278
	speed: 0.0907s/iter; left time: 1258.5980s
	iters: 1300, epoch: 4 | loss: 0.0132564
	speed: 0.0910s/iter; left time: 1254.3171s
	iters: 1400, epoch: 4 | loss: 0.0164767
	speed: 0.0914s/iter; left time: 1250.7302s
	iters: 1500, epoch: 4 | loss: 0.0119088
	speed: 0.0915s/iter; left time: 1241.9030s
	iters: 1600, epoch: 4 | loss: 0.0234895
	speed: 0.0913s/iter; left time: 1229.9768s
	iters: 1700, epoch: 4 | loss: 0.0203932
	speed: 0.0915s/iter; left time: 1224.2041s
	iters: 1800, epoch: 4 | loss: 0.0155457
	speed: 0.0890s/iter; left time: 1182.4577s
	iters: 1900, epoch: 4 | loss: 0.0161407
	speed: 0.0851s/iter; left time: 1121.1241s
	iters: 2000, epoch: 4 | loss: 0.0162570
	speed: 0.0848s/iter; left time: 1108.8528s
	iters: 2100, epoch: 4 | loss: 0.0151798
	speed: 0.0848s/iter; left time: 1100.2689s
Epoch: 4 cost time: 194.15313625335693
Epoch: 4, Steps: 2154 | Train Loss: 0.0175889 Vali Loss: 0.0207745 Test Loss: 0.0262420
Validation loss decreased (0.021220 --> 0.020774).  Saving model ...
Updating learning rate to 0.000125
	iters: 100, epoch: 5 | loss: 0.0153953
	speed: 3.5574s/iter; left time: 45623.6025s
	iters: 200, epoch: 5 | loss: 0.0124933
	speed: 0.0912s/iter; left time: 1160.1275s
	iters: 300, epoch: 5 | loss: 0.0205638
	speed: 0.0918s/iter; left time: 1159.2886s
	iters: 400, epoch: 5 | loss: 0.0184940
	speed: 0.0915s/iter; left time: 1146.3640s
	iters: 500, epoch: 5 | loss: 0.0177288
	speed: 0.0916s/iter; left time: 1138.5692s
	iters: 600, epoch: 5 | loss: 0.0175648
	speed: 0.0914s/iter; left time: 1126.0630s
	iters: 700, epoch: 5 | loss: 0.0141821
	speed: 0.0916s/iter; left time: 1119.7988s
	iters: 800, epoch: 5 | loss: 0.0113890
	speed: 0.0910s/iter; left time: 1103.6183s
	iters: 900, epoch: 5 | loss: 0.0130197
	speed: 0.0924s/iter; left time: 1110.9671s
	iters: 1000, epoch: 5 | loss: 0.0136398
	speed: 0.0924s/iter; left time: 1101.8697s
	iters: 1100, epoch: 5 | loss: 0.0207155
	speed: 0.0903s/iter; left time: 1067.2498s
	iters: 1200, epoch: 5 | loss: 0.0188881
	speed: 0.0916s/iter; left time: 1074.1438s
	iters: 1300, epoch: 5 | loss: 0.0158380
	speed: 0.0917s/iter; left time: 1065.7141s
	iters: 1400, epoch: 5 | loss: 0.0277792
	speed: 0.0927s/iter; left time: 1068.7191s
	iters: 1500, epoch: 5 | loss: 0.0103965
	speed: 0.0916s/iter; left time: 1046.2977s
	iters: 1600, epoch: 5 | loss: 0.0194808
	speed: 0.0913s/iter; left time: 1034.3611s
	iters: 1700, epoch: 5 | loss: 0.0190841
	speed: 0.0916s/iter; left time: 1027.7028s
	iters: 1800, epoch: 5 | loss: 0.0125660
	speed: 0.0919s/iter; left time: 1022.1778s
	iters: 1900, epoch: 5 | loss: 0.0162515
	speed: 0.0863s/iter; left time: 951.1307s
	iters: 2000, epoch: 5 | loss: 0.0164883
	speed: 0.0859s/iter; left time: 938.4302s
	iters: 2100, epoch: 5 | loss: 0.0153673
	speed: 0.0848s/iter; left time: 918.2234s
Epoch: 5 cost time: 194.5107340812683
Epoch: 5, Steps: 2154 | Train Loss: 0.0170029 Vali Loss: 0.0205192 Test Loss: 0.0260421
Validation loss decreased (0.020774 --> 0.020519).  Saving model ...
Updating learning rate to 6.25e-05
	iters: 100, epoch: 6 | loss: 0.0153564
	speed: 3.5808s/iter; left time: 38211.0485s
	iters: 200, epoch: 6 | loss: 0.0144040
	speed: 0.0919s/iter; left time: 971.2960s
	iters: 300, epoch: 6 | loss: 0.0113504
	speed: 0.0913s/iter; left time: 955.6246s
	iters: 400, epoch: 6 | loss: 0.0164593
	speed: 0.0918s/iter; left time: 952.4174s
	iters: 500, epoch: 6 | loss: 0.0130694
	speed: 0.0913s/iter; left time: 937.6251s
	iters: 600, epoch: 6 | loss: 0.0143145
	speed: 0.0913s/iter; left time: 928.7017s
	iters: 700, epoch: 6 | loss: 0.0208704
	speed: 0.0912s/iter; left time: 918.5802s
	iters: 800, epoch: 6 | loss: 0.0239416
	speed: 0.0913s/iter; left time: 909.8806s
	iters: 900, epoch: 6 | loss: 0.0114224
	speed: 0.0921s/iter; left time: 908.8382s
	iters: 1000, epoch: 6 | loss: 0.0183404
	speed: 0.0913s/iter; left time: 891.7413s
	iters: 1100, epoch: 6 | loss: 0.0173484
	speed: 0.0903s/iter; left time: 872.8966s
	iters: 1200, epoch: 6 | loss: 0.0155408
	speed: 0.0923s/iter; left time: 883.5222s
	iters: 1300, epoch: 6 | loss: 0.0165067
	speed: 0.0906s/iter; left time: 858.1397s
	iters: 1400, epoch: 6 | loss: 0.0153790
	speed: 0.0918s/iter; left time: 860.0758s
	iters: 1500, epoch: 6 | loss: 0.0150467
	speed: 0.0922s/iter; left time: 854.5590s
	iters: 1600, epoch: 6 | loss: 0.0129266
	speed: 0.0916s/iter; left time: 840.4644s
	iters: 1700, epoch: 6 | loss: 0.0123004
	speed: 0.0921s/iter; left time: 835.7880s
	iters: 1800, epoch: 6 | loss: 0.0212228
	speed: 0.0902s/iter; left time: 809.1257s
	iters: 1900, epoch: 6 | loss: 0.0143157
	speed: 0.0862s/iter; left time: 764.2524s
	iters: 2000, epoch: 6 | loss: 0.0167189
	speed: 0.0847s/iter; left time: 743.0670s
	iters: 2100, epoch: 6 | loss: 0.0222860
	speed: 0.0833s/iter; left time: 722.6579s
Epoch: 6 cost time: 193.8894157409668
Epoch: 6, Steps: 2154 | Train Loss: 0.0167716 Vali Loss: 0.0202428 Test Loss: 0.0256051
Validation loss decreased (0.020519 --> 0.020243).  Saving model ...
Updating learning rate to 3.125e-05
	iters: 100, epoch: 7 | loss: 0.0123314
	speed: 3.5866s/iter; left time: 30547.0739s
	iters: 200, epoch: 7 | loss: 0.0140937
	speed: 0.0917s/iter; left time: 771.4706s
	iters: 300, epoch: 7 | loss: 0.0178580
	speed: 0.0912s/iter; left time: 758.4879s
	iters: 400, epoch: 7 | loss: 0.0226699
	speed: 0.0917s/iter; left time: 753.6167s
	iters: 500, epoch: 7 | loss: 0.0127299
	speed: 0.0918s/iter; left time: 745.2233s
	iters: 600, epoch: 7 | loss: 0.0205476
	speed: 0.0912s/iter; left time: 730.9629s
	iters: 700, epoch: 7 | loss: 0.0141911
	speed: 0.0921s/iter; left time: 728.9886s
	iters: 800, epoch: 7 | loss: 0.0140503
	speed: 0.0924s/iter; left time: 721.9148s
	iters: 900, epoch: 7 | loss: 0.0133307
	speed: 0.0921s/iter; left time: 710.6713s
	iters: 1000, epoch: 7 | loss: 0.0110418
	speed: 0.0911s/iter; left time: 693.8115s
	iters: 1100, epoch: 7 | loss: 0.0134586
	speed: 0.0918s/iter; left time: 689.7963s
	iters: 1200, epoch: 7 | loss: 0.0183041
	speed: 0.0903s/iter; left time: 669.7138s
	iters: 1300, epoch: 7 | loss: 0.0190276
	speed: 0.0911s/iter; left time: 666.9111s
	iters: 1400, epoch: 7 | loss: 0.0129474
	speed: 0.0915s/iter; left time: 660.0974s
	iters: 1500, epoch: 7 | loss: 0.0140823
	speed: 0.0914s/iter; left time: 650.2872s
	iters: 1600, epoch: 7 | loss: 0.0128468
	speed: 0.0924s/iter; left time: 648.2941s
	iters: 1700, epoch: 7 | loss: 0.0134946
	speed: 0.0919s/iter; left time: 635.5119s
	iters: 1800, epoch: 7 | loss: 0.0102471
	speed: 0.0893s/iter; left time: 608.9709s
	iters: 1900, epoch: 7 | loss: 0.0139158
	speed: 0.0862s/iter; left time: 578.7159s
	iters: 2000, epoch: 7 | loss: 0.0219809
	speed: 0.0853s/iter; left time: 564.4573s
	iters: 2100, epoch: 7 | loss: 0.0133305
	speed: 0.0823s/iter; left time: 536.5577s
Epoch: 7 cost time: 193.57013964653015
Epoch: 7, Steps: 2154 | Train Loss: 0.0165766 Vali Loss: 0.0203218 Test Loss: 0.0256486
EarlyStopping counter: 1 out of 3
Updating learning rate to 1.5625e-05
	iters: 100, epoch: 8 | loss: 0.0109624
	speed: 3.5420s/iter; left time: 22537.9417s
	iters: 200, epoch: 8 | loss: 0.0134290
	speed: 0.0878s/iter; left time: 549.8805s
	iters: 300, epoch: 8 | loss: 0.0114322
	speed: 0.0915s/iter; left time: 563.6386s
	iters: 400, epoch: 8 | loss: 0.0169013
	speed: 0.0916s/iter; left time: 555.6452s
	iters: 500, epoch: 8 | loss: 0.0136104
	speed: 0.0912s/iter; left time: 543.9589s
	iters: 600, epoch: 8 | loss: 0.0151835
	speed: 0.0919s/iter; left time: 538.6534s
	iters: 700, epoch: 8 | loss: 0.0177015
	speed: 0.0908s/iter; left time: 523.2125s
	iters: 800, epoch: 8 | loss: 0.0157621
	speed: 0.0913s/iter; left time: 516.8657s
	iters: 900, epoch: 8 | loss: 0.0129511
	speed: 0.0913s/iter; left time: 507.6573s
	iters: 1000, epoch: 8 | loss: 0.0170284
	speed: 0.0908s/iter; left time: 496.1901s
	iters: 1100, epoch: 8 | loss: 0.0149805
	speed: 0.0923s/iter; left time: 495.1622s
	iters: 1200, epoch: 8 | loss: 0.0132107
	speed: 0.0919s/iter; left time: 483.6442s
	iters: 1300, epoch: 8 | loss: 0.0149546
	speed: 0.0918s/iter; left time: 473.8145s
	iters: 1400, epoch: 8 | loss: 0.0133244
	speed: 0.0916s/iter; left time: 463.7426s
	iters: 1500, epoch: 8 | loss: 0.0141073
	speed: 0.0913s/iter; left time: 453.0058s
	iters: 1600, epoch: 8 | loss: 0.0126458
	speed: 0.0929s/iter; left time: 451.6179s
	iters: 1700, epoch: 8 | loss: 0.0154867
	speed: 0.0913s/iter; left time: 434.7787s
	iters: 1800, epoch: 8 | loss: 0.0138547
	speed: 0.0884s/iter; left time: 412.2987s
	iters: 1900, epoch: 8 | loss: 0.0161283
	speed: 0.0847s/iter; left time: 386.5921s
	iters: 2000, epoch: 8 | loss: 0.0179576
	speed: 0.0849s/iter; left time: 379.0934s
	iters: 2100, epoch: 8 | loss: 0.0203420
	speed: 0.0854s/iter; left time: 372.7427s
Epoch: 8 cost time: 191.6299226284027
Epoch: 8, Steps: 2154 | Train Loss: 0.0165683 Vali Loss: 0.0202895 Test Loss: 0.0256143
EarlyStopping counter: 2 out of 3
Updating learning rate to 7.8125e-06
	iters: 100, epoch: 9 | loss: 0.0207526
	speed: 3.5685s/iter; left time: 15019.6596s
	iters: 200, epoch: 9 | loss: 0.0131905
	speed: 0.0882s/iter; left time: 362.4112s
	iters: 300, epoch: 9 | loss: 0.0146379
	speed: 0.0916s/iter; left time: 367.1241s
	iters: 400, epoch: 9 | loss: 0.0182220
	speed: 0.0913s/iter; left time: 356.7411s
	iters: 500, epoch: 9 | loss: 0.0158173
	speed: 0.0908s/iter; left time: 345.6912s
	iters: 600, epoch: 9 | loss: 0.0318440
	speed: 0.0904s/iter; left time: 335.2588s
	iters: 700, epoch: 9 | loss: 0.0152147
	speed: 0.0922s/iter; left time: 332.6181s
	iters: 800, epoch: 9 | loss: 0.0132326
	speed: 0.0914s/iter; left time: 320.6203s
	iters: 900, epoch: 9 | loss: 0.0145247
	speed: 0.0913s/iter; left time: 311.2465s
	iters: 1000, epoch: 9 | loss: 0.0212774
	speed: 0.0917s/iter; left time: 303.4008s
	iters: 1100, epoch: 9 | loss: 0.0141438
	speed: 0.0946s/iter; left time: 303.4284s
	iters: 1200, epoch: 9 | loss: 0.0173382
	speed: 0.0914s/iter; left time: 284.2496s
	iters: 1300, epoch: 9 | loss: 0.0115433
	speed: 0.0923s/iter; left time: 277.7480s
	iters: 1400, epoch: 9 | loss: 0.0183007
	speed: 0.0908s/iter; left time: 264.2042s
	iters: 1500, epoch: 9 | loss: 0.0165102
	speed: 0.0912s/iter; left time: 256.2873s
	iters: 1600, epoch: 9 | loss: 0.0130449
	speed: 0.0919s/iter; left time: 249.0175s
	iters: 1700, epoch: 9 | loss: 0.0120578
	speed: 0.0920s/iter; left time: 239.9108s
	iters: 1800, epoch: 9 | loss: 0.0163091
	speed: 0.0911s/iter; left time: 228.6612s
	iters: 1900, epoch: 9 | loss: 0.0232339
	speed: 0.0849s/iter; left time: 204.5916s
	iters: 2000, epoch: 9 | loss: 0.0142661
	speed: 0.0845s/iter; left time: 195.1649s
	iters: 2100, epoch: 9 | loss: 0.0146437
	speed: 0.0854s/iter; left time: 188.5649s
Epoch: 9 cost time: 193.29558634757996
Epoch: 9, Steps: 2154 | Train Loss: 0.0165211 Vali Loss: 0.0202572 Test Loss: 0.0256176
EarlyStopping counter: 3 out of 3
Early stopping
>>>>>>>testing : imputation_ETTm2_mask_0.5_TimesNet_ETTm2_ftM_sl96_ll0_pl0_dm64_nh8_el2_dl1_df64_fc3_ebtimeF_dtTrue_Exp_0<<<<<<<<<<<<<<<<<<<<<<<<<<<<<<<<<
test 11521
test shape: (11521, 96, 7) (11521, 96, 7)
mse:0.02594425529241562, mae:0.09921859949827194
