Args in experiment:
[1mBasic Config[0m
  Task Name:          imputation          Is Training:        1                   
  Model ID:           weather_mask_0.25   Model:              TimesNet            

[1mData Loader[0m
  Data:               custom              Root Path:          ../iTransformer_datasets/weather/
  Data Path:          weather.csv         Features:           M                   
  Target:             OT                  Freq:               h                   
  Checkpoints:        ./checkpoints/      

[1mImputation Task[0m
  Mask Rate:          0.25                

[1mModel Parameters[0m
  Top k:              3                   Num Kernels:        6                   
  Enc In:             21                  Dec In:             21                  
  C Out:              21                  d model:            64                  
  n heads:            8                   e layers:           2                   
  d layers:           1                   d FF:               64                  
  Moving Avg:         25                  Factor:             3                   
  Distil:             1                   Dropout:            0.1                 
  Embed:              timeF               Activation:         gelu                
  Output Attention:   0                   

[1mRun Parameters[0m
  Num Workers:        0                   Itr:                1                   
  Train Epochs:       10                  Batch Size:         16                  
  Patience:           3                   Learning Rate:      0.001               
  Des:                Exp                 Loss:               MSE                 
  Lradj:              type1               Use Amp:            0                   

[1mGPU[0m
  Use GPU:            1                   GPU:                0                   
  Use Multi GPU:      0                   Devices:            0,1,2,3             

[1mDe-stationary Projector Params[0m
  P Hidden Dims:      128, 128            P Hidden Layers:    2                   

Use GPU: cuda:0
>>>>>>>start training : imputation_weather_mask_0.25_TimesNet_custom_ftM_sl96_ll0_pl0_dm64_nh8_el2_dl1_df64_fc3_ebtimeF_dtTrue_Exp_0>>>>>>>>>>>>>>>>>>>>>>>>>>
train 36792
val 5271
test 10540
	iters: 100, epoch: 1 | loss: 0.1933634
	speed: 0.1190s/iter; left time: 2723.0846s
	iters: 200, epoch: 1 | loss: 0.3635354
	speed: 0.0632s/iter; left time: 1440.9391s
	iters: 300, epoch: 1 | loss: 0.0891859
	speed: 0.0660s/iter; left time: 1497.8634s
	iters: 400, epoch: 1 | loss: 0.0581154
	speed: 0.0666s/iter; left time: 1503.4617s
	iters: 500, epoch: 1 | loss: 0.0735647
	speed: 0.0681s/iter; left time: 1532.4108s
	iters: 600, epoch: 1 | loss: 0.0477718
	speed: 0.0694s/iter; left time: 1553.5014s
	iters: 700, epoch: 1 | loss: 0.0615349
	speed: 0.0693s/iter; left time: 1545.2193s
	iters: 800, epoch: 1 | loss: 0.1704270
	speed: 0.0718s/iter; left time: 1594.1337s
	iters: 900, epoch: 1 | loss: 0.0462783
	speed: 0.0722s/iter; left time: 1594.1547s
	iters: 1000, epoch: 1 | loss: 0.2904114
	speed: 0.0703s/iter; left time: 1545.2873s
	iters: 1100, epoch: 1 | loss: 0.0516551
	speed: 0.0718s/iter; left time: 1570.9992s
	iters: 1200, epoch: 1 | loss: 0.0682090
	speed: 0.0771s/iter; left time: 1679.5930s
	iters: 1300, epoch: 1 | loss: 0.0452136
	speed: 0.0836s/iter; left time: 1812.9804s
	iters: 1400, epoch: 1 | loss: 0.1512970
	speed: 0.0816s/iter; left time: 1762.2106s
	iters: 1500, epoch: 1 | loss: 0.0667626
	speed: 0.0822s/iter; left time: 1767.4442s
	iters: 1600, epoch: 1 | loss: 0.0798456
	speed: 0.0834s/iter; left time: 1783.7919s
	iters: 1700, epoch: 1 | loss: 0.0394784
	speed: 0.0823s/iter; left time: 1751.5772s
	iters: 1800, epoch: 1 | loss: 0.0818896
	speed: 0.0846s/iter; left time: 1791.8713s
	iters: 1900, epoch: 1 | loss: 0.1657398
	speed: 0.0865s/iter; left time: 1825.2763s
	iters: 2000, epoch: 1 | loss: 4.7474246
	speed: 0.0873s/iter; left time: 1832.7645s
	iters: 2100, epoch: 1 | loss: 0.0733732
	speed: 0.0871s/iter; left time: 1818.7674s
	iters: 2200, epoch: 1 | loss: 0.0591693
	speed: 0.0866s/iter; left time: 1799.6098s
Epoch: 1 cost time: 181.11806297302246
Epoch: 1, Steps: 2299 | Train Loss: 0.1587283 Vali Loss: 0.0771234 Test Loss: 0.0303784
Validation loss decreased (inf --> 0.077123).  Saving model ...
Updating learning rate to 0.001
	iters: 100, epoch: 2 | loss: 0.0601159
	speed: 3.1182s/iter; left time: 64210.5230s
	iters: 200, epoch: 2 | loss: 0.1105077
	speed: 0.0878s/iter; left time: 1799.3196s
	iters: 300, epoch: 2 | loss: 0.0400511
	speed: 0.0876s/iter; left time: 1787.0950s
	iters: 400, epoch: 2 | loss: 0.0423878
	speed: 0.0877s/iter; left time: 1779.4771s
	iters: 500, epoch: 2 | loss: 0.0600030
	speed: 0.1057s/iter; left time: 2134.1599s
	iters: 600, epoch: 2 | loss: 0.0361835
	speed: 0.1081s/iter; left time: 2171.7759s
	iters: 700, epoch: 2 | loss: 0.0570184
	speed: 0.1090s/iter; left time: 2178.9018s
	iters: 800, epoch: 2 | loss: 0.1559343
	speed: 0.1107s/iter; left time: 2203.0078s
	iters: 900, epoch: 2 | loss: 0.0710346
	speed: 0.1106s/iter; left time: 2188.2784s
	iters: 1000, epoch: 2 | loss: 0.1568381
	speed: 0.1108s/iter; left time: 2181.3158s
	iters: 1100, epoch: 2 | loss: 0.0670092
	speed: 0.1104s/iter; left time: 2163.0433s
	iters: 1200, epoch: 2 | loss: 0.0504208
	speed: 0.1099s/iter; left time: 2142.8544s
	iters: 1300, epoch: 2 | loss: 0.0968855
	speed: 0.1102s/iter; left time: 2137.9671s
	iters: 1400, epoch: 2 | loss: 0.0746984
	speed: 0.1102s/iter; left time: 2126.0220s
	iters: 1500, epoch: 2 | loss: 0.0389875
	speed: 0.1112s/iter; left time: 2134.8009s
	iters: 1600, epoch: 2 | loss: 0.0445498
	speed: 0.1119s/iter; left time: 2136.7142s
	iters: 1700, epoch: 2 | loss: 0.0626184
	speed: 0.1113s/iter; left time: 2114.7082s
	iters: 1800, epoch: 2 | loss: 0.0567023
	speed: 0.1118s/iter; left time: 2112.5529s
	iters: 1900, epoch: 2 | loss: 0.0519978
	speed: 0.1108s/iter; left time: 2081.2630s
	iters: 2000, epoch: 2 | loss: 0.0706222
	speed: 0.1114s/iter; left time: 2081.4733s
	iters: 2100, epoch: 2 | loss: 0.0631305
	speed: 0.1115s/iter; left time: 2072.5280s
	iters: 2200, epoch: 2 | loss: 0.0422732
	speed: 0.1103s/iter; left time: 2039.3947s
Epoch: 2 cost time: 243.24625205993652
Epoch: 2, Steps: 2299 | Train Loss: 0.1355288 Vali Loss: 0.0904339 Test Loss: 0.0294878
EarlyStopping counter: 1 out of 3
Updating learning rate to 0.0005
	iters: 100, epoch: 3 | loss: 0.0664177
	speed: 3.0999s/iter; left time: 56706.2238s
	iters: 200, epoch: 3 | loss: 0.0612113
	speed: 0.0706s/iter; left time: 1284.9653s
	iters: 300, epoch: 3 | loss: 0.0516675
	speed: 0.0881s/iter; left time: 1593.2830s
	iters: 400, epoch: 3 | loss: 0.0537267
	speed: 0.0954s/iter; left time: 1717.1924s
	iters: 500, epoch: 3 | loss: 0.0340127
	speed: 0.0977s/iter; left time: 1748.0331s
	iters: 600, epoch: 3 | loss: 0.0792679
	speed: 0.0980s/iter; left time: 1744.5615s
	iters: 700, epoch: 3 | loss: 0.0832138
	speed: 0.0980s/iter; left time: 1734.6756s
	iters: 800, epoch: 3 | loss: 0.1400828
	speed: 0.0988s/iter; left time: 1738.2180s
	iters: 900, epoch: 3 | loss: 0.2059059
	speed: 0.0986s/iter; left time: 1725.0329s
	iters: 1000, epoch: 3 | loss: 0.0746336
	speed: 0.0989s/iter; left time: 1719.6023s
	iters: 1100, epoch: 3 | loss: 0.0507702
	speed: 0.0990s/iter; left time: 1712.3445s
	iters: 1200, epoch: 3 | loss: 0.1213345
	speed: 0.0991s/iter; left time: 1702.9903s
	iters: 1300, epoch: 3 | loss: 0.0701397
	speed: 0.1010s/iter; left time: 1725.5460s
	iters: 1400, epoch: 3 | loss: 0.1344261
	speed: 0.1109s/iter; left time: 1883.7025s
	iters: 1500, epoch: 3 | loss: 0.0468754
	speed: 0.1103s/iter; left time: 1863.2935s
	iters: 1600, epoch: 3 | loss: 0.0562967
	speed: 0.1113s/iter; left time: 1869.3916s
	iters: 1700, epoch: 3 | loss: 0.1135810
	speed: 0.1115s/iter; left time: 1861.6513s
	iters: 1800, epoch: 3 | loss: 0.0507088
	speed: 0.1123s/iter; left time: 1863.6251s
	iters: 1900, epoch: 3 | loss: 0.0393883
	speed: 0.1116s/iter; left time: 1841.1624s
	iters: 2000, epoch: 3 | loss: 0.0432738
	speed: 0.1109s/iter; left time: 1818.1134s
	iters: 2100, epoch: 3 | loss: 0.0649454
	speed: 0.1114s/iter; left time: 1814.3087s
	iters: 2200, epoch: 3 | loss: 0.0319954
	speed: 0.1125s/iter; left time: 1822.2694s
Epoch: 3 cost time: 230.9294159412384
Epoch: 3, Steps: 2299 | Train Loss: 0.1350238 Vali Loss: 0.0834085 Test Loss: 0.0292918
EarlyStopping counter: 2 out of 3
Updating learning rate to 0.00025
	iters: 100, epoch: 4 | loss: 0.0311515
	speed: 3.2313s/iter; left time: 51681.6722s
	iters: 200, epoch: 4 | loss: 0.0364537
	speed: 0.0759s/iter; left time: 1205.7775s
	iters: 300, epoch: 4 | loss: 0.0443626
	speed: 0.0925s/iter; left time: 1461.6186s
	iters: 400, epoch: 4 | loss: 0.0349903
	speed: 0.1071s/iter; left time: 1680.9233s
	iters: 500, epoch: 4 | loss: 0.0415898
	speed: 0.1074s/iter; left time: 1674.8381s
	iters: 600, epoch: 4 | loss: 0.0518922
	speed: 0.1077s/iter; left time: 1668.9553s
	iters: 700, epoch: 4 | loss: 0.1273283
	speed: 0.1087s/iter; left time: 1673.0110s
	iters: 800, epoch: 4 | loss: 0.1772565
	speed: 0.1083s/iter; left time: 1656.2730s
	iters: 900, epoch: 4 | loss: 0.0840069
	speed: 0.1072s/iter; left time: 1628.0411s
	iters: 1000, epoch: 4 | loss: 0.0512068
	speed: 0.1082s/iter; left time: 1633.0736s
	iters: 1100, epoch: 4 | loss: 0.0646384
	speed: 0.1086s/iter; left time: 1628.2146s
	iters: 1200, epoch: 4 | loss: 0.0481543
	speed: 0.1079s/iter; left time: 1607.6243s
	iters: 1300, epoch: 4 | loss: 0.0666296
	speed: 0.1091s/iter; left time: 1614.0574s
	iters: 1400, epoch: 4 | loss: 0.0419981
	speed: 0.1081s/iter; left time: 1587.7350s
	iters: 1500, epoch: 4 | loss: 0.0620587
	speed: 0.1076s/iter; left time: 1570.4305s
	iters: 1600, epoch: 4 | loss: 0.0674906
	speed: 0.1087s/iter; left time: 1575.5867s
	iters: 1700, epoch: 4 | loss: 0.0392268
	speed: 0.1092s/iter; left time: 1572.0902s
	iters: 1800, epoch: 4 | loss: 0.0439253
	speed: 0.1079s/iter; left time: 1542.6430s
	iters: 1900, epoch: 4 | loss: 0.0853819
	speed: 0.1079s/iter; left time: 1531.8744s
	iters: 2000, epoch: 4 | loss: 0.0645103
	speed: 0.1074s/iter; left time: 1513.1448s
	iters: 2100, epoch: 4 | loss: 0.0930502
	speed: 0.1074s/iter; left time: 1503.4231s
	iters: 2200, epoch: 4 | loss: 0.0783467
	speed: 0.1079s/iter; left time: 1498.9051s
Epoch: 4 cost time: 239.32147073745728
Epoch: 4, Steps: 2299 | Train Loss: 0.1266677 Vali Loss: 0.0967795 Test Loss: 0.0286643
EarlyStopping counter: 3 out of 3
Early stopping
>>>>>>>testing : imputation_weather_mask_0.25_TimesNet_custom_ftM_sl96_ll0_pl0_dm64_nh8_el2_dl1_df64_fc3_ebtimeF_dtTrue_Exp_0<<<<<<<<<<<<<<<<<<<<<<<<<<<<<<<<<
test 10540
test shape: (10540, 96, 21) (10540, 96, 21)
mse:0.030421486124396324, mae:0.05780724436044693
