Args in experiment:
[1mBasic Config[0m
  Task Name:          imputation          Is Training:        1                   
  Model ID:           weather_mask_0.125  Model:              TimesNet            

[1mData Loader[0m
  Data:               custom              Root Path:          ../iTransformer_datasets/weather/
  Data Path:          weather.csv         Features:           M                   
  Target:             OT                  Freq:               h                   
  Checkpoints:        ./checkpoints/      

[1mImputation Task[0m
  Mask Rate:          0.125               

[1mModel Parameters[0m
  Top k:              3                   Num Kernels:        6                   
  Enc In:             21                  Dec In:             21                  
  C Out:              21                  d model:            64                  
  n heads:            8                   e layers:           2                   
  d layers:           1                   d FF:               64                  
  Moving Avg:         25                  Factor:             3                   
  Distil:             1                   Dropout:            0.1                 
  Embed:              timeF               Activation:         gelu                
  Output Attention:   0                   

[1mRun Parameters[0m
  Num Workers:        0                   Itr:                1                   
  Train Epochs:       10                  Batch Size:         16                  
  Patience:           3                   Learning Rate:      0.001               
  Des:                Exp                 Loss:               MSE                 
  Lradj:              type1               Use Amp:            0                   

[1mGPU[0m
  Use GPU:            1                   GPU:                0                   
  Use Multi GPU:      0                   Devices:            0,1,2,3             

[1mDe-stationary Projector Params[0m
  P Hidden Dims:      128, 128            P Hidden Layers:    2                   

Use GPU: cuda:0
>>>>>>>start training : imputation_weather_mask_0.125_TimesNet_custom_ftM_sl96_ll0_pl0_dm64_nh8_el2_dl1_df64_fc3_ebtimeF_dtTrue_Exp_0>>>>>>>>>>>>>>>>>>>>>>>>>>
train 36792
val 5271
test 10540
	iters: 100, epoch: 1 | loss: 0.3265266
	speed: 0.1072s/iter; left time: 2454.7667s
	iters: 200, epoch: 1 | loss: 0.0867035
	speed: 0.0631s/iter; left time: 1438.1408s
	iters: 300, epoch: 1 | loss: 0.0912317
	speed: 0.0644s/iter; left time: 1461.0795s
	iters: 400, epoch: 1 | loss: 0.0550845
	speed: 0.0678s/iter; left time: 1530.7173s
	iters: 500, epoch: 1 | loss: 0.0649501
	speed: 0.0687s/iter; left time: 1544.4670s
	iters: 600, epoch: 1 | loss: 0.0501761
	speed: 0.0703s/iter; left time: 1573.5493s
	iters: 700, epoch: 1 | loss: 0.0564885
	speed: 0.0689s/iter; left time: 1536.6367s
	iters: 800, epoch: 1 | loss: 0.1127097
	speed: 0.0709s/iter; left time: 1573.9825s
	iters: 900, epoch: 1 | loss: 0.0470346
	speed: 0.0713s/iter; left time: 1574.1997s
	iters: 1000, epoch: 1 | loss: 0.1810670
	speed: 0.0704s/iter; left time: 1548.0940s
	iters: 1100, epoch: 1 | loss: 0.0462959
	speed: 0.0730s/iter; left time: 1598.1410s
	iters: 1200, epoch: 1 | loss: 0.0653543
	speed: 0.0753s/iter; left time: 1640.7306s
	iters: 1300, epoch: 1 | loss: 0.0470513
	speed: 0.0833s/iter; left time: 1807.1437s
	iters: 1400, epoch: 1 | loss: 0.0757756
	speed: 0.0821s/iter; left time: 1771.8788s
	iters: 1500, epoch: 1 | loss: 0.0751746
	speed: 0.0808s/iter; left time: 1736.6165s
	iters: 1600, epoch: 1 | loss: 0.0801580
	speed: 0.0823s/iter; left time: 1760.2281s
	iters: 1700, epoch: 1 | loss: 0.0412044
	speed: 0.0838s/iter; left time: 1783.4296s
	iters: 1800, epoch: 1 | loss: 0.0552128
	speed: 0.0846s/iter; left time: 1793.2346s
	iters: 1900, epoch: 1 | loss: 0.2696202
	speed: 0.0866s/iter; left time: 1826.8198s
	iters: 2000, epoch: 1 | loss: 0.1597001
	speed: 0.0866s/iter; left time: 1817.7967s
	iters: 2100, epoch: 1 | loss: 0.0718932
	speed: 0.0864s/iter; left time: 1804.0928s
	iters: 2200, epoch: 1 | loss: 0.0574668
	speed: 0.0864s/iter; left time: 1796.2687s
Epoch: 1 cost time: 180.05475521087646
Epoch: 1, Steps: 2299 | Train Loss: 0.1531922 Vali Loss: 0.0769346 Test Loss: 0.0280202
Validation loss decreased (inf --> 0.076935).  Saving model ...
Updating learning rate to 0.001
	iters: 100, epoch: 2 | loss: 0.0579554
	speed: 3.0814s/iter; left time: 63452.0288s
	iters: 200, epoch: 2 | loss: 0.1141326
	speed: 0.0874s/iter; left time: 1791.6564s
	iters: 300, epoch: 2 | loss: 0.0340606
	speed: 0.0877s/iter; left time: 1788.4169s
	iters: 400, epoch: 2 | loss: 0.0442849
	speed: 0.0877s/iter; left time: 1779.8484s
	iters: 500, epoch: 2 | loss: 0.0623094
	speed: 0.0928s/iter; left time: 1873.7432s
	iters: 600, epoch: 2 | loss: 0.0364298
	speed: 0.1097s/iter; left time: 2203.6643s
	iters: 700, epoch: 2 | loss: 0.0550066
	speed: 0.1082s/iter; left time: 2162.8334s
	iters: 800, epoch: 2 | loss: 0.0581044
	speed: 0.1106s/iter; left time: 2199.2258s
	iters: 900, epoch: 2 | loss: 0.0592074
	speed: 0.1103s/iter; left time: 2183.8349s
	iters: 1000, epoch: 2 | loss: 0.0506978
	speed: 0.1109s/iter; left time: 2184.5915s
	iters: 1100, epoch: 2 | loss: 0.0611195
	speed: 0.1107s/iter; left time: 2168.3009s
	iters: 1200, epoch: 2 | loss: 0.0442536
	speed: 0.1103s/iter; left time: 2150.3000s
	iters: 1300, epoch: 2 | loss: 0.0974588
	speed: 0.1099s/iter; left time: 2131.9553s
	iters: 1400, epoch: 2 | loss: 0.0668093
	speed: 0.1101s/iter; left time: 2123.9171s
	iters: 1500, epoch: 2 | loss: 0.0300410
	speed: 0.1094s/iter; left time: 2099.6241s
	iters: 1600, epoch: 2 | loss: 0.0361633
	speed: 0.1119s/iter; left time: 2136.0471s
	iters: 1700, epoch: 2 | loss: 0.0632071
	speed: 0.1111s/iter; left time: 2110.1470s
	iters: 1800, epoch: 2 | loss: 0.0436021
	speed: 0.1117s/iter; left time: 2109.8028s
	iters: 1900, epoch: 2 | loss: 0.0849739
	speed: 0.1109s/iter; left time: 2083.3397s
	iters: 2000, epoch: 2 | loss: 0.0846592
	speed: 0.1123s/iter; left time: 2099.0057s
	iters: 2100, epoch: 2 | loss: 0.0608366
	speed: 0.1112s/iter; left time: 2067.1561s
	iters: 2200, epoch: 2 | loss: 0.0317119
	speed: 0.1114s/iter; left time: 2060.9114s
Epoch: 2 cost time: 239.9653606414795
Epoch: 2, Steps: 2299 | Train Loss: 0.1361336 Vali Loss: 0.0730095 Test Loss: 0.0273422
Validation loss decreased (0.076935 --> 0.073010).  Saving model ...
Updating learning rate to 0.0005
	iters: 100, epoch: 3 | loss: 0.0490330
	speed: 3.2900s/iter; left time: 60183.7911s
	iters: 200, epoch: 3 | loss: 0.1065894
	speed: 0.0916s/iter; left time: 1666.8959s
	iters: 300, epoch: 3 | loss: 0.0509856
	speed: 0.0977s/iter; left time: 1766.9363s
	iters: 400, epoch: 3 | loss: 0.0511045
	speed: 0.0982s/iter; left time: 1767.4765s
	iters: 500, epoch: 3 | loss: 0.0313795
	speed: 0.0981s/iter; left time: 1756.0473s
	iters: 600, epoch: 3 | loss: 0.0880559
	speed: 0.0983s/iter; left time: 1749.0740s
	iters: 700, epoch: 3 | loss: 0.0731144
	speed: 0.0979s/iter; left time: 1733.0130s
	iters: 800, epoch: 3 | loss: 0.0679752
	speed: 0.0987s/iter; left time: 1736.1194s
	iters: 900, epoch: 3 | loss: 0.1939650
	speed: 0.0985s/iter; left time: 1723.1797s
	iters: 1000, epoch: 3 | loss: 0.1070176
	speed: 0.0995s/iter; left time: 1729.8400s
	iters: 1100, epoch: 3 | loss: 0.0506827
	speed: 0.0990s/iter; left time: 1712.0936s
	iters: 1200, epoch: 3 | loss: 0.1187870
	speed: 0.1082s/iter; left time: 1859.5433s
	iters: 1300, epoch: 3 | loss: 0.0653668
	speed: 0.1105s/iter; left time: 1887.9729s
	iters: 1400, epoch: 3 | loss: 0.1332722
	speed: 0.1107s/iter; left time: 1881.5370s
	iters: 1500, epoch: 3 | loss: 0.0537034
	speed: 0.1111s/iter; left time: 1877.2059s
	iters: 1600, epoch: 3 | loss: 0.0436185
	speed: 0.1124s/iter; left time: 1888.0568s
	iters: 1700, epoch: 3 | loss: 0.1011163
	speed: 0.1121s/iter; left time: 1870.8640s
	iters: 1800, epoch: 3 | loss: 0.0441612
	speed: 0.1110s/iter; left time: 1841.7928s
	iters: 1900, epoch: 3 | loss: 0.0312826
	speed: 0.1114s/iter; left time: 1836.9574s
	iters: 2000, epoch: 3 | loss: 0.0448367
	speed: 0.1122s/iter; left time: 1838.8199s
	iters: 2100, epoch: 3 | loss: 0.0543570
	speed: 0.1127s/iter; left time: 1837.0192s
	iters: 2200, epoch: 3 | loss: 0.0296743
	speed: 0.0997s/iter; left time: 1613.9566s
Epoch: 3 cost time: 233.81806540489197
Epoch: 3, Steps: 2299 | Train Loss: 0.1110569 Vali Loss: 0.0691611 Test Loss: 0.0268025
Validation loss decreased (0.073010 --> 0.069161).  Saving model ...
Updating learning rate to 0.00025
	iters: 100, epoch: 4 | loss: 0.0347377
	speed: 3.2806s/iter; left time: 52469.7583s
	iters: 200, epoch: 4 | loss: 0.0294484
	speed: 0.1071s/iter; left time: 1701.8112s
	iters: 300, epoch: 4 | loss: 0.0496543
	speed: 0.1078s/iter; left time: 1702.1204s
	iters: 400, epoch: 4 | loss: 0.0274453
	speed: 0.1082s/iter; left time: 1697.9793s
	iters: 500, epoch: 4 | loss: 0.0423641
	speed: 0.1073s/iter; left time: 1673.3158s
	iters: 600, epoch: 4 | loss: 0.0467258
	speed: 0.1069s/iter; left time: 1655.8754s
	iters: 700, epoch: 4 | loss: 0.1828703
	speed: 0.1074s/iter; left time: 1653.6946s
	iters: 800, epoch: 4 | loss: 0.0583511
	speed: 0.1084s/iter; left time: 1657.2811s
	iters: 900, epoch: 4 | loss: 0.1238344
	speed: 0.1084s/iter; left time: 1647.1272s
	iters: 1000, epoch: 4 | loss: 0.0538558
	speed: 0.1087s/iter; left time: 1640.7339s
	iters: 1100, epoch: 4 | loss: 0.0661308
	speed: 0.1087s/iter; left time: 1630.4226s
	iters: 1200, epoch: 4 | loss: 0.0478175
	speed: 0.1082s/iter; left time: 1611.0961s
	iters: 1300, epoch: 4 | loss: 0.0773583
	speed: 0.1088s/iter; left time: 1609.4520s
	iters: 1400, epoch: 4 | loss: 0.0437162
	speed: 0.1089s/iter; left time: 1600.0583s
	iters: 1500, epoch: 4 | loss: 0.1001035
	speed: 0.1086s/iter; left time: 1584.6096s
	iters: 1600, epoch: 4 | loss: 0.1026642
	speed: 0.1079s/iter; left time: 1564.3321s
	iters: 1700, epoch: 4 | loss: 0.0404899
	speed: 0.1078s/iter; left time: 1551.0163s
	iters: 1800, epoch: 4 | loss: 0.0367043
	speed: 0.1073s/iter; left time: 1534.3310s
	iters: 1900, epoch: 4 | loss: 0.0633718
	speed: 0.1075s/iter; left time: 1526.4189s
	iters: 2000, epoch: 4 | loss: 0.0602754
	speed: 0.1082s/iter; left time: 1525.0497s
	iters: 2100, epoch: 4 | loss: 0.0516661
	speed: 0.1013s/iter; left time: 1417.8116s
	iters: 2200, epoch: 4 | loss: 0.0987162
	speed: 0.0858s/iter; left time: 1191.8913s
Epoch: 4 cost time: 240.8505938053131
Epoch: 4, Steps: 2299 | Train Loss: 0.1496524 Vali Loss: 0.0807799 Test Loss: 0.0257631
EarlyStopping counter: 1 out of 3
Updating learning rate to 0.000125
	iters: 100, epoch: 5 | loss: 0.0364761
	speed: 3.0771s/iter; left time: 42140.6776s
	iters: 200, epoch: 5 | loss: 0.0379894
	speed: 0.0547s/iter; left time: 744.1710s
	iters: 300, epoch: 5 | loss: 0.0351987
	speed: 0.0546s/iter; left time: 737.2823s
	iters: 400, epoch: 5 | loss: 0.1525089
	speed: 0.0535s/iter; left time: 716.4625s
	iters: 500, epoch: 5 | loss: 0.0554331
	speed: 0.0541s/iter; left time: 719.6637s
	iters: 600, epoch: 5 | loss: 0.0535243
	speed: 0.0549s/iter; left time: 724.6067s
	iters: 700, epoch: 5 | loss: 0.2361133
	speed: 0.0547s/iter; left time: 715.8258s
	iters: 800, epoch: 5 | loss: 0.0473700
	speed: 0.0538s/iter; left time: 699.0244s
	iters: 900, epoch: 5 | loss: 0.0306441
	speed: 0.0557s/iter; left time: 717.6710s
	iters: 1000, epoch: 5 | loss: 0.0935395
	speed: 0.0549s/iter; left time: 702.7612s
	iters: 1100, epoch: 5 | loss: 0.0411406
	speed: 0.0552s/iter; left time: 701.1795s
	iters: 1200, epoch: 5 | loss: 0.1218333
	speed: 0.0553s/iter; left time: 696.6820s
	iters: 1300, epoch: 5 | loss: 0.0290841
	speed: 0.0551s/iter; left time: 688.0408s
	iters: 1400, epoch: 5 | loss: 0.0374122
	speed: 0.0561s/iter; left time: 695.1569s
	iters: 1500, epoch: 5 | loss: 0.0432222
	speed: 0.0562s/iter; left time: 690.8644s
	iters: 1600, epoch: 5 | loss: 0.0428055
	speed: 0.0536s/iter; left time: 653.5443s
	iters: 1700, epoch: 5 | loss: 0.0551700
	speed: 0.0548s/iter; left time: 663.2793s
	iters: 1800, epoch: 5 | loss: 0.0343137
	speed: 0.0550s/iter; left time: 659.9062s
	iters: 1900, epoch: 5 | loss: 0.0345207
	speed: 0.0556s/iter; left time: 661.8289s
	iters: 2000, epoch: 5 | loss: 0.0563336
	speed: 0.0523s/iter; left time: 617.0301s
	iters: 2100, epoch: 5 | loss: 0.0255975
	speed: 0.0567s/iter; left time: 662.6947s
	iters: 2200, epoch: 5 | loss: 0.0408863
	speed: 0.0547s/iter; left time: 634.7170s
Epoch: 5 cost time: 125.98906016349792
Epoch: 5, Steps: 2299 | Train Loss: 0.1202352 Vali Loss: 0.0624224 Test Loss: 0.0258005
Validation loss decreased (0.069161 --> 0.062422).  Saving model ...
Updating learning rate to 6.25e-05
	iters: 100, epoch: 6 | loss: 0.0410290
	speed: 1.7401s/iter; left time: 19830.6295s
	iters: 200, epoch: 6 | loss: 0.0403482
	speed: 0.0459s/iter; left time: 517.9907s
	iters: 300, epoch: 6 | loss: 0.0426679
	speed: 0.0458s/iter; left time: 513.0391s
	iters: 400, epoch: 6 | loss: 0.0322948
	speed: 0.0460s/iter; left time: 509.9070s
	iters: 500, epoch: 6 | loss: 0.0401623
	speed: 0.0455s/iter; left time: 499.8949s
	iters: 600, epoch: 6 | loss: 0.0409208
	speed: 0.0462s/iter; left time: 502.8554s
	iters: 700, epoch: 6 | loss: 0.0512258
	speed: 0.0483s/iter; left time: 521.5507s
	iters: 800, epoch: 6 | loss: 0.0644898
	speed: 0.0456s/iter; left time: 487.4047s
	iters: 900, epoch: 6 | loss: 0.0446640
	speed: 0.0464s/iter; left time: 491.2315s
	iters: 1000, epoch: 6 | loss: 0.0360334
	speed: 0.0451s/iter; left time: 473.1774s
	iters: 1100, epoch: 6 | loss: 0.0418375
	speed: 0.0474s/iter; left time: 493.0052s
	iters: 1200, epoch: 6 | loss: 0.0302600
	speed: 0.0451s/iter; left time: 464.6338s
	iters: 1300, epoch: 6 | loss: 0.0903588
	speed: 0.0461s/iter; left time: 470.5392s
	iters: 1400, epoch: 6 | loss: 0.0293263
	speed: 0.0438s/iter; left time: 442.3144s
	iters: 1500, epoch: 6 | loss: 0.0412620
	speed: 0.0456s/iter; left time: 456.3025s
	iters: 1600, epoch: 6 | loss: 0.0529089
	speed: 0.0465s/iter; left time: 459.9030s
	iters: 1700, epoch: 6 | loss: 0.1304324
	speed: 0.0470s/iter; left time: 460.7474s
	iters: 1800, epoch: 6 | loss: 0.7518021
	speed: 0.0465s/iter; left time: 450.9410s
	iters: 1900, epoch: 6 | loss: 0.0464593
	speed: 0.0436s/iter; left time: 418.2687s
	iters: 2000, epoch: 6 | loss: 0.0843241
	speed: 0.0460s/iter; left time: 436.5759s
	iters: 2100, epoch: 6 | loss: 0.0329486
	speed: 0.0463s/iter; left time: 434.5968s
	iters: 2200, epoch: 6 | loss: 0.0475497
	speed: 0.0429s/iter; left time: 398.6224s
Epoch: 6 cost time: 105.29282140731812
Epoch: 6, Steps: 2299 | Train Loss: 0.1096337 Vali Loss: 0.0688148 Test Loss: 0.0257074
EarlyStopping counter: 1 out of 3
Updating learning rate to 3.125e-05
	iters: 100, epoch: 7 | loss: 0.0223115
	speed: 1.2383s/iter; left time: 11264.6092s
	iters: 200, epoch: 7 | loss: 0.0540835
	speed: 0.0330s/iter; left time: 297.1463s
	iters: 300, epoch: 7 | loss: 0.0445001
	speed: 0.0362s/iter; left time: 322.0261s
	iters: 400, epoch: 7 | loss: 0.0379493
	speed: 0.0362s/iter; left time: 318.4197s
	iters: 500, epoch: 7 | loss: 0.0544604
	speed: 0.0355s/iter; left time: 308.7560s
	iters: 600, epoch: 7 | loss: 0.0219622
	speed: 0.0326s/iter; left time: 280.1649s
	iters: 700, epoch: 7 | loss: 0.0376439
	speed: 0.0330s/iter; left time: 280.6854s
	iters: 800, epoch: 7 | loss: 0.0298693
	speed: 0.0329s/iter; left time: 276.0804s
	iters: 900, epoch: 7 | loss: 0.0348116
	speed: 0.0343s/iter; left time: 284.5855s
	iters: 1000, epoch: 7 | loss: 0.0495840
	speed: 0.0365s/iter; left time: 299.2110s
	iters: 1100, epoch: 7 | loss: 0.0350530
	speed: 0.0353s/iter; left time: 285.5638s
	iters: 1200, epoch: 7 | loss: 0.0509831
	speed: 0.0353s/iter; left time: 282.0878s
	iters: 1300, epoch: 7 | loss: 0.0709309
	speed: 0.0353s/iter; left time: 278.9444s
	iters: 1400, epoch: 7 | loss: 0.0427582
	speed: 0.0347s/iter; left time: 270.6806s
	iters: 1500, epoch: 7 | loss: 0.0667183
	speed: 0.0327s/iter; left time: 251.9692s
	iters: 1600, epoch: 7 | loss: 0.0463878
	speed: 0.0344s/iter; left time: 261.5192s
	iters: 1700, epoch: 7 | loss: 0.0480394
	speed: 0.0335s/iter; left time: 251.3299s
	iters: 1800, epoch: 7 | loss: 0.0344232
	speed: 0.0330s/iter; left time: 244.3624s
	iters: 1900, epoch: 7 | loss: 0.0308761
	speed: 0.0349s/iter; left time: 254.8648s
	iters: 2000, epoch: 7 | loss: 0.0664165
	speed: 0.0327s/iter; left time: 235.3217s
	iters: 2100, epoch: 7 | loss: 0.0357226
	speed: 0.0340s/iter; left time: 241.0283s
	iters: 2200, epoch: 7 | loss: 0.0395802
	speed: 0.0352s/iter; left time: 246.2566s
Epoch: 7 cost time: 79.01226496696472
Epoch: 7, Steps: 2299 | Train Loss: 0.1362643 Vali Loss: 0.0702534 Test Loss: 0.0252953
EarlyStopping counter: 2 out of 3
Updating learning rate to 1.5625e-05
	iters: 100, epoch: 8 | loss: 0.0457695
	speed: 1.0191s/iter; left time: 6927.7524s
	iters: 200, epoch: 8 | loss: 0.0353259
	speed: 0.0360s/iter; left time: 240.9297s
	iters: 300, epoch: 8 | loss: 0.0366795
	speed: 0.0356s/iter; left time: 234.9171s
	iters: 400, epoch: 8 | loss: 0.0345193
	speed: 0.0352s/iter; left time: 228.6881s
	iters: 500, epoch: 8 | loss: 0.0381047
	speed: 0.0337s/iter; left time: 215.7899s
	iters: 600, epoch: 8 | loss: 0.0302421
	speed: 0.0331s/iter; left time: 208.6468s
	iters: 700, epoch: 8 | loss: 0.1196844
	speed: 0.0333s/iter; left time: 206.3361s
	iters: 800, epoch: 8 | loss: 0.0379170
	speed: 0.0327s/iter; left time: 199.6984s
	iters: 900, epoch: 8 | loss: 0.0645017
	speed: 0.0354s/iter; left time: 212.4860s
	iters: 1000, epoch: 8 | loss: 0.0341931
	speed: 0.0353s/iter; left time: 208.1943s
	iters: 1100, epoch: 8 | loss: 0.0460867
	speed: 0.0357s/iter; left time: 206.8813s
	iters: 1200, epoch: 8 | loss: 0.0415329
	speed: 0.0362s/iter; left time: 206.2936s
	iters: 1300, epoch: 8 | loss: 0.0392262
	speed: 0.0358s/iter; left time: 200.4304s
	iters: 1400, epoch: 8 | loss: 0.0873099
	speed: 0.0358s/iter; left time: 196.7865s
	iters: 1500, epoch: 8 | loss: 0.0391854
	speed: 0.0355s/iter; left time: 191.6503s
	iters: 1600, epoch: 8 | loss: 0.0498689
	speed: 0.0349s/iter; left time: 184.6784s
	iters: 1700, epoch: 8 | loss: 0.2202966
	speed: 0.0358s/iter; left time: 186.2731s
	iters: 1800, epoch: 8 | loss: 0.0530098
	speed: 0.0347s/iter; left time: 176.8163s
	iters: 1900, epoch: 8 | loss: 0.2174021
	speed: 0.0359s/iter; left time: 179.3032s
	iters: 2000, epoch: 8 | loss: 0.0660762
	speed: 0.0363s/iter; left time: 177.9375s
	iters: 2100, epoch: 8 | loss: 0.0782317
	speed: 0.0358s/iter; left time: 171.7021s
	iters: 2200, epoch: 8 | loss: 0.0410822
	speed: 0.0351s/iter; left time: 164.7632s
Epoch: 8 cost time: 80.56550455093384
Epoch: 8, Steps: 2299 | Train Loss: 0.0937822 Vali Loss: 0.0795653 Test Loss: 0.0256920
EarlyStopping counter: 3 out of 3
Early stopping
>>>>>>>testing : imputation_weather_mask_0.125_TimesNet_custom_ftM_sl96_ll0_pl0_dm64_nh8_el2_dl1_df64_fc3_ebtimeF_dtTrue_Exp_0<<<<<<<<<<<<<<<<<<<<<<<<<<<<<<<<<
test 10540
test shape: (10540, 96, 21) (10540, 96, 21)
mse:0.025797927752137184, mae:0.04662109166383743
