Args in experiment:
[1mBasic Config[0m
  Task Name:          imputation          Is Training:        1                   
  Model ID:           weather_mask_0.5    Model:              Transformer         

[1mData Loader[0m
  Data:               custom              Root Path:          ../iTransformer_datasets/weather/
  Data Path:          weather.csv         Features:           M                   
  Target:             OT                  Freq:               h                   
  Checkpoints:        ./checkpoints/      

[1mImputation Task[0m
  Mask Rate:          0.5                 

[1mModel Parameters[0m
  Top k:              5                   Num Kernels:        6                   
  Enc In:             21                  Dec In:             21                  
  C Out:              21                  d model:            128                 
  n heads:            8                   e layers:           2                   
  d layers:           1                   d FF:               128                 
  Moving Avg:         25                  Factor:             3                   
  Distil:             1                   Dropout:            0.1                 
  Embed:              timeF               Activation:         gelu                
  Output Attention:   0                   

[1mRun Parameters[0m
  Num Workers:        0                   Itr:                1                   
  Train Epochs:       10                  Batch Size:         16                  
  Patience:           3                   Learning Rate:      0.001               
  Des:                Exp                 Loss:               MSE                 
  Lradj:              type1               Use Amp:            0                   

[1mGPU[0m
  Use GPU:            1                   GPU:                0                   
  Use Multi GPU:      0                   Devices:            0,1,2,3             

[1mDe-stationary Projector Params[0m
  P Hidden Dims:      128, 128            P Hidden Layers:    2                   

Use GPU: cuda:0
>>>>>>>start training : imputation_weather_mask_0.5_Transformer_custom_ftM_sl96_ll0_pl0_dm128_nh8_el2_dl1_df128_fc3_ebtimeF_dtTrue_Exp_0>>>>>>>>>>>>>>>>>>>>>>>>>>
train 36792
val 5271
test 10540
	iters: 100, epoch: 1 | loss: 0.1280933
	speed: 0.0488s/iter; left time: 1117.8217s
	iters: 200, epoch: 1 | loss: 0.8665816
	speed: 0.0113s/iter; left time: 256.7098s
	iters: 300, epoch: 1 | loss: 0.0805666
	speed: 0.0112s/iter; left time: 254.9546s
	iters: 400, epoch: 1 | loss: 0.0772461
	speed: 0.0143s/iter; left time: 322.4810s
	iters: 500, epoch: 1 | loss: 0.5419850
	speed: 0.0127s/iter; left time: 285.8140s
	iters: 600, epoch: 1 | loss: 0.0996517
	speed: 0.0126s/iter; left time: 281.2730s
	iters: 700, epoch: 1 | loss: 0.0920079
	speed: 0.0124s/iter; left time: 275.4440s
	iters: 800, epoch: 1 | loss: 0.0766318
	speed: 0.0113s/iter; left time: 251.5370s
	iters: 900, epoch: 1 | loss: 0.1076437
	speed: 0.0130s/iter; left time: 287.7498s
	iters: 1000, epoch: 1 | loss: 0.1146820
	speed: 0.0122s/iter; left time: 268.3875s
	iters: 1100, epoch: 1 | loss: 0.1854331
	speed: 0.0127s/iter; left time: 277.4640s
	iters: 1200, epoch: 1 | loss: 0.0715645
	speed: 0.0122s/iter; left time: 266.8489s
	iters: 1300, epoch: 1 | loss: 0.1145171
	speed: 0.0117s/iter; left time: 253.4664s
	iters: 1400, epoch: 1 | loss: 0.0957258
	speed: 0.0127s/iter; left time: 274.5901s
	iters: 1500, epoch: 1 | loss: 0.1271772
	speed: 0.0118s/iter; left time: 253.0370s
	iters: 1600, epoch: 1 | loss: 0.5087031
	speed: 0.0110s/iter; left time: 236.1497s
	iters: 1700, epoch: 1 | loss: 0.1010543
	speed: 0.0119s/iter; left time: 253.5624s
	iters: 1800, epoch: 1 | loss: 0.1718934
	speed: 0.0116s/iter; left time: 246.4464s
	iters: 1900, epoch: 1 | loss: 0.1337809
	speed: 0.0117s/iter; left time: 247.4432s
	iters: 2000, epoch: 1 | loss: 0.1123028
	speed: 0.0118s/iter; left time: 246.8880s
	iters: 2100, epoch: 1 | loss: 0.4375675
	speed: 0.0123s/iter; left time: 256.5579s
	iters: 2200, epoch: 1 | loss: 0.5276387
	speed: 0.0117s/iter; left time: 243.7586s
Epoch: 1 cost time: 31.437809228897095
Epoch: 1, Steps: 2299 | Train Loss: 0.2009147 Vali Loss: 0.1427891 Test Loss: 0.0512856
Validation loss decreased (inf --> 0.142789).  Saving model ...
Updating learning rate to 0.001
	iters: 100, epoch: 2 | loss: 0.0795367
	speed: 0.4781s/iter; left time: 9844.9126s
	iters: 200, epoch: 2 | loss: 0.0844269
	speed: 0.0130s/iter; left time: 266.2486s
	iters: 300, epoch: 2 | loss: 0.0519816
	speed: 0.0119s/iter; left time: 241.6715s
	iters: 400, epoch: 2 | loss: 0.0984441
	speed: 0.0120s/iter; left time: 243.9686s
	iters: 500, epoch: 2 | loss: 0.1304184
	speed: 0.0119s/iter; left time: 240.8692s
	iters: 600, epoch: 2 | loss: 0.0702696
	speed: 0.0117s/iter; left time: 235.5851s
	iters: 700, epoch: 2 | loss: 0.0976134
	speed: 0.0117s/iter; left time: 234.2757s
	iters: 800, epoch: 2 | loss: 0.4194792
	speed: 0.0119s/iter; left time: 235.7483s
	iters: 900, epoch: 2 | loss: 0.1086216
	speed: 0.0118s/iter; left time: 234.3990s
	iters: 1000, epoch: 2 | loss: 0.2123249
	speed: 0.0120s/iter; left time: 237.1421s
	iters: 1100, epoch: 2 | loss: 0.1969386
	speed: 0.0121s/iter; left time: 236.1165s
	iters: 1200, epoch: 2 | loss: 0.1506479
	speed: 0.0117s/iter; left time: 228.3623s
	iters: 1300, epoch: 2 | loss: 0.0684487
	speed: 0.0120s/iter; left time: 233.1812s
	iters: 1400, epoch: 2 | loss: 0.0726168
	speed: 0.0121s/iter; left time: 233.4051s
	iters: 1500, epoch: 2 | loss: 0.0686773
	speed: 0.0123s/iter; left time: 236.0691s
	iters: 1600, epoch: 2 | loss: 0.1132689
	speed: 0.0111s/iter; left time: 211.8912s
	iters: 1700, epoch: 2 | loss: 0.0960069
	speed: 0.0121s/iter; left time: 229.6160s
	iters: 1800, epoch: 2 | loss: 0.0824135
	speed: 0.0111s/iter; left time: 209.8797s
	iters: 1900, epoch: 2 | loss: 0.0906491
	speed: 0.0096s/iter; left time: 181.0801s
	iters: 2000, epoch: 2 | loss: 0.1113392
	speed: 0.0096s/iter; left time: 180.2683s
	iters: 2100, epoch: 2 | loss: 0.1200777
	speed: 0.0119s/iter; left time: 221.6208s
	iters: 2200, epoch: 2 | loss: 0.0801505
	speed: 0.0117s/iter; left time: 217.0977s
Epoch: 2 cost time: 26.939869165420532
Epoch: 2, Steps: 2299 | Train Loss: 0.1762491 Vali Loss: 0.1370630 Test Loss: 0.0437928
Validation loss decreased (0.142789 --> 0.137063).  Saving model ...
Updating learning rate to 0.0005
	iters: 100, epoch: 3 | loss: 0.1311163
	speed: 0.4129s/iter; left time: 7553.6653s
	iters: 200, epoch: 3 | loss: 0.0691612
	speed: 0.0132s/iter; left time: 240.1960s
	iters: 300, epoch: 3 | loss: 0.3154827
	speed: 0.0123s/iter; left time: 221.8173s
	iters: 400, epoch: 3 | loss: 0.3592522
	speed: 0.0108s/iter; left time: 194.4635s
	iters: 500, epoch: 3 | loss: 0.1344795
	speed: 0.0120s/iter; left time: 214.0840s
	iters: 600, epoch: 3 | loss: 0.0646849
	speed: 0.0121s/iter; left time: 216.1009s
	iters: 700, epoch: 3 | loss: 0.0875516
	speed: 0.0124s/iter; left time: 219.4119s
	iters: 800, epoch: 3 | loss: 0.1307438
	speed: 0.0131s/iter; left time: 230.8809s
	iters: 900, epoch: 3 | loss: 0.0984549
	speed: 0.0138s/iter; left time: 240.7427s
	iters: 1000, epoch: 3 | loss: 0.2603662
	speed: 0.0124s/iter; left time: 216.1297s
	iters: 1100, epoch: 3 | loss: 0.1301282
	speed: 0.0125s/iter; left time: 215.4985s
	iters: 1200, epoch: 3 | loss: 0.0905329
	speed: 0.0125s/iter; left time: 214.6101s
	iters: 1300, epoch: 3 | loss: 0.0418776
	speed: 0.0121s/iter; left time: 207.0397s
	iters: 1400, epoch: 3 | loss: 0.1171719
	speed: 0.0116s/iter; left time: 196.8218s
	iters: 1500, epoch: 3 | loss: 0.1407103
	speed: 0.0113s/iter; left time: 191.3333s
	iters: 1600, epoch: 3 | loss: 0.0875279
	speed: 0.0116s/iter; left time: 195.5812s
	iters: 1700, epoch: 3 | loss: 0.0663964
	speed: 0.0117s/iter; left time: 196.0231s
	iters: 1800, epoch: 3 | loss: 0.0483543
	speed: 0.0127s/iter; left time: 210.4230s
	iters: 1900, epoch: 3 | loss: 0.0889049
	speed: 0.0120s/iter; left time: 198.4344s
	iters: 2000, epoch: 3 | loss: 0.0854861
	speed: 0.0120s/iter; left time: 196.4409s
	iters: 2100, epoch: 3 | loss: 0.0723305
	speed: 0.0117s/iter; left time: 190.8201s
	iters: 2200, epoch: 3 | loss: 0.0821946
	speed: 0.0112s/iter; left time: 181.2038s
Epoch: 3 cost time: 28.16290545463562
Epoch: 3, Steps: 2299 | Train Loss: 0.1607476 Vali Loss: 0.1260975 Test Loss: 0.0448885
Validation loss decreased (0.137063 --> 0.126098).  Saving model ...
Updating learning rate to 0.00025
	iters: 100, epoch: 4 | loss: 0.1734884
	speed: 0.4588s/iter; left time: 7338.4743s
	iters: 200, epoch: 4 | loss: 0.1147992
	speed: 0.0106s/iter; left time: 168.0201s
	iters: 300, epoch: 4 | loss: 0.0770806
	speed: 0.0104s/iter; left time: 164.4188s
	iters: 400, epoch: 4 | loss: 0.0511772
	speed: 0.0109s/iter; left time: 170.4177s
	iters: 500, epoch: 4 | loss: 0.3830339
	speed: 0.0102s/iter; left time: 158.9490s
	iters: 600, epoch: 4 | loss: 2.4402556
	speed: 0.0123s/iter; left time: 190.8572s
	iters: 700, epoch: 4 | loss: 0.0810202
	speed: 0.0149s/iter; left time: 230.0107s
	iters: 800, epoch: 4 | loss: 0.0850860
	speed: 0.0140s/iter; left time: 213.7536s
	iters: 900, epoch: 4 | loss: 0.0900679
	speed: 0.0135s/iter; left time: 204.9471s
	iters: 1000, epoch: 4 | loss: 0.1175351
	speed: 0.0140s/iter; left time: 211.1988s
	iters: 1100, epoch: 4 | loss: 0.0645444
	speed: 0.0138s/iter; left time: 206.5692s
	iters: 1200, epoch: 4 | loss: 0.1553981
	speed: 0.0157s/iter; left time: 234.4027s
	iters: 1300, epoch: 4 | loss: 0.0688487
	speed: 0.0161s/iter; left time: 238.4374s
	iters: 1400, epoch: 4 | loss: 0.1862494
	speed: 0.0158s/iter; left time: 232.8800s
	iters: 1500, epoch: 4 | loss: 0.1569768
	speed: 0.0155s/iter; left time: 225.8017s
	iters: 1600, epoch: 4 | loss: 0.2311334
	speed: 0.0161s/iter; left time: 233.0134s
	iters: 1700, epoch: 4 | loss: 0.0654400
	speed: 0.0140s/iter; left time: 201.7143s
	iters: 1800, epoch: 4 | loss: 0.1047555
	speed: 0.0127s/iter; left time: 181.0674s
	iters: 1900, epoch: 4 | loss: 0.0897610
	speed: 0.0120s/iter; left time: 170.5307s
	iters: 2000, epoch: 4 | loss: 0.0659355
	speed: 0.0136s/iter; left time: 191.9391s
	iters: 2100, epoch: 4 | loss: 0.0659799
	speed: 0.0119s/iter; left time: 166.0397s
	iters: 2200, epoch: 4 | loss: 0.0772314
	speed: 0.0118s/iter; left time: 163.4279s
Epoch: 4 cost time: 30.239593744277954
Epoch: 4, Steps: 2299 | Train Loss: 0.1645690 Vali Loss: 0.1377921 Test Loss: 0.0411461
EarlyStopping counter: 1 out of 3
Updating learning rate to 0.000125
	iters: 100, epoch: 5 | loss: 0.0696080
	speed: 0.4394s/iter; left time: 6018.1459s
	iters: 200, epoch: 5 | loss: 0.1158139
	speed: 0.0126s/iter; left time: 170.8306s
	iters: 300, epoch: 5 | loss: 0.0663575
	speed: 0.0131s/iter; left time: 177.1901s
	iters: 400, epoch: 5 | loss: 0.3881538
	speed: 0.0133s/iter; left time: 178.4436s
	iters: 500, epoch: 5 | loss: 0.1171658
	speed: 0.0142s/iter; left time: 188.3816s
	iters: 600, epoch: 5 | loss: 0.0565359
	speed: 0.0171s/iter; left time: 225.2556s
	iters: 700, epoch: 5 | loss: 0.0776601
	speed: 0.0153s/iter; left time: 200.8927s
	iters: 800, epoch: 5 | loss: 0.0858832
	speed: 0.0125s/iter; left time: 161.8142s
	iters: 900, epoch: 5 | loss: 0.0673906
	speed: 0.0179s/iter; left time: 230.3031s
	iters: 1000, epoch: 5 | loss: 0.1093600
	speed: 0.0210s/iter; left time: 269.2378s
	iters: 1100, epoch: 5 | loss: 0.0966588
	speed: 0.0207s/iter; left time: 263.3373s
	iters: 1200, epoch: 5 | loss: 0.0516391
	speed: 0.0182s/iter; left time: 229.1073s
	iters: 1300, epoch: 5 | loss: 0.0478440
	speed: 0.0169s/iter; left time: 211.3586s
	iters: 1400, epoch: 5 | loss: 0.0863879
	speed: 0.0159s/iter; left time: 197.0731s
	iters: 1500, epoch: 5 | loss: 0.1211951
	speed: 0.0164s/iter; left time: 201.8913s
	iters: 1600, epoch: 5 | loss: 0.1178218
	speed: 0.0170s/iter; left time: 207.3120s
	iters: 1700, epoch: 5 | loss: 0.0663213
	speed: 0.0152s/iter; left time: 184.3260s
	iters: 1800, epoch: 5 | loss: 0.3036548
	speed: 0.0131s/iter; left time: 156.7793s
	iters: 1900, epoch: 5 | loss: 0.1193691
	speed: 0.0107s/iter; left time: 127.3179s
	iters: 2000, epoch: 5 | loss: 0.0688396
	speed: 0.0112s/iter; left time: 131.6605s
	iters: 2100, epoch: 5 | loss: 0.1272893
	speed: 0.0118s/iter; left time: 137.8209s
	iters: 2200, epoch: 5 | loss: 0.1389945
	speed: 0.0118s/iter; left time: 136.5315s
Epoch: 5 cost time: 34.09175443649292
Epoch: 5, Steps: 2299 | Train Loss: 0.1557579 Vali Loss: 0.1200369 Test Loss: 0.0413949
Validation loss decreased (0.126098 --> 0.120037).  Saving model ...
Updating learning rate to 6.25e-05
	iters: 100, epoch: 6 | loss: 0.0688718
	speed: 0.4568s/iter; left time: 5205.7763s
	iters: 200, epoch: 6 | loss: 0.1075321
	speed: 0.0154s/iter; left time: 174.1159s
	iters: 300, epoch: 6 | loss: 0.1870684
	speed: 0.0137s/iter; left time: 153.2674s
	iters: 400, epoch: 6 | loss: 0.1612710
	speed: 0.0127s/iter; left time: 140.8396s
	iters: 500, epoch: 6 | loss: 0.0908716
	speed: 0.0136s/iter; left time: 149.1840s
	iters: 600, epoch: 6 | loss: 0.1357729
	speed: 0.0135s/iter; left time: 147.0107s
	iters: 700, epoch: 6 | loss: 0.0583943
	speed: 0.0140s/iter; left time: 151.2151s
	iters: 800, epoch: 6 | loss: 0.0747597
	speed: 0.0132s/iter; left time: 141.1937s
	iters: 900, epoch: 6 | loss: 0.0645504
	speed: 0.0135s/iter; left time: 143.0329s
	iters: 1000, epoch: 6 | loss: 0.1135929
	speed: 0.0126s/iter; left time: 132.4066s
	iters: 1100, epoch: 6 | loss: 0.2003687
	speed: 0.0141s/iter; left time: 146.8884s
	iters: 1200, epoch: 6 | loss: 0.0580976
	speed: 0.0146s/iter; left time: 150.7934s
	iters: 1300, epoch: 6 | loss: 0.0813788
	speed: 0.0137s/iter; left time: 139.6420s
	iters: 1400, epoch: 6 | loss: 0.0883968
	speed: 0.0170s/iter; left time: 172.1105s
	iters: 1500, epoch: 6 | loss: 0.0867963
	speed: 0.0139s/iter; left time: 138.8859s
	iters: 1600, epoch: 6 | loss: 0.0668533
	speed: 0.0120s/iter; left time: 119.2453s
	iters: 1700, epoch: 6 | loss: 0.0739503
	speed: 0.0118s/iter; left time: 115.6962s
	iters: 1800, epoch: 6 | loss: 2.6219106
	speed: 0.0117s/iter; left time: 113.8507s
	iters: 1900, epoch: 6 | loss: 0.0793800
	speed: 0.0110s/iter; left time: 105.4745s
	iters: 2000, epoch: 6 | loss: 0.0542794
	speed: 0.0132s/iter; left time: 125.5760s
	iters: 2100, epoch: 6 | loss: 0.0658502
	speed: 0.0118s/iter; left time: 111.0712s
	iters: 2200, epoch: 6 | loss: 0.0821686
	speed: 0.0119s/iter; left time: 110.9844s
Epoch: 6 cost time: 30.569559574127197
Epoch: 6, Steps: 2299 | Train Loss: 0.1542107 Vali Loss: 0.1292519 Test Loss: 0.0404236
EarlyStopping counter: 1 out of 3
Updating learning rate to 3.125e-05
	iters: 100, epoch: 7 | loss: 0.0670636
	speed: 0.4352s/iter; left time: 3959.2241s
	iters: 200, epoch: 7 | loss: 0.0582081
	speed: 0.0104s/iter; left time: 93.1364s
	iters: 300, epoch: 7 | loss: 0.0802718
	speed: 0.0104s/iter; left time: 92.5606s
	iters: 400, epoch: 7 | loss: 0.0571373
	speed: 0.0119s/iter; left time: 104.7707s
	iters: 500, epoch: 7 | loss: 0.0820438
	speed: 0.0119s/iter; left time: 103.6881s
	iters: 600, epoch: 7 | loss: 0.1395908
	speed: 0.0117s/iter; left time: 100.5489s
	iters: 700, epoch: 7 | loss: 0.0728394
	speed: 0.0118s/iter; left time: 100.4965s
	iters: 800, epoch: 7 | loss: 0.0684823
	speed: 0.0122s/iter; left time: 102.2760s
	iters: 900, epoch: 7 | loss: 0.1028663
	speed: 0.0123s/iter; left time: 101.8809s
	iters: 1000, epoch: 7 | loss: 0.0651677
	speed: 0.0132s/iter; left time: 107.9450s
	iters: 1100, epoch: 7 | loss: 0.1005732
	speed: 0.0176s/iter; left time: 142.5059s
	iters: 1200, epoch: 7 | loss: 0.1025108
	speed: 0.0182s/iter; left time: 145.4076s
	iters: 1300, epoch: 7 | loss: 0.0638367
	speed: 0.0188s/iter; left time: 148.2376s
	iters: 1400, epoch: 7 | loss: 0.1537591
	speed: 0.0150s/iter; left time: 117.3174s
	iters: 1500, epoch: 7 | loss: 0.3478811
	speed: 0.0123s/iter; left time: 94.7123s
	iters: 1600, epoch: 7 | loss: 0.0671147
	speed: 0.0124s/iter; left time: 93.9593s
	iters: 1700, epoch: 7 | loss: 0.1165809
	speed: 0.0127s/iter; left time: 95.1211s
	iters: 1800, epoch: 7 | loss: 0.0865338
	speed: 0.0120s/iter; left time: 88.6084s
	iters: 1900, epoch: 7 | loss: 2.2603745
	speed: 0.0121s/iter; left time: 88.2926s
	iters: 2000, epoch: 7 | loss: 0.0795880
	speed: 0.0133s/iter; left time: 95.9717s
	iters: 2100, epoch: 7 | loss: 0.0764361
	speed: 0.0158s/iter; left time: 112.4466s
	iters: 2200, epoch: 7 | loss: 0.0684169
	speed: 0.0149s/iter; left time: 104.1042s
Epoch: 7 cost time: 30.618478298187256
Epoch: 7, Steps: 2299 | Train Loss: 0.1525163 Vali Loss: 0.1309846 Test Loss: 0.0407586
EarlyStopping counter: 2 out of 3
Updating learning rate to 1.5625e-05
	iters: 100, epoch: 8 | loss: 0.1943510
	speed: 0.4309s/iter; left time: 2929.3784s
	iters: 200, epoch: 8 | loss: 0.0680127
	speed: 0.0122s/iter; left time: 82.0351s
	iters: 300, epoch: 8 | loss: 0.1175143
	speed: 0.0126s/iter; left time: 83.3662s
	iters: 400, epoch: 8 | loss: 0.0556396
	speed: 0.0118s/iter; left time: 76.9063s
	iters: 500, epoch: 8 | loss: 0.0958266
	speed: 0.0116s/iter; left time: 74.5334s
	iters: 600, epoch: 8 | loss: 0.0824539
	speed: 0.0120s/iter; left time: 75.7165s
	iters: 700, epoch: 8 | loss: 0.0597884
	speed: 0.0116s/iter; left time: 71.9686s
	iters: 800, epoch: 8 | loss: 0.1116738
	speed: 0.0114s/iter; left time: 69.8020s
	iters: 900, epoch: 8 | loss: 0.1146791
	speed: 0.0122s/iter; left time: 72.9206s
	iters: 1000, epoch: 8 | loss: 0.0506512
	speed: 0.0131s/iter; left time: 77.4904s
	iters: 1100, epoch: 8 | loss: 0.0816460
	speed: 0.0122s/iter; left time: 70.9055s
	iters: 1200, epoch: 8 | loss: 0.1275667
	speed: 0.0109s/iter; left time: 62.3571s
	iters: 1300, epoch: 8 | loss: 0.0464298
	speed: 0.0102s/iter; left time: 56.9029s
	iters: 1400, epoch: 8 | loss: 0.0965204
	speed: 0.0103s/iter; left time: 56.8229s
	iters: 1500, epoch: 8 | loss: 0.0837817
	speed: 0.0106s/iter; left time: 57.3444s
	iters: 1600, epoch: 8 | loss: 0.0917041
	speed: 0.0108s/iter; left time: 57.4780s
	iters: 1700, epoch: 8 | loss: 0.0591039
	speed: 0.0096s/iter; left time: 49.7600s
	iters: 1800, epoch: 8 | loss: 0.0780543
	speed: 0.0094s/iter; left time: 47.8057s
	iters: 1900, epoch: 8 | loss: 0.1155023
	speed: 0.0094s/iter; left time: 46.8201s
	iters: 2000, epoch: 8 | loss: 0.1102210
	speed: 0.0092s/iter; left time: 45.0398s
	iters: 2100, epoch: 8 | loss: 0.1524580
	speed: 0.0102s/iter; left time: 48.9190s
	iters: 2200, epoch: 8 | loss: 0.0958250
	speed: 0.0109s/iter; left time: 50.9921s
Epoch: 8 cost time: 25.644503831863403
Epoch: 8, Steps: 2299 | Train Loss: 0.1507327 Vali Loss: 0.1235362 Test Loss: 0.0406570
EarlyStopping counter: 3 out of 3
Early stopping
>>>>>>>testing : imputation_weather_mask_0.5_Transformer_custom_ftM_sl96_ll0_pl0_dm128_nh8_el2_dl1_df128_fc3_ebtimeF_dtTrue_Exp_0<<<<<<<<<<<<<<<<<<<<<<<<<<<<<<<<<
test 10540
test shape: (10540, 96, 21) (10540, 96, 21)
mse:0.04129859060049057, mae:0.09296083450317383
