Args in experiment:
[1mBasic Config[0m
  Task Name:          imputation          Is Training:        1                   
  Model ID:           weather_mask_0.25   Model:              Transformer         

[1mData Loader[0m
  Data:               custom              Root Path:          ../iTransformer_datasets/weather/
  Data Path:          weather.csv         Features:           M                   
  Target:             OT                  Freq:               h                   
  Checkpoints:        ./checkpoints/      

[1mImputation Task[0m
  Mask Rate:          0.25                

[1mModel Parameters[0m
  Top k:              5                   Num Kernels:        6                   
  Enc In:             21                  Dec In:             21                  
  C Out:              21                  d model:            128                 
  n heads:            8                   e layers:           2                   
  d layers:           1                   d FF:               128                 
  Moving Avg:         25                  Factor:             3                   
  Distil:             1                   Dropout:            0.1                 
  Embed:              timeF               Activation:         gelu                
  Output Attention:   0                   

[1mRun Parameters[0m
  Num Workers:        0                   Itr:                1                   
  Train Epochs:       10                  Batch Size:         16                  
  Patience:           3                   Learning Rate:      0.001               
  Des:                Exp                 Loss:               MSE                 
  Lradj:              type1               Use Amp:            0                   

[1mGPU[0m
  Use GPU:            1                   GPU:                0                   
  Use Multi GPU:      0                   Devices:            0,1,2,3             

[1mDe-stationary Projector Params[0m
  P Hidden Dims:      128, 128            P Hidden Layers:    2                   

Use GPU: cuda:0
>>>>>>>start training : imputation_weather_mask_0.25_Transformer_custom_ftM_sl96_ll0_pl0_dm128_nh8_el2_dl1_df128_fc3_ebtimeF_dtTrue_Exp_0>>>>>>>>>>>>>>>>>>>>>>>>>>
train 36792
val 5271
test 10540
	iters: 100, epoch: 1 | loss: 0.0928302
	speed: 0.0396s/iter; left time: 907.5076s
	iters: 200, epoch: 1 | loss: 0.8033223
	speed: 0.0114s/iter; left time: 258.7272s
	iters: 300, epoch: 1 | loss: 0.0716292
	speed: 0.0113s/iter; left time: 255.8136s
	iters: 400, epoch: 1 | loss: 0.0739733
	speed: 0.0115s/iter; left time: 260.7674s
	iters: 500, epoch: 1 | loss: 0.4909148
	speed: 0.0121s/iter; left time: 272.3450s
	iters: 600, epoch: 1 | loss: 0.0980981
	speed: 0.0114s/iter; left time: 254.7127s
	iters: 700, epoch: 1 | loss: 0.0846580
	speed: 0.0113s/iter; left time: 252.2122s
	iters: 800, epoch: 1 | loss: 0.0614043
	speed: 0.0115s/iter; left time: 254.2717s
	iters: 900, epoch: 1 | loss: 0.1150947
	speed: 0.0115s/iter; left time: 253.2179s
	iters: 1000, epoch: 1 | loss: 0.1012500
	speed: 0.0110s/iter; left time: 242.7391s
	iters: 1100, epoch: 1 | loss: 0.1670941
	speed: 0.0119s/iter; left time: 259.7905s
	iters: 1200, epoch: 1 | loss: 0.0659047
	speed: 0.0128s/iter; left time: 278.4710s
	iters: 1300, epoch: 1 | loss: 0.1093646
	speed: 0.0144s/iter; left time: 312.7955s
	iters: 1400, epoch: 1 | loss: 0.0889266
	speed: 0.0136s/iter; left time: 293.7076s
	iters: 1500, epoch: 1 | loss: 0.1148555
	speed: 0.0137s/iter; left time: 294.9570s
	iters: 1600, epoch: 1 | loss: 0.0933093
	speed: 0.0142s/iter; left time: 303.6047s
	iters: 1700, epoch: 1 | loss: 0.0806782
	speed: 0.0166s/iter; left time: 353.4350s
	iters: 1800, epoch: 1 | loss: 0.1383052
	speed: 0.0160s/iter; left time: 339.1269s
	iters: 1900, epoch: 1 | loss: 0.1525947
	speed: 0.0114s/iter; left time: 241.0951s
	iters: 2000, epoch: 1 | loss: 0.0930360
	speed: 0.0113s/iter; left time: 237.7277s
	iters: 2100, epoch: 1 | loss: 0.0611556
	speed: 0.0115s/iter; left time: 239.4411s
	iters: 2200, epoch: 1 | loss: 0.1398903
	speed: 0.0114s/iter; left time: 236.5368s
Epoch: 1 cost time: 31.23637318611145
Epoch: 1, Steps: 2299 | Train Loss: 0.1697714 Vali Loss: 0.1087687 Test Loss: 0.0387750
Validation loss decreased (inf --> 0.108769).  Saving model ...
Updating learning rate to 0.001
	iters: 100, epoch: 2 | loss: 0.0617698
	speed: 0.4471s/iter; left time: 9206.9121s
	iters: 200, epoch: 2 | loss: 0.0967558
	speed: 0.0098s/iter; left time: 200.7676s
	iters: 300, epoch: 2 | loss: 0.0424128
	speed: 0.0100s/iter; left time: 204.2761s
	iters: 400, epoch: 2 | loss: 0.0778477
	speed: 0.0113s/iter; left time: 229.2216s
	iters: 500, epoch: 2 | loss: 0.1515921
	speed: 0.0113s/iter; left time: 227.8850s
	iters: 600, epoch: 2 | loss: 0.0670087
	speed: 0.0116s/iter; left time: 232.8789s
	iters: 700, epoch: 2 | loss: 0.0768836
	speed: 0.0120s/iter; left time: 239.4853s
	iters: 800, epoch: 2 | loss: 0.8121887
	speed: 0.0118s/iter; left time: 235.1186s
	iters: 900, epoch: 2 | loss: 0.0662903
	speed: 0.0116s/iter; left time: 229.3323s
	iters: 1000, epoch: 2 | loss: 0.1857972
	speed: 0.0127s/iter; left time: 250.3554s
	iters: 1100, epoch: 2 | loss: 0.3222754
	speed: 0.0136s/iter; left time: 266.1931s
	iters: 1200, epoch: 2 | loss: 0.1713074
	speed: 0.0145s/iter; left time: 281.7309s
	iters: 1300, epoch: 2 | loss: 0.0516618
	speed: 0.0127s/iter; left time: 246.5190s
	iters: 1400, epoch: 2 | loss: 0.0621872
	speed: 0.0119s/iter; left time: 229.9635s
	iters: 1500, epoch: 2 | loss: 0.0561080
	speed: 0.0116s/iter; left time: 222.2735s
	iters: 1600, epoch: 2 | loss: 0.0789399
	speed: 0.0114s/iter; left time: 218.4688s
	iters: 1700, epoch: 2 | loss: 0.0809210
	speed: 0.0121s/iter; left time: 229.6872s
	iters: 1800, epoch: 2 | loss: 0.0724888
	speed: 0.0119s/iter; left time: 224.4311s
	iters: 1900, epoch: 2 | loss: 0.0675553
	speed: 0.0116s/iter; left time: 217.8532s
	iters: 2000, epoch: 2 | loss: 0.1093178
	speed: 0.0130s/iter; left time: 243.6519s
	iters: 2100, epoch: 2 | loss: 0.0612973
	speed: 0.0112s/iter; left time: 207.3790s
	iters: 2200, epoch: 2 | loss: 0.0745821
	speed: 0.0116s/iter; left time: 214.3720s
Epoch: 2 cost time: 26.890632152557373
Epoch: 2, Steps: 2299 | Train Loss: 0.1481396 Vali Loss: 0.0980502 Test Loss: 0.0350617
Validation loss decreased (0.108769 --> 0.098050).  Saving model ...
Updating learning rate to 0.0005
	iters: 100, epoch: 3 | loss: 0.0640841
	speed: 0.4100s/iter; left time: 7499.4284s
	iters: 200, epoch: 3 | loss: 0.0550976
	speed: 0.0106s/iter; left time: 193.2957s
	iters: 300, epoch: 3 | loss: 0.3696916
	speed: 0.0109s/iter; left time: 197.9690s
	iters: 400, epoch: 3 | loss: 0.1184180
	speed: 0.0117s/iter; left time: 211.0580s
	iters: 500, epoch: 3 | loss: 0.0967493
	speed: 0.0116s/iter; left time: 208.3648s
	iters: 600, epoch: 3 | loss: 0.0583537
	speed: 0.0109s/iter; left time: 194.2992s
	iters: 700, epoch: 3 | loss: 0.0543142
	speed: 0.0109s/iter; left time: 192.2999s
	iters: 800, epoch: 3 | loss: 0.1543429
	speed: 0.0116s/iter; left time: 204.3592s
	iters: 900, epoch: 3 | loss: 0.0761628
	speed: 0.0121s/iter; left time: 211.5984s
	iters: 1000, epoch: 3 | loss: 0.2816393
	speed: 0.0119s/iter; left time: 207.4949s
	iters: 1100, epoch: 3 | loss: 0.0838040
	speed: 0.0130s/iter; left time: 224.5415s
	iters: 1200, epoch: 3 | loss: 0.0679482
	speed: 0.0126s/iter; left time: 217.4847s
	iters: 1300, epoch: 3 | loss: 0.0419067
	speed: 0.0121s/iter; left time: 207.3733s
	iters: 1400, epoch: 3 | loss: 0.0900923
	speed: 0.0126s/iter; left time: 214.2118s
	iters: 1500, epoch: 3 | loss: 0.1333455
	speed: 0.0127s/iter; left time: 214.0815s
	iters: 1600, epoch: 3 | loss: 0.0620441
	speed: 0.0125s/iter; left time: 210.3713s
	iters: 1700, epoch: 3 | loss: 0.0558766
	speed: 0.0122s/iter; left time: 204.2795s
	iters: 1800, epoch: 3 | loss: 0.0405567
	speed: 0.0129s/iter; left time: 214.0953s
	iters: 1900, epoch: 3 | loss: 0.0814603
	speed: 0.0133s/iter; left time: 219.7089s
	iters: 2000, epoch: 3 | loss: 0.0904519
	speed: 0.0140s/iter; left time: 229.7890s
	iters: 2100, epoch: 3 | loss: 0.0545635
	speed: 0.0132s/iter; left time: 215.8287s
	iters: 2200, epoch: 3 | loss: 0.0753005
	speed: 0.0129s/iter; left time: 208.1390s
Epoch: 3 cost time: 27.93055534362793
Epoch: 3, Steps: 2299 | Train Loss: 0.1367714 Vali Loss: 0.0993489 Test Loss: 0.0362077
EarlyStopping counter: 1 out of 3
Updating learning rate to 0.00025
	iters: 100, epoch: 4 | loss: 0.0977840
	speed: 0.4384s/iter; left time: 7011.2603s
	iters: 200, epoch: 4 | loss: 0.1402236
	speed: 0.0117s/iter; left time: 186.4619s
	iters: 300, epoch: 4 | loss: 0.0718289
	speed: 0.0112s/iter; left time: 176.6019s
	iters: 400, epoch: 4 | loss: 0.0425958
	speed: 0.0105s/iter; left time: 165.3090s
	iters: 500, epoch: 4 | loss: 0.5554057
	speed: 0.0111s/iter; left time: 172.6629s
	iters: 600, epoch: 4 | loss: 4.4108710
	speed: 0.0123s/iter; left time: 191.0006s
	iters: 700, epoch: 4 | loss: 0.0615774
	speed: 0.0127s/iter; left time: 194.7493s
	iters: 800, epoch: 4 | loss: 0.0789605
	speed: 0.0123s/iter; left time: 188.4258s
	iters: 900, epoch: 4 | loss: 0.0613533
	speed: 0.0111s/iter; left time: 169.1679s
	iters: 1000, epoch: 4 | loss: 0.1165758
	speed: 0.0116s/iter; left time: 174.6570s
	iters: 1100, epoch: 4 | loss: 0.0468001
	speed: 0.0136s/iter; left time: 203.4778s
	iters: 1200, epoch: 4 | loss: 0.1481239
	speed: 0.0141s/iter; left time: 210.1691s
	iters: 1300, epoch: 4 | loss: 0.0757456
	speed: 0.0141s/iter; left time: 208.3985s
	iters: 1400, epoch: 4 | loss: 0.0624718
	speed: 0.0134s/iter; left time: 196.5669s
	iters: 1500, epoch: 4 | loss: 0.1001750
	speed: 0.0141s/iter; left time: 205.4127s
	iters: 1600, epoch: 4 | loss: 0.0871602
	speed: 0.0138s/iter; left time: 199.6182s
	iters: 1700, epoch: 4 | loss: 0.0635722
	speed: 0.0148s/iter; left time: 213.3332s
	iters: 1800, epoch: 4 | loss: 0.0790861
	speed: 0.0156s/iter; left time: 223.0711s
	iters: 1900, epoch: 4 | loss: 0.0955222
	speed: 0.0153s/iter; left time: 217.5337s
	iters: 2000, epoch: 4 | loss: 0.0528573
	speed: 0.0145s/iter; left time: 204.8380s
	iters: 2100, epoch: 4 | loss: 0.0674790
	speed: 0.0139s/iter; left time: 194.4897s
	iters: 2200, epoch: 4 | loss: 0.0923834
	speed: 0.0129s/iter; left time: 178.7152s
Epoch: 4 cost time: 29.897310495376587
Epoch: 4, Steps: 2299 | Train Loss: 0.1496338 Vali Loss: 0.0993367 Test Loss: 0.0346165
EarlyStopping counter: 2 out of 3
Updating learning rate to 0.000125
	iters: 100, epoch: 5 | loss: 0.0524287
	speed: 0.4418s/iter; left time: 6050.3982s
	iters: 200, epoch: 5 | loss: 0.1541357
	speed: 0.0117s/iter; left time: 158.5178s
	iters: 300, epoch: 5 | loss: 0.0636671
	speed: 0.0117s/iter; left time: 157.9429s
	iters: 400, epoch: 5 | loss: 0.0748759
	speed: 0.0117s/iter; left time: 156.1360s
	iters: 500, epoch: 5 | loss: 0.1595505
	speed: 0.0119s/iter; left time: 157.5491s
	iters: 600, epoch: 5 | loss: 0.0493749
	speed: 0.0121s/iter; left time: 159.7427s
	iters: 700, epoch: 5 | loss: 0.0643604
	speed: 0.0131s/iter; left time: 171.0084s
	iters: 800, epoch: 5 | loss: 0.0811005
	speed: 0.0133s/iter; left time: 172.8747s
	iters: 900, epoch: 5 | loss: 0.0524638
	speed: 0.0131s/iter; left time: 168.7923s
	iters: 1000, epoch: 5 | loss: 0.0905127
	speed: 0.0132s/iter; left time: 168.7453s
	iters: 1100, epoch: 5 | loss: 0.0649935
	speed: 0.0122s/iter; left time: 154.6446s
	iters: 1200, epoch: 5 | loss: 0.0378986
	speed: 0.0121s/iter; left time: 152.7301s
	iters: 1300, epoch: 5 | loss: 0.0429671
	speed: 0.0128s/iter; left time: 160.0483s
	iters: 1400, epoch: 5 | loss: 0.0573039
	speed: 0.0136s/iter; left time: 168.8818s
	iters: 1500, epoch: 5 | loss: 0.1097151
	speed: 0.0149s/iter; left time: 183.7013s
	iters: 1600, epoch: 5 | loss: 0.0989125
	speed: 0.0152s/iter; left time: 185.5017s
	iters: 1700, epoch: 5 | loss: 0.0646013
	speed: 0.0153s/iter; left time: 184.7148s
	iters: 1800, epoch: 5 | loss: 0.3057359
	speed: 0.0227s/iter; left time: 272.3748s
	iters: 1900, epoch: 5 | loss: 0.1010581
	speed: 0.0164s/iter; left time: 195.1869s
	iters: 2000, epoch: 5 | loss: 0.0524486
	speed: 0.0183s/iter; left time: 216.3087s
	iters: 2100, epoch: 5 | loss: 0.2345287
	speed: 0.0158s/iter; left time: 184.3024s
	iters: 2200, epoch: 5 | loss: 0.0808176
	speed: 0.0161s/iter; left time: 186.7975s
Epoch: 5 cost time: 32.21608781814575
Epoch: 5, Steps: 2299 | Train Loss: 0.1375990 Vali Loss: 0.0894600 Test Loss: 0.0348891
Validation loss decreased (0.098050 --> 0.089460).  Saving model ...
Updating learning rate to 6.25e-05
	iters: 100, epoch: 6 | loss: 0.0598407
	speed: 0.4494s/iter; left time: 5121.7092s
	iters: 200, epoch: 6 | loss: 0.0897897
	speed: 0.0116s/iter; left time: 130.5764s
	iters: 300, epoch: 6 | loss: 0.0916564
	speed: 0.0120s/iter; left time: 134.4463s
	iters: 400, epoch: 6 | loss: 0.1000233
	speed: 0.0116s/iter; left time: 129.1401s
	iters: 500, epoch: 6 | loss: 0.0774499
	speed: 0.0116s/iter; left time: 127.3950s
	iters: 600, epoch: 6 | loss: 0.1077777
	speed: 0.0112s/iter; left time: 122.0676s
	iters: 700, epoch: 6 | loss: 0.0484625
	speed: 0.0110s/iter; left time: 118.7185s
	iters: 800, epoch: 6 | loss: 0.0486047
	speed: 0.0119s/iter; left time: 126.7950s
	iters: 900, epoch: 6 | loss: 0.0448684
	speed: 0.0120s/iter; left time: 126.9874s
	iters: 1000, epoch: 6 | loss: 0.0746670
	speed: 0.0130s/iter; left time: 136.1580s
	iters: 1100, epoch: 6 | loss: 0.1543449
	speed: 0.0119s/iter; left time: 123.4947s
	iters: 1200, epoch: 6 | loss: 0.0476336
	speed: 0.0119s/iter; left time: 122.8890s
	iters: 1300, epoch: 6 | loss: 0.0738952
	speed: 0.0126s/iter; left time: 128.2995s
	iters: 1400, epoch: 6 | loss: 0.0601420
	speed: 0.0142s/iter; left time: 143.4904s
	iters: 1500, epoch: 6 | loss: 0.0619192
	speed: 0.0135s/iter; left time: 134.6190s
	iters: 1600, epoch: 6 | loss: 0.0558467
	speed: 0.0134s/iter; left time: 132.7005s
	iters: 1700, epoch: 6 | loss: 0.0693972
	speed: 0.0133s/iter; left time: 130.5693s
	iters: 1800, epoch: 6 | loss: 0.1759404
	speed: 0.0163s/iter; left time: 158.1415s
	iters: 1900, epoch: 6 | loss: 0.0695723
	speed: 0.0137s/iter; left time: 131.1182s
	iters: 2000, epoch: 6 | loss: 0.0464261
	speed: 0.0147s/iter; left time: 139.4456s
	iters: 2100, epoch: 6 | loss: 0.0378452
	speed: 0.0157s/iter; left time: 147.5597s
	iters: 2200, epoch: 6 | loss: 0.0808583
	speed: 0.0127s/iter; left time: 118.3418s
Epoch: 6 cost time: 29.399317026138306
Epoch: 6, Steps: 2299 | Train Loss: 0.1294110 Vali Loss: 0.1075873 Test Loss: 0.0335156
EarlyStopping counter: 1 out of 3
Updating learning rate to 3.125e-05
	iters: 100, epoch: 7 | loss: 0.0639957
	speed: 0.4368s/iter; left time: 3973.5303s
	iters: 200, epoch: 7 | loss: 0.0507479
	speed: 0.0100s/iter; left time: 90.3148s
	iters: 300, epoch: 7 | loss: 0.1037241
	speed: 0.0117s/iter; left time: 103.8014s
	iters: 400, epoch: 7 | loss: 0.0552602
	speed: 0.0114s/iter; left time: 100.4788s
	iters: 500, epoch: 7 | loss: 0.0654264
	speed: 0.0114s/iter; left time: 99.4889s
	iters: 600, epoch: 7 | loss: 0.0822702
	speed: 0.0114s/iter; left time: 98.4234s
	iters: 700, epoch: 7 | loss: 0.0697013
	speed: 0.0115s/iter; left time: 97.4630s
	iters: 800, epoch: 7 | loss: 0.0618942
	speed: 0.0115s/iter; left time: 96.4250s
	iters: 900, epoch: 7 | loss: 0.1087798
	speed: 0.0105s/iter; left time: 87.4727s
	iters: 1000, epoch: 7 | loss: 0.0543895
	speed: 0.0104s/iter; left time: 84.8394s
	iters: 1100, epoch: 7 | loss: 0.0790062
	speed: 0.0132s/iter; left time: 107.1683s
	iters: 1200, epoch: 7 | loss: 0.0833705
	speed: 0.0134s/iter; left time: 106.7702s
	iters: 1300, epoch: 7 | loss: 0.0547086
	speed: 0.0123s/iter; left time: 97.3888s
	iters: 1400, epoch: 7 | loss: 0.0873686
	speed: 0.0123s/iter; left time: 95.7456s
	iters: 1500, epoch: 7 | loss: 0.0654976
	speed: 0.0118s/iter; left time: 90.6065s
	iters: 1600, epoch: 7 | loss: 0.0675681
	speed: 0.0125s/iter; left time: 94.6159s
	iters: 1700, epoch: 7 | loss: 0.0788834
	speed: 0.0124s/iter; left time: 92.9879s
	iters: 1800, epoch: 7 | loss: 0.0833909
	speed: 0.0124s/iter; left time: 91.5112s
	iters: 1900, epoch: 7 | loss: 0.1512266
	speed: 0.0122s/iter; left time: 88.9427s
	iters: 2000, epoch: 7 | loss: 0.0503410
	speed: 0.0122s/iter; left time: 87.7501s
	iters: 2100, epoch: 7 | loss: 0.0457829
	speed: 0.0119s/iter; left time: 84.7582s
	iters: 2200, epoch: 7 | loss: 0.0592249
	speed: 0.0126s/iter; left time: 88.0690s
Epoch: 7 cost time: 27.21563720703125
Epoch: 7, Steps: 2299 | Train Loss: 0.1403591 Vali Loss: 0.1158400 Test Loss: 0.0336076
EarlyStopping counter: 2 out of 3
Updating learning rate to 1.5625e-05
	iters: 100, epoch: 8 | loss: 0.1903752
	speed: 0.4262s/iter; left time: 2897.2506s
	iters: 200, epoch: 8 | loss: 0.0615200
	speed: 0.0111s/iter; left time: 74.4018s
	iters: 300, epoch: 8 | loss: 0.1195415
	speed: 0.0114s/iter; left time: 74.9351s
	iters: 400, epoch: 8 | loss: 0.0464441
	speed: 0.0112s/iter; left time: 73.0118s
	iters: 500, epoch: 8 | loss: 0.0988549
	speed: 0.0112s/iter; left time: 71.4868s
	iters: 600, epoch: 8 | loss: 0.0740290
	speed: 0.0113s/iter; left time: 71.2694s
	iters: 700, epoch: 8 | loss: 0.0443237
	speed: 0.0115s/iter; left time: 71.4740s
	iters: 800, epoch: 8 | loss: 0.0748255
	speed: 0.0116s/iter; left time: 70.7110s
	iters: 900, epoch: 8 | loss: 0.1352229
	speed: 0.0116s/iter; left time: 69.6439s
	iters: 1000, epoch: 8 | loss: 0.0386174
	speed: 0.0117s/iter; left time: 69.1584s
	iters: 1100, epoch: 8 | loss: 0.0517802
	speed: 0.0123s/iter; left time: 71.5369s
	iters: 1200, epoch: 8 | loss: 0.0726405
	speed: 0.0117s/iter; left time: 66.4258s
	iters: 1300, epoch: 8 | loss: 0.0432071
	speed: 0.0120s/iter; left time: 67.0000s
	iters: 1400, epoch: 8 | loss: 0.0715432
	speed: 0.0117s/iter; left time: 64.3367s
	iters: 1500, epoch: 8 | loss: 0.0894697
	speed: 0.0118s/iter; left time: 63.5724s
	iters: 1600, epoch: 8 | loss: 0.0906817
	speed: 0.0119s/iter; left time: 63.0093s
	iters: 1700, epoch: 8 | loss: 0.0435344
	speed: 0.0119s/iter; left time: 62.0146s
	iters: 1800, epoch: 8 | loss: 0.0573102
	speed: 0.0114s/iter; left time: 58.1324s
	iters: 1900, epoch: 8 | loss: 0.1443665
	speed: 0.0114s/iter; left time: 56.9631s
	iters: 2000, epoch: 8 | loss: 0.1132098
	speed: 0.0112s/iter; left time: 54.8310s
	iters: 2100, epoch: 8 | loss: 0.1954926
	speed: 0.0112s/iter; left time: 53.8193s
	iters: 2200, epoch: 8 | loss: 0.0890199
	speed: 0.0113s/iter; left time: 53.0597s
Epoch: 8 cost time: 26.45627450942993
Epoch: 8, Steps: 2299 | Train Loss: 0.1335512 Vali Loss: 0.1046276 Test Loss: 0.0332475
EarlyStopping counter: 3 out of 3
Early stopping
>>>>>>>testing : imputation_weather_mask_0.25_Transformer_custom_ftM_sl96_ll0_pl0_dm128_nh8_el2_dl1_df128_fc3_ebtimeF_dtTrue_Exp_0<<<<<<<<<<<<<<<<<<<<<<<<<<<<<<<<<
test 10540
test shape: (10540, 96, 21) (10540, 96, 21)
mse:0.03436823561787605, mae:0.08517955243587494
