Args in experiment:
[1mBasic Config[0m
  Task Name:          long_term_forecast  Is Training:        1                   
  Model ID:           weather_96_720      Model:              PatchTST            

[1mData Loader[0m
  Data:               custom              Root Path:          ../iTransformer_datasets/weather/
  Data Path:          weather.csv         Features:           M                   
  Target:             OT                  Freq:               h                   
  Checkpoints:        ./checkpoints/      

[1mForecasting Task[0m
  Seq Len:            96                  Label Len:          48                  
  Pred Len:           720                 Seasonal Patterns:  Monthly             
  Inverse:            0                   

[1mModel Parameters[0m
  Top k:              5                   Num Kernels:        6                   
  Enc In:             21                  Dec In:             21                  
  C Out:              21                  d model:            512                 
  n heads:            4                   e layers:           2                   
  d layers:           1                   d FF:               2048                
  Moving Avg:         25                  Factor:             3                   
  Distil:             1                   Dropout:            0.1                 
  Embed:              timeF               Activation:         gelu                
  Output Attention:   0                   

[1mRun Parameters[0m
  Num Workers:        0                   Itr:                1                   
  Train Epochs:       3                   Batch Size:         128                 
  Patience:           3                   Learning Rate:      0.0001              
  Des:                Exp                 Loss:               MSE                 
  Lradj:              type1               Use Amp:            0                   

[1mGPU[0m
  Use GPU:            1                   GPU:                0                   
  Use Multi GPU:      0                   Devices:            0,1,2,3             

[1mDe-stationary Projector Params[0m
  P Hidden Dims:      128, 128            P Hidden Layers:    2                   

Use GPU: cuda:0
>>>>>>>start training : long_term_forecast_weather_96_720_PatchTST_custom_ftM_sl96_ll48_pl720_dm512_nh4_el2_dl1_df2048_fc3_ebtimeF_dtTrue_Exp_0>>>>>>>>>>>>>>>>>>>>>>>>>>
train 36072
val 4551
test 9820
	iters: 100, epoch: 1 | loss: 0.6391510
	speed: 0.9855s/iter; left time: 733.1836s
	iters: 200, epoch: 1 | loss: 0.7392035
	speed: 0.8143s/iter; left time: 524.4322s
Epoch: 1 cost time: 246.76353883743286
Epoch: 1, Steps: 281 | Train Loss: 0.7372462 Vali Loss: 0.7369679 Test Loss: 0.3619505
Validation loss decreased (inf --> 0.736968).  Saving model ...
Updating learning rate to 0.0001
	iters: 100, epoch: 2 | loss: 0.7926866
	speed: 2.5663s/iter; left time: 1188.2181s
	iters: 200, epoch: 2 | loss: 0.7547390
	speed: 0.5054s/iter; left time: 183.4715s
Epoch: 2 cost time: 149.4422037601471
Epoch: 2, Steps: 281 | Train Loss: 0.7099838 Vali Loss: 0.7355994 Test Loss: 0.3587513
Validation loss decreased (0.736968 --> 0.735599).  Saving model ...
Updating learning rate to 5e-05
	iters: 100, epoch: 3 | loss: 0.6999109
	speed: 3.0474s/iter; left time: 554.6318s
	iters: 200, epoch: 3 | loss: 0.7576118
	speed: 0.4989s/iter; left time: 40.9083s
Epoch: 3 cost time: 137.53358602523804
Epoch: 3, Steps: 281 | Train Loss: 0.6985125 Vali Loss: 0.7333831 Test Loss: 0.3573268
Validation loss decreased (0.735599 --> 0.733383).  Saving model ...
Updating learning rate to 2.5e-05
>>>>>>>testing : long_term_forecast_weather_96_720_PatchTST_custom_ftM_sl96_ll48_pl720_dm512_nh4_el2_dl1_df2048_fc3_ebtimeF_dtTrue_Exp_0<<<<<<<<<<<<<<<<<<<<<<<<<<<<<<<<<
test 9820
test shape: (9820, 1, 720, 21) (9820, 1, 720, 21)
test shape: (9820, 720, 21) (9820, 720, 21)
mse:0.3573252260684967, mae:0.350963294506073
Spend Time: 1411.2747526168823
