Args in experiment:
[1mBasic Config[0m
  Task Name:          long_term_forecast  Is Training:        1                   
  Model ID:           weather_96_720      Model:              TimesNet            

[1mData Loader[0m
  Data:               custom              Root Path:          ../iTransformer_datasets/weather/
  Data Path:          weather.csv         Features:           M                   
  Target:             OT                  Freq:               h                   
  Checkpoints:        ./checkpoints/      

[1mForecasting Task[0m
  Seq Len:            96                  Label Len:          48                  
  Pred Len:           720                 Seasonal Patterns:  Monthly             
  Inverse:            0                   

[1mModel Parameters[0m
  Top k:              5                   Num Kernels:        6                   
  Enc In:             21                  Dec In:             21                  
  C Out:              21                  d model:            32                  
  n heads:            8                   e layers:           2                   
  d layers:           1                   d FF:               32                  
  Moving Avg:         25                  Factor:             3                   
  Distil:             1                   Dropout:            0.1                 
  Embed:              timeF               Activation:         gelu                
  Output Attention:   0                   

[1mRun Parameters[0m
  Num Workers:        0                   Itr:                1                   
  Train Epochs:       1                   Batch Size:         32                  
  Patience:           3                   Learning Rate:      0.0001              
  Des:                Exp                 Loss:               MSE                 
  Lradj:              type1               Use Amp:            0                   

[1mGPU[0m
  Use GPU:            1                   GPU:                0                   
  Use Multi GPU:      0                   Devices:            0,1,2,3             

[1mDe-stationary Projector Params[0m
  P Hidden Dims:      128, 128            P Hidden Layers:    2                   

Use GPU: cuda:0
>>>>>>>start training : long_term_forecast_weather_96_720_TimesNet_custom_ftM_sl96_ll48_pl720_dm32_nh8_el2_dl1_df32_fc3_ebtimeF_dtTrue_Exp_0>>>>>>>>>>>>>>>>>>>>>>>>>>
train 36072
val 4551
test 9820
	iters: 100, epoch: 1 | loss: 0.8818657
	speed: 0.5315s/iter; left time: 546.3448s
	iters: 200, epoch: 1 | loss: 0.8596777
	speed: 0.6650s/iter; left time: 617.1471s
	iters: 300, epoch: 1 | loss: 0.7884723
	speed: 0.5681s/iter; left time: 470.3559s
	iters: 400, epoch: 1 | loss: 0.6076819
	speed: 0.6261s/iter; left time: 455.8023s
	iters: 500, epoch: 1 | loss: 0.5649765
	speed: 0.7088s/iter; left time: 445.1551s
	iters: 600, epoch: 1 | loss: 0.5488303
	speed: 0.5263s/iter; left time: 277.8709s
	iters: 700, epoch: 1 | loss: 0.6312833
	speed: 0.8118s/iter; left time: 347.4438s
	iters: 800, epoch: 1 | loss: 0.5204903
	speed: 0.5479s/iter; left time: 179.7159s
	iters: 900, epoch: 1 | loss: 0.5275187
	speed: 0.5663s/iter; left time: 129.1136s
	iters: 1000, epoch: 1 | loss: 0.5717988
	speed: 0.5855s/iter; left time: 74.9420s
	iters: 1100, epoch: 1 | loss: 0.6143473
	speed: 0.5829s/iter; left time: 16.3223s
Epoch: 1 cost time: 688.2458336353302
Epoch: 1, Steps: 1127 | Train Loss: 0.6962100 Vali Loss: 0.7120359 Test Loss: 0.3560986
Validation loss decreased (inf --> 0.712036).  Saving model ...
Updating learning rate to 0.0001
>>>>>>>testing : long_term_forecast_weather_96_720_TimesNet_custom_ftM_sl96_ll48_pl720_dm32_nh8_el2_dl1_df32_fc3_ebtimeF_dtTrue_Exp_0<<<<<<<<<<<<<<<<<<<<<<<<<<<<<<<<<
test 9820
test shape: (9820, 1, 720, 21) (9820, 1, 720, 21)
test shape: (9820, 720, 21) (9820, 720, 21)
mse:0.35609883069992065, mae:0.35253527760505676
