Args in experiment:
[1mBasic Config[0m
  Task Name:          long_term_forecast  Is Training:        1                   
  Model ID:           weather_96_192      Model:              TimesNet            

[1mData Loader[0m
  Data:               custom              Root Path:          ../iTransformer_datasets/weather/
  Data Path:          weather.csv         Features:           M                   
  Target:             OT                  Freq:               h                   
  Checkpoints:        ./checkpoints/      

[1mForecasting Task[0m
  Seq Len:            96                  Label Len:          48                  
  Pred Len:           192                 Seasonal Patterns:  Monthly             
  Inverse:            0                   

[1mModel Parameters[0m
  Top k:              5                   Num Kernels:        6                   
  Enc In:             21                  Dec In:             21                  
  C Out:              21                  d model:            32                  
  n heads:            8                   e layers:           2                   
  d layers:           1                   d FF:               32                  
  Moving Avg:         25                  Factor:             3                   
  Distil:             1                   Dropout:            0.1                 
  Embed:              timeF               Activation:         gelu                
  Output Attention:   0                   

[1mRun Parameters[0m
  Num Workers:        0                   Itr:                1                   
  Train Epochs:       1                   Batch Size:         32                  
  Patience:           3                   Learning Rate:      0.0001              
  Des:                Exp                 Loss:               MSE                 
  Lradj:              type1               Use Amp:            0                   

[1mGPU[0m
  Use GPU:            1                   GPU:                0                   
  Use Multi GPU:      0                   Devices:            0,1,2,3             

[1mDe-stationary Projector Params[0m
  P Hidden Dims:      128, 128            P Hidden Layers:    2                   

Use GPU: cuda:0
>>>>>>>start training : long_term_forecast_weather_96_192_TimesNet_custom_ftM_sl96_ll48_pl192_dm32_nh8_el2_dl1_df32_fc3_ebtimeF_dtTrue_Exp_0>>>>>>>>>>>>>>>>>>>>>>>>>>
train 36600
val 5079
test 10348
	iters: 100, epoch: 1 | loss: 0.5207899
	speed: 0.3080s/iter; left time: 321.5147s
	iters: 200, epoch: 1 | loss: 0.3979959
	speed: 0.3106s/iter; left time: 293.1640s
	iters: 300, epoch: 1 | loss: 0.4334603
	speed: 0.3541s/iter; left time: 298.8230s
	iters: 400, epoch: 1 | loss: 0.9786369
	speed: 0.3520s/iter; left time: 261.8883s
	iters: 500, epoch: 1 | loss: 0.4523177
	speed: 0.2911s/iter; left time: 187.4829s
	iters: 600, epoch: 1 | loss: 0.3826686
	speed: 0.2832s/iter; left time: 154.0612s
	iters: 700, epoch: 1 | loss: 1.0097303
	speed: 0.3082s/iter; left time: 136.8455s
	iters: 800, epoch: 1 | loss: 0.5273388
	speed: 0.3433s/iter; left time: 118.1035s
	iters: 900, epoch: 1 | loss: 0.5687766
	speed: 0.3753s/iter; left time: 91.5750s
	iters: 1000, epoch: 1 | loss: 0.5062535
	speed: 0.2770s/iter; left time: 39.8854s
	iters: 1100, epoch: 1 | loss: 0.4848850
	speed: 0.2774s/iter; left time: 12.2050s
Epoch: 1 cost time: 358.174352645874
Epoch: 1, Steps: 1143 | Train Loss: 0.5416689 Vali Loss: 0.4989756 Test Loss: 0.2269324
Validation loss decreased (inf --> 0.498976).  Saving model ...
Updating learning rate to 0.0001
>>>>>>>testing : long_term_forecast_weather_96_192_TimesNet_custom_ftM_sl96_ll48_pl192_dm32_nh8_el2_dl1_df32_fc3_ebtimeF_dtTrue_Exp_0<<<<<<<<<<<<<<<<<<<<<<<<<<<<<<<<<
test 10348
test shape: (10348, 1, 192, 21) (10348, 1, 192, 21)
test shape: (10348, 192, 21) (10348, 192, 21)
mse:0.2269326001405716, mae:0.2677680253982544
