Args in experiment:
[1mBasic Config[0m
  Task Name:          long_term_forecast  Is Training:        1                   
  Model ID:           ili_36_48           Model:              PatchTST            

[1mData Loader[0m
  Data:               custom              Root Path:          ../iTransformer_datasets/illness/
  Data Path:          national_illness.csvFeatures:           M                   
  Target:             OT                  Freq:               h                   
  Checkpoints:        ./checkpoints/      

[1mForecasting Task[0m
  Seq Len:            36                  Label Len:          18                  
  Pred Len:           48                  Seasonal Patterns:  Monthly             
  Inverse:            0                   

[1mModel Parameters[0m
  Top k:              5                   Num Kernels:        6                   
  Enc In:             7                   Dec In:             7                   
  C Out:              7                   d model:            2048                
  n heads:            4                   e layers:           4                   
  d layers:           1                   d FF:               2048                
  Moving Avg:         25                  Factor:             3                   
  Distil:             1                   Dropout:            0.1                 
  Embed:              timeF               Activation:         gelu                
  Output Attention:   0                   

[1mRun Parameters[0m
  Num Workers:        0                   Itr:                1                   
  Train Epochs:       10                  Batch Size:         32                  
  Patience:           3                   Learning Rate:      0.0001              
  Des:                Exp                 Loss:               MSE                 
  Lradj:              type1               Use Amp:            0                   

[1mGPU[0m
  Use GPU:            1                   GPU:                0                   
  Use Multi GPU:      0                   Devices:            0,1,2,3             

[1mDe-stationary Projector Params[0m
  P Hidden Dims:      128, 128            P Hidden Layers:    2                   

Use GPU: cuda:0
>>>>>>>start training : long_term_forecast_ili_36_48_PatchTST_custom_ftM_sl36_ll18_pl48_dm2048_nh4_el4_dl1_df2048_fc3_ebtimeF_dtTrue_Exp_0>>>>>>>>>>>>>>>>>>>>>>>>>>
train 593
val 50
test 146
Epoch: 1 cost time: 3.5609726905822754
Epoch: 1, Steps: 18 | Train Loss: 1.0206133 Vali Loss: 0.3452598 Test Loss: 2.8838561
Validation loss decreased (inf --> 0.345260).  Saving model ...
Updating learning rate to 0.0001
Epoch: 2 cost time: 0.8779275417327881
Epoch: 2, Steps: 18 | Train Loss: 0.7085342 Vali Loss: 0.3385787 Test Loss: 2.7752366
Validation loss decreased (0.345260 --> 0.338579).  Saving model ...
Updating learning rate to 5e-05
Epoch: 3 cost time: 0.8926584720611572
Epoch: 3, Steps: 18 | Train Loss: 0.6270385 Vali Loss: 0.2692974 Test Loss: 2.4036562
Validation loss decreased (0.338579 --> 0.269297).  Saving model ...
Updating learning rate to 2.5e-05
Epoch: 4 cost time: 0.8988542556762695
Epoch: 4, Steps: 18 | Train Loss: 0.5784759 Vali Loss: 0.2556207 Test Loss: 2.1587574
Validation loss decreased (0.269297 --> 0.255621).  Saving model ...
Updating learning rate to 1.25e-05
Epoch: 5 cost time: 0.8791565895080566
Epoch: 5, Steps: 18 | Train Loss: 0.5714543 Vali Loss: 0.2541220 Test Loss: 2.2282333
Validation loss decreased (0.255621 --> 0.254122).  Saving model ...
Updating learning rate to 6.25e-06
Epoch: 6 cost time: 0.8770468235015869
Epoch: 6, Steps: 18 | Train Loss: 0.5663385 Vali Loss: 0.2400094 Test Loss: 2.1362498
Validation loss decreased (0.254122 --> 0.240009).  Saving model ...
Updating learning rate to 3.125e-06
Epoch: 7 cost time: 0.8867228031158447
Epoch: 7, Steps: 18 | Train Loss: 0.5553104 Vali Loss: 0.2560585 Test Loss: 2.1600525
EarlyStopping counter: 1 out of 3
Updating learning rate to 1.5625e-06
Epoch: 8 cost time: 0.846372127532959
Epoch: 8, Steps: 18 | Train Loss: 0.5424576 Vali Loss: 0.2450559 Test Loss: 2.1332684
EarlyStopping counter: 2 out of 3
Updating learning rate to 7.8125e-07
Epoch: 9 cost time: 0.8468589782714844
Epoch: 9, Steps: 18 | Train Loss: 0.5420666 Vali Loss: 0.2588886 Test Loss: 2.1355114
EarlyStopping counter: 3 out of 3
Early stopping
>>>>>>>testing : long_term_forecast_ili_36_48_PatchTST_custom_ftM_sl36_ll18_pl48_dm2048_nh4_el4_dl1_df2048_fc3_ebtimeF_dtTrue_Exp_0<<<<<<<<<<<<<<<<<<<<<<<<<<<<<<<<<
test 146
test shape: (146, 1, 48, 7) (146, 1, 48, 7)
test shape: (146, 48, 7) (146, 48, 7)
mse:2.1362497806549072, mae:0.8952345252037048
Spend Time: 503.85382533073425
