Args in experiment:
[1mBasic Config[0m
  Task Name:          long_term_forecast  Is Training:        1                   
  Model ID:           ili_36_36           Model:              PatchTST            

[1mData Loader[0m
  Data:               custom              Root Path:          ../iTransformer_datasets/illness/
  Data Path:          national_illness.csvFeatures:           M                   
  Target:             OT                  Freq:               h                   
  Checkpoints:        ./checkpoints/      

[1mForecasting Task[0m
  Seq Len:            36                  Label Len:          18                  
  Pred Len:           36                  Seasonal Patterns:  Monthly             
  Inverse:            0                   

[1mModel Parameters[0m
  Top k:              5                   Num Kernels:        6                   
  Enc In:             7                   Dec In:             7                   
  C Out:              7                   d model:            2048                
  n heads:            4                   e layers:           4                   
  d layers:           1                   d FF:               2048                
  Moving Avg:         25                  Factor:             3                   
  Distil:             1                   Dropout:            0.1                 
  Embed:              timeF               Activation:         gelu                
  Output Attention:   0                   

[1mRun Parameters[0m
  Num Workers:        0                   Itr:                1                   
  Train Epochs:       10                  Batch Size:         32                  
  Patience:           3                   Learning Rate:      0.0001              
  Des:                Exp                 Loss:               MSE                 
  Lradj:              type1               Use Amp:            0                   

[1mGPU[0m
  Use GPU:            1                   GPU:                0                   
  Use Multi GPU:      0                   Devices:            0,1,2,3             

[1mDe-stationary Projector Params[0m
  P Hidden Dims:      128, 128            P Hidden Layers:    2                   

Use GPU: cuda:0
>>>>>>>start training : long_term_forecast_ili_36_36_PatchTST_custom_ftM_sl36_ll18_pl36_dm2048_nh4_el4_dl1_df2048_fc3_ebtimeF_dtTrue_Exp_0>>>>>>>>>>>>>>>>>>>>>>>>>>
train 605
val 62
test 158
Epoch: 1 cost time: 7.1432459354400635
Epoch: 1, Steps: 18 | Train Loss: 1.0772419 Vali Loss: 0.4153799 Test Loss: 3.1422803
Validation loss decreased (inf --> 0.415380).  Saving model ...
Updating learning rate to 0.0001
Epoch: 2 cost time: 2.7715609073638916
Epoch: 2, Steps: 18 | Train Loss: 0.7137104 Vali Loss: 0.3104121 Test Loss: 2.4034855
Validation loss decreased (0.415380 --> 0.310412).  Saving model ...
Updating learning rate to 5e-05
Epoch: 3 cost time: 2.5062785148620605
Epoch: 3, Steps: 18 | Train Loss: 0.6374167 Vali Loss: 0.3093171 Test Loss: 2.5078700
Validation loss decreased (0.310412 --> 0.309317).  Saving model ...
Updating learning rate to 2.5e-05
Epoch: 4 cost time: 2.622842788696289
Epoch: 4, Steps: 18 | Train Loss: 0.5826615 Vali Loss: 0.2579631 Test Loss: 2.3714535
Validation loss decreased (0.309317 --> 0.257963).  Saving model ...
Updating learning rate to 1.25e-05
Epoch: 5 cost time: 2.1211183071136475
Epoch: 5, Steps: 18 | Train Loss: 0.5771825 Vali Loss: 0.2665048 Test Loss: 2.2927010
EarlyStopping counter: 1 out of 3
Updating learning rate to 6.25e-06
Epoch: 6 cost time: 2.194856643676758
Epoch: 6, Steps: 18 | Train Loss: 0.5769038 Vali Loss: 0.2916355 Test Loss: 2.3193915
EarlyStopping counter: 2 out of 3
Updating learning rate to 3.125e-06
Epoch: 7 cost time: 2.2409706115722656
Epoch: 7, Steps: 18 | Train Loss: 0.5604548 Vali Loss: 0.2483546 Test Loss: 2.3372865
Validation loss decreased (0.257963 --> 0.248355).  Saving model ...
Updating learning rate to 1.5625e-06
Epoch: 8 cost time: 2.427069902420044
Epoch: 8, Steps: 18 | Train Loss: 0.5536371 Vali Loss: 0.2471194 Test Loss: 2.3458736
Validation loss decreased (0.248355 --> 0.247119).  Saving model ...
Updating learning rate to 7.8125e-07
Epoch: 9 cost time: 4.063868045806885
Epoch: 9, Steps: 18 | Train Loss: 0.5592533 Vali Loss: 0.2592286 Test Loss: 2.3442247
EarlyStopping counter: 1 out of 3
Updating learning rate to 3.90625e-07
Epoch: 10 cost time: 2.5434072017669678
Epoch: 10, Steps: 18 | Train Loss: 0.5624621 Vali Loss: 0.2684481 Test Loss: 2.3390601
EarlyStopping counter: 2 out of 3
Updating learning rate to 1.953125e-07
>>>>>>>testing : long_term_forecast_ili_36_36_PatchTST_custom_ftM_sl36_ll18_pl36_dm2048_nh4_el4_dl1_df2048_fc3_ebtimeF_dtTrue_Exp_0<<<<<<<<<<<<<<<<<<<<<<<<<<<<<<<<<
test 158
test shape: (158, 1, 36, 7) (158, 1, 36, 7)
test shape: (158, 36, 7) (158, 36, 7)
mse:2.3458733558654785, mae:0.9385879039764404
