Args in experiment:
[1mBasic Config[0m
  Task Name:          long_term_forecast  Is Training:        1                   
  Model ID:           ili_36_24           Model:              PatchTST            

[1mData Loader[0m
  Data:               custom              Root Path:          ../iTransformer_datasets/illness/
  Data Path:          national_illness.csvFeatures:           M                   
  Target:             OT                  Freq:               h                   
  Checkpoints:        ./checkpoints/      

[1mForecasting Task[0m
  Seq Len:            36                  Label Len:          18                  
  Pred Len:           24                  Seasonal Patterns:  Monthly             
  Inverse:            0                   

[1mModel Parameters[0m
  Top k:              5                   Num Kernels:        6                   
  Enc In:             7                   Dec In:             7                   
  C Out:              7                   d model:            1024                
  n heads:            4                   e layers:           4                   
  d layers:           1                   d FF:               2048                
  Moving Avg:         25                  Factor:             3                   
  Distil:             1                   Dropout:            0.1                 
  Embed:              timeF               Activation:         gelu                
  Output Attention:   0                   

[1mRun Parameters[0m
  Num Workers:        0                   Itr:                1                   
  Train Epochs:       10                  Batch Size:         32                  
  Patience:           3                   Learning Rate:      0.0001              
  Des:                Exp                 Loss:               MSE                 
  Lradj:              type1               Use Amp:            0                   

[1mGPU[0m
  Use GPU:            1                   GPU:                0                   
  Use Multi GPU:      0                   Devices:            0,1,2,3             

[1mDe-stationary Projector Params[0m
  P Hidden Dims:      128, 128            P Hidden Layers:    2                   

Use GPU: cuda:0
>>>>>>>start training : long_term_forecast_ili_36_24_PatchTST_custom_ftM_sl36_ll18_pl24_dm1024_nh4_el4_dl1_df2048_fc3_ebtimeF_dtTrue_Exp_0>>>>>>>>>>>>>>>>>>>>>>>>>>
train 617
val 74
test 170
Epoch: 1 cost time: 2.2079508304595947
Epoch: 1, Steps: 19 | Train Loss: 0.9233918 Vali Loss: 0.4189913 Test Loss: 3.2218742
Validation loss decreased (inf --> 0.418991).  Saving model ...
Updating learning rate to 0.0001
Epoch: 2 cost time: 1.544675588607788
Epoch: 2, Steps: 19 | Train Loss: 0.7002889 Vali Loss: 0.3768785 Test Loss: 2.3861787
Validation loss decreased (0.418991 --> 0.376878).  Saving model ...
Updating learning rate to 5e-05
Epoch: 3 cost time: 2.745413303375244
Epoch: 3, Steps: 19 | Train Loss: 0.6397431 Vali Loss: 0.3025607 Test Loss: 2.1814067
Validation loss decreased (0.376878 --> 0.302561).  Saving model ...
Updating learning rate to 2.5e-05
Epoch: 4 cost time: 1.649165391921997
Epoch: 4, Steps: 19 | Train Loss: 0.5935527 Vali Loss: 0.2867684 Test Loss: 2.2112904
Validation loss decreased (0.302561 --> 0.286768).  Saving model ...
Updating learning rate to 1.25e-05
Epoch: 5 cost time: 1.3066155910491943
Epoch: 5, Steps: 19 | Train Loss: 0.5770220 Vali Loss: 0.2656045 Test Loss: 2.1259880
Validation loss decreased (0.286768 --> 0.265604).  Saving model ...
Updating learning rate to 6.25e-06
Epoch: 6 cost time: 1.3204801082611084
Epoch: 6, Steps: 19 | Train Loss: 0.5568846 Vali Loss: 0.2527598 Test Loss: 2.1717191
Validation loss decreased (0.265604 --> 0.252760).  Saving model ...
Updating learning rate to 3.125e-06
Epoch: 7 cost time: 1.3398535251617432
Epoch: 7, Steps: 19 | Train Loss: 0.5642494 Vali Loss: 0.2528369 Test Loss: 2.1441205
EarlyStopping counter: 1 out of 3
Updating learning rate to 1.5625e-06
Epoch: 8 cost time: 1.276036262512207
Epoch: 8, Steps: 19 | Train Loss: 0.5630711 Vali Loss: 0.2670021 Test Loss: 2.1485801
EarlyStopping counter: 2 out of 3
Updating learning rate to 7.8125e-07
Epoch: 9 cost time: 1.2636394500732422
Epoch: 9, Steps: 19 | Train Loss: 0.5603711 Vali Loss: 0.2644883 Test Loss: 2.1543629
EarlyStopping counter: 3 out of 3
Early stopping
>>>>>>>testing : long_term_forecast_ili_36_24_PatchTST_custom_ftM_sl36_ll18_pl24_dm1024_nh4_el4_dl1_df2048_fc3_ebtimeF_dtTrue_Exp_0<<<<<<<<<<<<<<<<<<<<<<<<<<<<<<<<<
test 170
test shape: (170, 1, 24, 7) (170, 1, 24, 7)
test shape: (170, 24, 7) (170, 24, 7)
mse:2.1717193126678467, mae:0.8851333856582642
