Args in experiment:
[1mBasic Config[0m
  Task Name:          long_term_forecast  Is Training:        1                   
  Model ID:           ili_36_60           Model:              TimesNet            

[1mData Loader[0m
  Data:               custom              Root Path:          ../iTransformer_datasets/illness/
  Data Path:          national_illness.csvFeatures:           M                   
  Target:             OT                  Freq:               h                   
  Checkpoints:        ./checkpoints/      

[1mForecasting Task[0m
  Seq Len:            36                  Label Len:          18                  
  Pred Len:           60                  Seasonal Patterns:  Monthly             
  Inverse:            0                   

[1mModel Parameters[0m
  Top k:              5                   Num Kernels:        6                   
  Enc In:             7                   Dec In:             7                   
  C Out:              7                   d model:            768                 
  n heads:            8                   e layers:           2                   
  d layers:           1                   d FF:               768                 
  Moving Avg:         25                  Factor:             3                   
  Distil:             1                   Dropout:            0.1                 
  Embed:              timeF               Activation:         gelu                
  Output Attention:   0                   

[1mRun Parameters[0m
  Num Workers:        0                   Itr:                1                   
  Train Epochs:       10                  Batch Size:         32                  
  Patience:           3                   Learning Rate:      0.0001              
  Des:                Exp                 Loss:               MSE                 
  Lradj:              type1               Use Amp:            0                   

[1mGPU[0m
  Use GPU:            1                   GPU:                0                   
  Use Multi GPU:      0                   Devices:            0,1,2,3             

[1mDe-stationary Projector Params[0m
  P Hidden Dims:      128, 128            P Hidden Layers:    2                   

Use GPU: cuda:0
>>>>>>>start training : long_term_forecast_ili_36_60_TimesNet_custom_ftM_sl36_ll18_pl60_dm768_nh8_el2_dl1_df768_fc3_ebtimeF_dtTrue_Exp_0>>>>>>>>>>>>>>>>>>>>>>>>>>
train 581
val 38
test 134
Traceback (most recent call last):
  File "run.py", line 272, in <module>
    exp.train(setting)
  File "/mnt/nas/home/cilab/Jianping/Research/Time-Series-Library/exp/exp_long_term_forecasting.py", line 135, in train
    outputs = self.model(batch_x, batch_x_mark, dec_inp, batch_y_mark)
  File "/home/cilab/miniconda3/envs/zjp/lib/python3.8/site-packages/torch/nn/modules/module.py", line 1511, in _wrapped_call_impl
    return self._call_impl(*args, **kwargs)
  File "/home/cilab/miniconda3/envs/zjp/lib/python3.8/site-packages/torch/nn/modules/module.py", line 1520, in _call_impl
    return forward_call(*args, **kwargs)
  File "/mnt/nas/home/cilab/Jianping/Research/Time-Series-Library/models/TimesNet.py", line 203, in forward
    dec_out = self.forecast(x_enc, x_mark_enc, x_dec, x_mark_dec)
  File "/mnt/nas/home/cilab/Jianping/Research/Time-Series-Library/models/TimesNet.py", line 112, in forecast
    enc_out = self.enc_embedding(x_enc, x_mark_enc)  # [B,T,C]
  File "/home/cilab/miniconda3/envs/zjp/lib/python3.8/site-packages/torch/nn/modules/module.py", line 1511, in _wrapped_call_impl
    return self._call_impl(*args, **kwargs)
  File "/home/cilab/miniconda3/envs/zjp/lib/python3.8/site-packages/torch/nn/modules/module.py", line 1520, in _call_impl
    return forward_call(*args, **kwargs)
  File "/mnt/nas/home/cilab/Jianping/Research/Time-Series-Library/layers/Embed.py", line 124, in forward
    x = self.value_embedding(
  File "/home/cilab/miniconda3/envs/zjp/lib/python3.8/site-packages/torch/nn/modules/module.py", line 1511, in _wrapped_call_impl
    return self._call_impl(*args, **kwargs)
  File "/home/cilab/miniconda3/envs/zjp/lib/python3.8/site-packages/torch/nn/modules/module.py", line 1520, in _call_impl
    return forward_call(*args, **kwargs)
  File "/mnt/nas/home/cilab/Jianping/Research/Time-Series-Library/layers/Embed.py", line 41, in forward
    x = self.tokenConv(x.permute(0, 2, 1)).transpose(1, 2)
  File "/home/cilab/miniconda3/envs/zjp/lib/python3.8/site-packages/torch/nn/modules/module.py", line 1511, in _wrapped_call_impl
    return self._call_impl(*args, **kwargs)
  File "/home/cilab/miniconda3/envs/zjp/lib/python3.8/site-packages/torch/nn/modules/module.py", line 1520, in _call_impl
    return forward_call(*args, **kwargs)
  File "/home/cilab/miniconda3/envs/zjp/lib/python3.8/site-packages/torch/nn/modules/conv.py", line 310, in forward
    return self._conv_forward(input, self.weight, self.bias)
  File "/home/cilab/miniconda3/envs/zjp/lib/python3.8/site-packages/torch/nn/modules/conv.py", line 303, in _conv_forward
    return F.conv1d(F.pad(input, self._reversed_padding_repeated_twice, mode=self.padding_mode),
RuntimeError: GET was unable to find an engine to execute this computation
