Args in experiment:
[1mBasic Config[0m
  Task Name:          long_term_forecast  Is Training:        1                   
  Model ID:           ili_36_24           Model:              TimesNet            

[1mData Loader[0m
  Data:               custom              Root Path:          ../iTransformer_datasets/illness/
  Data Path:          national_illness.csvFeatures:           M                   
  Target:             OT                  Freq:               h                   
  Checkpoints:        ./checkpoints/      

[1mForecasting Task[0m
  Seq Len:            36                  Label Len:          18                  
  Pred Len:           24                  Seasonal Patterns:  Monthly             
  Inverse:            0                   

[1mModel Parameters[0m
  Top k:              5                   Num Kernels:        6                   
  Enc In:             7                   Dec In:             7                   
  C Out:              7                   d model:            768                 
  n heads:            8                   e layers:           2                   
  d layers:           1                   d FF:               768                 
  Moving Avg:         25                  Factor:             3                   
  Distil:             1                   Dropout:            0.1                 
  Embed:              timeF               Activation:         gelu                
  Output Attention:   0                   

[1mRun Parameters[0m
  Num Workers:        0                   Itr:                1                   
  Train Epochs:       10                  Batch Size:         32                  
  Patience:           3                   Learning Rate:      0.0001              
  Des:                Exp                 Loss:               MSE                 
  Lradj:              type1               Use Amp:            0                   

[1mGPU[0m
  Use GPU:            1                   GPU:                0                   
  Use Multi GPU:      0                   Devices:            0,1,2,3             

[1mDe-stationary Projector Params[0m
  P Hidden Dims:      128, 128            P Hidden Layers:    2                   

Use GPU: cuda:0
>>>>>>>start training : long_term_forecast_ili_36_24_TimesNet_custom_ftM_sl36_ll18_pl24_dm768_nh8_el2_dl1_df768_fc3_ebtimeF_dtTrue_Exp_0>>>>>>>>>>>>>>>>>>>>>>>>>>
train 617
val 74
test 170
Epoch: 1 cost time: 127.3659770488739
Epoch: 1, Steps: 19 | Train Loss: 0.8433206 Vali Loss: 0.3909772 Test Loss: 2.6935318
Validation loss decreased (inf --> 0.390977).  Saving model ...
Updating learning rate to 0.0001
Epoch: 2 cost time: 110.7311623096466
Epoch: 2, Steps: 19 | Train Loss: 0.6074528 Vali Loss: 0.2817360 Test Loss: 2.4084685
Validation loss decreased (0.390977 --> 0.281736).  Saving model ...
Updating learning rate to 5e-05
Epoch: 3 cost time: 114.12193369865417
Epoch: 3, Steps: 19 | Train Loss: 0.4918484 Vali Loss: 0.2584359 Test Loss: 2.1458411
Validation loss decreased (0.281736 --> 0.258436).  Saving model ...
Updating learning rate to 2.5e-05
Epoch: 4 cost time: 131.76962065696716
Epoch: 4, Steps: 19 | Train Loss: 0.4324806 Vali Loss: 0.2210608 Test Loss: 2.0504344
Validation loss decreased (0.258436 --> 0.221061).  Saving model ...
Updating learning rate to 1.25e-05
Epoch: 5 cost time: 125.42198419570923
Epoch: 5, Steps: 19 | Train Loss: 0.4052752 Vali Loss: 0.2340354 Test Loss: 2.0007503
EarlyStopping counter: 1 out of 3
Updating learning rate to 6.25e-06
Epoch: 6 cost time: 89.83519721031189
Epoch: 6, Steps: 19 | Train Loss: 0.3891650 Vali Loss: 0.2279371 Test Loss: 1.9922225
EarlyStopping counter: 2 out of 3
Updating learning rate to 3.125e-06
Epoch: 7 cost time: 81.35311079025269
Epoch: 7, Steps: 19 | Train Loss: 0.3865955 Vali Loss: 0.2431706 Test Loss: 2.0445976
EarlyStopping counter: 3 out of 3
Early stopping
>>>>>>>testing : long_term_forecast_ili_36_24_TimesNet_custom_ftM_sl36_ll18_pl24_dm768_nh8_el2_dl1_df768_fc3_ebtimeF_dtTrue_Exp_0<<<<<<<<<<<<<<<<<<<<<<<<<<<<<<<<<
test 170
test shape: (170, 1, 24, 7) (170, 1, 24, 7)
test shape: (170, 24, 7) (170, 24, 7)
mse:2.0504343509674072, mae:0.9507607817649841
