Args in experiment:
[1mBasic Config[0m
  Task Name:          anomaly_detection   Is Training:        1                   
  Model ID:           SMD                 Model:              Autoformer          

[1mData Loader[0m
  Data:               SMD                 Root Path:          ../iTransformer_datasets/anomaly_detection/SMD
  Data Path:          ETTh1.csv           Features:           M                   
  Target:             OT                  Freq:               h                   
  Checkpoints:        ./checkpoints/      

[1mAnomaly Detection Task[0m
  Anomaly Ratio:      0.5                 

[1mModel Parameters[0m
  Top k:              5                   Num Kernels:        6                   
  Enc In:             38                  Dec In:             7                   
  C Out:              38                  d model:            128                 
  n heads:            8                   e layers:           3                   
  d layers:           1                   d FF:               128                 
  Moving Avg:         25                  Factor:             1                   
  Distil:             1                   Dropout:            0.1                 
  Embed:              timeF               Activation:         gelu                
  Output Attention:   0                   

[1mRun Parameters[0m
  Num Workers:        0                   Itr:                1                   
  Train Epochs:       10                  Batch Size:         128                 
  Patience:           3                   Learning Rate:      0.0001              
  Des:                test                Loss:               MSE                 
  Lradj:              type1               Use Amp:            0                   

[1mGPU[0m
  Use GPU:            1                   GPU:                0                   
  Use Multi GPU:      0                   Devices:            0,1,2,3             

[1mDe-stationary Projector Params[0m
  P Hidden Dims:      128, 128            P Hidden Layers:    2                   

Use GPU: cuda:0
>>>>>>>start training : anomaly_detection_SMD_Autoformer_SMD_ftM_sl100_ll48_pl0_dm128_nh8_el3_dl1_df128_fc1_ebtimeF_dtTrue_test_0>>>>>>>>>>>>>>>>>>>>>>>>>>
train 7084
val 1416
test 7084
Epoch: 1 cost time: 4.242199182510376
Epoch: 1, Steps: 56 | Train Loss: 1.2097457 Vali Loss: 0.7486348 Test Loss: 2.0178821
Validation loss decreased (inf --> 0.748635).  Saving model ...
Updating learning rate to 0.0001
Epoch: 2 cost time: 2.6637656688690186
Epoch: 2, Steps: 56 | Train Loss: 1.0475341 Vali Loss: 0.6943856 Test Loss: 1.9438094
Validation loss decreased (0.748635 --> 0.694386).  Saving model ...
Updating learning rate to 5e-05
Epoch: 3 cost time: 3.647850275039673
Epoch: 3, Steps: 56 | Train Loss: 0.9990899 Vali Loss: 0.6481050 Test Loss: 1.9306393
Validation loss decreased (0.694386 --> 0.648105).  Saving model ...
Updating learning rate to 2.5e-05
Epoch: 4 cost time: 3.8779988288879395
Epoch: 4, Steps: 56 | Train Loss: 0.9859530 Vali Loss: 0.6446314 Test Loss: 1.9258926
Validation loss decreased (0.648105 --> 0.644631).  Saving model ...
Updating learning rate to 1.25e-05
Epoch: 5 cost time: 4.67227578163147
Epoch: 5, Steps: 56 | Train Loss: 0.9771449 Vali Loss: 0.6603398 Test Loss: 1.9236902
EarlyStopping counter: 1 out of 3
Updating learning rate to 6.25e-06
Epoch: 6 cost time: 5.106555938720703
Epoch: 6, Steps: 56 | Train Loss: 0.9731556 Vali Loss: 0.6610303 Test Loss: 1.9226087
EarlyStopping counter: 2 out of 3
Updating learning rate to 3.125e-06
Epoch: 7 cost time: 3.9975390434265137
Epoch: 7, Steps: 56 | Train Loss: 0.9731907 Vali Loss: 0.6506431 Test Loss: 1.9220562
EarlyStopping counter: 3 out of 3
Early stopping
>>>>>>>testing : anomaly_detection_SMD_Autoformer_SMD_ftM_sl100_ll48_pl0_dm128_nh8_el3_dl1_df128_fc1_ebtimeF_dtTrue_test_0<<<<<<<<<<<<<<<<<<<<<<<<<<<<<<<<<
test 7084
train 7084
Threshold : 13.638965435028016
pred:    (708400,)
gt:      (708400,)
pred:  (708400,)
gt:    (708400,)
Accuracy : 0.9781, Precision : 0.7846, Recall : 0.6510, F-score : 0.7116 
