Args in experiment:
[1mBasic Config[0m
  Task Name:          anomaly_detection   Is Training:        1                   
  Model ID:           SMD                 Model:              TimesNet            

[1mData Loader[0m
  Data:               SMD                 Root Path:          ../iTransformer_datasets/anomaly_detection/SMD
  Data Path:          ETTh1.csv           Features:           M                   
  Target:             OT                  Freq:               h                   
  Checkpoints:        ./checkpoints/      

[1mAnomaly Detection Task[0m
  Anomaly Ratio:      0.5                 

[1mModel Parameters[0m
  Top k:              5                   Num Kernels:        6                   
  Enc In:             38                  Dec In:             7                   
  C Out:              38                  d model:            64                  
  n heads:            8                   e layers:           2                   
  d layers:           1                   d FF:               64                  
  Moving Avg:         25                  Factor:             1                   
  Distil:             1                   Dropout:            0.1                 
  Embed:              timeF               Activation:         gelu                
  Output Attention:   0                   

[1mRun Parameters[0m
  Num Workers:        0                   Itr:                1                   
  Train Epochs:       10                  Batch Size:         128                 
  Patience:           3                   Learning Rate:      0.0001              
  Des:                test                Loss:               MSE                 
  Lradj:              type1               Use Amp:            0                   

[1mGPU[0m
  Use GPU:            1                   GPU:                0                   
  Use Multi GPU:      0                   Devices:            0,1,2,3             

[1mDe-stationary Projector Params[0m
  P Hidden Dims:      128, 128            P Hidden Layers:    2                   

Use GPU: cuda:0
>>>>>>>start training : anomaly_detection_SMD_TimesNet_SMD_ftM_sl100_ll48_pl0_dm64_nh8_el2_dl1_df64_fc1_ebtimeF_dtTrue_test_0>>>>>>>>>>>>>>>>>>>>>>>>>>
train 7084
val 1416
test 7084
Epoch: 1 cost time: 25.196226596832275
Epoch: 1, Steps: 56 | Train Loss: 0.3463995 Vali Loss: 0.1691044 Test Loss: 1.2176440
Validation loss decreased (inf --> 0.169104).  Saving model ...
Updating learning rate to 0.0001
Epoch: 2 cost time: 25.398838758468628
Epoch: 2, Steps: 56 | Train Loss: 0.2404422 Vali Loss: 0.1467377 Test Loss: 0.9327549
Validation loss decreased (0.169104 --> 0.146738).  Saving model ...
Updating learning rate to 5e-05
Epoch: 3 cost time: 23.2657732963562
Epoch: 3, Steps: 56 | Train Loss: 0.2188535 Vali Loss: 0.1416538 Test Loss: 0.8909054
Validation loss decreased (0.146738 --> 0.141654).  Saving model ...
Updating learning rate to 2.5e-05
Epoch: 4 cost time: 21.658640384674072
Epoch: 4, Steps: 56 | Train Loss: 0.2078225 Vali Loss: 0.1339516 Test Loss: 0.8678322
Validation loss decreased (0.141654 --> 0.133952).  Saving model ...
Updating learning rate to 1.25e-05
Epoch: 5 cost time: 20.15044903755188
Epoch: 5, Steps: 56 | Train Loss: 0.2030096 Vali Loss: 0.1256554 Test Loss: 0.8577390
Validation loss decreased (0.133952 --> 0.125655).  Saving model ...
Updating learning rate to 6.25e-06
Epoch: 6 cost time: 20.344908952713013
Epoch: 6, Steps: 56 | Train Loss: 0.2015122 Vali Loss: 0.1253637 Test Loss: 0.8529754
Validation loss decreased (0.125655 --> 0.125364).  Saving model ...
Updating learning rate to 3.125e-06
Epoch: 7 cost time: 43.98750162124634
Epoch: 7, Steps: 56 | Train Loss: 0.1985371 Vali Loss: 0.1210024 Test Loss: 0.8506057
Validation loss decreased (0.125364 --> 0.121002).  Saving model ...
Updating learning rate to 1.5625e-06
Epoch: 8 cost time: 45.22557210922241
Epoch: 8, Steps: 56 | Train Loss: 0.1986498 Vali Loss: 0.1222157 Test Loss: 0.8492311
EarlyStopping counter: 1 out of 3
Updating learning rate to 7.8125e-07
Epoch: 9 cost time: 59.525951623916626
Epoch: 9, Steps: 56 | Train Loss: 0.1985293 Vali Loss: 0.1276952 Test Loss: 0.8486297
EarlyStopping counter: 2 out of 3
Updating learning rate to 3.90625e-07
Epoch: 10 cost time: 65.42525482177734
Epoch: 10, Steps: 56 | Train Loss: 0.1983911 Vali Loss: 0.1229451 Test Loss: 0.8483111
EarlyStopping counter: 3 out of 3
Early stopping
>>>>>>>testing : anomaly_detection_SMD_TimesNet_SMD_ftM_sl100_ll48_pl0_dm64_nh8_el2_dl1_df64_fc1_ebtimeF_dtTrue_test_0<<<<<<<<<<<<<<<<<<<<<<<<<<<<<<<<<
test 7084
train 7084
Threshold : 3.1848626565932525
pred:    (708400,)
gt:      (708400,)
pred:  (708400,)
gt:    (708400,)
Accuracy : 0.9876, Precision : 0.8792, Recall : 0.8145, F-score : 0.8456 
