Args in experiment:
[1mBasic Config[0m
  Task Name:          anomaly_detection   Is Training:        1                   
  Model ID:           SMD                 Model:              Transformer         

[1mData Loader[0m
  Data:               SMD                 Root Path:          ../iTransformer_datasets/anomaly_detection/SMD
  Data Path:          ETTh1.csv           Features:           M                   
  Target:             OT                  Freq:               h                   
  Checkpoints:        ./checkpoints/      

[1mAnomaly Detection Task[0m
  Anomaly Ratio:      0.5                 

[1mModel Parameters[0m
  Top k:              5                   Num Kernels:        6                   
  Enc In:             38                  Dec In:             7                   
  C Out:              38                  d model:            128                 
  n heads:            8                   e layers:           3                   
  d layers:           1                   d FF:               128                 
  Moving Avg:         25                  Factor:             1                   
  Distil:             1                   Dropout:            0.1                 
  Embed:              timeF               Activation:         gelu                
  Output Attention:   0                   

[1mRun Parameters[0m
  Num Workers:        0                   Itr:                1                   
  Train Epochs:       10                  Batch Size:         128                 
  Patience:           3                   Learning Rate:      0.0001              
  Des:                test                Loss:               MSE                 
  Lradj:              type1               Use Amp:            0                   

[1mGPU[0m
  Use GPU:            1                   GPU:                0                   
  Use Multi GPU:      0                   Devices:            0,1,2,3             

[1mDe-stationary Projector Params[0m
  P Hidden Dims:      128, 128            P Hidden Layers:    2                   

Use GPU: cuda:0
>>>>>>>start training : anomaly_detection_SMD_Transformer_SMD_ftM_sl100_ll48_pl0_dm128_nh8_el3_dl1_df128_fc1_ebtimeF_dtTrue_test_0>>>>>>>>>>>>>>>>>>>>>>>>>>
train 7084
val 1416
test 7084
Epoch: 1 cost time: 3.8610072135925293
Epoch: 1, Steps: 56 | Train Loss: 0.7622586 Vali Loss: 0.3241895 Test Loss: 1.4417444
Validation loss decreased (inf --> 0.324190).  Saving model ...
Updating learning rate to 0.0001
Epoch: 2 cost time: 2.45438551902771
Epoch: 2, Steps: 56 | Train Loss: 0.4516616 Vali Loss: 0.2245561 Test Loss: 1.2708200
Validation loss decreased (0.324190 --> 0.224556).  Saving model ...
Updating learning rate to 5e-05
Epoch: 3 cost time: 1.8706703186035156
Epoch: 3, Steps: 56 | Train Loss: 0.3732566 Vali Loss: 0.1925981 Test Loss: 1.2203935
Validation loss decreased (0.224556 --> 0.192598).  Saving model ...
Updating learning rate to 2.5e-05
Epoch: 4 cost time: 2.0205917358398438
Epoch: 4, Steps: 56 | Train Loss: 0.3481454 Vali Loss: 0.1806238 Test Loss: 1.1999122
Validation loss decreased (0.192598 --> 0.180624).  Saving model ...
Updating learning rate to 1.25e-05
Epoch: 5 cost time: 2.3569185733795166
Epoch: 5, Steps: 56 | Train Loss: 0.3376234 Vali Loss: 0.1737258 Test Loss: 1.1902761
Validation loss decreased (0.180624 --> 0.173726).  Saving model ...
Updating learning rate to 6.25e-06
Epoch: 6 cost time: 1.619537353515625
Epoch: 6, Steps: 56 | Train Loss: 0.3330544 Vali Loss: 0.1709634 Test Loss: 1.1854955
Validation loss decreased (0.173726 --> 0.170963).  Saving model ...
Updating learning rate to 3.125e-06
Epoch: 7 cost time: 2.7550413608551025
Epoch: 7, Steps: 56 | Train Loss: 0.3347511 Vali Loss: 0.1670864 Test Loss: 1.1830008
Validation loss decreased (0.170963 --> 0.167086).  Saving model ...
Updating learning rate to 1.5625e-06
Epoch: 8 cost time: 2.698359489440918
Epoch: 8, Steps: 56 | Train Loss: 0.3286528 Vali Loss: 0.1651957 Test Loss: 1.1817513
Validation loss decreased (0.167086 --> 0.165196).  Saving model ...
Updating learning rate to 7.8125e-07
Epoch: 9 cost time: 2.8827691078186035
Epoch: 9, Steps: 56 | Train Loss: 0.3283498 Vali Loss: 0.1641227 Test Loss: 1.1810973
Validation loss decreased (0.165196 --> 0.164123).  Saving model ...
Updating learning rate to 3.90625e-07
Epoch: 10 cost time: 2.9737236499786377
Epoch: 10, Steps: 56 | Train Loss: 0.3280291 Vali Loss: 0.1672755 Test Loss: 1.1807654
EarlyStopping counter: 1 out of 3
Updating learning rate to 1.953125e-07
>>>>>>>testing : anomaly_detection_SMD_Transformer_SMD_ftM_sl100_ll48_pl0_dm128_nh8_el3_dl1_df128_fc1_ebtimeF_dtTrue_test_0<<<<<<<<<<<<<<<<<<<<<<<<<<<<<<<<<
test 7084
train 7084
Threshold : 10.791448974609196
pred:    (708400,)
gt:      (708400,)
pred:  (708400,)
gt:    (708400,)
Accuracy : 0.9780, Precision : 0.7832, Recall : 0.6524, F-score : 0.7118 
