Args in experiment:
[1mBasic Config[0m
  Task Name:          classification      Is Training:        1                   
  Model ID:           SelfRegulationSCP2  Model:              DLinear             

[1mData Loader[0m
  Data:               UEA                 Root Path:          ../iTransformer_datasets/classification/SelfRegulationSCP2/
  Data Path:          ETTh1.csv           Features:           M                   
  Target:             OT                  Freq:               h                   
  Checkpoints:        ./checkpoints/      

[1mModel Parameters[0m
  Top k:              3                   Num Kernels:        6                   
  Enc In:             7                   Dec In:             7                   
  C Out:              7                   d model:            128                 
  n heads:            8                   e layers:           3                   
  d layers:           1                   d FF:               256                 
  Moving Avg:         25                  Factor:             1                   
  Distil:             1                   Dropout:            0.1                 
  Embed:              timeF               Activation:         gelu                
  Output Attention:   0                   

[1mRun Parameters[0m
  Num Workers:        0                   Itr:                1                   
  Train Epochs:       100                 Batch Size:         16                  
  Patience:           10                  Learning Rate:      0.001               
  Des:                Exp                 Loss:               MSE                 
  Lradj:              type1               Use Amp:            0                   

[1mGPU[0m
  Use GPU:            1                   GPU:                0                   
  Use Multi GPU:      0                   Devices:            0,1,2,3             

[1mDe-stationary Projector Params[0m
  P Hidden Dims:      128, 128            P Hidden Layers:    2                   

Use GPU: cuda:0
200
180
>>>>>>>start training : classification_SelfRegulationSCP2_DLinear_UEA_ftM_sl1152_ll48_pl0_dm128_nh8_el3_dl1_df256_fc1_ebtimeF_dtTrue_Exp_0>>>>>>>>>>>>>>>>>>>>>>>>>>
200
180
180
Epoch: 1 cost time: 1.8394014835357666
Epoch: 1, Steps: 13 | Train Loss: 5.119 Vali Loss: 1.711 Vali Acc: 0.506 Test Loss: 1.653 Test Acc: 0.506
Validation loss decreased (inf --> -0.505556).  Saving model ...
Epoch: 2 cost time: 0.23165130615234375
Epoch: 2, Steps: 13 | Train Loss: 1.335 Vali Loss: 1.762 Vali Acc: 0.528 Test Loss: 1.936 Test Acc: 0.528
Validation loss decreased (-0.505556 --> -0.527778).  Saving model ...
Epoch: 3 cost time: 0.09878349304199219
Epoch: 3, Steps: 13 | Train Loss: 1.709 Vali Loss: 2.051 Vali Acc: 0.450 Test Loss: 1.890 Test Acc: 0.450
EarlyStopping counter: 1 out of 10
Epoch: 4 cost time: 0.0908806324005127
Epoch: 4, Steps: 13 | Train Loss: 0.841 Vali Loss: 2.028 Vali Acc: 0.439 Test Loss: 1.983 Test Acc: 0.439
EarlyStopping counter: 2 out of 10
Epoch: 5 cost time: 0.0924215316772461
Epoch: 5, Steps: 13 | Train Loss: 0.882 Vali Loss: 1.910 Vali Acc: 0.456 Test Loss: 1.920 Test Acc: 0.456
EarlyStopping counter: 3 out of 10
Updating learning rate to 6.25e-05
Epoch: 6 cost time: 0.09280633926391602
Epoch: 6, Steps: 13 | Train Loss: 0.379 Vali Loss: 1.786 Vali Acc: 0.511 Test Loss: 1.825 Test Acc: 0.511
EarlyStopping counter: 4 out of 10
Epoch: 7 cost time: 0.09171628952026367
Epoch: 7, Steps: 13 | Train Loss: 0.302 Vali Loss: 1.897 Vali Acc: 0.478 Test Loss: 1.883 Test Acc: 0.478
EarlyStopping counter: 5 out of 10
Epoch: 8 cost time: 0.10172104835510254
Epoch: 8, Steps: 13 | Train Loss: 0.269 Vali Loss: 1.874 Vali Acc: 0.472 Test Loss: 1.963 Test Acc: 0.472
EarlyStopping counter: 6 out of 10
Epoch: 9 cost time: 0.19651103019714355
Epoch: 9, Steps: 13 | Train Loss: 0.242 Vali Loss: 1.774 Vali Acc: 0.494 Test Loss: 1.697 Test Acc: 0.494
EarlyStopping counter: 7 out of 10
Epoch: 10 cost time: 0.0946500301361084
Epoch: 10, Steps: 13 | Train Loss: 0.221 Vali Loss: 1.685 Vali Acc: 0.489 Test Loss: 1.749 Test Acc: 0.489
EarlyStopping counter: 8 out of 10
Updating learning rate to 1.953125e-06
Epoch: 11 cost time: 0.08620500564575195
Epoch: 11, Steps: 13 | Train Loss: 0.197 Vali Loss: 1.885 Vali Acc: 0.489 Test Loss: 1.701 Test Acc: 0.489
EarlyStopping counter: 9 out of 10
Epoch: 12 cost time: 0.07532644271850586
Epoch: 12, Steps: 13 | Train Loss: 0.189 Vali Loss: 1.745 Vali Acc: 0.489 Test Loss: 1.698 Test Acc: 0.489
EarlyStopping counter: 10 out of 10
Early stopping
>>>>>>>testing : classification_SelfRegulationSCP2_DLinear_UEA_ftM_sl1152_ll48_pl0_dm128_nh8_el3_dl1_df256_fc1_ebtimeF_dtTrue_Exp_0<<<<<<<<<<<<<<<<<<<<<<<<<<<<<<<<<
180
test shape: torch.Size([180, 2]) torch.Size([180, 1])
accuracy:0.5277777777777778
Spend Time: 18.199183464050293
