Args in experiment:
[1mBasic Config[0m
  Task Name:          classification      Is Training:        1                   
  Model ID:           SelfRegulationSCP2  Model:              iTransformer        

[1mData Loader[0m
  Data:               UEA                 Root Path:          ../iTransformer_datasets/classification/SelfRegulationSCP2/
  Data Path:          ETTh1.csv           Features:           M                   
  Target:             OT                  Freq:               h                   
  Checkpoints:        ./checkpoints/      

[1mModel Parameters[0m
  Top k:              3                   Num Kernels:        6                   
  Enc In:             3                   Dec In:             7                   
  C Out:              7                   d model:            128                 
  n heads:            8                   e layers:           3                   
  d layers:           1                   d FF:               256                 
  Moving Avg:         25                  Factor:             1                   
  Distil:             1                   Dropout:            0.1                 
  Embed:              timeF               Activation:         gelu                
  Output Attention:   0                   

[1mRun Parameters[0m
  Num Workers:        0                   Itr:                1                   
  Train Epochs:       100                 Batch Size:         16                  
  Patience:           10                  Learning Rate:      0.001               
  Des:                Exp                 Loss:               MSE                 
  Lradj:              type1               Use Amp:            0                   

[1mGPU[0m
  Use GPU:            1                   GPU:                0                   
  Use Multi GPU:      0                   Devices:            0,1,2,3             

[1mDe-stationary Projector Params[0m
  P Hidden Dims:      128, 128            P Hidden Layers:    2                   

Use GPU: cuda:0
200
180
>>>>>>>start training : classification_SelfRegulationSCP2_iTransformer_UEA_ftM_sl1152_ll48_pl0_dm128_nh8_el3_dl1_df256_fc1_ebtimeF_dtTrue_Exp_0>>>>>>>>>>>>>>>>>>>>>>>>>>
200
180
180
Epoch: 1 cost time: 3.1428909301757812
Epoch: 1, Steps: 13 | Train Loss: 0.800 Vali Loss: 0.707 Vali Acc: 0.489 Test Loss: 0.711 Test Acc: 0.489
Validation loss decreased (inf --> -0.488889).  Saving model ...
Epoch: 2 cost time: 0.20847606658935547
Epoch: 2, Steps: 13 | Train Loss: 0.678 Vali Loss: 0.712 Vali Acc: 0.522 Test Loss: 0.710 Test Acc: 0.522
Validation loss decreased (-0.488889 --> -0.522222).  Saving model ...
Epoch: 3 cost time: 0.21688246726989746
Epoch: 3, Steps: 13 | Train Loss: 0.648 Vali Loss: 0.732 Vali Acc: 0.511 Test Loss: 0.752 Test Acc: 0.511
EarlyStopping counter: 1 out of 10
Epoch: 4 cost time: 0.20299911499023438
Epoch: 4, Steps: 13 | Train Loss: 0.562 Vali Loss: 0.846 Vali Acc: 0.489 Test Loss: 0.869 Test Acc: 0.489
EarlyStopping counter: 2 out of 10
Epoch: 5 cost time: 0.21949052810668945
Epoch: 5, Steps: 13 | Train Loss: 0.484 Vali Loss: 0.920 Vali Acc: 0.472 Test Loss: 0.964 Test Acc: 0.472
EarlyStopping counter: 3 out of 10
Updating learning rate to 6.25e-05
Epoch: 6 cost time: 0.23027586936950684
Epoch: 6, Steps: 13 | Train Loss: 0.441 Vali Loss: 0.970 Vali Acc: 0.467 Test Loss: 0.920 Test Acc: 0.467
EarlyStopping counter: 4 out of 10
Epoch: 7 cost time: 0.21945571899414062
Epoch: 7, Steps: 13 | Train Loss: 0.408 Vali Loss: 0.906 Vali Acc: 0.461 Test Loss: 0.933 Test Acc: 0.461
EarlyStopping counter: 5 out of 10
Epoch: 8 cost time: 0.2006211280822754
Epoch: 8, Steps: 13 | Train Loss: 0.383 Vali Loss: 0.923 Vali Acc: 0.472 Test Loss: 0.910 Test Acc: 0.472
EarlyStopping counter: 6 out of 10
Epoch: 9 cost time: 0.2177419662475586
Epoch: 9, Steps: 13 | Train Loss: 0.375 Vali Loss: 1.008 Vali Acc: 0.456 Test Loss: 0.998 Test Acc: 0.456
EarlyStopping counter: 7 out of 10
Epoch: 10 cost time: 0.22697830200195312
Epoch: 10, Steps: 13 | Train Loss: 0.350 Vali Loss: 0.984 Vali Acc: 0.444 Test Loss: 1.024 Test Acc: 0.444
EarlyStopping counter: 8 out of 10
Updating learning rate to 1.953125e-06
Epoch: 11 cost time: 0.23025059700012207
Epoch: 11, Steps: 13 | Train Loss: 0.339 Vali Loss: 0.995 Vali Acc: 0.450 Test Loss: 0.992 Test Acc: 0.450
EarlyStopping counter: 9 out of 10
Epoch: 12 cost time: 0.21215415000915527
Epoch: 12, Steps: 13 | Train Loss: 0.339 Vali Loss: 1.036 Vali Acc: 0.444 Test Loss: 0.999 Test Acc: 0.444
EarlyStopping counter: 10 out of 10
Early stopping
>>>>>>>testing : classification_SelfRegulationSCP2_iTransformer_UEA_ftM_sl1152_ll48_pl0_dm128_nh8_el3_dl1_df256_fc1_ebtimeF_dtTrue_Exp_0<<<<<<<<<<<<<<<<<<<<<<<<<<<<<<<<<
180
test shape: torch.Size([180, 2]) torch.Size([180, 1])
accuracy:0.5222222222222223
Spend Time: 27.142040491104126
