Args in experiment:
[1mBasic Config[0m
  Task Name:          classification      Is Training:        1                   
  Model ID:           SelfRegulationSCP2  Model:              PatchTST            

[1mData Loader[0m
  Data:               UEA                 Root Path:          ../iTransformer_datasets/classification/SelfRegulationSCP2/
  Data Path:          ETTh1.csv           Features:           M                   
  Target:             OT                  Freq:               h                   
  Checkpoints:        ./checkpoints/      

[1mModel Parameters[0m
  Top k:              3                   Num Kernels:        6                   
  Enc In:             7                   Dec In:             7                   
  C Out:              7                   d model:            128                 
  n heads:            8                   e layers:           3                   
  d layers:           1                   d FF:               256                 
  Moving Avg:         25                  Factor:             1                   
  Distil:             1                   Dropout:            0.1                 
  Embed:              timeF               Activation:         gelu                
  Output Attention:   0                   

[1mRun Parameters[0m
  Num Workers:        0                   Itr:                1                   
  Train Epochs:       100                 Batch Size:         16                  
  Patience:           10                  Learning Rate:      0.001               
  Des:                Exp                 Loss:               MSE                 
  Lradj:              type1               Use Amp:            0                   

[1mGPU[0m
  Use GPU:            1                   GPU:                0                   
  Use Multi GPU:      0                   Devices:            0,1,2,3             

[1mDe-stationary Projector Params[0m
  P Hidden Dims:      128, 128            P Hidden Layers:    2                   

Use GPU: cuda:0
200
180
>>>>>>>start training : classification_SelfRegulationSCP2_PatchTST_UEA_ftM_sl1152_ll48_pl0_dm128_nh8_el3_dl1_df256_fc1_ebtimeF_dtTrue_Exp_0>>>>>>>>>>>>>>>>>>>>>>>>>>
200
180
180
Epoch: 1 cost time: 1.4001209735870361
Epoch: 1, Steps: 13 | Train Loss: 13.523 Vali Loss: 4.815 Vali Acc: 0.544 Test Loss: 5.404 Test Acc: 0.544
Validation loss decreased (inf --> -0.544444).  Saving model ...
Epoch: 2 cost time: 0.5332753658294678
Epoch: 2, Steps: 13 | Train Loss: 4.225 Vali Loss: 8.678 Vali Acc: 0.483 Test Loss: 9.621 Test Acc: 0.483
EarlyStopping counter: 1 out of 10
Epoch: 3 cost time: 0.5285060405731201
Epoch: 3, Steps: 13 | Train Loss: 2.922 Vali Loss: 12.043 Vali Acc: 0.494 Test Loss: 13.861 Test Acc: 0.494
EarlyStopping counter: 2 out of 10
Epoch: 4 cost time: 0.539421558380127
Epoch: 4, Steps: 13 | Train Loss: 4.934 Vali Loss: 10.084 Vali Acc: 0.478 Test Loss: 10.815 Test Acc: 0.478
EarlyStopping counter: 3 out of 10
Epoch: 5 cost time: 0.5258493423461914
Epoch: 5, Steps: 13 | Train Loss: 1.992 Vali Loss: 8.345 Vali Acc: 0.478 Test Loss: 8.605 Test Acc: 0.478
EarlyStopping counter: 4 out of 10
Updating learning rate to 6.25e-05
Epoch: 6 cost time: 0.53920578956604
Epoch: 6, Steps: 13 | Train Loss: 2.029 Vali Loss: 6.190 Vali Acc: 0.478 Test Loss: 7.293 Test Acc: 0.478
EarlyStopping counter: 5 out of 10
Epoch: 7 cost time: 0.5511679649353027
Epoch: 7, Steps: 13 | Train Loss: 0.974 Vali Loss: 5.814 Vali Acc: 0.478 Test Loss: 6.205 Test Acc: 0.478
EarlyStopping counter: 6 out of 10
Epoch: 8 cost time: 0.5621626377105713
Epoch: 8, Steps: 13 | Train Loss: 0.506 Vali Loss: 5.974 Vali Acc: 0.478 Test Loss: 5.659 Test Acc: 0.478
EarlyStopping counter: 7 out of 10
Epoch: 9 cost time: 0.5341958999633789
Epoch: 9, Steps: 13 | Train Loss: 0.224 Vali Loss: 5.310 Vali Acc: 0.467 Test Loss: 5.837 Test Acc: 0.467
EarlyStopping counter: 8 out of 10
Epoch: 10 cost time: 0.5574994087219238
Epoch: 10, Steps: 13 | Train Loss: 0.256 Vali Loss: 5.811 Vali Acc: 0.456 Test Loss: 5.656 Test Acc: 0.456
EarlyStopping counter: 9 out of 10
Updating learning rate to 1.953125e-06
Epoch: 11 cost time: 0.53853440284729
Epoch: 11, Steps: 13 | Train Loss: 0.322 Vali Loss: 5.526 Vali Acc: 0.467 Test Loss: 5.694 Test Acc: 0.467
EarlyStopping counter: 10 out of 10
Early stopping
>>>>>>>testing : classification_SelfRegulationSCP2_PatchTST_UEA_ftM_sl1152_ll48_pl0_dm128_nh8_el3_dl1_df256_fc1_ebtimeF_dtTrue_Exp_0<<<<<<<<<<<<<<<<<<<<<<<<<<<<<<<<<
180
test shape: torch.Size([180, 2]) torch.Size([180, 1])
accuracy:0.5444444444444444
Spend Time: 33.33718013763428
