Args in experiment:
[1mBasic Config[0m
  Task Name:          classification      Is Training:        1                   
  Model ID:           SelfRegulationSCP2  Model:              TimesNet            

[1mData Loader[0m
  Data:               UEA                 Root Path:          ../iTransformer_datasets/classification/SelfRegulationSCP2/
  Data Path:          ETTh1.csv           Features:           M                   
  Target:             OT                  Freq:               h                   
  Checkpoints:        ./checkpoints/      

[1mModel Parameters[0m
  Top k:              3                   Num Kernels:        6                   
  Enc In:             7                   Dec In:             7                   
  C Out:              7                   d model:            64                  
  n heads:            8                   e layers:           3                   
  d layers:           1                   d FF:               64                  
  Moving Avg:         25                  Factor:             1                   
  Distil:             1                   Dropout:            0.1                 
  Embed:              timeF               Activation:         gelu                
  Output Attention:   0                   

[1mRun Parameters[0m
  Num Workers:        0                   Itr:                1                   
  Train Epochs:       10                  Batch Size:         16                  
  Patience:           10                  Learning Rate:      0.001               
  Des:                Exp                 Loss:               MSE                 
  Lradj:              type1               Use Amp:            0                   

[1mGPU[0m
  Use GPU:            1                   GPU:                0                   
  Use Multi GPU:      0                   Devices:            0,1,2,3             

[1mDe-stationary Projector Params[0m
  P Hidden Dims:      128, 128            P Hidden Layers:    2                   

Use GPU: cuda:0
200
180
>>>>>>>start training : classification_SelfRegulationSCP2_TimesNet_UEA_ftM_sl1152_ll48_pl0_dm64_nh8_el3_dl1_df64_fc1_ebtimeF_dtTrue_Exp_0>>>>>>>>>>>>>>>>>>>>>>>>>>
200
180
180
Epoch: 1 cost time: 7.180762767791748
Epoch: 1, Steps: 13 | Train Loss: 6.128 Vali Loss: 3.609 Vali Acc: 0.506 Test Loss: 3.351 Test Acc: 0.506
Validation loss decreased (inf --> -0.505556).  Saving model ...
Epoch: 2 cost time: 6.117705345153809
Epoch: 2, Steps: 13 | Train Loss: 1.901 Vali Loss: 3.202 Vali Acc: 0.417 Test Loss: 3.213 Test Acc: 0.417
EarlyStopping counter: 1 out of 10
Epoch: 3 cost time: 7.6712000370025635
Epoch: 3, Steps: 13 | Train Loss: 3.216 Vali Loss: 5.601 Vali Acc: 0.478 Test Loss: 6.018 Test Acc: 0.478
EarlyStopping counter: 2 out of 10
Epoch: 4 cost time: 7.048608779907227
Epoch: 4, Steps: 13 | Train Loss: 1.677 Vali Loss: 2.856 Vali Acc: 0.489 Test Loss: 2.679 Test Acc: 0.489
EarlyStopping counter: 3 out of 10
Epoch: 5 cost time: 7.914403200149536
Epoch: 5, Steps: 13 | Train Loss: 1.020 Vali Loss: 3.752 Vali Acc: 0.517 Test Loss: 3.946 Test Acc: 0.522
Validation loss decreased (-0.505556 --> -0.516667).  Saving model ...
Updating learning rate to 6.25e-05
Epoch: 6 cost time: 7.513952970504761
Epoch: 6, Steps: 13 | Train Loss: 0.482 Vali Loss: 3.572 Vali Acc: 0.467 Test Loss: 3.464 Test Acc: 0.472
EarlyStopping counter: 1 out of 10
Epoch: 7 cost time: 7.6818506717681885
Epoch: 7, Steps: 13 | Train Loss: 0.221 Vali Loss: 3.710 Vali Acc: 0.500 Test Loss: 3.440 Test Acc: 0.500
EarlyStopping counter: 2 out of 10
Epoch: 8 cost time: 9.108074426651001
Epoch: 8, Steps: 13 | Train Loss: 0.118 Vali Loss: 3.378 Vali Acc: 0.483 Test Loss: 3.262 Test Acc: 0.489
EarlyStopping counter: 3 out of 10
Epoch: 9 cost time: 15.787047147750854
Epoch: 9, Steps: 13 | Train Loss: 0.066 Vali Loss: 3.216 Vali Acc: 0.472 Test Loss: 3.497 Test Acc: 0.472
EarlyStopping counter: 4 out of 10
Epoch: 10 cost time: 13.607692241668701
Epoch: 10, Steps: 13 | Train Loss: 0.068 Vali Loss: 3.312 Vali Acc: 0.500 Test Loss: 3.275 Test Acc: 0.506
EarlyStopping counter: 5 out of 10
Updating learning rate to 1.953125e-06
>>>>>>>testing : classification_SelfRegulationSCP2_TimesNet_UEA_ftM_sl1152_ll48_pl0_dm64_nh8_el3_dl1_df64_fc1_ebtimeF_dtTrue_Exp_0<<<<<<<<<<<<<<<<<<<<<<<<<<<<<<<<<
180
test shape: torch.Size([180, 2]) torch.Size([180, 1])
accuracy:0.5277777777777778
Spend Time: 206.89896249771118
