Args in experiment:
[1mBasic Config[0m
  Task Name:          classification      Is Training:        1                   
  Model ID:           PEMS-SF             Model:              Pyraformer          

[1mData Loader[0m
  Data:               UEA                 Root Path:          ../iTransformer_datasets/classification/PEMS-SF/
  Data Path:          ETTh1.csv           Features:           M                   
  Target:             OT                  Freq:               h                   
  Checkpoints:        ./checkpoints/      

[1mModel Parameters[0m
  Top k:              3                   Num Kernels:        6                   
  Enc In:             7                   Dec In:             7                   
  C Out:              7                   d model:            128                 
  n heads:            8                   e layers:           3                   
  d layers:           1                   d FF:               256                 
  Moving Avg:         25                  Factor:             1                   
  Distil:             1                   Dropout:            0.1                 
  Embed:              timeF               Activation:         gelu                
  Output Attention:   0                   

[1mRun Parameters[0m
  Num Workers:        0                   Itr:                1                   
  Train Epochs:       100                 Batch Size:         4                   
  Patience:           10                  Learning Rate:      0.001               
  Des:                Exp                 Loss:               MSE                 
  Lradj:              type1               Use Amp:            0                   

[1mGPU[0m
  Use GPU:            1                   GPU:                0                   
  Use Multi GPU:      0                   Devices:            0,1,2,3             

[1mDe-stationary Projector Params[0m
  P Hidden Dims:      128, 128            P Hidden Layers:    2                   

Use GPU: cuda:0
267
173
>>>>>>>start training : classification_PEMS-SF_Pyraformer_UEA_ftM_sl144_ll48_pl0_dm128_nh8_el3_dl1_df256_fc1_ebtimeF_dtTrue_Exp_0>>>>>>>>>>>>>>>>>>>>>>>>>>
267
173
173
Epoch: 1 cost time: 4.68629264831543
Traceback (most recent call last):
  File "run.py", line 272, in <module>
    exp.train(setting)
  File "/Jianping/Research/Time-Series-Library/exp/exp_classification.py", line 128, in train
    vali_loss, val_accuracy = self.vali(vali_data, vali_loader, criterion)
  File "/Jianping/Research/Time-Series-Library/exp/exp_classification.py", line 60, in vali
    loss = criterion(pred, label.long().squeeze().cpu())
  File "/opt/conda/envs/zjp/lib/python3.8/site-packages/torch/nn/modules/module.py", line 1511, in _wrapped_call_impl
    return self._call_impl(*args, **kwargs)
  File "/opt/conda/envs/zjp/lib/python3.8/site-packages/torch/nn/modules/module.py", line 1520, in _call_impl
    return forward_call(*args, **kwargs)
  File "/opt/conda/envs/zjp/lib/python3.8/site-packages/torch/nn/modules/loss.py", line 1179, in forward
    return F.cross_entropy(input, target, weight=self.weight,
  File "/opt/conda/envs/zjp/lib/python3.8/site-packages/torch/nn/functional.py", line 3059, in cross_entropy
    return torch._C._nn.cross_entropy_loss(input, target, weight, _Reduction.get_enum(reduction), ignore_index, label_smoothing)
ValueError: Expected input batch_size (1) to match target batch_size (0).
