Args in experiment:
[1mBasic Config[0m
  Task Name:          classification      Is Training:        1                   
  Model ID:           PEMS-SF             Model:              Reformer            

[1mData Loader[0m
  Data:               UEA                 Root Path:          ../iTransformer_datasets/classification/PEMS-SF/
  Data Path:          ETTh1.csv           Features:           M                   
  Target:             OT                  Freq:               h                   
  Checkpoints:        ./checkpoints/      

[1mModel Parameters[0m
  Top k:              3                   Num Kernels:        6                   
  Enc In:             7                   Dec In:             7                   
  C Out:              7                   d model:            128                 
  n heads:            8                   e layers:           3                   
  d layers:           1                   d FF:               256                 
  Moving Avg:         25                  Factor:             1                   
  Distil:             1                   Dropout:            0.1                 
  Embed:              timeF               Activation:         gelu                
  Output Attention:   0                   

[1mRun Parameters[0m
  Num Workers:        0                   Itr:                1                   
  Train Epochs:       100                 Batch Size:         16                  
  Patience:           10                  Learning Rate:      0.001               
  Des:                Exp                 Loss:               MSE                 
  Lradj:              type1               Use Amp:            0                   

[1mGPU[0m
  Use GPU:            1                   GPU:                0                   
  Use Multi GPU:      0                   Devices:            0,1,2,3             

[1mDe-stationary Projector Params[0m
  P Hidden Dims:      128, 128            P Hidden Layers:    2                   

Use GPU: cuda:0
267
173
>>>>>>>start training : classification_PEMS-SF_Reformer_UEA_ftM_sl144_ll48_pl0_dm128_nh8_el3_dl1_df256_fc1_ebtimeF_dtTrue_Exp_0>>>>>>>>>>>>>>>>>>>>>>>>>>
267
173
173
Epoch: 1 cost time: 3.449970245361328
Epoch: 1, Steps: 17 | Train Loss: 2.898 Vali Loss: 0.953 Vali Acc: 0.561 Test Loss: 0.950 Test Acc: 0.555
Validation loss decreased (inf --> -0.560694).  Saving model ...
Epoch: 2 cost time: 0.6003272533416748
Epoch: 2, Steps: 17 | Train Loss: 1.102 Vali Loss: 0.785 Vali Acc: 0.665 Test Loss: 0.784 Test Acc: 0.665
Validation loss decreased (-0.560694 --> -0.664740).  Saving model ...
Epoch: 3 cost time: 0.5869817733764648
Epoch: 3, Steps: 17 | Train Loss: 0.795 Vali Loss: 1.263 Vali Acc: 0.590 Test Loss: 1.244 Test Acc: 0.595
EarlyStopping counter: 1 out of 10
Epoch: 4 cost time: 0.6116180419921875
Epoch: 4, Steps: 17 | Train Loss: 0.840 Vali Loss: 0.793 Vali Acc: 0.694 Test Loss: 0.789 Test Acc: 0.665
Validation loss decreased (-0.664740 --> -0.693642).  Saving model ...
Epoch: 5 cost time: 0.6791906356811523
Epoch: 5, Steps: 17 | Train Loss: 0.597 Vali Loss: 0.645 Vali Acc: 0.757 Test Loss: 0.640 Test Acc: 0.763
Validation loss decreased (-0.693642 --> -0.757225).  Saving model ...
Updating learning rate to 6.25e-05
Epoch: 6 cost time: 0.7478454113006592
Epoch: 6, Steps: 17 | Train Loss: 0.323 Vali Loss: 0.629 Vali Acc: 0.786 Test Loss: 0.638 Test Acc: 0.792
Validation loss decreased (-0.757225 --> -0.786127).  Saving model ...
Epoch: 7 cost time: 0.6070835590362549
Epoch: 7, Steps: 17 | Train Loss: 0.272 Vali Loss: 0.633 Vali Acc: 0.769 Test Loss: 0.642 Test Acc: 0.775
EarlyStopping counter: 1 out of 10
Epoch: 8 cost time: 0.6235198974609375
Epoch: 8, Steps: 17 | Train Loss: 0.251 Vali Loss: 0.663 Vali Acc: 0.746 Test Loss: 0.667 Test Acc: 0.746
EarlyStopping counter: 2 out of 10
Epoch: 9 cost time: 0.668832540512085
Epoch: 9, Steps: 17 | Train Loss: 0.250 Vali Loss: 0.604 Vali Acc: 0.792 Test Loss: 0.615 Test Acc: 0.792
Validation loss decreased (-0.786127 --> -0.791908).  Saving model ...
Epoch: 10 cost time: 0.6784851551055908
Epoch: 10, Steps: 17 | Train Loss: 0.219 Vali Loss: 0.656 Vali Acc: 0.780 Test Loss: 0.683 Test Acc: 0.763
EarlyStopping counter: 1 out of 10
Updating learning rate to 1.953125e-06
Epoch: 11 cost time: 0.6303694248199463
Epoch: 11, Steps: 17 | Train Loss: 0.204 Vali Loss: 0.645 Vali Acc: 0.746 Test Loss: 0.660 Test Acc: 0.769
EarlyStopping counter: 2 out of 10
Epoch: 12 cost time: 0.7167239189147949
Epoch: 12, Steps: 17 | Train Loss: 0.186 Vali Loss: 0.643 Vali Acc: 0.780 Test Loss: 0.640 Test Acc: 0.780
EarlyStopping counter: 3 out of 10
Epoch: 13 cost time: 0.5802366733551025
Epoch: 13, Steps: 17 | Train Loss: 0.206 Vali Loss: 0.640 Vali Acc: 0.763 Test Loss: 0.674 Test Acc: 0.763
EarlyStopping counter: 4 out of 10
Epoch: 14 cost time: 0.5158271789550781
Epoch: 14, Steps: 17 | Train Loss: 0.193 Vali Loss: 0.648 Vali Acc: 0.786 Test Loss: 0.619 Test Acc: 0.798
EarlyStopping counter: 5 out of 10
Epoch: 15 cost time: 0.6121630668640137
Epoch: 15, Steps: 17 | Train Loss: 0.180 Vali Loss: 0.673 Vali Acc: 0.780 Test Loss: 0.623 Test Acc: 0.780
EarlyStopping counter: 6 out of 10
Updating learning rate to 6.103515625e-08
Epoch: 16 cost time: 0.6242883205413818
Epoch: 16, Steps: 17 | Train Loss: 0.185 Vali Loss: 0.636 Vali Acc: 0.792 Test Loss: 0.634 Test Acc: 0.780
Validation loss decreased (-0.791908 --> -0.791908).  Saving model ...
Epoch: 17 cost time: 0.7049765586853027
Epoch: 17, Steps: 17 | Train Loss: 0.181 Vali Loss: 0.641 Vali Acc: 0.780 Test Loss: 0.639 Test Acc: 0.798
EarlyStopping counter: 1 out of 10
Epoch: 18 cost time: 0.7197418212890625
Epoch: 18, Steps: 17 | Train Loss: 0.190 Vali Loss: 0.615 Vali Acc: 0.792 Test Loss: 0.634 Test Acc: 0.769
Validation loss decreased (-0.791908 --> -0.791908).  Saving model ...
Epoch: 19 cost time: 0.6869518756866455
Epoch: 19, Steps: 17 | Train Loss: 0.175 Vali Loss: 0.653 Vali Acc: 0.763 Test Loss: 0.644 Test Acc: 0.763
EarlyStopping counter: 1 out of 10
Epoch: 20 cost time: 0.6041049957275391
Epoch: 20, Steps: 17 | Train Loss: 0.183 Vali Loss: 0.665 Vali Acc: 0.757 Test Loss: 0.636 Test Acc: 0.780
EarlyStopping counter: 2 out of 10
Updating learning rate to 1.9073486328125e-09
Epoch: 21 cost time: 0.6215839385986328
Epoch: 21, Steps: 17 | Train Loss: 0.193 Vali Loss: 0.617 Vali Acc: 0.769 Test Loss: 0.631 Test Acc: 0.763
EarlyStopping counter: 3 out of 10
Epoch: 22 cost time: 0.5632977485656738
Epoch: 22, Steps: 17 | Train Loss: 0.179 Vali Loss: 0.626 Vali Acc: 0.780 Test Loss: 0.646 Test Acc: 0.769
EarlyStopping counter: 4 out of 10
Epoch: 23 cost time: 0.5634486675262451
Epoch: 23, Steps: 17 | Train Loss: 0.179 Vali Loss: 0.644 Vali Acc: 0.763 Test Loss: 0.630 Test Acc: 0.786
EarlyStopping counter: 5 out of 10
Epoch: 24 cost time: 0.5622508525848389
Epoch: 24, Steps: 17 | Train Loss: 0.187 Vali Loss: 0.648 Vali Acc: 0.786 Test Loss: 0.648 Test Acc: 0.757
EarlyStopping counter: 6 out of 10
Epoch: 25 cost time: 0.5741968154907227
Epoch: 25, Steps: 17 | Train Loss: 0.188 Vali Loss: 0.635 Vali Acc: 0.786 Test Loss: 0.610 Test Acc: 0.786
EarlyStopping counter: 7 out of 10
Updating learning rate to 5.960464477539063e-11
Epoch: 26 cost time: 0.5797915458679199
Epoch: 26, Steps: 17 | Train Loss: 0.188 Vali Loss: 0.633 Vali Acc: 0.780 Test Loss: 0.661 Test Acc: 0.769
EarlyStopping counter: 8 out of 10
Epoch: 27 cost time: 0.5452747344970703
Epoch: 27, Steps: 17 | Train Loss: 0.186 Vali Loss: 0.618 Vali Acc: 0.792 Test Loss: 0.637 Test Acc: 0.769
Validation loss decreased (-0.791908 --> -0.791908).  Saving model ...
Epoch: 28 cost time: 0.6181237697601318
Epoch: 28, Steps: 17 | Train Loss: 0.178 Vali Loss: 0.630 Vali Acc: 0.769 Test Loss: 0.633 Test Acc: 0.780
EarlyStopping counter: 1 out of 10
Epoch: 29 cost time: 0.6010961532592773
Epoch: 29, Steps: 17 | Train Loss: 0.180 Vali Loss: 0.616 Vali Acc: 0.780 Test Loss: 0.620 Test Acc: 0.786
EarlyStopping counter: 2 out of 10
Epoch: 30 cost time: 0.5437562465667725
Epoch: 30, Steps: 17 | Train Loss: 0.176 Vali Loss: 0.656 Vali Acc: 0.775 Test Loss: 0.637 Test Acc: 0.775
EarlyStopping counter: 3 out of 10
Updating learning rate to 1.862645149230957e-12
Epoch: 31 cost time: 0.5489532947540283
Epoch: 31, Steps: 17 | Train Loss: 0.186 Vali Loss: 0.620 Vali Acc: 0.780 Test Loss: 0.608 Test Acc: 0.775
EarlyStopping counter: 4 out of 10
Epoch: 32 cost time: 0.5648210048675537
Epoch: 32, Steps: 17 | Train Loss: 0.170 Vali Loss: 0.631 Vali Acc: 0.775 Test Loss: 0.641 Test Acc: 0.763
EarlyStopping counter: 5 out of 10
Epoch: 33 cost time: 0.5427689552307129
Epoch: 33, Steps: 17 | Train Loss: 0.186 Vali Loss: 0.609 Vali Acc: 0.769 Test Loss: 0.628 Test Acc: 0.769
EarlyStopping counter: 6 out of 10
Epoch: 34 cost time: 0.5601065158843994
Epoch: 34, Steps: 17 | Train Loss: 0.185 Vali Loss: 0.639 Vali Acc: 0.746 Test Loss: 0.636 Test Acc: 0.769
EarlyStopping counter: 7 out of 10
Epoch: 35 cost time: 0.5623722076416016
Epoch: 35, Steps: 17 | Train Loss: 0.175 Vali Loss: 0.656 Vali Acc: 0.757 Test Loss: 0.634 Test Acc: 0.786
EarlyStopping counter: 8 out of 10
Updating learning rate to 5.820766091346741e-14
Epoch: 36 cost time: 0.5472769737243652
Epoch: 36, Steps: 17 | Train Loss: 0.181 Vali Loss: 0.601 Vali Acc: 0.792 Test Loss: 0.622 Test Acc: 0.769
Validation loss decreased (-0.791908 --> -0.791908).  Saving model ...
Epoch: 37 cost time: 0.5450341701507568
Epoch: 37, Steps: 17 | Train Loss: 0.179 Vali Loss: 0.617 Vali Acc: 0.786 Test Loss: 0.634 Test Acc: 0.780
EarlyStopping counter: 1 out of 10
Epoch: 38 cost time: 0.5533263683319092
Epoch: 38, Steps: 17 | Train Loss: 0.192 Vali Loss: 0.627 Vali Acc: 0.798 Test Loss: 0.623 Test Acc: 0.763
Validation loss decreased (-0.791908 --> -0.797688).  Saving model ...
Epoch: 39 cost time: 0.5386168956756592
Epoch: 39, Steps: 17 | Train Loss: 0.181 Vali Loss: 0.624 Vali Acc: 0.775 Test Loss: 0.626 Test Acc: 0.775
EarlyStopping counter: 1 out of 10
Epoch: 40 cost time: 0.5544099807739258
Epoch: 40, Steps: 17 | Train Loss: 0.179 Vali Loss: 0.662 Vali Acc: 0.780 Test Loss: 0.640 Test Acc: 0.775
EarlyStopping counter: 2 out of 10
Updating learning rate to 1.8189894035458565e-15
Epoch: 41 cost time: 0.5559389591217041
Epoch: 41, Steps: 17 | Train Loss: 0.188 Vali Loss: 0.666 Vali Acc: 0.769 Test Loss: 0.642 Test Acc: 0.792
EarlyStopping counter: 3 out of 10
Epoch: 42 cost time: 0.5642411708831787
Epoch: 42, Steps: 17 | Train Loss: 0.196 Vali Loss: 0.613 Vali Acc: 0.769 Test Loss: 0.633 Test Acc: 0.775
EarlyStopping counter: 4 out of 10
Epoch: 43 cost time: 0.5597429275512695
Epoch: 43, Steps: 17 | Train Loss: 0.178 Vali Loss: 0.645 Vali Acc: 0.780 Test Loss: 0.606 Test Acc: 0.775
EarlyStopping counter: 5 out of 10
Epoch: 44 cost time: 0.4921078681945801
Epoch: 44, Steps: 17 | Train Loss: 0.189 Vali Loss: 0.622 Vali Acc: 0.769 Test Loss: 0.633 Test Acc: 0.775
EarlyStopping counter: 6 out of 10
Epoch: 45 cost time: 0.4725515842437744
Epoch: 45, Steps: 17 | Train Loss: 0.174 Vali Loss: 0.631 Vali Acc: 0.769 Test Loss: 0.632 Test Acc: 0.769
EarlyStopping counter: 7 out of 10
Updating learning rate to 5.684341886080802e-17
Epoch: 46 cost time: 0.4839813709259033
Epoch: 46, Steps: 17 | Train Loss: 0.187 Vali Loss: 0.614 Vali Acc: 0.769 Test Loss: 0.621 Test Acc: 0.780
EarlyStopping counter: 8 out of 10
Epoch: 47 cost time: 0.5346255302429199
Epoch: 47, Steps: 17 | Train Loss: 0.174 Vali Loss: 0.628 Vali Acc: 0.780 Test Loss: 0.632 Test Acc: 0.792
EarlyStopping counter: 9 out of 10
Epoch: 48 cost time: 0.5847151279449463
Epoch: 48, Steps: 17 | Train Loss: 0.180 Vali Loss: 0.624 Vali Acc: 0.757 Test Loss: 0.638 Test Acc: 0.757
EarlyStopping counter: 10 out of 10
Early stopping
>>>>>>>testing : classification_PEMS-SF_Reformer_UEA_ftM_sl144_ll48_pl0_dm128_nh8_el3_dl1_df256_fc1_ebtimeF_dtTrue_Exp_0<<<<<<<<<<<<<<<<<<<<<<<<<<<<<<<<<
173
test shape: torch.Size([173, 7]) torch.Size([173, 1])
accuracy:0.7630057803468208
Spend Time: 451.51270723342896
