Args in experiment:
[1mBasic Config[0m
  Task Name:          classification      Is Training:        1                   
  Model ID:           FaceDetection       Model:              ETSformer           

[1mData Loader[0m
  Data:               UEA                 Root Path:          ../iTransformer_datasets/classification/FaceDetection/
  Data Path:          ETTh1.csv           Features:           M                   
  Target:             OT                  Freq:               h                   
  Checkpoints:        ./checkpoints/      

[1mModel Parameters[0m
  Top k:              3                   Num Kernels:        6                   
  Enc In:             7                   Dec In:             7                   
  C Out:              7                   d model:            128                 
  n heads:            8                   e layers:           3                   
  d layers:           3                   d FF:               256                 
  Moving Avg:         25                  Factor:             1                   
  Distil:             1                   Dropout:            0.1                 
  Embed:              timeF               Activation:         gelu                
  Output Attention:   0                   

[1mRun Parameters[0m
  Num Workers:        0                   Itr:                1                   
  Train Epochs:       100                 Batch Size:         16                  
  Patience:           10                  Learning Rate:      0.001               
  Des:                Exp                 Loss:               MSE                 
  Lradj:              type1               Use Amp:            0                   

[1mGPU[0m
  Use GPU:            1                   GPU:                0                   
  Use Multi GPU:      0                   Devices:            0,1,2,3             

[1mDe-stationary Projector Params[0m
  P Hidden Dims:      128, 128            P Hidden Layers:    2                   

Use GPU: cuda:0
5890
3524
>>>>>>>start training : classification_FaceDetection_ETSformer_UEA_ftM_sl62_ll48_pl0_dm128_nh8_el3_dl3_df256_fc1_ebtimeF_dtTrue_Exp_0>>>>>>>>>>>>>>>>>>>>>>>>>>
5890
3524
3524
Traceback (most recent call last):
  File "run.py", line 272, in <module>
    exp.train(setting)
  File "/mnt/nas/home/cilab/Jianping/Research/Time-Series-Library/exp/exp_classification.py", line 110, in train
    outputs = self.model(batch_x, padding_mask, None, None)
  File "/home/cilab/miniconda3/envs/zjp/lib/python3.8/site-packages/torch/nn/modules/module.py", line 1511, in _wrapped_call_impl
    return self._call_impl(*args, **kwargs)
  File "/home/cilab/miniconda3/envs/zjp/lib/python3.8/site-packages/torch/nn/modules/module.py", line 1520, in _call_impl
    return forward_call(*args, **kwargs)
  File "/mnt/nas/home/cilab/Jianping/Research/Time-Series-Library/models/ETSformer.py", line 108, in forward
    dec_out = self.classification(x_enc, x_mark_enc)
  File "/mnt/nas/home/cilab/Jianping/Research/Time-Series-Library/models/ETSformer.py", line 82, in classification
    _, growths, seasons = self.encoder(res, x_enc, attn_mask=None)
  File "/home/cilab/miniconda3/envs/zjp/lib/python3.8/site-packages/torch/nn/modules/module.py", line 1511, in _wrapped_call_impl
    return self._call_impl(*args, **kwargs)
  File "/home/cilab/miniconda3/envs/zjp/lib/python3.8/site-packages/torch/nn/modules/module.py", line 1520, in _call_impl
    return forward_call(*args, **kwargs)
  File "/mnt/nas/home/cilab/Jianping/Research/Time-Series-Library/layers/ETSformer_EncDec.py", line 280, in forward
    res, level, growth, season = layer(res, level, attn_mask=None)
  File "/home/cilab/miniconda3/envs/zjp/lib/python3.8/site-packages/torch/nn/modules/module.py", line 1511, in _wrapped_call_impl
    return self._call_impl(*args, **kwargs)
  File "/home/cilab/miniconda3/envs/zjp/lib/python3.8/site-packages/torch/nn/modules/module.py", line 1520, in _call_impl
    return forward_call(*args, **kwargs)
  File "/mnt/nas/home/cilab/Jianping/Research/Time-Series-Library/layers/ETSformer_EncDec.py", line 252, in forward
    season = self._season_block(res)
  File "/mnt/nas/home/cilab/Jianping/Research/Time-Series-Library/layers/ETSformer_EncDec.py", line 266, in _season_block
    x = self.seasonal_layer(x)
  File "/home/cilab/miniconda3/envs/zjp/lib/python3.8/site-packages/torch/nn/modules/module.py", line 1511, in _wrapped_call_impl
    return self._call_impl(*args, **kwargs)
  File "/home/cilab/miniconda3/envs/zjp/lib/python3.8/site-packages/torch/nn/modules/module.py", line 1520, in _call_impl
    return forward_call(*args, **kwargs)
  File "/mnt/nas/home/cilab/Jianping/Research/Time-Series-Library/layers/ETSformer_EncDec.py", line 159, in forward
    f = rearrange(f[index_tuple], "b f d -> b f () d").to(x_freq.device)
RuntimeError: indices should be either on cpu or on the same device as the indexed tensor (cpu)
