Args in experiment:
[1mBasic Config[0m
  Task Name:          classification      Is Training:        1                   
  Model ID:           FaceDetection       Model:              Reformer            

[1mData Loader[0m
  Data:               UEA                 Root Path:          ../iTransformer_datasets/classification/FaceDetection/
  Data Path:          ETTh1.csv           Features:           M                   
  Target:             OT                  Freq:               h                   
  Checkpoints:        ./checkpoints/      

[1mModel Parameters[0m
  Top k:              3                   Num Kernels:        6                   
  Enc In:             7                   Dec In:             7                   
  C Out:              7                   d model:            128                 
  n heads:            8                   e layers:           3                   
  d layers:           1                   d FF:               256                 
  Moving Avg:         25                  Factor:             1                   
  Distil:             1                   Dropout:            0.1                 
  Embed:              timeF               Activation:         gelu                
  Output Attention:   0                   

[1mRun Parameters[0m
  Num Workers:        0                   Itr:                1                   
  Train Epochs:       100                 Batch Size:         16                  
  Patience:           10                  Learning Rate:      0.001               
  Des:                Exp                 Loss:               MSE                 
  Lradj:              type1               Use Amp:            0                   

[1mGPU[0m
  Use GPU:            1                   GPU:                0                   
  Use Multi GPU:      0                   Devices:            0,1,2,3             

[1mDe-stationary Projector Params[0m
  P Hidden Dims:      128, 128            P Hidden Layers:    2                   

Use GPU: cuda:0
5890
3524
>>>>>>>start training : classification_FaceDetection_Reformer_UEA_ftM_sl62_ll48_pl0_dm128_nh8_el3_dl1_df256_fc1_ebtimeF_dtTrue_Exp_0>>>>>>>>>>>>>>>>>>>>>>>>>>
5890
3524
3524
	iters: 100, epoch: 1 | loss: 0.7201585
	speed: 0.0489s/iter; left time: 1797.9755s
	iters: 200, epoch: 1 | loss: 0.6147580
	speed: 0.0248s/iter; left time: 910.8951s
	iters: 300, epoch: 1 | loss: 0.4683154
	speed: 0.0251s/iter; left time: 917.0054s
Epoch: 1 cost time: 11.769242286682129
Epoch: 1, Steps: 369 | Train Loss: 0.647 Vali Loss: 0.604 Vali Acc: 0.672 Test Loss: 0.605 Test Acc: 0.672
Validation loss decreased (inf --> -0.672247).  Saving model ...
	iters: 100, epoch: 2 | loss: 0.5153113
	speed: 0.0941s/iter; left time: 3429.9819s
	iters: 200, epoch: 2 | loss: 0.4328605
	speed: 0.0245s/iter; left time: 889.7977s
	iters: 300, epoch: 2 | loss: 0.3804553
	speed: 0.0251s/iter; left time: 908.5122s
Epoch: 2 cost time: 9.195969104766846
Epoch: 2, Steps: 369 | Train Loss: 0.499 Vali Loss: 0.644 Vali Acc: 0.678 Test Loss: 0.646 Test Acc: 0.682
Validation loss decreased (-0.672247 --> -0.678490).  Saving model ...
	iters: 100, epoch: 3 | loss: 0.3707790
	speed: 0.0937s/iter; left time: 3379.2500s
	iters: 200, epoch: 3 | loss: 0.1548112
	speed: 0.0260s/iter; left time: 935.0789s
	iters: 300, epoch: 3 | loss: 0.6299934
	speed: 0.0300s/iter; left time: 1077.6413s
Epoch: 3 cost time: 10.401771545410156
Epoch: 3, Steps: 369 | Train Loss: 0.437 Vali Loss: 0.623 Vali Acc: 0.684 Test Loss: 0.623 Test Acc: 0.682
Validation loss decreased (-0.678490 --> -0.683598).  Saving model ...
	iters: 100, epoch: 4 | loss: 0.1702404
	speed: 0.0993s/iter; left time: 3544.6267s
	iters: 200, epoch: 4 | loss: 0.3614357
	speed: 0.0320s/iter; left time: 1139.2020s
	iters: 300, epoch: 4 | loss: 0.4065609
	speed: 0.0320s/iter; left time: 1135.1387s
Epoch: 4 cost time: 11.199469327926636
Epoch: 4, Steps: 369 | Train Loss: 0.384 Vali Loss: 0.679 Vali Acc: 0.676 Test Loss: 0.679 Test Acc: 0.675
EarlyStopping counter: 1 out of 10
	iters: 100, epoch: 5 | loss: 0.4749008
	speed: 0.0948s/iter; left time: 3348.9945s
	iters: 200, epoch: 5 | loss: 0.3262119
	speed: 0.0252s/iter; left time: 886.5350s
	iters: 300, epoch: 5 | loss: 0.5219634
	speed: 0.0250s/iter; left time: 877.2375s
Epoch: 5 cost time: 9.23116135597229
Epoch: 5, Steps: 369 | Train Loss: 0.302 Vali Loss: 0.878 Vali Acc: 0.662 Test Loss: 0.879 Test Acc: 0.654
EarlyStopping counter: 2 out of 10
Updating learning rate to 6.25e-05
	iters: 100, epoch: 6 | loss: 0.0349618
	speed: 0.0893s/iter; left time: 3119.9184s
	iters: 200, epoch: 6 | loss: 0.1508274
	speed: 0.0252s/iter; left time: 878.1560s
	iters: 300, epoch: 6 | loss: 0.2061123
	speed: 0.0309s/iter; left time: 1075.3377s
Epoch: 6 cost time: 10.725421667098999
Epoch: 6, Steps: 369 | Train Loss: 0.149 Vali Loss: 0.929 Vali Acc: 0.676 Test Loss: 0.931 Test Acc: 0.678
EarlyStopping counter: 3 out of 10
	iters: 100, epoch: 7 | loss: 0.1416056
	speed: 0.1115s/iter; left time: 3857.2175s
	iters: 200, epoch: 7 | loss: 0.0656104
	speed: 0.0357s/iter; left time: 1230.5056s
	iters: 300, epoch: 7 | loss: 0.1316267
	speed: 0.0368s/iter; left time: 1266.0522s
Epoch: 7 cost time: 12.770855903625488
Epoch: 7, Steps: 369 | Train Loss: 0.087 Vali Loss: 1.089 Vali Acc: 0.667 Test Loss: 1.085 Test Acc: 0.671
EarlyStopping counter: 4 out of 10
	iters: 100, epoch: 8 | loss: 0.2229470
	speed: 0.1121s/iter; left time: 3837.0586s
	iters: 200, epoch: 8 | loss: 0.0161743
	speed: 0.0326s/iter; left time: 1111.9357s
	iters: 300, epoch: 8 | loss: 0.0069644
	speed: 0.0358s/iter; left time: 1217.8756s
Epoch: 8 cost time: 12.392911195755005
Epoch: 8, Steps: 369 | Train Loss: 0.061 Vali Loss: 1.182 Vali Acc: 0.670 Test Loss: 1.182 Test Acc: 0.673
EarlyStopping counter: 5 out of 10
	iters: 100, epoch: 9 | loss: 0.0582535
	speed: 0.1090s/iter; left time: 3690.9226s
	iters: 200, epoch: 9 | loss: 0.0036860
	speed: 0.0361s/iter; left time: 1217.7000s
	iters: 300, epoch: 9 | loss: 0.0601770
	speed: 0.0377s/iter; left time: 1267.6050s
Epoch: 9 cost time: 12.970128059387207
Epoch: 9, Steps: 369 | Train Loss: 0.044 Vali Loss: 1.260 Vali Acc: 0.666 Test Loss: 1.267 Test Acc: 0.670
EarlyStopping counter: 6 out of 10
	iters: 100, epoch: 10 | loss: 0.0402519
	speed: 0.1103s/iter; left time: 3692.9876s
	iters: 200, epoch: 10 | loss: 0.0336671
	speed: 0.0370s/iter; left time: 1236.6100s
	iters: 300, epoch: 10 | loss: 0.0043579
	speed: 0.0397s/iter; left time: 1320.1006s
Epoch: 10 cost time: 13.295849800109863
Epoch: 10, Steps: 369 | Train Loss: 0.035 Vali Loss: 1.326 Vali Acc: 0.668 Test Loss: 1.348 Test Acc: 0.658
EarlyStopping counter: 7 out of 10
Updating learning rate to 1.953125e-06
	iters: 100, epoch: 11 | loss: 0.0049071
	speed: 0.1124s/iter; left time: 3723.1651s
	iters: 200, epoch: 11 | loss: 0.0250358
	speed: 0.0328s/iter; left time: 1083.0250s
	iters: 300, epoch: 11 | loss: 0.0087430
	speed: 0.0335s/iter; left time: 1102.4841s
Epoch: 11 cost time: 12.005033254623413
Epoch: 11, Steps: 369 | Train Loss: 0.027 Vali Loss: 1.329 Vali Acc: 0.668 Test Loss: 1.339 Test Acc: 0.666
EarlyStopping counter: 8 out of 10
	iters: 100, epoch: 12 | loss: 0.0273950
	speed: 0.0930s/iter; left time: 3044.2043s
	iters: 200, epoch: 12 | loss: 0.0323426
	speed: 0.0239s/iter; left time: 780.7507s
	iters: 300, epoch: 12 | loss: 0.0097567
	speed: 0.0239s/iter; left time: 778.3849s
Epoch: 12 cost time: 8.806715250015259
Epoch: 12, Steps: 369 | Train Loss: 0.028 Vali Loss: 1.344 Vali Acc: 0.671 Test Loss: 1.333 Test Acc: 0.667
EarlyStopping counter: 9 out of 10
	iters: 100, epoch: 13 | loss: 0.0171220
	speed: 0.0860s/iter; left time: 2782.7771s
	iters: 200, epoch: 13 | loss: 0.0120587
	speed: 0.0293s/iter; left time: 945.9890s
	iters: 300, epoch: 13 | loss: 0.0540159
	speed: 0.0341s/iter; left time: 1096.3961s
Epoch: 13 cost time: 11.185884237289429
Epoch: 13, Steps: 369 | Train Loss: 0.027 Vali Loss: 1.349 Vali Acc: 0.666 Test Loss: 1.342 Test Acc: 0.666
EarlyStopping counter: 10 out of 10
Early stopping
>>>>>>>testing : classification_FaceDetection_Reformer_UEA_ftM_sl62_ll48_pl0_dm128_nh8_el3_dl1_df256_fc1_ebtimeF_dtTrue_Exp_0<<<<<<<<<<<<<<<<<<<<<<<<<<<<<<<<<
3524
test shape: torch.Size([3524, 2]) torch.Size([3524, 1])
accuracy:0.6878547105561862
Spend Time: 1185.1443519592285
