Args in experiment:
[1mBasic Config[0m
  Task Name:          classification      Is Training:        1                   
  Model ID:           UWaveGestureLibrary Model:              Reformer            

[1mData Loader[0m
  Data:               UEA                 Root Path:          ../iTransformer_datasets/classification/UWaveGestureLibrary/
  Data Path:          ETTh1.csv           Features:           M                   
  Target:             OT                  Freq:               h                   
  Checkpoints:        ./checkpoints/      

[1mModel Parameters[0m
  Top k:              3                   Num Kernels:        6                   
  Enc In:             7                   Dec In:             7                   
  C Out:              7                   d model:            128                 
  n heads:            8                   e layers:           3                   
  d layers:           1                   d FF:               256                 
  Moving Avg:         25                  Factor:             1                   
  Distil:             1                   Dropout:            0.1                 
  Embed:              timeF               Activation:         gelu                
  Output Attention:   0                   

[1mRun Parameters[0m
  Num Workers:        0                   Itr:                1                   
  Train Epochs:       100                 Batch Size:         16                  
  Patience:           10                  Learning Rate:      0.001               
  Des:                Exp                 Loss:               MSE                 
  Lradj:              type1               Use Amp:            0                   

[1mGPU[0m
  Use GPU:            1                   GPU:                0                   
  Use Multi GPU:      0                   Devices:            0,1,2,3             

[1mDe-stationary Projector Params[0m
  P Hidden Dims:      128, 128            P Hidden Layers:    2                   

Use GPU: cuda:0
120
320
>>>>>>>start training : classification_UWaveGestureLibrary_Reformer_UEA_ftM_sl315_ll48_pl0_dm128_nh8_el3_dl1_df256_fc1_ebtimeF_dtTrue_Exp_0>>>>>>>>>>>>>>>>>>>>>>>>>>
120
320
320
Epoch: 1 cost time: 3.5678491592407227
Epoch: 1, Steps: 8 | Train Loss: 3.553 Vali Loss: 2.704 Vali Acc: 0.637 Test Loss: 2.703 Test Acc: 0.637
Validation loss decreased (inf --> -0.637500).  Saving model ...
Epoch: 2 cost time: 0.2936060428619385
Epoch: 2, Steps: 8 | Train Loss: 0.902 Vali Loss: 2.629 Vali Acc: 0.703 Test Loss: 2.636 Test Acc: 0.706
Validation loss decreased (-0.637500 --> -0.703125).  Saving model ...
Epoch: 3 cost time: 0.2979550361633301
Epoch: 3, Steps: 8 | Train Loss: 0.980 Vali Loss: 2.173 Vali Acc: 0.778 Test Loss: 2.165 Test Acc: 0.778
Validation loss decreased (-0.703125 --> -0.778125).  Saving model ...
Epoch: 4 cost time: 0.2613070011138916
Epoch: 4, Steps: 8 | Train Loss: 0.184 Vali Loss: 2.242 Vali Acc: 0.791 Test Loss: 2.245 Test Acc: 0.794
Validation loss decreased (-0.778125 --> -0.790625).  Saving model ...
Epoch: 5 cost time: 0.47748374938964844
Epoch: 5, Steps: 8 | Train Loss: 0.384 Vali Loss: 2.894 Vali Acc: 0.778 Test Loss: 2.887 Test Acc: 0.778
EarlyStopping counter: 1 out of 10
Updating learning rate to 6.25e-05
Epoch: 6 cost time: 0.24388957023620605
Epoch: 6, Steps: 8 | Train Loss: 0.171 Vali Loss: 2.790 Vali Acc: 0.794 Test Loss: 2.789 Test Acc: 0.797
Validation loss decreased (-0.790625 --> -0.793750).  Saving model ...
Epoch: 7 cost time: 0.4575843811035156
Epoch: 7, Steps: 8 | Train Loss: 0.052 Vali Loss: 2.562 Vali Acc: 0.812 Test Loss: 2.557 Test Acc: 0.812
Validation loss decreased (-0.793750 --> -0.812500).  Saving model ...
Epoch: 8 cost time: 0.2686316967010498
Epoch: 8, Steps: 8 | Train Loss: 0.005 Vali Loss: 2.468 Vali Acc: 0.825 Test Loss: 2.479 Test Acc: 0.825
Validation loss decreased (-0.812500 --> -0.825000).  Saving model ...
Epoch: 9 cost time: 0.45023083686828613
Epoch: 9, Steps: 8 | Train Loss: 0.000 Vali Loss: 2.440 Vali Acc: 0.825 Test Loss: 2.436 Test Acc: 0.825
Validation loss decreased (-0.825000 --> -0.825000).  Saving model ...
Epoch: 10 cost time: 0.4302945137023926
Epoch: 10, Steps: 8 | Train Loss: 0.000 Vali Loss: 2.418 Vali Acc: 0.825 Test Loss: 2.416 Test Acc: 0.825
Validation loss decreased (-0.825000 --> -0.825000).  Saving model ...
Updating learning rate to 1.953125e-06
Epoch: 11 cost time: 0.44555020332336426
Epoch: 11, Steps: 8 | Train Loss: 0.000 Vali Loss: 2.424 Vali Acc: 0.822 Test Loss: 2.428 Test Acc: 0.822
EarlyStopping counter: 1 out of 10
Epoch: 12 cost time: 0.48781585693359375
Epoch: 12, Steps: 8 | Train Loss: 0.000 Vali Loss: 2.422 Vali Acc: 0.822 Test Loss: 2.412 Test Acc: 0.822
EarlyStopping counter: 2 out of 10
Epoch: 13 cost time: 0.39841723442077637
Epoch: 13, Steps: 8 | Train Loss: 0.000 Vali Loss: 2.421 Vali Acc: 0.825 Test Loss: 2.424 Test Acc: 0.825
Validation loss decreased (-0.825000 --> -0.825000).  Saving model ...
Epoch: 14 cost time: 0.4788546562194824
Epoch: 14, Steps: 8 | Train Loss: 0.000 Vali Loss: 2.423 Vali Acc: 0.825 Test Loss: 2.425 Test Acc: 0.822
Validation loss decreased (-0.825000 --> -0.825000).  Saving model ...
Epoch: 15 cost time: 0.41635799407958984
Epoch: 15, Steps: 8 | Train Loss: 0.000 Vali Loss: 2.415 Vali Acc: 0.822 Test Loss: 2.415 Test Acc: 0.825
EarlyStopping counter: 1 out of 10
Updating learning rate to 6.103515625e-08
Epoch: 16 cost time: 0.4632542133331299
Epoch: 16, Steps: 8 | Train Loss: 0.000 Vali Loss: 2.420 Vali Acc: 0.822 Test Loss: 2.422 Test Acc: 0.822
EarlyStopping counter: 2 out of 10
Epoch: 17 cost time: 0.4467911720275879
Epoch: 17, Steps: 8 | Train Loss: 0.000 Vali Loss: 2.422 Vali Acc: 0.828 Test Loss: 2.419 Test Acc: 0.822
Validation loss decreased (-0.825000 --> -0.828125).  Saving model ...
Epoch: 18 cost time: 0.45085597038269043
Epoch: 18, Steps: 8 | Train Loss: 0.000 Vali Loss: 2.421 Vali Acc: 0.825 Test Loss: 2.419 Test Acc: 0.825
EarlyStopping counter: 1 out of 10
Epoch: 19 cost time: 0.47263264656066895
Epoch: 19, Steps: 8 | Train Loss: 0.000 Vali Loss: 2.426 Vali Acc: 0.822 Test Loss: 2.414 Test Acc: 0.819
EarlyStopping counter: 2 out of 10
Epoch: 20 cost time: 0.3900284767150879
Epoch: 20, Steps: 8 | Train Loss: 0.000 Vali Loss: 2.419 Vali Acc: 0.828 Test Loss: 2.422 Test Acc: 0.828
Validation loss decreased (-0.828125 --> -0.828125).  Saving model ...
Updating learning rate to 1.9073486328125e-09
Epoch: 21 cost time: 0.4439425468444824
Epoch: 21, Steps: 8 | Train Loss: 0.000 Vali Loss: 2.427 Vali Acc: 0.825 Test Loss: 2.418 Test Acc: 0.822
EarlyStopping counter: 1 out of 10
Epoch: 22 cost time: 0.5649921894073486
Epoch: 22, Steps: 8 | Train Loss: 0.000 Vali Loss: 2.417 Vali Acc: 0.825 Test Loss: 2.417 Test Acc: 0.825
EarlyStopping counter: 2 out of 10
Epoch: 23 cost time: 0.7023670673370361
Epoch: 23, Steps: 8 | Train Loss: 0.000 Vali Loss: 2.421 Vali Acc: 0.825 Test Loss: 2.417 Test Acc: 0.825
EarlyStopping counter: 3 out of 10
Epoch: 24 cost time: 0.3584163188934326
Epoch: 24, Steps: 8 | Train Loss: 0.000 Vali Loss: 2.419 Vali Acc: 0.825 Test Loss: 2.419 Test Acc: 0.822
EarlyStopping counter: 4 out of 10
Epoch: 25 cost time: 0.5346558094024658
Epoch: 25, Steps: 8 | Train Loss: 0.000 Vali Loss: 2.425 Vali Acc: 0.822 Test Loss: 2.422 Test Acc: 0.822
EarlyStopping counter: 5 out of 10
Updating learning rate to 5.960464477539063e-11
Epoch: 26 cost time: 0.2584238052368164
Epoch: 26, Steps: 8 | Train Loss: 0.000 Vali Loss: 2.410 Vali Acc: 0.822 Test Loss: 2.417 Test Acc: 0.825
EarlyStopping counter: 6 out of 10
Epoch: 27 cost time: 0.34325337409973145
Epoch: 27, Steps: 8 | Train Loss: 0.000 Vali Loss: 2.418 Vali Acc: 0.825 Test Loss: 2.426 Test Acc: 0.828
EarlyStopping counter: 7 out of 10
Epoch: 28 cost time: 0.34387636184692383
Epoch: 28, Steps: 8 | Train Loss: 0.000 Vali Loss: 2.423 Vali Acc: 0.822 Test Loss: 2.420 Test Acc: 0.825
EarlyStopping counter: 8 out of 10
Epoch: 29 cost time: 0.3981790542602539
Epoch: 29, Steps: 8 | Train Loss: 0.000 Vali Loss: 2.423 Vali Acc: 0.822 Test Loss: 2.424 Test Acc: 0.825
EarlyStopping counter: 9 out of 10
Epoch: 30 cost time: 0.25866079330444336
Epoch: 30, Steps: 8 | Train Loss: 0.000 Vali Loss: 2.422 Vali Acc: 0.825 Test Loss: 2.421 Test Acc: 0.822
EarlyStopping counter: 10 out of 10
Early stopping
>>>>>>>testing : classification_UWaveGestureLibrary_Reformer_UEA_ftM_sl315_ll48_pl0_dm128_nh8_el3_dl1_df256_fc1_ebtimeF_dtTrue_Exp_0<<<<<<<<<<<<<<<<<<<<<<<<<<<<<<<<<
320
test shape: torch.Size([320, 8]) torch.Size([320, 1])
accuracy:0.825
Spend Time: 74.03662848472595
