Args in experiment:
[1mBasic Config[0m
  Task Name:          classification      Is Training:        1                   
  Model ID:           Handwriting         Model:              TimesNet            

[1mData Loader[0m
  Data:               UEA                 Root Path:          ../iTransformer_datasets/classification/Handwriting/
  Data Path:          ETTh1.csv           Features:           M                   
  Target:             OT                  Freq:               h                   
  Checkpoints:        ./checkpoints/      

[1mModel Parameters[0m
  Top k:              3                   Num Kernels:        6                   
  Enc In:             7                   Dec In:             7                   
  C Out:              7                   d model:            32                  
  n heads:            8                   e layers:           2                   
  d layers:           1                   d FF:               64                  
  Moving Avg:         25                  Factor:             1                   
  Distil:             1                   Dropout:            0.1                 
  Embed:              timeF               Activation:         gelu                
  Output Attention:   0                   

[1mRun Parameters[0m
  Num Workers:        0                   Itr:                1                   
  Train Epochs:       30                  Batch Size:         16                  
  Patience:           10                  Learning Rate:      0.001               
  Des:                Exp                 Loss:               MSE                 
  Lradj:              type1               Use Amp:            0                   

[1mGPU[0m
  Use GPU:            1                   GPU:                0                   
  Use Multi GPU:      0                   Devices:            0,1,2,3             

[1mDe-stationary Projector Params[0m
  P Hidden Dims:      128, 128            P Hidden Layers:    2                   

Use GPU: cuda:0
150
850
>>>>>>>start training : classification_Handwriting_TimesNet_UEA_ftM_sl152_ll48_pl0_dm32_nh8_el2_dl1_df64_fc1_ebtimeF_dtTrue_Exp_0>>>>>>>>>>>>>>>>>>>>>>>>>>
150
850
850
Epoch: 1 cost time: 6.737654447555542
Epoch: 1, Steps: 10 | Train Loss: 3.609 Vali Loss: 3.282 Vali Acc: 0.131 Test Loss: 3.265 Test Acc: 0.128
Validation loss decreased (inf --> -0.130588).  Saving model ...
Epoch: 2 cost time: 1.9238567352294922
Epoch: 2, Steps: 10 | Train Loss: 1.865 Vali Loss: 3.277 Vali Acc: 0.186 Test Loss: 3.223 Test Acc: 0.187
Validation loss decreased (-0.130588 --> -0.185882).  Saving model ...
Epoch: 3 cost time: 1.9282832145690918
Epoch: 3, Steps: 10 | Train Loss: 0.830 Vali Loss: 3.279 Vali Acc: 0.241 Test Loss: 3.242 Test Acc: 0.244
Validation loss decreased (-0.185882 --> -0.241176).  Saving model ...
Epoch: 4 cost time: 1.8804807662963867
Epoch: 4, Steps: 10 | Train Loss: 0.377 Vali Loss: 3.389 Vali Acc: 0.267 Test Loss: 3.430 Test Acc: 0.266
Validation loss decreased (-0.241176 --> -0.267059).  Saving model ...
Epoch: 5 cost time: 1.952134370803833
Epoch: 5, Steps: 10 | Train Loss: 0.199 Vali Loss: 3.535 Vali Acc: 0.275 Test Loss: 3.504 Test Acc: 0.289
Validation loss decreased (-0.267059 --> -0.275294).  Saving model ...
Updating learning rate to 6.25e-05
Epoch: 6 cost time: 1.8593504428863525
Epoch: 6, Steps: 10 | Train Loss: 0.085 Vali Loss: 3.536 Vali Acc: 0.285 Test Loss: 3.485 Test Acc: 0.286
Validation loss decreased (-0.275294 --> -0.284706).  Saving model ...
Epoch: 7 cost time: 1.8331663608551025
Epoch: 7, Steps: 10 | Train Loss: 0.084 Vali Loss: 3.412 Vali Acc: 0.288 Test Loss: 3.466 Test Acc: 0.298
Validation loss decreased (-0.284706 --> -0.288235).  Saving model ...
Epoch: 8 cost time: 2.0090863704681396
Epoch: 8, Steps: 10 | Train Loss: 0.045 Vali Loss: 3.365 Vali Acc: 0.293 Test Loss: 3.405 Test Acc: 0.294
Validation loss decreased (-0.288235 --> -0.292941).  Saving model ...
Epoch: 9 cost time: 2.1643056869506836
Epoch: 9, Steps: 10 | Train Loss: 0.053 Vali Loss: 3.405 Vali Acc: 0.291 Test Loss: 3.425 Test Acc: 0.298
EarlyStopping counter: 1 out of 10
Epoch: 10 cost time: 3.3272109031677246
Epoch: 10, Steps: 10 | Train Loss: 0.045 Vali Loss: 3.400 Vali Acc: 0.305 Test Loss: 3.398 Test Acc: 0.293
Validation loss decreased (-0.292941 --> -0.304706).  Saving model ...
Updating learning rate to 1.953125e-06
Epoch: 11 cost time: 3.195173501968384
Epoch: 11, Steps: 10 | Train Loss: 0.031 Vali Loss: 3.409 Vali Acc: 0.295 Test Loss: 3.386 Test Acc: 0.295
EarlyStopping counter: 1 out of 10
Epoch: 12 cost time: 2.5687472820281982
Epoch: 12, Steps: 10 | Train Loss: 0.044 Vali Loss: 3.403 Vali Acc: 0.301 Test Loss: 3.388 Test Acc: 0.299
EarlyStopping counter: 2 out of 10
Epoch: 13 cost time: 2.693523645401001
Epoch: 13, Steps: 10 | Train Loss: 0.038 Vali Loss: 3.442 Vali Acc: 0.301 Test Loss: 3.466 Test Acc: 0.299
EarlyStopping counter: 3 out of 10
Epoch: 14 cost time: 1.6482717990875244
Epoch: 14, Steps: 10 | Train Loss: 0.030 Vali Loss: 3.360 Vali Acc: 0.304 Test Loss: 3.381 Test Acc: 0.305
EarlyStopping counter: 4 out of 10
Epoch: 15 cost time: 1.490039348602295
Epoch: 15, Steps: 10 | Train Loss: 0.033 Vali Loss: 3.365 Vali Acc: 0.292 Test Loss: 3.386 Test Acc: 0.298
EarlyStopping counter: 5 out of 10
Updating learning rate to 6.103515625e-08
Epoch: 16 cost time: 1.3502085208892822
Epoch: 16, Steps: 10 | Train Loss: 0.027 Vali Loss: 3.395 Vali Acc: 0.299 Test Loss: 3.330 Test Acc: 0.301
EarlyStopping counter: 6 out of 10
Epoch: 17 cost time: 1.392857313156128
Epoch: 17, Steps: 10 | Train Loss: 0.029 Vali Loss: 3.376 Vali Acc: 0.302 Test Loss: 3.364 Test Acc: 0.304
EarlyStopping counter: 7 out of 10
Epoch: 18 cost time: 1.5268855094909668
Epoch: 18, Steps: 10 | Train Loss: 0.031 Vali Loss: 3.347 Vali Acc: 0.299 Test Loss: 3.362 Test Acc: 0.296
EarlyStopping counter: 8 out of 10
Epoch: 19 cost time: 1.7376761436462402
Epoch: 19, Steps: 10 | Train Loss: 0.033 Vali Loss: 3.388 Vali Acc: 0.298 Test Loss: 3.401 Test Acc: 0.301
EarlyStopping counter: 9 out of 10
Epoch: 20 cost time: 2.0982277393341064
Epoch: 20, Steps: 10 | Train Loss: 0.033 Vali Loss: 3.380 Vali Acc: 0.295 Test Loss: 3.400 Test Acc: 0.301
EarlyStopping counter: 10 out of 10
Early stopping
>>>>>>>testing : classification_Handwriting_TimesNet_UEA_ftM_sl152_ll48_pl0_dm32_nh8_el2_dl1_df64_fc1_ebtimeF_dtTrue_Exp_0<<<<<<<<<<<<<<<<<<<<<<<<<<<<<<<<<
850
test shape: torch.Size([850, 26]) torch.Size([850, 1])
accuracy:0.2988235294117647
Spend Time: 283.5052318572998
