Args in experiment:
[1mBasic Config[0m
  Task Name:          anomaly_detection   Is Training:        1                   
  Model ID:           MSL                 Model:              FEDformer           

[1mData Loader[0m
  Data:               MSL                 Root Path:          ../iTransformer_datasets/anomaly_detection/MSL
  Data Path:          ETTh1.csv           Features:           M                   
  Target:             OT                  Freq:               h                   
  Checkpoints:        ./checkpoints/      

[1mAnomaly Detection Task[0m
  Anomaly Ratio:      1.0                 

[1mModel Parameters[0m
  Top k:              5                   Num Kernels:        6                   
  Enc In:             55                  Dec In:             7                   
  C Out:              55                  d model:            128                 
  n heads:            8                   e layers:           3                   
  d layers:           1                   d FF:               128                 
  Moving Avg:         25                  Factor:             1                   
  Distil:             1                   Dropout:            0.1                 
  Embed:              timeF               Activation:         gelu                
  Output Attention:   0                   

[1mRun Parameters[0m
  Num Workers:        0                   Itr:                1                   
  Train Epochs:       10                  Batch Size:         128                 
  Patience:           3                   Learning Rate:      0.0001              
  Des:                test                Loss:               MSE                 
  Lradj:              type1               Use Amp:            0                   

[1mGPU[0m
  Use GPU:            1                   GPU:                0                   
  Use Multi GPU:      0                   Devices:            0,1,2,3             

[1mDe-stationary Projector Params[0m
  P Hidden Dims:      128, 128            P Hidden Layers:    2                   

Use GPU: cuda:0
fourier enhanced block used!
modes=32, index=[2, 3, 4, 5, 8, 9, 10, 11, 13, 14, 15, 16, 17, 18, 19, 20, 23, 25, 28, 31, 32, 34, 35, 36, 38, 39, 40, 41, 43, 46, 47, 48]
fourier enhanced block used!
modes=32, index=[0, 1, 2, 3, 4, 5, 6, 7, 8, 9, 10, 11, 12, 13, 14, 15, 16, 17, 18, 19, 20, 21, 22, 23, 24]
 fourier enhanced cross attention used!
modes_q=25, index_q=[0, 1, 2, 3, 4, 5, 6, 7, 8, 9, 10, 11, 12, 13, 14, 15, 16, 17, 18, 19, 20, 21, 22, 23, 24]
modes_kv=32, index_kv=[0, 1, 2, 3, 4, 6, 7, 8, 9, 10, 12, 13, 14, 16, 17, 18, 20, 21, 22, 23, 27, 28, 29, 30, 31, 35, 36, 37, 39, 42, 43, 48]
>>>>>>>start training : anomaly_detection_MSL_FEDformer_MSL_ftM_sl100_ll48_pl0_dm128_nh8_el3_dl1_df128_fc1_ebtimeF_dtTrue_test_0>>>>>>>>>>>>>>>>>>>>>>>>>>
test: (73729, 55)
train: (58317, 55)
train 58218
test: (73729, 55)
train: (58317, 55)
val 11565
test: (73729, 55)
train: (58317, 55)
test 73630
	iters: 100, epoch: 1 | loss: 0.7500013
	speed: 0.2186s/iter; left time: 973.1373s
	iters: 200, epoch: 1 | loss: 0.4991792
	speed: 0.1917s/iter; left time: 834.2543s
	iters: 300, epoch: 1 | loss: 0.6613217
	speed: 0.1916s/iter; left time: 814.4345s
	iters: 400, epoch: 1 | loss: 0.6201283
	speed: 0.1914s/iter; left time: 794.6533s
Epoch: 1 cost time: 90.06851601600647
Epoch: 1, Steps: 455 | Train Loss: 0.5531952 Vali Loss: 0.3459683 Test Loss: 2.1298583
Validation loss decreased (inf --> 0.345968).  Saving model ...
Updating learning rate to 0.0001
	iters: 100, epoch: 2 | loss: 0.3855844
	speed: 0.6289s/iter; left time: 2513.1544s
	iters: 200, epoch: 2 | loss: 0.3262418
	speed: 0.1926s/iter; left time: 750.4509s
	iters: 300, epoch: 2 | loss: 0.2797505
	speed: 0.1918s/iter; left time: 728.2016s
	iters: 400, epoch: 2 | loss: 0.5117140
	speed: 0.1917s/iter; left time: 708.4919s
Epoch: 2 cost time: 87.53688287734985
Epoch: 2, Steps: 455 | Train Loss: 0.4091708 Vali Loss: 0.2766164 Test Loss: 2.0535860
Validation loss decreased (0.345968 --> 0.276616).  Saving model ...
Updating learning rate to 5e-05
	iters: 100, epoch: 3 | loss: 0.4104612
	speed: 0.6304s/iter; left time: 2232.0905s
	iters: 200, epoch: 3 | loss: 0.3797495
	speed: 0.1690s/iter; left time: 581.5221s
	iters: 300, epoch: 3 | loss: 0.4907847
	speed: 0.1551s/iter; left time: 518.0651s
	iters: 400, epoch: 3 | loss: 0.3680074
	speed: 0.1541s/iter; left time: 499.4816s
Epoch: 3 cost time: 75.74862599372864
Epoch: 3, Steps: 455 | Train Loss: 0.3736402 Vali Loss: 0.2534306 Test Loss: 2.0245485
Validation loss decreased (0.276616 --> 0.253431).  Saving model ...
Updating learning rate to 2.5e-05
	iters: 100, epoch: 4 | loss: 0.4712401
	speed: 0.6145s/iter; left time: 1896.4501s
	iters: 200, epoch: 4 | loss: 0.2959381
	speed: 0.1550s/iter; left time: 462.7581s
	iters: 300, epoch: 4 | loss: 0.1944181
	speed: 0.1591s/iter; left time: 459.2197s
	iters: 400, epoch: 4 | loss: 0.2984314
	speed: 0.1681s/iter; left time: 468.3179s
Epoch: 4 cost time: 72.54209566116333
Epoch: 4, Steps: 455 | Train Loss: 0.3599641 Vali Loss: 0.2456561 Test Loss: 2.0113165
Validation loss decreased (0.253431 --> 0.245656).  Saving model ...
Updating learning rate to 1.25e-05
	iters: 100, epoch: 5 | loss: 0.2420966
	speed: 0.5749s/iter; left time: 1512.6704s
	iters: 200, epoch: 5 | loss: 0.4589133
	speed: 0.1558s/iter; left time: 394.3399s
	iters: 300, epoch: 5 | loss: 0.3613831
	speed: 0.1543s/iter; left time: 375.0791s
	iters: 400, epoch: 5 | loss: 0.1561895
	speed: 0.1540s/iter; left time: 359.0084s
Epoch: 5 cost time: 70.53327178955078
Epoch: 5, Steps: 455 | Train Loss: 0.3535630 Vali Loss: 0.2395311 Test Loss: 2.0046098
Validation loss decreased (0.245656 --> 0.239531).  Saving model ...
Updating learning rate to 6.25e-06
	iters: 100, epoch: 6 | loss: 0.2485545
	speed: 0.6137s/iter; left time: 1335.3158s
	iters: 200, epoch: 6 | loss: 0.2460967
	speed: 0.1546s/iter; left time: 321.0347s
	iters: 300, epoch: 6 | loss: 0.2331192
	speed: 0.1565s/iter; left time: 309.1947s
	iters: 400, epoch: 6 | loss: 0.3147174
	speed: 0.1648s/iter; left time: 309.1332s
Epoch: 6 cost time: 73.44459342956543
Epoch: 6, Steps: 455 | Train Loss: 0.3503290 Vali Loss: 0.2365520 Test Loss: 2.0012255
Validation loss decreased (0.239531 --> 0.236552).  Saving model ...
Updating learning rate to 3.125e-06
	iters: 100, epoch: 7 | loss: 0.1389127
	speed: 0.6592s/iter; left time: 1134.5379s
	iters: 200, epoch: 7 | loss: 0.1920972
	speed: 0.2151s/iter; left time: 348.6842s
	iters: 300, epoch: 7 | loss: 0.5063255
	speed: 0.1885s/iter; left time: 286.7265s
	iters: 400, epoch: 7 | loss: 0.2915984
	speed: 0.1793s/iter; left time: 254.7618s
Epoch: 7 cost time: 88.42558336257935
Epoch: 7, Steps: 455 | Train Loss: 0.3487669 Vali Loss: 0.2360038 Test Loss: 1.9995741
Validation loss decreased (0.236552 --> 0.236004).  Saving model ...
Updating learning rate to 1.5625e-06
	iters: 100, epoch: 8 | loss: 0.3554110
	speed: 0.6384s/iter; left time: 808.2604s
	iters: 200, epoch: 8 | loss: 0.3494747
	speed: 0.1625s/iter; left time: 189.5127s
	iters: 300, epoch: 8 | loss: 0.5057414
	speed: 0.1594s/iter; left time: 169.9462s
	iters: 400, epoch: 8 | loss: 0.2355549
	speed: 0.1596s/iter; left time: 154.1787s
Epoch: 8 cost time: 74.43993067741394
Epoch: 8, Steps: 455 | Train Loss: 0.3479303 Vali Loss: 0.2358399 Test Loss: 1.9987081
Validation loss decreased (0.236004 --> 0.235840).  Saving model ...
Updating learning rate to 7.8125e-07
	iters: 100, epoch: 9 | loss: 0.3824238
	speed: 0.5969s/iter; left time: 484.0550s
	iters: 200, epoch: 9 | loss: 0.4549654
	speed: 0.1646s/iter; left time: 117.0216s
	iters: 300, epoch: 9 | loss: 0.3148394
	speed: 0.1644s/iter; left time: 100.4685s
	iters: 400, epoch: 9 | loss: 0.2526891
	speed: 0.1631s/iter; left time: 83.3421s
Epoch: 9 cost time: 74.88779807090759
Epoch: 9, Steps: 455 | Train Loss: 0.3474613 Vali Loss: 0.2351638 Test Loss: 1.9982724
Validation loss decreased (0.235840 --> 0.235164).  Saving model ...
Updating learning rate to 3.90625e-07
	iters: 100, epoch: 10 | loss: 0.4530991
	speed: 0.6573s/iter; left time: 234.0019s
	iters: 200, epoch: 10 | loss: 0.3237751
	speed: 0.1643s/iter; left time: 42.0546s
	iters: 300, epoch: 10 | loss: 0.3038231
	speed: 0.1615s/iter; left time: 25.2008s
	iters: 400, epoch: 10 | loss: 0.5815611
	speed: 0.1601s/iter; left time: 8.9633s
Epoch: 10 cost time: 74.9686827659607
Epoch: 10, Steps: 455 | Train Loss: 0.3473154 Vali Loss: 0.2349685 Test Loss: 1.9980524
Validation loss decreased (0.235164 --> 0.234968).  Saving model ...
Updating learning rate to 1.953125e-07
>>>>>>>testing : anomaly_detection_MSL_FEDformer_MSL_ftM_sl100_ll48_pl0_dm128_nh8_el3_dl1_df128_fc1_ebtimeF_dtTrue_test_0<<<<<<<<<<<<<<<<<<<<<<<<<<<<<<<<<
test: (73729, 55)
train: (58317, 55)
test 73630
test: (73729, 55)
train: (58317, 55)
train 58218
Threshold : 1.6873201692104327
pred:    (7363000,)
gt:      (7363000,)
pred:  (7363000,)
gt:    (7363000,)
Accuracy : 0.9657, Precision : 0.9065, Recall : 0.7521, F-score : 0.8221 
Spend Time: 1195.3962001800537
