Args in experiment:
[1mBasic Config[0m
  Task Name:          anomaly_detection   Is Training:        1                   
  Model ID:           MSL                 Model:              TimesNet            

[1mData Loader[0m
  Data:               MSL                 Root Path:          ../iTransformer_datasets/anomaly_detection/MSL
  Data Path:          ETTh1.csv           Features:           M                   
  Target:             OT                  Freq:               h                   
  Checkpoints:        ./checkpoints/      

[1mAnomaly Detection Task[0m
  Anomaly Ratio:      1.0                 

[1mModel Parameters[0m
  Top k:              3                   Num Kernels:        6                   
  Enc In:             55                  Dec In:             7                   
  C Out:              55                  d model:            8                   
  n heads:            8                   e layers:           1                   
  d layers:           1                   d FF:               16                  
  Moving Avg:         25                  Factor:             1                   
  Distil:             1                   Dropout:            0.1                 
  Embed:              timeF               Activation:         gelu                
  Output Attention:   0                   

[1mRun Parameters[0m
  Num Workers:        0                   Itr:                1                   
  Train Epochs:       1                   Batch Size:         128                 
  Patience:           3                   Learning Rate:      0.0001              
  Des:                test                Loss:               MSE                 
  Lradj:              type1               Use Amp:            0                   

[1mGPU[0m
  Use GPU:            1                   GPU:                0                   
  Use Multi GPU:      0                   Devices:            0,1,2,3             

[1mDe-stationary Projector Params[0m
  P Hidden Dims:      128, 128            P Hidden Layers:    2                   

Use GPU: cuda:0
>>>>>>>start training : anomaly_detection_MSL_TimesNet_MSL_ftM_sl100_ll48_pl0_dm8_nh8_el1_dl1_df16_fc1_ebtimeF_dtTrue_test_0>>>>>>>>>>>>>>>>>>>>>>>>>>
test: (73729, 55)
train: (58317, 55)
train 58218
test: (73729, 55)
train: (58317, 55)
val 11565
test: (73729, 55)
train: (58317, 55)
test 73630
	iters: 100, epoch: 1 | loss: 0.3939446
	speed: 0.0655s/iter; left time: 23.3268s
	iters: 200, epoch: 1 | loss: 0.5655284
	speed: 0.0499s/iter; left time: 12.7649s
	iters: 300, epoch: 1 | loss: 0.5081285
	speed: 0.0481s/iter; left time: 7.5053s
	iters: 400, epoch: 1 | loss: 0.4840393
	speed: 0.0526s/iter; left time: 2.9480s
Epoch: 1 cost time: 24.704294443130493
Epoch: 1, Steps: 455 | Train Loss: 0.6162857 Vali Loss: 0.4939176 Test Loss: 1.5247111
Validation loss decreased (inf --> 0.493918).  Saving model ...
Updating learning rate to 0.0001
>>>>>>>testing : anomaly_detection_MSL_TimesNet_MSL_ftM_sl100_ll48_pl0_dm8_nh8_el1_dl1_df16_fc1_ebtimeF_dtTrue_test_0<<<<<<<<<<<<<<<<<<<<<<<<<<<<<<<<<
test: (73729, 55)
train: (58317, 55)
test 73630
test: (73729, 55)
train: (58317, 55)
train 58218
Threshold : 9.4820483970642
pred:    (7363000,)
gt:      (7363000,)
pred:  (7363000,)
gt:    (7363000,)
Accuracy : 0.9647, Precision : 0.8954, Recall : 0.7536, F-score : 0.8184 
