Args in experiment:
[1mBasic Config[0m
  Task Name:          classification      Is Training:        1                   
  Model ID:           SpokenArabicDigits  Model:              FEDformer           

[1mData Loader[0m
  Data:               UEA                 Root Path:          ../iTransformer_datasets/classification/SpokenArabicDigits/
  Data Path:          ETTh1.csv           Features:           M                   
  Target:             OT                  Freq:               h                   
  Checkpoints:        ./checkpoints/      

[1mModel Parameters[0m
  Top k:              3                   Num Kernels:        6                   
  Enc In:             7                   Dec In:             7                   
  C Out:              7                   d model:            128                 
  n heads:            8                   e layers:           3                   
  d layers:           1                   d FF:               256                 
  Moving Avg:         25                  Factor:             1                   
  Distil:             1                   Dropout:            0.1                 
  Embed:              timeF               Activation:         gelu                
  Output Attention:   0                   

[1mRun Parameters[0m
  Num Workers:        0                   Itr:                1                   
  Train Epochs:       100                 Batch Size:         16                  
  Patience:           10                  Learning Rate:      0.001               
  Des:                Exp                 Loss:               MSE                 
  Lradj:              type1               Use Amp:            0                   

[1mGPU[0m
  Use GPU:            1                   GPU:                0                   
  Use Multi GPU:      0                   Devices:            0,1,2,3             

[1mDe-stationary Projector Params[0m
  P Hidden Dims:      128, 128            P Hidden Layers:    2                   

Use GPU: cuda:0
6599
2199
fourier enhanced block used!
modes=32, index=[1, 2, 3, 4, 5, 8, 9, 10, 11, 13, 14, 15, 16, 17, 18, 19, 20, 23, 25, 26, 28, 31, 32, 34, 36, 37, 38, 39, 41, 42, 43, 44]
fourier enhanced block used!
modes=32, index=[0, 1, 2, 3, 4, 5, 6, 7, 8, 9, 10, 11, 12, 13, 14, 15, 16, 17, 18, 19, 20, 21, 22]
 fourier enhanced cross attention used!
modes_q=23, index_q=[0, 1, 2, 3, 4, 5, 6, 7, 8, 9, 10, 11, 12, 13, 14, 15, 16, 17, 18, 19, 20, 21, 22]
modes_kv=32, index_kv=[0, 1, 2, 4, 5, 6, 8, 9, 10, 12, 13, 14, 15, 17, 18, 19, 20, 21, 22, 23, 24, 26, 28, 30, 34, 36, 38, 39, 40, 42, 44, 45]
>>>>>>>start training : classification_SpokenArabicDigits_FEDformer_UEA_ftM_sl93_ll48_pl0_dm128_nh8_el3_dl1_df256_fc1_ebtimeF_dtTrue_Exp_0>>>>>>>>>>>>>>>>>>>>>>>>>>
6599
2199
2199
	iters: 100, epoch: 1 | loss: 0.1309353
	speed: 0.3152s/iter; left time: 12984.6347s
	iters: 200, epoch: 1 | loss: 0.1193076
	speed: 0.2467s/iter; left time: 10141.0236s
	iters: 300, epoch: 1 | loss: 0.1519223
	speed: 0.2370s/iter; left time: 9717.2638s
	iters: 400, epoch: 1 | loss: 0.0529672
	speed: 0.2313s/iter; left time: 9461.8819s
Epoch: 1 cost time: 106.64463901519775
Epoch: 1, Steps: 413 | Train Loss: 0.301 Vali Loss: 0.171 Vali Acc: 0.950 Test Loss: 0.171 Test Acc: 0.950
Validation loss decreased (inf --> -0.949977).  Saving model ...
	iters: 100, epoch: 2 | loss: 0.0565429
	speed: 0.4572s/iter; left time: 18649.0418s
	iters: 200, epoch: 2 | loss: 0.0994012
	speed: 0.2501s/iter; left time: 10176.3337s
	iters: 300, epoch: 2 | loss: 0.0485279
	speed: 0.2628s/iter; left time: 10665.6464s
	iters: 400, epoch: 2 | loss: 0.0179491
	speed: 0.2462s/iter; left time: 9967.4069s
Epoch: 2 cost time: 103.33724164962769
Epoch: 2, Steps: 413 | Train Loss: 0.088 Vali Loss: 0.143 Vali Acc: 0.960 Test Loss: 0.140 Test Acc: 0.960
Validation loss decreased (-0.949977 --> -0.959982).  Saving model ...
	iters: 100, epoch: 3 | loss: 0.3525811
	speed: 0.4447s/iter; left time: 17954.4193s
	iters: 200, epoch: 3 | loss: 0.0002244
	speed: 0.2278s/iter; left time: 9174.4503s
	iters: 300, epoch: 3 | loss: 0.0002900
	speed: 0.2280s/iter; left time: 9157.9373s
	iters: 400, epoch: 3 | loss: 0.0110627
	speed: 0.2435s/iter; left time: 9756.6706s
Epoch: 3 cost time: 97.81055235862732
Epoch: 3, Steps: 413 | Train Loss: 0.059 Vali Loss: 0.164 Vali Acc: 0.955 Test Loss: 0.169 Test Acc: 0.955
EarlyStopping counter: 1 out of 10
	iters: 100, epoch: 4 | loss: 0.0011185
	speed: 0.4665s/iter; left time: 18641.2091s
	iters: 200, epoch: 4 | loss: 0.0003455
	speed: 0.2736s/iter; left time: 10908.0701s
	iters: 300, epoch: 4 | loss: 0.0011542
	speed: 0.2387s/iter; left time: 9491.9137s
	iters: 400, epoch: 4 | loss: 0.0002408
	speed: 0.2566s/iter; left time: 10177.0373s
Epoch: 4 cost time: 106.79849243164062
Epoch: 4, Steps: 413 | Train Loss: 0.050 Vali Loss: 0.112 Vali Acc: 0.973 Test Loss: 0.111 Test Acc: 0.973
Validation loss decreased (-0.959982 --> -0.972715).  Saving model ...
	iters: 100, epoch: 5 | loss: 0.0000884
	speed: 0.4599s/iter; left time: 18188.4856s
	iters: 200, epoch: 5 | loss: 0.0274292
	speed: 0.2398s/iter; left time: 9459.6689s
	iters: 300, epoch: 5 | loss: 0.0786017
	speed: 0.2684s/iter; left time: 10562.5158s
	iters: 400, epoch: 5 | loss: 0.0000379
	speed: 0.2341s/iter; left time: 9189.4257s
Epoch: 5 cost time: 101.99831581115723
Epoch: 5, Steps: 413 | Train Loss: 0.055 Vali Loss: 0.164 Vali Acc: 0.967 Test Loss: 0.164 Test Acc: 0.967
EarlyStopping counter: 1 out of 10
Updating learning rate to 6.25e-05
	iters: 100, epoch: 6 | loss: 0.0119772
	speed: 0.4223s/iter; left time: 16527.4851s
	iters: 200, epoch: 6 | loss: 0.0000173
	speed: 0.2339s/iter; left time: 9130.2509s
	iters: 300, epoch: 6 | loss: 0.0000306
	speed: 0.2250s/iter; left time: 8758.6555s
	iters: 400, epoch: 6 | loss: 0.0000312
	speed: 0.1913s/iter; left time: 7430.7342s
Epoch: 6 cost time: 90.00885510444641
Epoch: 6, Steps: 413 | Train Loss: 0.010 Vali Loss: 0.100 Vali Acc: 0.979 Test Loss: 0.099 Test Acc: 0.979
Validation loss decreased (-0.972715 --> -0.978627).  Saving model ...
	iters: 100, epoch: 7 | loss: 0.0191843
	speed: 0.3379s/iter; left time: 13082.6766s
	iters: 200, epoch: 7 | loss: 0.0002866
	speed: 0.1759s/iter; left time: 6794.2768s
	iters: 300, epoch: 7 | loss: 0.0000038
	speed: 0.1761s/iter; left time: 6782.0959s
	iters: 400, epoch: 7 | loss: 0.0017726
	speed: 0.1745s/iter; left time: 6703.2850s
Epoch: 7 cost time: 72.60746884346008
Epoch: 7, Steps: 413 | Train Loss: 0.002 Vali Loss: 0.087 Vali Acc: 0.982 Test Loss: 0.087 Test Acc: 0.982
Validation loss decreased (-0.978627 --> -0.981810).  Saving model ...
	iters: 100, epoch: 8 | loss: 0.0000039
	speed: 0.3290s/iter; left time: 12605.2015s
	iters: 200, epoch: 8 | loss: 0.0000255
	speed: 0.1723s/iter; left time: 6582.4595s
	iters: 300, epoch: 8 | loss: 0.0000014
	speed: 0.1712s/iter; left time: 6523.4147s
	iters: 400, epoch: 8 | loss: 0.0011897
	speed: 0.1699s/iter; left time: 6456.5312s
Epoch: 8 cost time: 70.65937685966492
Epoch: 8, Steps: 413 | Train Loss: 0.001 Vali Loss: 0.078 Vali Acc: 0.982 Test Loss: 0.078 Test Acc: 0.982
Validation loss decreased (-0.981810 --> -0.982265).  Saving model ...
	iters: 100, epoch: 9 | loss: 0.0000381
	speed: 0.3295s/iter; left time: 12487.8938s
	iters: 200, epoch: 9 | loss: 0.0001505
	speed: 0.1671s/iter; left time: 6315.7083s
	iters: 300, epoch: 9 | loss: 0.0000772
	speed: 0.2094s/iter; left time: 7894.9930s
	iters: 400, epoch: 9 | loss: 0.0000029
	speed: 0.2090s/iter; left time: 7856.9233s
Epoch: 9 cost time: 78.52587676048279
Epoch: 9, Steps: 413 | Train Loss: 0.001 Vali Loss: 0.076 Vali Acc: 0.984 Test Loss: 0.076 Test Acc: 0.984
Validation loss decreased (-0.982265 --> -0.983629).  Saving model ...
	iters: 100, epoch: 10 | loss: 0.0000051
	speed: 0.4436s/iter; left time: 16626.5996s
	iters: 200, epoch: 10 | loss: 0.0000064
	speed: 0.2134s/iter; left time: 7977.1081s
	iters: 300, epoch: 10 | loss: 0.0000499
	speed: 0.2020s/iter; left time: 7533.0715s
	iters: 400, epoch: 10 | loss: 0.0000504
	speed: 0.2104s/iter; left time: 7823.1512s
Epoch: 10 cost time: 86.0560986995697
Epoch: 10, Steps: 413 | Train Loss: 0.001 Vali Loss: 0.076 Vali Acc: 0.984 Test Loss: 0.077 Test Acc: 0.984
Validation loss decreased (-0.983629 --> -0.984084).  Saving model ...
Updating learning rate to 1.953125e-06
	iters: 100, epoch: 11 | loss: 0.0000039
	speed: 0.3781s/iter; left time: 14014.7142s
	iters: 200, epoch: 11 | loss: 0.0000506
	speed: 0.2038s/iter; left time: 7532.8844s
	iters: 300, epoch: 11 | loss: 0.0000010
	speed: 0.2123s/iter; left time: 7826.6691s
	iters: 400, epoch: 11 | loss: 0.0000214
	speed: 0.2099s/iter; left time: 7719.9116s
Epoch: 11 cost time: 86.09872007369995
Epoch: 11, Steps: 413 | Train Loss: 0.000 Vali Loss: 0.075 Vali Acc: 0.984 Test Loss: 0.075 Test Acc: 0.984
Validation loss decreased (-0.984084 --> -0.984084).  Saving model ...
	iters: 100, epoch: 12 | loss: 0.0054554
	speed: 0.4054s/iter; left time: 14862.5776s
	iters: 200, epoch: 12 | loss: 0.0000015
	speed: 0.2271s/iter; left time: 8303.4603s
	iters: 300, epoch: 12 | loss: 0.0000295
	speed: 0.2300s/iter; left time: 8385.8316s
	iters: 400, epoch: 12 | loss: 0.0010093
	speed: 0.2321s/iter; left time: 8437.8121s
Epoch: 12 cost time: 93.8178596496582
Epoch: 12, Steps: 413 | Train Loss: 0.000 Vali Loss: 0.075 Vali Acc: 0.984 Test Loss: 0.075 Test Acc: 0.984
Validation loss decreased (-0.984084 --> -0.984084).  Saving model ...
	iters: 100, epoch: 13 | loss: 0.0000342
	speed: 0.3780s/iter; left time: 13700.5328s
	iters: 200, epoch: 13 | loss: 0.0013941
	speed: 0.1689s/iter; left time: 6106.2247s
	iters: 300, epoch: 13 | loss: 0.0000084
	speed: 0.1659s/iter; left time: 5980.2757s
	iters: 400, epoch: 13 | loss: 0.0001717
	speed: 0.1666s/iter; left time: 5986.7909s
Epoch: 13 cost time: 71.42949724197388
Epoch: 13, Steps: 413 | Train Loss: 0.000 Vali Loss: 0.075 Vali Acc: 0.984 Test Loss: 0.075 Test Acc: 0.984
Validation loss decreased (-0.984084 --> -0.984084).  Saving model ...
	iters: 100, epoch: 14 | loss: 0.0003871
	speed: 0.3353s/iter; left time: 12014.7095s
	iters: 200, epoch: 14 | loss: 0.0000290
	speed: 0.1762s/iter; left time: 6297.4052s
	iters: 300, epoch: 14 | loss: 0.0000035
	speed: 0.1813s/iter; left time: 6461.3886s
	iters: 400, epoch: 14 | loss: 0.0017478
	speed: 0.1847s/iter; left time: 6562.6207s
Epoch: 14 cost time: 73.9599084854126
Epoch: 14, Steps: 413 | Train Loss: 0.000 Vali Loss: 0.084 Vali Acc: 0.984 Test Loss: 0.076 Test Acc: 0.984
Validation loss decreased (-0.984084 --> -0.984084).  Saving model ...
	iters: 100, epoch: 15 | loss: 0.0001055
	speed: 0.3275s/iter; left time: 11601.0633s
	iters: 200, epoch: 15 | loss: 0.0000417
	speed: 0.1700s/iter; left time: 6003.3445s
	iters: 300, epoch: 15 | loss: 0.0000034
	speed: 0.1764s/iter; left time: 6213.0799s
	iters: 400, epoch: 15 | loss: 0.0000141
	speed: 0.1978s/iter; left time: 6947.9094s
Epoch: 15 cost time: 73.52627921104431
Epoch: 15, Steps: 413 | Train Loss: 0.000 Vali Loss: 0.075 Vali Acc: 0.984 Test Loss: 0.075 Test Acc: 0.984
EarlyStopping counter: 1 out of 10
Updating learning rate to 6.103515625e-08
	iters: 100, epoch: 16 | loss: 0.0001187
	speed: 0.3584s/iter; left time: 12546.7490s
	iters: 200, epoch: 16 | loss: 0.0000041
	speed: 0.1960s/iter; left time: 6840.5037s
	iters: 300, epoch: 16 | loss: 0.0034963
	speed: 0.1953s/iter; left time: 6797.8028s
	iters: 400, epoch: 16 | loss: 0.0000547
	speed: 0.2079s/iter; left time: 7215.4994s
Epoch: 16 cost time: 81.84571981430054
Epoch: 16, Steps: 413 | Train Loss: 0.000 Vali Loss: 0.077 Vali Acc: 0.984 Test Loss: 0.075 Test Acc: 0.984
EarlyStopping counter: 2 out of 10
	iters: 100, epoch: 17 | loss: 0.0000033
	speed: 0.3809s/iter; left time: 13176.7781s
	iters: 200, epoch: 17 | loss: 0.0012436
	speed: 0.1891s/iter; left time: 6524.0300s
	iters: 300, epoch: 17 | loss: 0.0000611
	speed: 0.1873s/iter; left time: 6442.2819s
	iters: 400, epoch: 17 | loss: 0.0000239
	speed: 0.2119s/iter; left time: 7265.8281s
Epoch: 17 cost time: 81.04876232147217
Epoch: 17, Steps: 413 | Train Loss: 0.000 Vali Loss: 0.075 Vali Acc: 0.984 Test Loss: 0.075 Test Acc: 0.984
EarlyStopping counter: 3 out of 10
	iters: 100, epoch: 18 | loss: 0.0001616
	speed: 0.3500s/iter; left time: 11964.4693s
	iters: 200, epoch: 18 | loss: 0.0000011
	speed: 0.1870s/iter; left time: 6372.1962s
	iters: 300, epoch: 18 | loss: 0.0000053
	speed: 0.1845s/iter; left time: 6270.2491s
	iters: 400, epoch: 18 | loss: 0.0000590
	speed: 0.2002s/iter; left time: 6781.2122s
Epoch: 18 cost time: 78.09728121757507
Epoch: 18, Steps: 413 | Train Loss: 0.000 Vali Loss: 0.075 Vali Acc: 0.984 Test Loss: 0.075 Test Acc: 0.984
EarlyStopping counter: 4 out of 10
	iters: 100, epoch: 19 | loss: 0.0000006
	speed: 0.3449s/iter; left time: 11645.8597s
	iters: 200, epoch: 19 | loss: 0.0000052
	speed: 0.1903s/iter; left time: 6405.9312s
	iters: 300, epoch: 19 | loss: 0.0002981
	speed: 0.1731s/iter; left time: 5810.4830s
	iters: 400, epoch: 19 | loss: 0.0000846
	speed: 0.1859s/iter; left time: 6221.0696s
Epoch: 19 cost time: 75.93227362632751
Epoch: 19, Steps: 413 | Train Loss: 0.000 Vali Loss: 0.075 Vali Acc: 0.984 Test Loss: 0.075 Test Acc: 0.984
EarlyStopping counter: 5 out of 10
	iters: 100, epoch: 20 | loss: 0.0003245
	speed: 0.3207s/iter; left time: 10696.5980s
	iters: 200, epoch: 20 | loss: 0.0000726
	speed: 0.1683s/iter; left time: 5596.9680s
	iters: 300, epoch: 20 | loss: 0.0000302
	speed: 0.1807s/iter; left time: 5991.9833s
	iters: 400, epoch: 20 | loss: 0.0000735
	speed: 0.1869s/iter; left time: 6179.2814s
Epoch: 20 cost time: 72.92237424850464
Epoch: 20, Steps: 413 | Train Loss: 0.000 Vali Loss: 0.075 Vali Acc: 0.984 Test Loss: 0.075 Test Acc: 0.984
EarlyStopping counter: 6 out of 10
Updating learning rate to 1.9073486328125e-09
	iters: 100, epoch: 21 | loss: 0.0000701
	speed: 0.3190s/iter; left time: 10507.8658s
	iters: 200, epoch: 21 | loss: 0.0000205
	speed: 0.1719s/iter; left time: 5645.8791s
	iters: 300, epoch: 21 | loss: 0.0000873
	speed: 0.1778s/iter; left time: 5819.8542s
	iters: 400, epoch: 21 | loss: 0.0000021
	speed: 0.1810s/iter; left time: 5907.5224s
Epoch: 21 cost time: 72.3697566986084
Epoch: 21, Steps: 413 | Train Loss: 0.000 Vali Loss: 0.075 Vali Acc: 0.984 Test Loss: 0.075 Test Acc: 0.984
EarlyStopping counter: 7 out of 10
	iters: 100, epoch: 22 | loss: 0.0000570
	speed: 0.3223s/iter; left time: 10484.7330s
	iters: 200, epoch: 22 | loss: 0.0000020
	speed: 0.1748s/iter; left time: 5668.7332s
	iters: 300, epoch: 22 | loss: 0.0000131
	speed: 0.1760s/iter; left time: 5690.7449s
	iters: 400, epoch: 22 | loss: 0.0000755
	speed: 0.1933s/iter; left time: 6228.2574s
Epoch: 22 cost time: 74.01474905014038
Epoch: 22, Steps: 413 | Train Loss: 0.000 Vali Loss: 0.075 Vali Acc: 0.984 Test Loss: 0.075 Test Acc: 0.984
EarlyStopping counter: 8 out of 10
	iters: 100, epoch: 23 | loss: 0.0000271
	speed: 0.3323s/iter; left time: 10672.2326s
	iters: 200, epoch: 23 | loss: 0.0027569
	speed: 0.1738s/iter; left time: 5563.1273s
	iters: 300, epoch: 23 | loss: 0.0001099
	speed: 0.1956s/iter; left time: 6241.5246s
	iters: 400, epoch: 23 | loss: 0.0013511
	speed: 0.1845s/iter; left time: 5868.9832s
Epoch: 23 cost time: 75.91162443161011
Epoch: 23, Steps: 413 | Train Loss: 0.000 Vali Loss: 0.078 Vali Acc: 0.984 Test Loss: 0.075 Test Acc: 0.984
EarlyStopping counter: 9 out of 10
	iters: 100, epoch: 24 | loss: 0.0001711
	speed: 0.3187s/iter; left time: 10104.4395s
	iters: 200, epoch: 24 | loss: 0.0000288
	speed: 0.1796s/iter; left time: 5676.7395s
	iters: 300, epoch: 24 | loss: 0.0000023
	speed: 0.1948s/iter; left time: 6137.9217s
	iters: 400, epoch: 24 | loss: 0.0009730
	speed: 0.1997s/iter; left time: 6270.8151s
Epoch: 24 cost time: 76.91406750679016
Epoch: 24, Steps: 413 | Train Loss: 0.000 Vali Loss: 0.075 Vali Acc: 0.984 Test Loss: 0.075 Test Acc: 0.984
EarlyStopping counter: 10 out of 10
Early stopping
>>>>>>>testing : classification_SpokenArabicDigits_FEDformer_UEA_ftM_sl93_ll48_pl0_dm128_nh8_el3_dl1_df256_fc1_ebtimeF_dtTrue_Exp_0<<<<<<<<<<<<<<<<<<<<<<<<<<<<<<<<<
2199
test shape: torch.Size([2199, 10]) torch.Size([2199, 1])
accuracy:0.9840836743974534
Spend Time: 2504.0217866897583
