Args in experiment:
[1mBasic Config[0m
  Task Name:          classification      Is Training:        1                   
  Model ID:           SelfRegulationSCP1  Model:              PatchTST            

[1mData Loader[0m
  Data:               UEA                 Root Path:          ../iTransformer_datasets/classification/SelfRegulationSCP1/
  Data Path:          ETTh1.csv           Features:           M                   
  Target:             OT                  Freq:               h                   
  Checkpoints:        ./checkpoints/      

[1mModel Parameters[0m
  Top k:              3                   Num Kernels:        6                   
  Enc In:             7                   Dec In:             7                   
  C Out:              7                   d model:            128                 
  n heads:            8                   e layers:           3                   
  d layers:           1                   d FF:               256                 
  Moving Avg:         25                  Factor:             1                   
  Distil:             1                   Dropout:            0.1                 
  Embed:              timeF               Activation:         gelu                
  Output Attention:   0                   

[1mRun Parameters[0m
  Num Workers:        0                   Itr:                1                   
  Train Epochs:       100                 Batch Size:         16                  
  Patience:           10                  Learning Rate:      0.001               
  Des:                Exp                 Loss:               MSE                 
  Lradj:              type1               Use Amp:            0                   

[1mGPU[0m
  Use GPU:            1                   GPU:                0                   
  Use Multi GPU:      0                   Devices:            0,1,2,3             

[1mDe-stationary Projector Params[0m
  P Hidden Dims:      128, 128            P Hidden Layers:    2                   

Use GPU: cuda:0
268
293
>>>>>>>start training : classification_SelfRegulationSCP1_PatchTST_UEA_ftM_sl896_ll48_pl0_dm128_nh8_el3_dl1_df256_fc1_ebtimeF_dtTrue_Exp_0>>>>>>>>>>>>>>>>>>>>>>>>>>
268
293
293
Epoch: 1 cost time: 4.144391775131226
Epoch: 1, Steps: 17 | Train Loss: 10.622 Vali Loss: 4.501 Vali Acc: 0.734 Test Loss: 4.620 Test Acc: 0.734
Validation loss decreased (inf --> -0.733788).  Saving model ...
Epoch: 2 cost time: 0.46827197074890137
Epoch: 2, Steps: 17 | Train Loss: 2.902 Vali Loss: 3.761 Vali Acc: 0.734 Test Loss: 4.002 Test Acc: 0.734
Validation loss decreased (-0.733788 --> -0.733788).  Saving model ...
Epoch: 3 cost time: 0.5083861351013184
Epoch: 3, Steps: 17 | Train Loss: 1.615 Vali Loss: 7.893 Vali Acc: 0.747 Test Loss: 7.117 Test Acc: 0.747
Validation loss decreased (-0.733788 --> -0.747440).  Saving model ...
Epoch: 4 cost time: 0.3341357707977295
Epoch: 4, Steps: 17 | Train Loss: 2.443 Vali Loss: 5.405 Vali Acc: 0.785 Test Loss: 5.405 Test Acc: 0.785
Validation loss decreased (-0.747440 --> -0.784983).  Saving model ...
Epoch: 5 cost time: 0.39077091217041016
Epoch: 5, Steps: 17 | Train Loss: 1.825 Vali Loss: 7.404 Vali Acc: 0.713 Test Loss: 7.693 Test Acc: 0.713
EarlyStopping counter: 1 out of 10
Updating learning rate to 6.25e-05
Epoch: 6 cost time: 0.3853754997253418
Epoch: 6, Steps: 17 | Train Loss: 0.688 Vali Loss: 5.909 Vali Acc: 0.754 Test Loss: 6.262 Test Acc: 0.754
EarlyStopping counter: 2 out of 10
Epoch: 7 cost time: 0.4739243984222412
Epoch: 7, Steps: 17 | Train Loss: 0.261 Vali Loss: 5.128 Vali Acc: 0.771 Test Loss: 5.139 Test Acc: 0.771
EarlyStopping counter: 3 out of 10
Epoch: 8 cost time: 0.35439634323120117
Epoch: 8, Steps: 17 | Train Loss: 0.181 Vali Loss: 5.033 Vali Acc: 0.771 Test Loss: 4.934 Test Acc: 0.771
EarlyStopping counter: 4 out of 10
Epoch: 9 cost time: 0.36620116233825684
Epoch: 9, Steps: 17 | Train Loss: 0.116 Vali Loss: 4.672 Vali Acc: 0.775 Test Loss: 4.840 Test Acc: 0.775
EarlyStopping counter: 5 out of 10
Epoch: 10 cost time: 0.37325286865234375
Epoch: 10, Steps: 17 | Train Loss: 0.081 Vali Loss: 5.121 Vali Acc: 0.778 Test Loss: 4.891 Test Acc: 0.778
EarlyStopping counter: 6 out of 10
Updating learning rate to 1.953125e-06
Epoch: 11 cost time: 0.40730881690979004
Epoch: 11, Steps: 17 | Train Loss: 0.033 Vali Loss: 5.217 Vali Acc: 0.778 Test Loss: 4.956 Test Acc: 0.778
EarlyStopping counter: 7 out of 10
Epoch: 12 cost time: 0.39244604110717773
Epoch: 12, Steps: 17 | Train Loss: 0.050 Vali Loss: 4.859 Vali Acc: 0.778 Test Loss: 4.883 Test Acc: 0.778
EarlyStopping counter: 8 out of 10
Epoch: 13 cost time: 0.3563711643218994
Epoch: 13, Steps: 17 | Train Loss: 0.021 Vali Loss: 5.167 Vali Acc: 0.775 Test Loss: 5.163 Test Acc: 0.775
EarlyStopping counter: 9 out of 10
Epoch: 14 cost time: 0.40051746368408203
Epoch: 14, Steps: 17 | Train Loss: 0.035 Vali Loss: 4.907 Vali Acc: 0.775 Test Loss: 4.805 Test Acc: 0.775
EarlyStopping counter: 10 out of 10
Early stopping
>>>>>>>testing : classification_SelfRegulationSCP1_PatchTST_UEA_ftM_sl896_ll48_pl0_dm128_nh8_el3_dl1_df256_fc1_ebtimeF_dtTrue_Exp_0<<<<<<<<<<<<<<<<<<<<<<<<<<<<<<<<<
293
test shape: torch.Size([293, 2]) torch.Size([293, 1])
accuracy:0.7849829351535836
Spend Time: 33.27085876464844
