Args in experiment:
[1mBasic Config[0m
  Task Name:          long_term_forecast  Is Training:        1                   
  Model ID:           ETTm2_96_96         Model:              Autoformer          

[1mData Loader[0m
  Data:               ETTm2               Root Path:          ../iTransformer_datasets/ETT-small/
  Data Path:          ETTm2.csv           Features:           M                   
  Target:             OT                  Freq:               h                   
  Checkpoints:        ./checkpoints/      

[1mForecasting Task[0m
  Seq Len:            96                  Label Len:          48                  
  Pred Len:           96                  Seasonal Patterns:  Monthly             
  Inverse:            0                   

[1mModel Parameters[0m
  Top k:              5                   Num Kernels:        6                   
  Enc In:             7                   Dec In:             7                   
  C Out:              7                   d model:            512                 
  n heads:            8                   e layers:           2                   
  d layers:           1                   d FF:               2048                
  Moving Avg:         25                  Factor:             1                   
  Distil:             1                   Dropout:            0.1                 
  Embed:              timeF               Activation:         gelu                
  Output Attention:   0                   

[1mRun Parameters[0m
  Num Workers:        0                   Itr:                1                   
  Train Epochs:       10                  Batch Size:         32                  
  Patience:           3                   Learning Rate:      0.0001              
  Des:                Exp                 Loss:               MSE                 
  Lradj:              type1               Use Amp:            0                   

[1mGPU[0m
  Use GPU:            1                   GPU:                0                   
  Use Multi GPU:      0                   Devices:            0,1,2,3             

[1mDe-stationary Projector Params[0m
  P Hidden Dims:      128, 128            P Hidden Layers:    2                   

Use GPU: cuda:0
>>>>>>>start training : long_term_forecast_ETTm2_96_96_Autoformer_ETTm2_ftM_sl96_ll48_pl96_dm512_nh8_el2_dl1_df2048_fc1_ebtimeF_dtTrue_Exp_0>>>>>>>>>>>>>>>>>>>>>>>>>>
train 34369
val 11425
test 11425
	iters: 100, epoch: 1 | loss: 0.1589408
	speed: 0.2169s/iter; left time: 2307.5782s
	iters: 200, epoch: 1 | loss: 0.2348605
	speed: 0.1929s/iter; left time: 2033.1860s
	iters: 300, epoch: 1 | loss: 0.1315447
	speed: 0.1933s/iter; left time: 2018.2897s
	iters: 400, epoch: 1 | loss: 0.2042725
	speed: 0.1944s/iter; left time: 2010.3485s
	iters: 500, epoch: 1 | loss: 0.2008407
	speed: 0.1941s/iter; left time: 1987.6466s
	iters: 600, epoch: 1 | loss: 0.1896028
	speed: 0.1955s/iter; left time: 1982.7631s
	iters: 700, epoch: 1 | loss: 0.2711948
	speed: 0.1986s/iter; left time: 1994.4309s
	iters: 800, epoch: 1 | loss: 0.3736835
	speed: 0.1979s/iter; left time: 1967.3221s
	iters: 900, epoch: 1 | loss: 0.1780063
	speed: 0.1979s/iter; left time: 1947.3350s
	iters: 1000, epoch: 1 | loss: 0.2651614
	speed: 0.1981s/iter; left time: 1929.7682s
Epoch: 1 cost time: 212.62962818145752
Epoch: 1, Steps: 1074 | Train Loss: 0.2792076 Vali Loss: 0.1551300 Test Loss: 0.2264459
Validation loss decreased (inf --> 0.155130).  Saving model ...
Updating learning rate to 0.0001
	iters: 100, epoch: 2 | loss: 0.1556124
	speed: 9.2211s/iter; left time: 88218.2998s
	iters: 200, epoch: 2 | loss: 0.3704621
	speed: 0.1450s/iter; left time: 1372.8851s
	iters: 300, epoch: 2 | loss: 0.4142912
	speed: 0.1614s/iter; left time: 1511.8068s
	iters: 400, epoch: 2 | loss: 0.1647636
	speed: 0.1993s/iter; left time: 1846.5863s
	iters: 500, epoch: 2 | loss: 0.2040397
	speed: 0.1994s/iter; left time: 1827.5389s
	iters: 600, epoch: 2 | loss: 0.1469336
	speed: 0.1756s/iter; left time: 1592.1886s
	iters: 700, epoch: 2 | loss: 0.3286479
	speed: 0.1660s/iter; left time: 1488.6758s
	iters: 800, epoch: 2 | loss: 0.1935892
	speed: 0.1740s/iter; left time: 1542.4780s
	iters: 900, epoch: 2 | loss: 0.1588017
	speed: 0.1743s/iter; left time: 1528.3354s
	iters: 1000, epoch: 2 | loss: 0.1942535
	speed: 0.1864s/iter; left time: 1615.8809s
Epoch: 2 cost time: 186.59609246253967
Epoch: 2, Steps: 1074 | Train Loss: 0.2494779 Vali Loss: 0.1610222 Test Loss: 0.2464994
EarlyStopping counter: 1 out of 3
Updating learning rate to 5e-05
	iters: 100, epoch: 3 | loss: 0.1540245
	speed: 11.2321s/iter; left time: 95393.8169s
	iters: 200, epoch: 3 | loss: 0.2539706
	speed: 0.1423s/iter; left time: 1194.5484s
	iters: 300, epoch: 3 | loss: 0.2191962
	speed: 0.1432s/iter; left time: 1187.4040s
	iters: 400, epoch: 3 | loss: 0.3099612
	speed: 0.1426s/iter; left time: 1168.1728s
	iters: 500, epoch: 3 | loss: 0.2784428
	speed: 0.1423s/iter; left time: 1151.8436s
	iters: 600, epoch: 3 | loss: 0.1917142
	speed: 0.1435s/iter; left time: 1147.0267s
	iters: 700, epoch: 3 | loss: 0.1198737
	speed: 0.1415s/iter; left time: 1116.7913s
	iters: 800, epoch: 3 | loss: 0.2664138
	speed: 0.1943s/iter; left time: 1514.2697s
	iters: 900, epoch: 3 | loss: 0.2205422
	speed: 0.1929s/iter; left time: 1483.9345s
	iters: 1000, epoch: 3 | loss: 0.2684019
	speed: 0.1949s/iter; left time: 1479.5587s
Epoch: 3 cost time: 172.4645266532898
Epoch: 3, Steps: 1074 | Train Loss: 0.2249567 Vali Loss: 0.1707458 Test Loss: 0.2744729
EarlyStopping counter: 2 out of 3
Updating learning rate to 2.5e-05
	iters: 100, epoch: 4 | loss: 0.1853758
	speed: 6.3352s/iter; left time: 47001.1501s
	iters: 200, epoch: 4 | loss: 0.1699611
	speed: 0.1433s/iter; left time: 1048.7362s
	iters: 300, epoch: 4 | loss: 0.4027009
	speed: 0.1424s/iter; left time: 1027.9058s
	iters: 400, epoch: 4 | loss: 0.1557891
	speed: 0.1444s/iter; left time: 1027.9529s
	iters: 500, epoch: 4 | loss: 0.2011286
	speed: 0.1442s/iter; left time: 1012.1003s
	iters: 600, epoch: 4 | loss: 0.1691688
	speed: 0.1415s/iter; left time: 979.3703s
	iters: 700, epoch: 4 | loss: 0.4088001
	speed: 0.1451s/iter; left time: 989.4325s
	iters: 800, epoch: 4 | loss: 0.3048936
	speed: 0.1438s/iter; left time: 965.8693s
	iters: 900, epoch: 4 | loss: 0.4756417
	speed: 0.1428s/iter; left time: 944.8759s
	iters: 1000, epoch: 4 | loss: 0.2719409
	speed: 0.1442s/iter; left time: 939.8411s
Epoch: 4 cost time: 154.0547580718994
Epoch: 4, Steps: 1074 | Train Loss: 0.2125655 Vali Loss: 0.1730707 Test Loss: 0.2622338
EarlyStopping counter: 3 out of 3
Early stopping
>>>>>>>testing : long_term_forecast_ETTm2_96_96_Autoformer_ETTm2_ftM_sl96_ll48_pl96_dm512_nh8_el2_dl1_df2048_fc1_ebtimeF_dtTrue_Exp_0<<<<<<<<<<<<<<<<<<<<<<<<<<<<<<<<<
test 11425
test shape: (11425, 1, 96, 7) (11425, 1, 96, 7)
test shape: (11425, 96, 7) (11425, 96, 7)
mse:0.22644591331481934, mae:0.30969104170799255
Spend Time: 5399.624263525009
