Args in experiment:
[1mBasic Config[0m
  Task Name:          long_term_forecast  Is Training:        1                   
  Model ID:           ETTh1_96_192        Model:              Crossformer         

[1mData Loader[0m
  Data:               ETTh1               Root Path:          ../iTransformer_datasets/ETT-small/
  Data Path:          ETTh1.csv           Features:           M                   
  Target:             OT                  Freq:               h                   
  Checkpoints:        ./checkpoints/      

[1mForecasting Task[0m
  Seq Len:            96                  Label Len:          48                  
  Pred Len:           192                 Seasonal Patterns:  Monthly             
  Inverse:            0                   

[1mModel Parameters[0m
  Top k:              5                   Num Kernels:        6                   
  Enc In:             7                   Dec In:             7                   
  C Out:              7                   d model:            512                 
  n heads:            8                   e layers:           2                   
  d layers:           1                   d FF:               2048                
  Moving Avg:         25                  Factor:             3                   
  Distil:             1                   Dropout:            0.1                 
  Embed:              timeF               Activation:         gelu                
  Output Attention:   0                   

[1mRun Parameters[0m
  Num Workers:        0                   Itr:                1                   
  Train Epochs:       10                  Batch Size:         32                  
  Patience:           3                   Learning Rate:      0.0001              
  Des:                Exp                 Loss:               MSE                 
  Lradj:              type1               Use Amp:            0                   

[1mGPU[0m
  Use GPU:            1                   GPU:                0                   
  Use Multi GPU:      0                   Devices:            0,1,2,3             

[1mDe-stationary Projector Params[0m
  P Hidden Dims:      128, 128            P Hidden Layers:    2                   

Use GPU: cuda:0
>>>>>>>start training : long_term_forecast_ETTh1_96_192_Crossformer_ETTh1_ftM_sl96_ll48_pl192_dm512_nh8_el2_dl1_df2048_fc3_ebtimeF_dtTrue_Exp_0>>>>>>>>>>>>>>>>>>>>>>>>>>
train 8353
val 2689
test 2689
	iters: 100, epoch: 1 | loss: 0.4245208
	speed: 0.3422s/iter; left time: 859.2122s
	iters: 200, epoch: 1 | loss: 0.4265384
	speed: 0.2858s/iter; left time: 689.0861s
Epoch: 1 cost time: 78.2736337184906
Epoch: 1, Steps: 261 | Train Loss: 0.4706740 Vali Loss: 0.9627271 Test Loss: 0.5405042
Validation loss decreased (inf --> 0.962727).  Saving model ...
Updating learning rate to 0.0001
	iters: 100, epoch: 2 | loss: 0.3374065
	speed: 2.7588s/iter; left time: 6207.3448s
	iters: 200, epoch: 2 | loss: 0.3603004
	speed: 0.2609s/iter; left time: 560.9503s
Epoch: 2 cost time: 63.71814179420471
Epoch: 2, Steps: 261 | Train Loss: 0.3647275 Vali Loss: 0.9742643 Test Loss: 0.5730966
EarlyStopping counter: 1 out of 3
Updating learning rate to 5e-05
	iters: 100, epoch: 3 | loss: 0.3055148
	speed: 2.3007s/iter; left time: 4576.0269s
	iters: 200, epoch: 3 | loss: 0.2832747
	speed: 0.2626s/iter; left time: 495.9825s
Epoch: 3 cost time: 69.18428945541382
Epoch: 3, Steps: 261 | Train Loss: 0.3195473 Vali Loss: 1.0148706 Test Loss: 0.5631337
EarlyStopping counter: 2 out of 3
Updating learning rate to 2.5e-05
	iters: 100, epoch: 4 | loss: 0.2982080
	speed: 2.3074s/iter; left time: 3987.2117s
	iters: 200, epoch: 4 | loss: 0.3153403
	speed: 0.2242s/iter; left time: 365.0553s
Epoch: 4 cost time: 69.3561384677887
Epoch: 4, Steps: 261 | Train Loss: 0.2972860 Vali Loss: 1.0487208 Test Loss: 0.5649520
EarlyStopping counter: 3 out of 3
Early stopping
>>>>>>>testing : long_term_forecast_ETTh1_96_192_Crossformer_ETTh1_ftM_sl96_ll48_pl192_dm512_nh8_el2_dl1_df2048_fc3_ebtimeF_dtTrue_Exp_0<<<<<<<<<<<<<<<<<<<<<<<<<<<<<<<<<
test 2689
test shape: (2689, 1, 192, 7) (2689, 1, 192, 7)
test shape: (2689, 192, 7) (2689, 192, 7)
mse:0.5405045747756958, mae:0.5197075009346008
