Args in experiment:
[1mBasic Config[0m
  Task Name:          long_term_forecast  Is Training:        1                   
  Model ID:           ETTh1_96_96         Model:              Crossformer         

[1mData Loader[0m
  Data:               ETTh1               Root Path:          ../iTransformer_datasets/ETT-small/
  Data Path:          ETTh1.csv           Features:           M                   
  Target:             OT                  Freq:               h                   
  Checkpoints:        ./checkpoints/      

[1mForecasting Task[0m
  Seq Len:            96                  Label Len:          48                  
  Pred Len:           96                  Seasonal Patterns:  Monthly             
  Inverse:            0                   

[1mModel Parameters[0m
  Top k:              5                   Num Kernels:        6                   
  Enc In:             7                   Dec In:             7                   
  C Out:              7                   d model:            512                 
  n heads:            8                   e layers:           2                   
  d layers:           1                   d FF:               2048                
  Moving Avg:         25                  Factor:             3                   
  Distil:             1                   Dropout:            0.1                 
  Embed:              timeF               Activation:         gelu                
  Output Attention:   0                   

[1mRun Parameters[0m
  Num Workers:        0                   Itr:                1                   
  Train Epochs:       10                  Batch Size:         32                  
  Patience:           3                   Learning Rate:      0.0001              
  Des:                Exp                 Loss:               MSE                 
  Lradj:              type1               Use Amp:            0                   

[1mGPU[0m
  Use GPU:            1                   GPU:                0                   
  Use Multi GPU:      0                   Devices:            0,1,2,3             

[1mDe-stationary Projector Params[0m
  P Hidden Dims:      128, 128            P Hidden Layers:    2                   

Use GPU: cuda:0
>>>>>>>start training : long_term_forecast_ETTh1_96_96_Crossformer_ETTh1_ftM_sl96_ll48_pl96_dm512_nh8_el2_dl1_df2048_fc3_ebtimeF_dtTrue_Exp_0>>>>>>>>>>>>>>>>>>>>>>>>>>
train 8449
val 2785
test 2785
	iters: 100, epoch: 1 | loss: 0.3456581
	speed: 0.2613s/iter; left time: 664.0497s
	iters: 200, epoch: 1 | loss: 0.3230685
	speed: 0.1880s/iter; left time: 458.8569s
Epoch: 1 cost time: 57.196861028671265
Epoch: 1, Steps: 264 | Train Loss: 0.4227965 Vali Loss: 0.7295378 Test Loss: 0.4200146
Validation loss decreased (inf --> 0.729538).  Saving model ...
Updating learning rate to 0.0001
	iters: 100, epoch: 2 | loss: 0.3397836
	speed: 1.9381s/iter; left time: 4413.1091s
	iters: 200, epoch: 2 | loss: 0.3149517
	speed: 0.1560s/iter; left time: 339.5318s
Epoch: 2 cost time: 39.82401442527771
Epoch: 2, Steps: 264 | Train Loss: 0.3300063 Vali Loss: 0.7504751 Test Loss: 0.4169855
EarlyStopping counter: 1 out of 3
Updating learning rate to 5e-05
	iters: 100, epoch: 3 | loss: 0.2905590
	speed: 1.5589s/iter; left time: 3138.0406s
	iters: 200, epoch: 3 | loss: 0.3070825
	speed: 0.1674s/iter; left time: 320.2638s
Epoch: 3 cost time: 43.175517559051514
Epoch: 3, Steps: 264 | Train Loss: 0.2974931 Vali Loss: 0.7969748 Test Loss: 0.4463618
EarlyStopping counter: 2 out of 3
Updating learning rate to 2.5e-05
	iters: 100, epoch: 4 | loss: 0.2580081
	speed: 1.2823s/iter; left time: 2242.7482s
	iters: 200, epoch: 4 | loss: 0.2763054
	speed: 0.1323s/iter; left time: 218.2048s
Epoch: 4 cost time: 38.294087409973145
Epoch: 4, Steps: 264 | Train Loss: 0.2792668 Vali Loss: 0.7971039 Test Loss: 0.4637274
EarlyStopping counter: 3 out of 3
Early stopping
>>>>>>>testing : long_term_forecast_ETTh1_96_96_Crossformer_ETTh1_ftM_sl96_ll48_pl96_dm512_nh8_el2_dl1_df2048_fc3_ebtimeF_dtTrue_Exp_0<<<<<<<<<<<<<<<<<<<<<<<<<<<<<<<<<
test 2785
test shape: (2785, 1, 96, 7) (2785, 1, 96, 7)
test shape: (2785, 96, 7) (2785, 96, 7)
mse:0.4200146496295929, mae:0.4392036497592926
