Args in experiment:
[1mBasic Config[0m
  Task Name:          long_term_forecast  Is Training:        1                   
  Model ID:           ETTh1_96_96         Model:              FiLM                

[1mData Loader[0m
  Data:               ETTh1               Root Path:          ../iTransformer_datasets/ETT-small/
  Data Path:          ETTh1.csv           Features:           M                   
  Target:             OT                  Freq:               h                   
  Checkpoints:        ./checkpoints/      

[1mForecasting Task[0m
  Seq Len:            336                 Label Len:          48                  
  Pred Len:           96                  Seasonal Patterns:  Monthly             
  Inverse:            0                   

[1mModel Parameters[0m
  Top k:              5                   Num Kernels:        6                   
  Enc In:             7                   Dec In:             7                   
  C Out:              7                   d model:            512                 
  n heads:            8                   e layers:           2                   
  d layers:           1                   d FF:               2048                
  Moving Avg:         25                  Factor:             3                   
  Distil:             1                   Dropout:            0.1                 
  Embed:              timeF               Activation:         gelu                
  Output Attention:   0                   

[1mRun Parameters[0m
  Num Workers:        0                   Itr:                1                   
  Train Epochs:       10                  Batch Size:         32                  
  Patience:           3                   Learning Rate:      0.0001              
  Des:                Exp                 Loss:               MSE                 
  Lradj:              type1               Use Amp:            0                   

[1mGPU[0m
  Use GPU:            1                   GPU:                0                   
  Use Multi GPU:      0                   Devices:            0,1,2,3             

[1mDe-stationary Projector Params[0m
  P Hidden Dims:      128, 128            P Hidden Layers:    2                   

Use GPU: cuda:0
>>>>>>>start training : long_term_forecast_ETTh1_96_96_FiLM_ETTh1_ftM_sl336_ll48_pl96_dm512_nh8_el2_dl1_df2048_fc3_ebtimeF_dtTrue_Exp_0>>>>>>>>>>>>>>>>>>>>>>>>>>
train 8209
val 2785
test 2785
	iters: 100, epoch: 1 | loss: 0.4741167
	speed: 0.3083s/iter; left time: 758.7980s
	iters: 200, epoch: 1 | loss: 0.5252401
	speed: 0.3047s/iter; left time: 719.3695s
Epoch: 1 cost time: 78.52055168151855
Epoch: 1, Steps: 256 | Train Loss: 0.4879018 Vali Loss: 1.0035491 Test Loss: 0.5102913
Validation loss decreased (inf --> 1.003549).  Saving model ...
Updating learning rate to 0.0001
	iters: 100, epoch: 2 | loss: 0.4121332
	speed: 1.8884s/iter; left time: 4163.9067s
	iters: 200, epoch: 2 | loss: 0.4599652
	speed: 0.1882s/iter; left time: 396.2153s
Epoch: 2 cost time: 48.356435775756836
Epoch: 2, Steps: 256 | Train Loss: 0.4220661 Vali Loss: 0.8853437 Test Loss: 0.4618972
Validation loss decreased (1.003549 --> 0.885344).  Saving model ...
Updating learning rate to 5e-05
	iters: 100, epoch: 3 | loss: 0.4123466
	speed: 1.9599s/iter; left time: 3819.7930s
	iters: 200, epoch: 3 | loss: 0.4000490
	speed: 0.2130s/iter; left time: 393.8778s
Epoch: 3 cost time: 54.67178130149841
