Args in experiment:
[1mBasic Config[0m
  Task Name:          long_term_forecast  Is Training:        1                   
  Model ID:           ETTh1_96_192        Model:              FiLM                

[1mData Loader[0m
  Data:               ETTh1               Root Path:          ../iTransformer_datasets/ETT-small/
  Data Path:          ETTh1.csv           Features:           M                   
  Target:             OT                  Freq:               h                   
  Checkpoints:        ./checkpoints/      

[1mForecasting Task[0m
  Seq Len:            336                 Label Len:          48                  
  Pred Len:           192                 Seasonal Patterns:  Monthly             
  Inverse:            0                   

[1mModel Parameters[0m
  Top k:              5                   Num Kernels:        6                   
  Enc In:             7                   Dec In:             7                   
  C Out:              7                   d model:            512                 
  n heads:            8                   e layers:           2                   
  d layers:           1                   d FF:               2048                
  Moving Avg:         25                  Factor:             3                   
  Distil:             1                   Dropout:            0.1                 
  Embed:              timeF               Activation:         gelu                
  Output Attention:   0                   

[1mRun Parameters[0m
  Num Workers:        0                   Itr:                1                   
  Train Epochs:       10                  Batch Size:         32                  
  Patience:           3                   Learning Rate:      0.0001              
  Des:                Exp                 Loss:               MSE                 
  Lradj:              type1               Use Amp:            0                   

[1mGPU[0m
  Use GPU:            1                   GPU:                0                   
  Use Multi GPU:      0                   Devices:            0,1,2,3             

[1mDe-stationary Projector Params[0m
  P Hidden Dims:      128, 128            P Hidden Layers:    2                   

Use GPU: cuda:0
>>>>>>>start training : long_term_forecast_ETTh1_96_192_FiLM_ETTh1_ftM_sl336_ll48_pl192_dm512_nh8_el2_dl1_df2048_fc3_ebtimeF_dtTrue_Exp_0>>>>>>>>>>>>>>>>>>>>>>>>>>
train 8113
val 2689
test 2689
	iters: 100, epoch: 1 | loss: 0.5370490
	speed: 0.4044s/iter; left time: 983.1426s
	iters: 200, epoch: 1 | loss: 0.5213266
	speed: 0.4113s/iter; left time: 958.8505s
Epoch: 1 cost time: 101.83905839920044
Epoch: 1, Steps: 253 | Train Loss: 0.5290689 Vali Loss: 1.1939659 Test Loss: 0.5495009
Validation loss decreased (inf --> 1.193966).  Saving model ...
Updating learning rate to 0.0001
	iters: 100, epoch: 2 | loss: 0.4376294
	speed: 2.4239s/iter; left time: 5279.1843s
	iters: 200, epoch: 2 | loss: 0.4808618
	speed: 0.3379s/iter; left time: 702.1224s
Epoch: 2 cost time: 81.9736659526825
Epoch: 2, Steps: 253 | Train Loss: 0.4751387 Vali Loss: 1.1069667 Test Loss: 0.5026937
Validation loss decreased (1.193966 --> 1.106967).  Saving model ...
Updating learning rate to 5e-05
	iters: 100, epoch: 3 | loss: 0.4374056
	speed: 2.5317s/iter; left time: 4873.5159s
