Args in experiment:
[1mBasic Config[0m
  Task Name:          long_term_forecast  Is Training:        1                   
  Model ID:           ETTh1_96_192        Model:              FreTS               

[1mData Loader[0m
  Data:               ETTh1               Root Path:          ../iTransformer_datasets/ETT-small/
  Data Path:          ETTh1.csv           Features:           M                   
  Target:             OT                  Freq:               h                   
  Checkpoints:        ./checkpoints/      

[1mForecasting Task[0m
  Seq Len:            96                  Label Len:          48                  
  Pred Len:           192                 Seasonal Patterns:  Monthly             
  Inverse:            0                   

[1mModel Parameters[0m
  Top k:              5                   Num Kernels:        6                   
  Enc In:             7                   Dec In:             7                   
  C Out:              7                   d model:            128                 
  n heads:            8                   e layers:           2                   
  d layers:           1                   d FF:               128                 
  Moving Avg:         25                  Factor:             3                   
  Distil:             1                   Dropout:            0.1                 
  Embed:              timeF               Activation:         gelu                
  Output Attention:   0                   

[1mRun Parameters[0m
  Num Workers:        0                   Itr:                1                   
  Train Epochs:       10                  Batch Size:         32                  
  Patience:           3                   Learning Rate:      0.0001              
  Des:                Exp                 Loss:               MSE                 
  Lradj:              type1               Use Amp:            0                   

[1mGPU[0m
  Use GPU:            1                   GPU:                0                   
  Use Multi GPU:      0                   Devices:            0,1,2,3             

[1mDe-stationary Projector Params[0m
  P Hidden Dims:      128, 128            P Hidden Layers:    2                   

Use GPU: cuda:0
>>>>>>>start training : long_term_forecast_ETTh1_96_192_FreTS_ETTh1_ftM_sl96_ll48_pl192_dm128_nh8_el2_dl1_df128_fc3_ebtimeF_dtTrue_Exp_0>>>>>>>>>>>>>>>>>>>>>>>>>>
train 8353
val 2689
test 2689
	iters: 100, epoch: 1 | loss: 0.3711182
	speed: 0.0282s/iter; left time: 70.8169s
	iters: 200, epoch: 1 | loss: 0.4478761
	speed: 0.0165s/iter; left time: 39.8968s
Epoch: 1 cost time: 5.336725234985352
Epoch: 1, Steps: 261 | Train Loss: 0.4655282 Vali Loss: 0.9400900 Test Loss: 0.4800937
Validation loss decreased (inf --> 0.940090).  Saving model ...
Updating learning rate to 0.0001
	iters: 100, epoch: 2 | loss: 0.4329385
	speed: 0.1965s/iter; left time: 442.1297s
	iters: 200, epoch: 2 | loss: 0.3914039
	speed: 0.0155s/iter; left time: 33.3433s
Epoch: 2 cost time: 4.216217517852783
Epoch: 2, Steps: 261 | Train Loss: 0.4224367 Vali Loss: 0.9212747 Test Loss: 0.4660709
Validation loss decreased (0.940090 --> 0.921275).  Saving model ...
Updating learning rate to 5e-05
	iters: 100, epoch: 3 | loss: 0.4296950
	speed: 0.1658s/iter; left time: 329.7914s
	iters: 200, epoch: 3 | loss: 0.3846586
	speed: 0.0094s/iter; left time: 17.8332s
Epoch: 3 cost time: 2.2836480140686035
Epoch: 3, Steps: 261 | Train Loss: 0.4136030 Vali Loss: 0.8989007 Test Loss: 0.4575070
Validation loss decreased (0.921275 --> 0.898901).  Saving model ...
Updating learning rate to 2.5e-05
	iters: 100, epoch: 4 | loss: 0.3981201
	speed: 0.1040s/iter; left time: 179.6691s
	iters: 200, epoch: 4 | loss: 0.4426052
	speed: 0.0071s/iter; left time: 11.5669s
Epoch: 4 cost time: 1.9907748699188232
Epoch: 4, Steps: 261 | Train Loss: 0.4084843 Vali Loss: 0.9130223 Test Loss: 0.4517336
EarlyStopping counter: 1 out of 3
Updating learning rate to 1.25e-05
	iters: 100, epoch: 5 | loss: 0.4472779
	speed: 0.0788s/iter; left time: 115.5677s
	iters: 200, epoch: 5 | loss: 0.4484214
	speed: 0.0041s/iter; left time: 5.6325s
Epoch: 5 cost time: 1.078695297241211
Epoch: 5, Steps: 261 | Train Loss: 0.4061706 Vali Loss: 0.8966902 Test Loss: 0.4534182
Validation loss decreased (0.898901 --> 0.896690).  Saving model ...
Updating learning rate to 6.25e-06
	iters: 100, epoch: 6 | loss: 0.4551883
	speed: 0.1144s/iter; left time: 138.0103s
	iters: 200, epoch: 6 | loss: 0.4121751
	speed: 0.0053s/iter; left time: 5.8657s
Epoch: 6 cost time: 1.5790085792541504
Epoch: 6, Steps: 261 | Train Loss: 0.4050750 Vali Loss: 0.8909804 Test Loss: 0.4542807
Validation loss decreased (0.896690 --> 0.890980).  Saving model ...
Updating learning rate to 3.125e-06
	iters: 100, epoch: 7 | loss: 0.4041789
	speed: 0.0988s/iter; left time: 93.3679s
	iters: 200, epoch: 7 | loss: 0.3561732
	speed: 0.0045s/iter; left time: 3.8033s
Epoch: 7 cost time: 1.185546875
Epoch: 7, Steps: 261 | Train Loss: 0.4045281 Vali Loss: 0.9013105 Test Loss: 0.4506911
EarlyStopping counter: 1 out of 3
Updating learning rate to 1.5625e-06
	iters: 100, epoch: 8 | loss: 0.4560465
	speed: 0.0344s/iter; left time: 23.5535s
	iters: 200, epoch: 8 | loss: 0.4718251
	speed: 0.0044s/iter; left time: 2.5743s
Epoch: 8 cost time: 1.1680614948272705
Epoch: 8, Steps: 261 | Train Loss: 0.4040843 Vali Loss: 0.9079654 Test Loss: 0.4495595
EarlyStopping counter: 2 out of 3
Updating learning rate to 7.8125e-07
	iters: 100, epoch: 9 | loss: 0.4731398
	speed: 0.0329s/iter; left time: 13.9261s
	iters: 200, epoch: 9 | loss: 0.3692256
	speed: 0.0042s/iter; left time: 1.3524s
Epoch: 9 cost time: 1.1158270835876465
Epoch: 9, Steps: 261 | Train Loss: 0.4039036 Vali Loss: 0.9044420 Test Loss: 0.4498478
EarlyStopping counter: 3 out of 3
Early stopping
>>>>>>>testing : long_term_forecast_ETTh1_96_192_FreTS_ETTh1_ftM_sl96_ll48_pl192_dm128_nh8_el2_dl1_df128_fc3_ebtimeF_dtTrue_Exp_0<<<<<<<<<<<<<<<<<<<<<<<<<<<<<<<<<
test 2689
test shape: (2689, 1, 192, 7) (2689, 1, 192, 7)
test shape: (2689, 192, 7) (2689, 192, 7)
mse:0.4542807638645172, mae:0.44867369532585144
Spend Time: 157.66544580459595
