Args in experiment:
[1mBasic Config[0m
  Task Name:          long_term_forecast  Is Training:        1                   
  Model ID:           ETTh1_96_192        Model:              MICN                

[1mData Loader[0m
  Data:               ETTh1               Root Path:          ../iTransformer_datasets/ETT-small/
  Data Path:          ETTh1.csv           Features:           M                   
  Target:             OT                  Freq:               h                   
  Checkpoints:        ./checkpoints/      

[1mForecasting Task[0m
  Seq Len:            96                  Label Len:          96                  
  Pred Len:           192                 Seasonal Patterns:  Monthly             
  Inverse:            0                   

[1mModel Parameters[0m
  Top k:              5                   Num Kernels:        6                   
  Enc In:             7                   Dec In:             7                   
  C Out:              7                   d model:            512                 
  n heads:            8                   e layers:           2                   
  d layers:           1                   d FF:               2048                
  Moving Avg:         25                  Factor:             3                   
  Distil:             1                   Dropout:            0.1                 
  Embed:              timeF               Activation:         gelu                
  Output Attention:   0                   

[1mRun Parameters[0m
  Num Workers:        0                   Itr:                1                   
  Train Epochs:       10                  Batch Size:         32                  
  Patience:           3                   Learning Rate:      0.0001              
  Des:                Exp                 Loss:               MSE                 
  Lradj:              type1               Use Amp:            0                   

[1mGPU[0m
  Use GPU:            1                   GPU:                0                   
  Use Multi GPU:      0                   Devices:            0,1,2,3             

[1mDe-stationary Projector Params[0m
  P Hidden Dims:      128, 128            P Hidden Layers:    2                   

Use GPU: cuda:0
>>>>>>>start training : long_term_forecast_ETTh1_96_192_MICN_ETTh1_ftM_sl96_ll96_pl192_dm512_nh8_el2_dl1_df2048_fc3_ebtimeF_dtTrue_Exp_0>>>>>>>>>>>>>>>>>>>>>>>>>>
train 8353
val 2689
test 2689
	iters: 100, epoch: 1 | loss: 0.3979558
	speed: 0.4799s/iter; left time: 1205.1368s
	iters: 200, epoch: 1 | loss: 0.3974706
	speed: 0.4040s/iter; left time: 973.9991s
Epoch: 1 cost time: 109.80318593978882
Epoch: 1, Steps: 261 | Train Loss: 0.4232303 Vali Loss: 0.9496175 Test Loss: 0.4412208
Validation loss decreased (inf --> 0.949618).  Saving model ...
Updating learning rate to 0.0001
	iters: 100, epoch: 2 | loss: 0.4378299
	speed: 1.4143s/iter; left time: 3182.0992s
	iters: 200, epoch: 2 | loss: 0.4006411
	speed: 0.2199s/iter; left time: 472.8373s
Epoch: 2 cost time: 49.790847301483154
Epoch: 2, Steps: 261 | Train Loss: 0.3827699 Vali Loss: 0.8838345 Test Loss: 0.4479345
Validation loss decreased (0.949618 --> 0.883835).  Saving model ...
Updating learning rate to 5e-05
	iters: 100, epoch: 3 | loss: 0.3339344
	speed: 1.3534s/iter; left time: 2691.9838s
	iters: 200, epoch: 3 | loss: 0.4070839
	speed: 0.1317s/iter; left time: 248.8609s
Epoch: 3 cost time: 39.19086837768555
Epoch: 3, Steps: 261 | Train Loss: 0.3394849 Vali Loss: 0.8974823 Test Loss: 0.5263530
EarlyStopping counter: 1 out of 3
Updating learning rate to 2.5e-05
	iters: 100, epoch: 4 | loss: 0.3064031
	speed: 1.1658s/iter; left time: 2014.4725s
	iters: 200, epoch: 4 | loss: 0.3083185
	speed: 0.1953s/iter; left time: 317.9261s
Epoch: 4 cost time: 52.167428493499756
Epoch: 4, Steps: 261 | Train Loss: 0.2996975 Vali Loss: 0.9283368 Test Loss: 0.5964247
EarlyStopping counter: 2 out of 3
Updating learning rate to 1.25e-05
	iters: 100, epoch: 5 | loss: 0.2977906
	speed: 1.1503s/iter; left time: 1687.4628s
	iters: 200, epoch: 5 | loss: 0.2827365
	speed: 0.1953s/iter; left time: 266.9215s
Epoch: 5 cost time: 50.9544723033905
Epoch: 5, Steps: 261 | Train Loss: 0.2719462 Vali Loss: 0.9479190 Test Loss: 0.6160573
EarlyStopping counter: 3 out of 3
Early stopping
>>>>>>>testing : long_term_forecast_ETTh1_96_192_MICN_ETTh1_ftM_sl96_ll96_pl192_dm512_nh8_el2_dl1_df2048_fc3_ebtimeF_dtTrue_Exp_0<<<<<<<<<<<<<<<<<<<<<<<<<<<<<<<<<
test 2689
