Args in experiment:
[1mBasic Config[0m
  Task Name:          long_term_forecast  Is Training:        1                   
  Model ID:           ETTh1_96_96         Model:              MICN                

[1mData Loader[0m
  Data:               ETTh1               Root Path:          ../iTransformer_datasets/ETT-small/
  Data Path:          ETTh1.csv           Features:           M                   
  Target:             OT                  Freq:               h                   
  Checkpoints:        ./checkpoints/      

[1mForecasting Task[0m
  Seq Len:            96                  Label Len:          96                  
  Pred Len:           96                  Seasonal Patterns:  Monthly             
  Inverse:            0                   

[1mModel Parameters[0m
  Top k:              5                   Num Kernels:        6                   
  Enc In:             7                   Dec In:             7                   
  C Out:              7                   d model:            512                 
  n heads:            8                   e layers:           2                   
  d layers:           1                   d FF:               2048                
  Moving Avg:         25                  Factor:             3                   
  Distil:             1                   Dropout:            0.1                 
  Embed:              timeF               Activation:         gelu                
  Output Attention:   0                   

[1mRun Parameters[0m
  Num Workers:        0                   Itr:                1                   
  Train Epochs:       10                  Batch Size:         32                  
  Patience:           3                   Learning Rate:      0.0001              
  Des:                Exp                 Loss:               MSE                 
  Lradj:              type1               Use Amp:            0                   

[1mGPU[0m
  Use GPU:            1                   GPU:                0                   
  Use Multi GPU:      0                   Devices:            0,1,2,3             

[1mDe-stationary Projector Params[0m
  P Hidden Dims:      128, 128            P Hidden Layers:    2                   

Use GPU: cuda:0
>>>>>>>start training : long_term_forecast_ETTh1_96_96_MICN_ETTh1_ftM_sl96_ll96_pl96_dm512_nh8_el2_dl1_df2048_fc3_ebtimeF_dtTrue_Exp_0>>>>>>>>>>>>>>>>>>>>>>>>>>
train 8449
val 2785
test 2785
	iters: 100, epoch: 1 | loss: 0.3398573
	speed: 0.3945s/iter; left time: 1002.3656s
	iters: 200, epoch: 1 | loss: 0.3840737
	speed: 0.3438s/iter; left time: 839.1872s
Epoch: 1 cost time: 93.5246889591217
Epoch: 1, Steps: 264 | Train Loss: 0.3700058 Vali Loss: 0.6837839 Test Loss: 0.3823212
Validation loss decreased (inf --> 0.683784).  Saving model ...
Updating learning rate to 0.0001
	iters: 100, epoch: 2 | loss: 0.2735105
	speed: 1.3421s/iter; left time: 3056.0549s
	iters: 200, epoch: 2 | loss: 0.3303862
	speed: 0.0605s/iter; left time: 131.7710s
Epoch: 2 cost time: 17.10760259628296
Epoch: 2, Steps: 264 | Train Loss: 0.3351595 Vali Loss: 0.6705843 Test Loss: 0.3936568
Validation loss decreased (0.683784 --> 0.670584).  Saving model ...
Updating learning rate to 5e-05
	iters: 100, epoch: 3 | loss: 0.3507850
	speed: 1.3035s/iter; left time: 2623.8787s
	iters: 200, epoch: 3 | loss: 0.2548760
	speed: 0.1535s/iter; left time: 293.6591s
Epoch: 3 cost time: 38.12504816055298
Epoch: 3, Steps: 264 | Train Loss: 0.3069963 Vali Loss: 0.6660344 Test Loss: 0.4153477
Validation loss decreased (0.670584 --> 0.666034).  Saving model ...
Updating learning rate to 2.5e-05
	iters: 100, epoch: 4 | loss: 0.2771450
	speed: 1.1013s/iter; left time: 1926.1480s
	iters: 200, epoch: 4 | loss: 0.2725622
	speed: 0.1552s/iter; left time: 255.8522s
Epoch: 4 cost time: 43.78476548194885
Epoch: 4, Steps: 264 | Train Loss: 0.2785024 Vali Loss: 0.6728820 Test Loss: 0.4620934
EarlyStopping counter: 1 out of 3
Updating learning rate to 1.25e-05
	iters: 100, epoch: 5 | loss: 0.2537045
	speed: 1.1250s/iter; left time: 1670.5835s
	iters: 200, epoch: 5 | loss: 0.2462807
	speed: 0.1581s/iter; left time: 219.0373s
Epoch: 5 cost time: 41.45131540298462
Epoch: 5, Steps: 264 | Train Loss: 0.2559273 Vali Loss: 0.6779361 Test Loss: 0.4617565
EarlyStopping counter: 2 out of 3
Updating learning rate to 6.25e-06
	iters: 100, epoch: 6 | loss: 0.2150948
	speed: 1.1915s/iter; left time: 1454.8693s
	iters: 200, epoch: 6 | loss: 0.2574995
	speed: 0.2006s/iter; left time: 224.9170s
Epoch: 6 cost time: 50.573081731796265
Epoch: 6, Steps: 264 | Train Loss: 0.2421957 Vali Loss: 0.6811166 Test Loss: 0.4688110
EarlyStopping counter: 3 out of 3
Early stopping
>>>>>>>testing : long_term_forecast_ETTh1_96_96_MICN_ETTh1_ftM_sl96_ll96_pl96_dm512_nh8_el2_dl1_df2048_fc3_ebtimeF_dtTrue_Exp_0<<<<<<<<<<<<<<<<<<<<<<<<<<<<<<<<<
test 2785
