Args in experiment:
[1mBasic Config[0m
  Task Name:          long_term_forecast  Is Training:        1                   
  Model ID:           ETTh1_96_96         Model:              Nonstationary_Transformer

[1mData Loader[0m
  Data:               ETTh1               Root Path:          ../iTransformer_datasets/ETT-small/
  Data Path:          ETTh1.csv           Features:           M                   
  Target:             OT                  Freq:               h                   
  Checkpoints:        ./checkpoints/      

[1mForecasting Task[0m
  Seq Len:            96                  Label Len:          48                  
  Pred Len:           96                  Seasonal Patterns:  Monthly             
  Inverse:            0                   

[1mModel Parameters[0m
  Top k:              5                   Num Kernels:        6                   
  Enc In:             7                   Dec In:             7                   
  C Out:              7                   d model:            128                 
  n heads:            8                   e layers:           2                   
  d layers:           1                   d FF:               2048                
  Moving Avg:         25                  Factor:             3                   
  Distil:             1                   Dropout:            0.1                 
  Embed:              timeF               Activation:         gelu                
  Output Attention:   0                   

[1mRun Parameters[0m
  Num Workers:        0                   Itr:                1                   
  Train Epochs:       10                  Batch Size:         32                  
  Patience:           3                   Learning Rate:      0.0001              
  Des:                Exp                 Loss:               MSE                 
  Lradj:              type1               Use Amp:            0                   

[1mGPU[0m
  Use GPU:            1                   GPU:                0                   
  Use Multi GPU:      0                   Devices:            0,1,2,3             

[1mDe-stationary Projector Params[0m
  P Hidden Dims:      256, 256            P Hidden Layers:    2                   

Use GPU: cuda:0
>>>>>>>start training : long_term_forecast_ETTh1_96_96_Nonstationary_Transformer_ETTh1_ftM_sl96_ll48_pl96_dm128_nh8_el2_dl1_df2048_fc3_ebtimeF_dtTrue_Exp_0>>>>>>>>>>>>>>>>>>>>>>>>>>
train 8449
val 2785
test 2785
	iters: 100, epoch: 1 | loss: 0.4634091
	speed: 0.1012s/iter; left time: 257.2082s
	iters: 200, epoch: 1 | loss: 0.4785326
	speed: 0.0926s/iter; left time: 225.9291s
Epoch: 1 cost time: 25.35189127922058
Epoch: 1, Steps: 264 | Train Loss: 0.4754485 Vali Loss: 0.9001890 Test Loss: 0.5615353
Validation loss decreased (inf --> 0.900189).  Saving model ...
Updating learning rate to 0.0001
	iters: 100, epoch: 2 | loss: 0.3559459
	speed: 1.4785s/iter; left time: 3366.5768s
	iters: 200, epoch: 2 | loss: 0.3140714
	speed: 0.1300s/iter; left time: 283.0345s
Epoch: 2 cost time: 33.74967432022095
Epoch: 2, Steps: 264 | Train Loss: 0.3436619 Vali Loss: 0.8794775 Test Loss: 0.5090721
Validation loss decreased (0.900189 --> 0.879478).  Saving model ...
Updating learning rate to 5e-05
	iters: 100, epoch: 3 | loss: 0.3057029
	speed: 1.5588s/iter; left time: 3137.9460s
	iters: 200, epoch: 3 | loss: 0.3030327
	speed: 0.0955s/iter; left time: 182.6704s
Epoch: 3 cost time: 24.75373339653015
Epoch: 3, Steps: 264 | Train Loss: 0.3043410 Vali Loss: 0.9056996 Test Loss: 0.5421689
EarlyStopping counter: 1 out of 3
Updating learning rate to 2.5e-05
	iters: 100, epoch: 4 | loss: 0.2955831
	speed: 1.4468s/iter; left time: 2530.3747s
	iters: 200, epoch: 4 | loss: 0.2592854
	speed: 0.1258s/iter; left time: 207.4344s
Epoch: 4 cost time: 33.3137309551239
Epoch: 4, Steps: 264 | Train Loss: 0.2902445 Vali Loss: 0.9031020 Test Loss: 0.5346870
EarlyStopping counter: 2 out of 3
Updating learning rate to 1.25e-05
	iters: 100, epoch: 5 | loss: 0.2680703
	speed: 1.9393s/iter; left time: 2879.9061s
	iters: 200, epoch: 5 | loss: 0.2577835
	speed: 0.0854s/iter; left time: 118.2155s
Epoch: 5 cost time: 23.40159273147583
Epoch: 5, Steps: 264 | Train Loss: 0.2836847 Vali Loss: 0.9048069 Test Loss: 0.5360485
EarlyStopping counter: 3 out of 3
Early stopping
>>>>>>>testing : long_term_forecast_ETTh1_96_96_Nonstationary_Transformer_ETTh1_ftM_sl96_ll48_pl96_dm128_nh8_el2_dl1_df2048_fc3_ebtimeF_dtTrue_Exp_0<<<<<<<<<<<<<<<<<<<<<<<<<<<<<<<<<
test 2785
test shape: (2785, 1, 96, 7) (2785, 1, 96, 7)
test shape: (2785, 96, 7) (2785, 96, 7)
mse:0.509071946144104, mae:0.49099117517471313
Spend Time: 1016.2228832244873
