Args in experiment:
[1mBasic Config[0m
  Task Name:          long_term_forecast  Is Training:        1                   
  Model ID:           ETTh1_96_96         Model:              Pyraformer          

[1mData Loader[0m
  Data:               ETTh1               Root Path:          ../iTransformer_datasets/ETT-small/
  Data Path:          ETTh1.csv           Features:           M                   
  Target:             OT                  Freq:               h                   
  Checkpoints:        ./checkpoints/      

[1mForecasting Task[0m
  Seq Len:            96                  Label Len:          48                  
  Pred Len:           96                  Seasonal Patterns:  Monthly             
  Inverse:            0                   

[1mModel Parameters[0m
  Top k:              5                   Num Kernels:        6                   
  Enc In:             7                   Dec In:             7                   
  C Out:              7                   d model:            512                 
  n heads:            8                   e layers:           2                   
  d layers:           1                   d FF:               2048                
  Moving Avg:         25                  Factor:             3                   
  Distil:             1                   Dropout:            0.1                 
  Embed:              timeF               Activation:         gelu                
  Output Attention:   0                   

[1mRun Parameters[0m
  Num Workers:        0                   Itr:                1                   
  Train Epochs:       10                  Batch Size:         32                  
  Patience:           3                   Learning Rate:      0.0001              
  Des:                Exp                 Loss:               MSE                 
  Lradj:              type1               Use Amp:            0                   

[1mGPU[0m
  Use GPU:            1                   GPU:                0                   
  Use Multi GPU:      0                   Devices:            0,1,2,3             

[1mDe-stationary Projector Params[0m
  P Hidden Dims:      128, 128            P Hidden Layers:    2                   

Use GPU: cuda:0
>>>>>>>start training : long_term_forecast_ETTh1_96_96_Pyraformer_ETTh1_ftM_sl96_ll48_pl96_dm512_nh8_el2_dl1_df2048_fc3_ebtimeF_dtTrue_Exp_0>>>>>>>>>>>>>>>>>>>>>>>>>>
train 8449
val 2785
test 2785
	iters: 100, epoch: 1 | loss: 0.4711336
	speed: 0.0687s/iter; left time: 174.4746s
	iters: 200, epoch: 1 | loss: 0.3497684
	speed: 0.0436s/iter; left time: 106.5494s
Epoch: 1 cost time: 14.003998756408691
Epoch: 1, Steps: 264 | Train Loss: 0.4565629 Vali Loss: 0.8757134 Test Loss: 0.7310758
Validation loss decreased (inf --> 0.875713).  Saving model ...
Updating learning rate to 0.0001
	iters: 100, epoch: 2 | loss: 0.3272565
	speed: 0.4978s/iter; left time: 1133.4337s
	iters: 200, epoch: 2 | loss: 0.3957854
	speed: 0.0547s/iter; left time: 119.0714s
Epoch: 2 cost time: 14.056315422058105
Epoch: 2, Steps: 264 | Train Loss: 0.3527890 Vali Loss: 0.8587757 Test Loss: 0.6678569
Validation loss decreased (0.875713 --> 0.858776).  Saving model ...
Updating learning rate to 5e-05
	iters: 100, epoch: 3 | loss: 0.3175848
	speed: 0.6636s/iter; left time: 1335.7369s
	iters: 200, epoch: 3 | loss: 0.2954697
	speed: 0.0439s/iter; left time: 84.0543s
Epoch: 3 cost time: 12.274208068847656
Epoch: 3, Steps: 264 | Train Loss: 0.3121363 Vali Loss: 0.8708282 Test Loss: 0.7810131
EarlyStopping counter: 1 out of 3
Updating learning rate to 2.5e-05
	iters: 100, epoch: 4 | loss: 0.2731699
	speed: 0.5658s/iter; left time: 989.6507s
	iters: 200, epoch: 4 | loss: 0.2849436
	speed: 0.0441s/iter; left time: 72.6441s
Epoch: 4 cost time: 12.02534008026123
Epoch: 4, Steps: 264 | Train Loss: 0.2915807 Vali Loss: 0.8848644 Test Loss: 0.8192328
EarlyStopping counter: 2 out of 3
Updating learning rate to 1.25e-05
	iters: 100, epoch: 5 | loss: 0.2775552
	speed: 0.5703s/iter; left time: 846.8402s
	iters: 200, epoch: 5 | loss: 0.2850449
	speed: 0.0465s/iter; left time: 64.3364s
Epoch: 5 cost time: 12.20111608505249
Epoch: 5, Steps: 264 | Train Loss: 0.2828187 Vali Loss: 0.8992255 Test Loss: 0.8345151
EarlyStopping counter: 3 out of 3
Early stopping
>>>>>>>testing : long_term_forecast_ETTh1_96_96_Pyraformer_ETTh1_ftM_sl96_ll48_pl96_dm512_nh8_el2_dl1_df2048_fc3_ebtimeF_dtTrue_Exp_0<<<<<<<<<<<<<<<<<<<<<<<<<<<<<<<<<
test 2785
test shape: (2785, 1, 96, 7) (2785, 1, 96, 7)
test shape: (2785, 96, 7) (2785, 96, 7)
mse:0.6678570508956909, mae:0.6138542294502258
Spend Time: 374.59837222099304
