Args in experiment:
[1mBasic Config[0m
  Task Name:          long_term_forecast  Is Training:        1                   
  Model ID:           ETTh1_96_336        Model:              TimeMixer           

[1mData Loader[0m
  Data:               ETTh1               Root Path:          ../iTransformer_datasets/ETT-small/
  Data Path:          ETTh1.csv           Features:           M                   
  Target:             OT                  Freq:               h                   
  Checkpoints:        ./checkpoints/      

[1mForecasting Task[0m
  Seq Len:            96                  Label Len:          0                   
  Pred Len:           336                 Seasonal Patterns:  Monthly             
  Inverse:            0                   

[1mModel Parameters[0m
  Top k:              5                   Num Kernels:        6                   
  Enc In:             7                   Dec In:             7                   
  C Out:              7                   d model:            16                  
  n heads:            8                   e layers:           2                   
  d layers:           1                   d FF:               32                  
  Moving Avg:         25                  Factor:             1                   
  Distil:             1                   Dropout:            0.1                 
  Embed:              timeF               Activation:         gelu                
  Output Attention:   0                   

[1mRun Parameters[0m
  Num Workers:        0                   Itr:                1                   
  Train Epochs:       10                  Batch Size:         128                 
  Patience:           10                  Learning Rate:      0.01                
  Des:                Exp                 Loss:               MSE                 
  Lradj:              type1               Use Amp:            0                   

[1mGPU[0m
  Use GPU:            1                   GPU:                0                   
  Use Multi GPU:      0                   Devices:            0,1,2,3             

[1mDe-stationary Projector Params[0m
  P Hidden Dims:      128, 128            P Hidden Layers:    2                   

Use GPU: cuda:0
>>>>>>>start training : long_term_forecast_ETTh1_96_336_TimeMixer_ETTh1_ftM_sl96_ll0_pl336_dm16_nh8_el2_dl1_df32_fc1_ebtimeF_dtTrue_Exp_0>>>>>>>>>>>>>>>>>>>>>>>>>>
train 8209
val 2545
test 2545
Epoch: 1 cost time: 6.637899160385132
Epoch: 1, Steps: 64 | Train Loss: 0.5389920 Vali Loss: 1.3092506 Test Loss: 0.5046977
Validation loss decreased (inf --> 1.309251).  Saving model ...
Updating learning rate to 0.01
Epoch: 2 cost time: 2.4524714946746826
Epoch: 2, Steps: 64 | Train Loss: 0.4818699 Vali Loss: 1.3247266 Test Loss: 0.4851584
EarlyStopping counter: 1 out of 10
Updating learning rate to 0.005
Epoch: 3 cost time: 2.518324613571167
Epoch: 3, Steps: 64 | Train Loss: 0.4636204 Vali Loss: 1.3536850 Test Loss: 0.5009674
EarlyStopping counter: 2 out of 10
Updating learning rate to 0.0025
Epoch: 4 cost time: 2.3693032264709473
Epoch: 4, Steps: 64 | Train Loss: 0.4520496 Vali Loss: 1.3424820 Test Loss: 0.4896339
EarlyStopping counter: 3 out of 10
Updating learning rate to 0.00125
Epoch: 5 cost time: 2.4758129119873047
Epoch: 5, Steps: 64 | Train Loss: 0.4426871 Vali Loss: 1.3473752 Test Loss: 0.4809940
EarlyStopping counter: 4 out of 10
Updating learning rate to 0.000625
Epoch: 6 cost time: 2.4005322456359863
Epoch: 6, Steps: 64 | Train Loss: 0.4368302 Vali Loss: 1.3383105 Test Loss: 0.4872312
EarlyStopping counter: 5 out of 10
Updating learning rate to 0.0003125
Epoch: 7 cost time: 2.468844413757324
Epoch: 7, Steps: 64 | Train Loss: 0.4333625 Vali Loss: 1.3504769 Test Loss: 0.4874707
EarlyStopping counter: 6 out of 10
Updating learning rate to 0.00015625
Epoch: 8 cost time: 2.371809720993042
Epoch: 8, Steps: 64 | Train Loss: 0.4315227 Vali Loss: 1.3433485 Test Loss: 0.4880171
EarlyStopping counter: 7 out of 10
Updating learning rate to 7.8125e-05
Epoch: 9 cost time: 2.347764015197754
Epoch: 9, Steps: 64 | Train Loss: 0.4308987 Vali Loss: 1.3425695 Test Loss: 0.4899271
EarlyStopping counter: 8 out of 10
Updating learning rate to 3.90625e-05
Epoch: 10 cost time: 2.6183135509490967
Epoch: 10, Steps: 64 | Train Loss: 0.4303334 Vali Loss: 1.3449961 Test Loss: 0.4891708
EarlyStopping counter: 9 out of 10
Updating learning rate to 1.953125e-05
>>>>>>>testing : long_term_forecast_ETTh1_96_336_TimeMixer_ETTh1_ftM_sl96_ll0_pl336_dm16_nh8_el2_dl1_df32_fc1_ebtimeF_dtTrue_Exp_0<<<<<<<<<<<<<<<<<<<<<<<<<<<<<<<<<
test 2545
test shape: (2545, 1, 336, 7) (2545, 1, 336, 7)
test shape: (2545, 336, 7) (2545, 336, 7)
mse:0.5046976804733276, mae:0.4605698585510254
Spend Time: 324.05355167388916
