Args in experiment:
[1mBasic Config[0m
  Task Name:          long_term_forecast  Is Training:        1                   
  Model ID:           ETTh1_96_720        Model:              TimesNet            

[1mData Loader[0m
  Data:               ETTh1               Root Path:          ../iTransformer_datasets/ETT-small/
  Data Path:          ETTh1.csv           Features:           M                   
  Target:             OT                  Freq:               h                   
  Checkpoints:        ./checkpoints/      

[1mForecasting Task[0m
  Seq Len:            96                  Label Len:          48                  
  Pred Len:           720                 Seasonal Patterns:  Monthly             
  Inverse:            0                   

[1mModel Parameters[0m
  Top k:              5                   Num Kernels:        6                   
  Enc In:             7                   Dec In:             7                   
  C Out:              7                   d model:            16                  
  n heads:            8                   e layers:           2                   
  d layers:           1                   d FF:               32                  
  Moving Avg:         25                  Factor:             3                   
  Distil:             1                   Dropout:            0.1                 
  Embed:              timeF               Activation:         gelu                
  Output Attention:   0                   

[1mRun Parameters[0m
  Num Workers:        0                   Itr:                1                   
  Train Epochs:       10                  Batch Size:         32                  
  Patience:           3                   Learning Rate:      0.0001              
  Des:                Exp                 Loss:               MSE                 
  Lradj:              type1               Use Amp:            0                   

[1mGPU[0m
  Use GPU:            1                   GPU:                0                   
  Use Multi GPU:      0                   Devices:            0,1,2,3             

[1mDe-stationary Projector Params[0m
  P Hidden Dims:      128, 128            P Hidden Layers:    2                   

Use GPU: cuda:0
>>>>>>>start training : long_term_forecast_ETTh1_96_720_TimesNet_ETTh1_ftM_sl96_ll48_pl720_dm16_nh8_el2_dl1_df32_fc3_ebtimeF_dtTrue_Exp_0>>>>>>>>>>>>>>>>>>>>>>>>>>
train 7825
val 2161
test 2161
	iters: 100, epoch: 1 | loss: 0.7950836
	speed: 0.4404s/iter; left time: 1030.8901s
	iters: 200, epoch: 1 | loss: 0.5745302
	speed: 0.2816s/iter; left time: 631.0269s
Epoch: 1 cost time: 81.61112260818481
Epoch: 1, Steps: 244 | Train Loss: 0.7310342 Vali Loss: 1.6409042 Test Loss: 0.5417759
Validation loss decreased (inf --> 1.640904).  Saving model ...
Updating learning rate to 0.0001
	iters: 100, epoch: 2 | loss: 0.6698076
	speed: 1.2232s/iter; left time: 2565.0767s
	iters: 200, epoch: 2 | loss: 0.6185076
	speed: 0.2731s/iter; left time: 545.3178s
Epoch: 2 cost time: 65.41994857788086
Epoch: 2, Steps: 244 | Train Loss: 0.6241574 Vali Loss: 1.6186775 Test Loss: 0.5184669
Validation loss decreased (1.640904 --> 1.618677).  Saving model ...
Updating learning rate to 5e-05
	iters: 100, epoch: 3 | loss: 0.6456575
	speed: 1.2295s/iter; left time: 2278.2434s
	iters: 200, epoch: 3 | loss: 0.5779556
	speed: 0.2355s/iter; left time: 412.7672s
Epoch: 3 cost time: 59.392155170440674
Epoch: 3, Steps: 244 | Train Loss: 0.6045684 Vali Loss: 1.6462848 Test Loss: 0.5176392
EarlyStopping counter: 1 out of 3
Updating learning rate to 2.5e-05
	iters: 100, epoch: 4 | loss: 0.5654781
	speed: 1.2468s/iter; left time: 2006.0220s
	iters: 200, epoch: 4 | loss: 0.5317423
	speed: 0.2083s/iter; left time: 314.3780s
Epoch: 4 cost time: 57.24669814109802
Epoch: 4, Steps: 244 | Train Loss: 0.5958297 Vali Loss: 1.6557807 Test Loss: 0.5180386
EarlyStopping counter: 2 out of 3
Updating learning rate to 1.25e-05
	iters: 100, epoch: 5 | loss: 0.5358666
	speed: 1.2886s/iter; left time: 1758.9211s
	iters: 200, epoch: 5 | loss: 0.5949302
	speed: 0.2560s/iter; left time: 323.7858s
Epoch: 5 cost time: 58.31949543952942
Epoch: 5, Steps: 244 | Train Loss: 0.5919963 Vali Loss: 1.6607823 Test Loss: 0.5214741
EarlyStopping counter: 3 out of 3
Early stopping
>>>>>>>testing : long_term_forecast_ETTh1_96_720_TimesNet_ETTh1_ftM_sl96_ll48_pl720_dm16_nh8_el2_dl1_df32_fc3_ebtimeF_dtTrue_Exp_0<<<<<<<<<<<<<<<<<<<<<<<<<<<<<<<<<
test 2161
test shape: (2161, 1, 720, 7) (2161, 1, 720, 7)
test shape: (2161, 720, 7) (2161, 720, 7)
mse:0.5184670686721802, mae:0.4945093095302582
Spend Time: 924.8874785900116
