Args in experiment:
[1mBasic Config[0m
  Task Name:          long_term_forecast  Is Training:        1                   
  Model ID:           traffic_96_96       Model:              Nonstationary_Transformer

[1mData Loader[0m
  Data:               custom              Root Path:          ../iTransformer_datasets/traffic/
  Data Path:          traffic.csv         Features:           M                   
  Target:             OT                  Freq:               h                   
  Checkpoints:        ./checkpoints/      

[1mForecasting Task[0m
  Seq Len:            96                  Label Len:          48                  
  Pred Len:           96                  Seasonal Patterns:  Monthly             
  Inverse:            0                   

[1mModel Parameters[0m
  Top k:              5                   Num Kernels:        6                   
  Enc In:             862                 Dec In:             862                 
  C Out:              862                 d model:            512                 
  n heads:            8                   e layers:           2                   
  d layers:           1                   d FF:               2048                
  Moving Avg:         25                  Factor:             3                   
  Distil:             1                   Dropout:            0.1                 
  Embed:              timeF               Activation:         gelu                
  Output Attention:   0                   

[1mRun Parameters[0m
  Num Workers:        0                   Itr:                1                   
  Train Epochs:       3                   Batch Size:         32                  
  Patience:           3                   Learning Rate:      0.0001              
  Des:                Exp                 Loss:               MSE                 
  Lradj:              type1               Use Amp:            0                   

[1mGPU[0m
  Use GPU:            1                   GPU:                0                   
  Use Multi GPU:      0                   Devices:            0,1,2,3             

[1mDe-stationary Projector Params[0m
  P Hidden Dims:      128, 128            P Hidden Layers:    2                   

Use GPU: cuda:0
>>>>>>>start training : long_term_forecast_traffic_96_96_Nonstationary_Transformer_custom_ftM_sl96_ll48_pl96_dm512_nh8_el2_dl1_df2048_fc3_ebtimeF_dtTrue_Exp_0>>>>>>>>>>>>>>>>>>>>>>>>>>
train 12089
val 1661
test 3413
	iters: 100, epoch: 1 | loss: 0.5544766
	speed: 2.3175s/iter; left time: 2391.6952s
	iters: 200, epoch: 1 | loss: 0.4005569
	speed: 2.3656s/iter; left time: 2204.7056s
	iters: 300, epoch: 1 | loss: 0.3518688
	speed: 3.3926s/iter; left time: 2822.6781s
Epoch: 1 cost time: 1113.565791606903
Epoch: 1, Steps: 377 | Train Loss: 0.4830794 Vali Loss: 0.5095509 Test Loss: 0.6665261
Validation loss decreased (inf --> 0.509551).  Saving model ...
Updating learning rate to 0.0001
	iters: 100, epoch: 2 | loss: 0.3196115
	speed: 25.6537s/iter; left time: 16803.1569s
	iters: 200, epoch: 2 | loss: 0.2936336
	speed: 3.6267s/iter; left time: 2012.7972s
	iters: 300, epoch: 2 | loss: 0.2814688
	speed: 3.5001s/iter; left time: 1592.5533s
Epoch: 2 cost time: 1324.113608121872
Epoch: 2, Steps: 377 | Train Loss: 0.3016599 Vali Loss: 0.4815374 Test Loss: 0.6276358
Validation loss decreased (0.509551 --> 0.481537).  Saving model ...
Updating learning rate to 5e-05
	iters: 100, epoch: 3 | loss: 0.2815413
	speed: 23.1181s/iter; left time: 6426.8327s
	iters: 200, epoch: 3 | loss: 0.2837254
	speed: 3.2408s/iter; left time: 576.8546s
	iters: 300, epoch: 3 | loss: 0.2652982
	speed: 3.2140s/iter; left time: 250.6926s
Epoch: 3 cost time: 1211.302874326706
Epoch: 3, Steps: 377 | Train Loss: 0.2719485 Vali Loss: 0.4719779 Test Loss: 0.6208428
Validation loss decreased (0.481537 --> 0.471978).  Saving model ...
Updating learning rate to 2.5e-05
>>>>>>>testing : long_term_forecast_traffic_96_96_Nonstationary_Transformer_custom_ftM_sl96_ll48_pl96_dm512_nh8_el2_dl1_df2048_fc3_ebtimeF_dtTrue_Exp_0<<<<<<<<<<<<<<<<<<<<<<<<<<<<<<<<<
test 3413
test shape: (3413, 1, 96, 862) (3413, 1, 96, 862)
test shape: (3413, 96, 862) (3413, 96, 862)
mse:0.6208417415618896, mae:0.3456794321537018
Spend Time: 10115.046042919159
