Args in experiment:
[1mBasic Config[0m
  Task Name:          long_term_forecast  Is Training:        1                   
  Model ID:           traffic_96_720      Model:              Transformer         

[1mData Loader[0m
  Data:               custom              Root Path:          ../iTransformer_datasets/traffic/
  Data Path:          traffic.csv         Features:           M                   
  Target:             OT                  Freq:               h                   
  Checkpoints:        ./checkpoints/      

[1mForecasting Task[0m
  Seq Len:            96                  Label Len:          48                  
  Pred Len:           720                 Seasonal Patterns:  Monthly             
  Inverse:            0                   

[1mModel Parameters[0m
  Top k:              5                   Num Kernels:        6                   
  Enc In:             862                 Dec In:             862                 
  C Out:              862                 d model:            512                 
  n heads:            8                   e layers:           2                   
  d layers:           1                   d FF:               2048                
  Moving Avg:         25                  Factor:             3                   
  Distil:             1                   Dropout:            0.1                 
  Embed:              timeF               Activation:         gelu                
  Output Attention:   0                   

[1mRun Parameters[0m
  Num Workers:        0                   Itr:                1                   
  Train Epochs:       3                   Batch Size:         32                  
  Patience:           3                   Learning Rate:      0.0001              
  Des:                Exp                 Loss:               MSE                 
  Lradj:              type1               Use Amp:            0                   

[1mGPU[0m
  Use GPU:            1                   GPU:                0                   
  Use Multi GPU:      0                   Devices:            0,1,2,3             

[1mDe-stationary Projector Params[0m
  P Hidden Dims:      128, 128            P Hidden Layers:    2                   

Use GPU: cuda:0
>>>>>>>start training : long_term_forecast_traffic_96_720_Transformer_custom_ftM_sl96_ll48_pl720_dm512_nh8_el2_dl1_df2048_fc3_ebtimeF_dtTrue_Exp_0>>>>>>>>>>>>>>>>>>>>>>>>>>
train 11465
val 1037
test 2789
Traceback (most recent call last):
  File "run.py", line 272, in <module>
    exp.train(setting)
  File "/Jianping/Research/Time-Series-Library/exp/exp_long_term_forecasting.py", line 156, in train
    loss.backward()
  File "/opt/conda/envs/torch1.8/lib/python3.8/site-packages/torch/tensor.py", line 245, in backward
    torch.autograd.backward(self, gradient, retain_graph, create_graph, inputs=inputs)
  File "/opt/conda/envs/torch1.8/lib/python3.8/site-packages/torch/autograd/__init__.py", line 145, in backward
    Variable._execution_engine.run_backward(
RuntimeError: CUDA out of memory. Tried to allocate 576.00 MiB (GPU 0; 23.69 GiB total capacity; 3.46 GiB already allocated; 463.19 MiB free; 4.21 GiB reserved in total by PyTorch)
