Args in experiment:
[1mBasic Config[0m
  Task Name:          long_term_forecast  Is Training:        1                   
  Model ID:           traffic_96_336      Model:              Transformer         

[1mData Loader[0m
  Data:               custom              Root Path:          ../iTransformer_datasets/traffic/
  Data Path:          traffic.csv         Features:           M                   
  Target:             OT                  Freq:               h                   
  Checkpoints:        ./checkpoints/      

[1mForecasting Task[0m
  Seq Len:            96                  Label Len:          48                  
  Pred Len:           336                 Seasonal Patterns:  Monthly             
  Inverse:            0                   

[1mModel Parameters[0m
  Top k:              5                   Num Kernels:        6                   
  Enc In:             862                 Dec In:             862                 
  C Out:              862                 d model:            512                 
  n heads:            8                   e layers:           2                   
  d layers:           1                   d FF:               2048                
  Moving Avg:         25                  Factor:             3                   
  Distil:             1                   Dropout:            0.1                 
  Embed:              timeF               Activation:         gelu                
  Output Attention:   0                   

[1mRun Parameters[0m
  Num Workers:        0                   Itr:                1                   
  Train Epochs:       3                   Batch Size:         32                  
  Patience:           3                   Learning Rate:      0.0001              
  Des:                Exp                 Loss:               MSE                 
  Lradj:              type1               Use Amp:            0                   

[1mGPU[0m
  Use GPU:            1                   GPU:                0                   
  Use Multi GPU:      0                   Devices:            0,1,2,3             

[1mDe-stationary Projector Params[0m
  P Hidden Dims:      128, 128            P Hidden Layers:    2                   

Use GPU: cuda:0
>>>>>>>start training : long_term_forecast_traffic_96_336_Transformer_custom_ftM_sl96_ll48_pl336_dm512_nh8_el2_dl1_df2048_fc3_ebtimeF_dtTrue_Exp_0>>>>>>>>>>>>>>>>>>>>>>>>>>
train 11849
val 1421
test 3173
	iters: 100, epoch: 1 | loss: 0.5392233
	speed: 3.6248s/iter; left time: 3664.6955s
	iters: 200, epoch: 1 | loss: 0.4137884
	speed: 3.2059s/iter; left time: 2920.6202s
	iters: 300, epoch: 1 | loss: 0.3563858
	speed: 3.9912s/iter; left time: 3236.8662s
Epoch: 1 cost time: 1329.3118722438812
Epoch: 1, Steps: 370 | Train Loss: 0.5032580 Vali Loss: 0.5446851 Test Loss: 0.7132418
Validation loss decreased (inf --> 0.544685).  Saving model ...
Updating learning rate to 0.0001
	iters: 100, epoch: 2 | loss: 0.3100554
	speed: 24.6290s/iter; left time: 15787.2111s
	iters: 200, epoch: 2 | loss: 0.2915632
	speed: 3.3288s/iter; left time: 1800.8640s
	iters: 300, epoch: 2 | loss: 0.2676627
	speed: 3.1773s/iter; left time: 1401.1966s
Epoch: 2 cost time: 1236.5893332958221
Epoch: 2, Steps: 370 | Train Loss: 0.2989386 Vali Loss: 0.5028576 Test Loss: 0.6640610
Validation loss decreased (0.544685 --> 0.502858).  Saving model ...
Updating learning rate to 5e-05
	iters: 100, epoch: 3 | loss: 0.2608050
	speed: 23.8317s/iter; left time: 6458.3784s
	iters: 200, epoch: 3 | loss: 0.2664239
	speed: 3.1102s/iter; left time: 531.8522s
	iters: 300, epoch: 3 | loss: 0.2615200
	speed: 3.1204s/iter; left time: 221.5495s
Epoch: 3 cost time: 1129.1734402179718
Epoch: 3, Steps: 370 | Train Loss: 0.2656514 Vali Loss: 0.4950126 Test Loss: 0.6644461
Validation loss decreased (0.502858 --> 0.495013).  Saving model ...
Updating learning rate to 2.5e-05
>>>>>>>testing : long_term_forecast_traffic_96_336_Transformer_custom_ftM_sl96_ll48_pl336_dm512_nh8_el2_dl1_df2048_fc3_ebtimeF_dtTrue_Exp_0<<<<<<<<<<<<<<<<<<<<<<<<<<<<<<<<<
test 3173
test shape: (3173, 1, 336, 862) (3173, 1, 336, 862)
test shape: (3173, 336, 862) (3173, 336, 862)
mse:0.6644508242607117, mae:0.36319977045059204
Spend Time: 14978.398422956467
