Args in experiment:
[1mBasic Config[0m
  Task Name:          imputation          Is Training:        1                   
  Model ID:           ECL_mask_0.125      Model:              TimesNet            

[1mData Loader[0m
  Data:               custom              Root Path:          ../iTransformer_datasets/electricity/
  Data Path:          electricity.csv     Features:           M                   
  Target:             OT                  Freq:               h                   
  Checkpoints:        ./checkpoints/      

[1mImputation Task[0m
  Mask Rate:          0.125               

[1mModel Parameters[0m
  Top k:              3                   Num Kernels:        6                   
  Enc In:             321                 Dec In:             321                 
  C Out:              321                 d model:            64                  
  n heads:            8                   e layers:           2                   
  d layers:           1                   d FF:               64                  
  Moving Avg:         25                  Factor:             3                   
  Distil:             1                   Dropout:            0.1                 
  Embed:              timeF               Activation:         gelu                
  Output Attention:   0                   

[1mRun Parameters[0m
  Num Workers:        0                   Itr:                1                   
  Train Epochs:       10                  Batch Size:         16                  
  Patience:           3                   Learning Rate:      0.001               
  Des:                Exp                 Loss:               MSE                 
  Lradj:              type1               Use Amp:            0                   

[1mGPU[0m
  Use GPU:            1                   GPU:                0                   
  Use Multi GPU:      0                   Devices:            0,1,2,3             

[1mDe-stationary Projector Params[0m
  P Hidden Dims:      128, 128            P Hidden Layers:    2                   

Use GPU: cuda:0
>>>>>>>start training : imputation_ECL_mask_0.125_TimesNet_custom_ftM_sl96_ll0_pl0_dm64_nh8_el2_dl1_df64_fc3_ebtimeF_dtTrue_Exp_0>>>>>>>>>>>>>>>>>>>>>>>>>>
train 18317
val 2633
test 5261
	iters: 100, epoch: 1 | loss: 0.1342687
	speed: 0.1174s/iter; left time: 1330.9154s
	iters: 200, epoch: 1 | loss: 0.1187370
	speed: 0.0821s/iter; left time: 922.6661s
	iters: 300, epoch: 1 | loss: 0.1019021
	speed: 0.0821s/iter; left time: 914.7777s
	iters: 400, epoch: 1 | loss: 0.0874717
	speed: 0.0826s/iter; left time: 911.6624s
	iters: 500, epoch: 1 | loss: 0.0923512
	speed: 0.0821s/iter; left time: 898.7922s
	iters: 600, epoch: 1 | loss: 0.0946064
	speed: 0.0828s/iter; left time: 897.9632s
	iters: 700, epoch: 1 | loss: 0.0821122
	speed: 0.0852s/iter; left time: 915.3815s
	iters: 800, epoch: 1 | loss: 0.0889315
	speed: 0.0875s/iter; left time: 931.1062s
	iters: 900, epoch: 1 | loss: 0.0765930
	speed: 0.0882s/iter; left time: 929.6905s
	iters: 1000, epoch: 1 | loss: 0.0857071
	speed: 0.0899s/iter; left time: 938.5156s
	iters: 1100, epoch: 1 | loss: 0.0834626
	speed: 0.0905s/iter; left time: 936.2694s
Epoch: 1 cost time: 100.8265860080719
Epoch: 1, Steps: 1144 | Train Loss: 0.1095088 Vali Loss: 0.0922784 Test Loss: 0.0987565
Validation loss decreased (inf --> 0.092278).  Saving model ...
Updating learning rate to 0.001
	iters: 100, epoch: 2 | loss: 0.0743925
	speed: 3.0887s/iter; left time: 31495.6270s
	iters: 200, epoch: 2 | loss: 0.0865903
	speed: 0.0849s/iter; left time: 857.6427s
	iters: 300, epoch: 2 | loss: 0.0735980
	speed: 0.0874s/iter; left time: 873.2901s
	iters: 400, epoch: 2 | loss: 0.0778713
	speed: 0.0885s/iter; left time: 875.8648s
	iters: 500, epoch: 2 | loss: 0.0779602
	speed: 0.0901s/iter; left time: 882.2911s
	iters: 600, epoch: 2 | loss: 0.0733821
	speed: 0.0903s/iter; left time: 875.2423s
	iters: 700, epoch: 2 | loss: 0.0769495
	speed: 0.0906s/iter; left time: 869.6676s
	iters: 800, epoch: 2 | loss: 0.0761180
	speed: 0.0908s/iter; left time: 862.6130s
	iters: 900, epoch: 2 | loss: 0.0807657
	speed: 0.0918s/iter; left time: 862.5787s
	iters: 1000, epoch: 2 | loss: 0.0686008
	speed: 0.0917s/iter; left time: 852.6237s
	iters: 1100, epoch: 2 | loss: 0.0755564
	speed: 0.0900s/iter; left time: 827.4853s
Epoch: 2 cost time: 100.5151379108429
Epoch: 2, Steps: 1144 | Train Loss: 0.0774720 Vali Loss: 0.0861497 Test Loss: 0.0934416
Validation loss decreased (0.092278 --> 0.086150).  Saving model ...
Updating learning rate to 0.0005
	iters: 100, epoch: 3 | loss: 0.0744119
	speed: 2.5766s/iter; left time: 23325.7776s
	iters: 200, epoch: 3 | loss: 0.0711966
	speed: 0.0947s/iter; left time: 848.0776s
	iters: 300, epoch: 3 | loss: 0.0718518
	speed: 0.0926s/iter; left time: 819.9532s
	iters: 400, epoch: 3 | loss: 0.0667033
	speed: 0.0933s/iter; left time: 816.6643s
	iters: 500, epoch: 3 | loss: 0.0689951
	speed: 0.0932s/iter; left time: 806.6894s
	iters: 600, epoch: 3 | loss: 0.0712806
	speed: 0.0918s/iter; left time: 785.0021s
	iters: 700, epoch: 3 | loss: 0.0723910
	speed: 0.0859s/iter; left time: 726.0389s
	iters: 800, epoch: 3 | loss: 0.0733887
	speed: 0.0844s/iter; left time: 704.6272s
	iters: 900, epoch: 3 | loss: 0.0742325
	speed: 0.0840s/iter; left time: 693.1522s
	iters: 1000, epoch: 3 | loss: 0.0712116
	speed: 0.0836s/iter; left time: 681.2146s
	iters: 1100, epoch: 3 | loss: 0.0654643
	speed: 0.0859s/iter; left time: 692.0684s
Epoch: 3 cost time: 99.11015701293945
Epoch: 3, Steps: 1144 | Train Loss: 0.0698867 Vali Loss: 0.0828318 Test Loss: 0.0905400
Validation loss decreased (0.086150 --> 0.082832).  Saving model ...
Updating learning rate to 0.00025
	iters: 100, epoch: 4 | loss: 0.0708973
	speed: 2.3659s/iter; left time: 18711.6878s
	iters: 200, epoch: 4 | loss: 0.0682410
	speed: 0.0501s/iter; left time: 390.9941s
	iters: 300, epoch: 4 | loss: 0.0692525
	speed: 0.0481s/iter; left time: 370.9160s
	iters: 400, epoch: 4 | loss: 0.0697955
	speed: 0.0433s/iter; left time: 329.5303s
	iters: 500, epoch: 4 | loss: 0.0727621
	speed: 0.0738s/iter; left time: 553.8042s
	iters: 600, epoch: 4 | loss: 0.0678844
	speed: 0.0840s/iter; left time: 622.0149s
	iters: 700, epoch: 4 | loss: 0.0678006
	speed: 0.0850s/iter; left time: 620.9376s
	iters: 800, epoch: 4 | loss: 0.0657889
	speed: 0.0851s/iter; left time: 613.7329s
	iters: 900, epoch: 4 | loss: 0.0646523
	speed: 0.0846s/iter; left time: 601.0942s
	iters: 1000, epoch: 4 | loss: 0.0623520
	speed: 0.0850s/iter; left time: 596.0983s
	iters: 1100, epoch: 4 | loss: 0.0644029
	speed: 0.0847s/iter; left time: 585.2497s
Epoch: 4 cost time: 81.12598371505737
Epoch: 4, Steps: 1144 | Train Loss: 0.0668800 Vali Loss: 0.0800852 Test Loss: 0.0891649
Validation loss decreased (0.082832 --> 0.080085).  Saving model ...
Updating learning rate to 0.000125
	iters: 100, epoch: 5 | loss: 0.0657709
	speed: 2.1301s/iter; left time: 14410.2458s
	iters: 200, epoch: 5 | loss: 0.0666032
	speed: 0.0687s/iter; left time: 458.2185s
	iters: 300, epoch: 5 | loss: 0.0722170
	speed: 0.0574s/iter; left time: 377.0996s
	iters: 400, epoch: 5 | loss: 0.0636202
	speed: 0.0604s/iter; left time: 390.6608s
	iters: 500, epoch: 5 | loss: 0.0664785
	speed: 0.0604s/iter; left time: 384.4999s
	iters: 600, epoch: 5 | loss: 0.0646921
	speed: 0.0668s/iter; left time: 418.2357s
	iters: 700, epoch: 5 | loss: 0.0633371
	speed: 0.0707s/iter; left time: 435.8561s
	iters: 800, epoch: 5 | loss: 0.0680680
	speed: 0.0830s/iter; left time: 503.5638s
	iters: 900, epoch: 5 | loss: 0.0660355
	speed: 0.0846s/iter; left time: 504.6817s
	iters: 1000, epoch: 5 | loss: 0.0664619
	speed: 0.0856s/iter; left time: 502.0958s
	iters: 1100, epoch: 5 | loss: 0.0649811
	speed: 0.0847s/iter; left time: 488.0076s
Epoch: 5 cost time: 83.34481239318848
Epoch: 5, Steps: 1144 | Train Loss: 0.0655127 Vali Loss: 0.0797518 Test Loss: 0.0881116
Validation loss decreased (0.080085 --> 0.079752).  Saving model ...
Updating learning rate to 6.25e-05
	iters: 100, epoch: 6 | loss: 0.0626077
	speed: 2.2093s/iter; left time: 12418.6818s
	iters: 200, epoch: 6 | loss: 0.0629625
	speed: 0.0558s/iter; left time: 308.2722s
	iters: 300, epoch: 6 | loss: 0.0598601
	speed: 0.0598s/iter; left time: 324.0901s
	iters: 400, epoch: 6 | loss: 0.0658488
	speed: 0.0590s/iter; left time: 313.8804s
	iters: 500, epoch: 6 | loss: 0.0668050
	speed: 0.0614s/iter; left time: 320.7311s
	iters: 600, epoch: 6 | loss: 0.0703942
	speed: 0.0606s/iter; left time: 310.5216s
	iters: 700, epoch: 6 | loss: 0.0666616
	speed: 0.0620s/iter; left time: 311.1908s
	iters: 800, epoch: 6 | loss: 0.0630144
	speed: 0.0585s/iter; left time: 288.0688s
	iters: 900, epoch: 6 | loss: 0.0602972
	speed: 0.0710s/iter; left time: 342.1245s
	iters: 1000, epoch: 6 | loss: 0.0630779
	speed: 0.0836s/iter; left time: 394.8778s
	iters: 1100, epoch: 6 | loss: 0.0628108
	speed: 0.0838s/iter; left time: 387.4625s
Epoch: 6 cost time: 75.63824248313904
Epoch: 6, Steps: 1144 | Train Loss: 0.0647995 Vali Loss: 0.0800420 Test Loss: 0.0876739
EarlyStopping counter: 1 out of 3
Updating learning rate to 3.125e-05
	iters: 100, epoch: 7 | loss: 0.0638398
	speed: 2.0938s/iter; left time: 9373.8169s
	iters: 200, epoch: 7 | loss: 0.0725166
	speed: 0.0570s/iter; left time: 249.6668s
	iters: 300, epoch: 7 | loss: 0.0666870
	speed: 0.0612s/iter; left time: 261.7307s
	iters: 400, epoch: 7 | loss: 0.0651002
	speed: 0.0587s/iter; left time: 245.0070s
	iters: 500, epoch: 7 | loss: 0.0595926
	speed: 0.0599s/iter; left time: 244.0748s
	iters: 600, epoch: 7 | loss: 0.0630327
	speed: 0.0597s/iter; left time: 237.2884s
	iters: 700, epoch: 7 | loss: 0.0626564
	speed: 0.0607s/iter; left time: 235.4037s
	iters: 800, epoch: 7 | loss: 0.0615187
	speed: 0.0589s/iter; left time: 222.5785s
	iters: 900, epoch: 7 | loss: 0.0637134
	speed: 0.0618s/iter; left time: 227.0749s
	iters: 1000, epoch: 7 | loss: 0.0639145
	speed: 0.0605s/iter; left time: 216.5119s
	iters: 1100, epoch: 7 | loss: 0.0653514
	speed: 0.0523s/iter; left time: 181.7593s
Epoch: 7 cost time: 67.49118876457214
Epoch: 7, Steps: 1144 | Train Loss: 0.0644490 Vali Loss: 0.0792576 Test Loss: 0.0874150
Validation loss decreased (0.079752 --> 0.079258).  Saving model ...
Updating learning rate to 1.5625e-05
	iters: 100, epoch: 8 | loss: 0.0623113
	speed: 2.2470s/iter; left time: 7489.4005s
	iters: 200, epoch: 8 | loss: 0.0615027
	speed: 0.0614s/iter; left time: 198.4380s
	iters: 300, epoch: 8 | loss: 0.0632793
	speed: 0.0603s/iter; left time: 189.0529s
	iters: 400, epoch: 8 | loss: 0.0661734
	speed: 0.0617s/iter; left time: 187.0663s
	iters: 500, epoch: 8 | loss: 0.0614287
	speed: 0.0620s/iter; left time: 181.8703s
	iters: 600, epoch: 8 | loss: 0.0657997
	speed: 0.0598s/iter; left time: 169.4400s
	iters: 700, epoch: 8 | loss: 0.0622887
	speed: 0.0594s/iter; left time: 162.3179s
	iters: 800, epoch: 8 | loss: 0.0678270
	speed: 0.0602s/iter; left time: 158.6109s
	iters: 900, epoch: 8 | loss: 0.0621872
	speed: 0.0584s/iter; left time: 147.8965s
	iters: 1000, epoch: 8 | loss: 0.0642536
	speed: 0.0603s/iter; left time: 146.8143s
	iters: 1100, epoch: 8 | loss: 0.0638660
	speed: 0.0597s/iter; left time: 139.2983s
Epoch: 8 cost time: 68.95922017097473
Epoch: 8, Steps: 1144 | Train Loss: 0.0642197 Vali Loss: 0.0795551 Test Loss: 0.0873884
EarlyStopping counter: 1 out of 3
Updating learning rate to 7.8125e-06
	iters: 100, epoch: 9 | loss: 0.0635039
	speed: 2.0669s/iter; left time: 4524.3632s
	iters: 200, epoch: 9 | loss: 0.0650765
	speed: 0.0626s/iter; left time: 130.7521s
	iters: 300, epoch: 9 | loss: 0.0632548
	speed: 0.0607s/iter; left time: 120.8049s
	iters: 400, epoch: 9 | loss: 0.0633504
	speed: 0.0600s/iter; left time: 113.3085s
	iters: 500, epoch: 9 | loss: 0.0649028
	speed: 0.0613s/iter; left time: 109.7515s
	iters: 600, epoch: 9 | loss: 0.0565409
	speed: 0.0621s/iter; left time: 104.8872s
	iters: 700, epoch: 9 | loss: 0.0641979
	speed: 0.0609s/iter; left time: 96.7177s
	iters: 800, epoch: 9 | loss: 0.0597577
	speed: 0.0612s/iter; left time: 91.0841s
	iters: 900, epoch: 9 | loss: 0.0588931
	speed: 0.0603s/iter; left time: 83.7158s
	iters: 1000, epoch: 9 | loss: 0.0616161
	speed: 0.0621s/iter; left time: 79.9855s
	iters: 1100, epoch: 9 | loss: 0.0597569
	speed: 0.0610s/iter; left time: 72.5713s
Epoch: 9 cost time: 70.20016956329346
Epoch: 9, Steps: 1144 | Train Loss: 0.0641080 Vali Loss: 0.0790655 Test Loss: 0.0874758
Validation loss decreased (0.079258 --> 0.079065).  Saving model ...
Updating learning rate to 3.90625e-06
	iters: 100, epoch: 10 | loss: 0.0689348
	speed: 2.1834s/iter; left time: 2281.6616s
	iters: 200, epoch: 10 | loss: 0.0683748
	speed: 0.0624s/iter; left time: 58.9485s
	iters: 300, epoch: 10 | loss: 0.0636980
	speed: 0.0618s/iter; left time: 52.1805s
	iters: 400, epoch: 10 | loss: 0.0635996
	speed: 0.0591s/iter; left time: 44.0620s
	iters: 500, epoch: 10 | loss: 0.0674756
	speed: 0.0609s/iter; left time: 39.2870s
	iters: 600, epoch: 10 | loss: 0.0634415
	speed: 0.0611s/iter; left time: 33.2845s
	iters: 700, epoch: 10 | loss: 0.0685567
	speed: 0.0620s/iter; left time: 27.5778s
	iters: 800, epoch: 10 | loss: 0.0667276
	speed: 0.0623s/iter; left time: 21.4892s
	iters: 900, epoch: 10 | loss: 0.0611950
	speed: 0.0607s/iter; left time: 14.8694s
	iters: 1000, epoch: 10 | loss: 0.0636900
	speed: 0.0609s/iter; left time: 8.8338s
	iters: 1100, epoch: 10 | loss: 0.0663875
	speed: 0.0599s/iter; left time: 2.6949s
Epoch: 10 cost time: 69.96865439414978
Epoch: 10, Steps: 1144 | Train Loss: 0.0640830 Vali Loss: 0.0800043 Test Loss: 0.0873452
EarlyStopping counter: 1 out of 3
Updating learning rate to 1.953125e-06
>>>>>>>testing : imputation_ECL_mask_0.125_TimesNet_custom_ftM_sl96_ll0_pl0_dm64_nh8_el2_dl1_df64_fc3_ebtimeF_dtTrue_Exp_0<<<<<<<<<<<<<<<<<<<<<<<<<<<<<<<<<
test 5261
test shape: (5261, 96, 321) (5261, 96, 321)
mse:0.08743147552013397, mae:0.20289729535579681
